[DEBUG] Root children: 29
  child 0 (non-list or no head)
  child 1 tag="version"
  child 2 tag="generator"
  child 3 tag="generator_version"
  child 4 tag="uuid"
  child 5 tag="paper"
  child 6 tag="lib_symbols"
  child 7 tag="junction"
  child 8 tag="no_connect"
  child 9 tag="no_connect"
  child 10 tag="no_connect"
  child 11 tag="no_connect"
  child 12 tag="wire"
  child 13 tag="wire"
  child 14 tag="wire"
  child 15 tag="wire"
  child 16 tag="wire"
  child 17 tag="wire"
  child 18 tag="global_label"
  child 19 tag="global_label"
  child 20 tag="global_label"
  child 21 tag="symbol"
  child 22 tag="symbol"
  child 23 tag="symbol"
  child 24 tag="symbol"
  child 25 tag="sheet"
  child 26 tag="sheet"
  child 27 tag="sheet"
  child 28 tag="sheet_instances"
[BaselineBoard] appendRawPiece len=9261
kicad_sch  (children=29)
[UNHANDLED-PCB] tag="kicad_sch"
[BaselineBoard] appendRawPiece len=18
  version  (children=2)
[BaselineBoard] appendRawPiece len=22
  generator  (children=2)
[BaselineBoard] appendRawPiece len=26
  generator_version  (children=2)
[BaselineBoard] appendRawPiece len=45
  uuid  (children=2)
[BaselineBoard] appendRawPiece len=12
  paper  (children=2)
[BaselineBoard] appendRawPiece len=1271
  lib_symbols  (children=2)
[traverseAst] LIB_SYMBOLS depth=1 raw_len=1271
[BaselineBoard] setLibSymbolsRaw len=1271
[BaselineBoard] appendRawPiece len=1271
AstCleaner: handling lib_symbols at 0x7fff61bac2f0
[UNHANDLED] cleanInner:exclude_from_sim addr=0x5d0b5b60e130 -> (exclude_from_sim no )
  children details (child_index: addr type extra):
    [0] addr=0x5d0b5b610de0 atom="exclude_from_sim"
    [1] addr=0x5d0b5b610e20 atom="no"
[handleLibSymbolsCleanNode] called, children=1
[WARNING] Duplicate lib_symbols differs; keeping first.
[traverseAst] LIB_SYMBOLS -> handleLibSymbolsCleanNode() called; libSymbolsRaw_len=1271
[BaselineBoard] appendRawPiece len=1257
    symbol  (children=16)
[BaselineBoard] appendRawPiece len=110
  junction  (children=5)
[traverseAst] JUNCTION depth=1 raw_len=110
[BaselineBoard] appendRawPiece len=110
[UNHANDLED] cleanInner:diameter addr=0x5d0b5b612b50 -> (diameter 0 )
  children details (child_index: addr type extra):
    [0] addr=0x5d0b5b610e70 atom="diameter"
    [1] addr=0x5d0b5b610eb0 atom="0"
[handleJunctionFromClean] called for tag='junction'
[handleJunction] saved junction shape (x=77.47, y=72.39)
[traverseAst] JUNCTION -> handleJunctionFromClean() called; board junctionCount=1
[BaselineBoard] appendRawPiece len=24
    at  (children=3)
    [UNHANDLED-PCB] tag="at"
[BaselineBoard] appendRawPiece len=9
[BaselineBoard] appendRawPiece len=9
[BaselineBoard] appendRawPiece len=12
    diameter  (children=2)
    [UNHANDLED-PCB] tag="diameter"
[BaselineBoard] appendRawPiece len=1
[BaselineBoard] appendRawPiece len=15
    color  (children=5)
    [UNHANDLED-PCB] tag="color"
[BaselineBoard] appendRawPiece len=1
[BaselineBoard] appendRawPiece len=1
[BaselineBoard] appendRawPiece len=1
[BaselineBoard] appendRawPiece len=1
[BaselineBoard] appendRawPiece len=45
    uuid  (children=2)
[BaselineBoard] appendRawPiece len=83
  no_connect  (children=3)
[BaselineBoard] appendRawPiece len=83
  no_connect  (children=3)
[BaselineBoard] appendRawPiece len=83
  no_connect  (children=3)
[BaselineBoard] appendRawPiece len=83
  no_connect  (children=3)
[BaselineBoard] appendRawPiece len=142
  wire  (children=4)
[traverseAst] WIRE depth=1 raw_len=142
[BaselineBoard] appendRawPiece len=142
[handleWireFromClean] called for tag='wire'
[handleWire] PUSH (pts.node.pts) 77.470001,72.389999->80.010002,72.389999 ; added=1
[handleWire] saved 1 wire(s) from pts-children (deduped)
[traverseAst] WIRE -> handleWireFromClean() called; board wireCount=1
[BaselineBoard] appendRawPiece len=55
    pts  (children=3)
[BaselineBoard] appendRawPiece len=24
      xy  (children=3)
[BaselineBoard] appendRawPiece len=9
[BaselineBoard] appendRawPiece len=9
[BaselineBoard] appendRawPiece len=24
      xy  (children=3)
[BaselineBoard] appendRawPiece len=9
[BaselineBoard] appendRawPiece len=9
[BaselineBoard] appendRawPiece len=33
    stroke  (children=3)
    [UNHANDLED-PCB] tag="stroke"
[BaselineBoard] appendRawPiece len=9
      width  (children=2)
      [UNHANDLED-PCB] tag="width"
[BaselineBoard] appendRawPiece len=1
[BaselineBoard] appendRawPiece len=14
      type  (children=2)
      [UNHANDLED-PCB] tag="type"
[BaselineBoard] appendRawPiece len=7
[BaselineBoard] appendRawPiece len=45
    uuid  (children=2)
[BaselineBoard] appendRawPiece len=142
  wire  (children=4)
[traverseAst] WIRE depth=1 raw_len=142
[BaselineBoard] appendRawPiece len=142
[handleWireFromClean] called for tag='wire'
[handleWire] PUSH (pts.node.pts) 76.199997,43.180000->80.010002,43.180000 ; added=1
[handleWire] saved 1 wire(s) from pts-children (deduped)
[traverseAst] WIRE -> handleWireFromClean() called; board wireCount=2
[BaselineBoard] appendRawPiece len=55
    pts  (children=3)
[BaselineBoard] appendRawPiece len=24
      xy  (children=3)
[BaselineBoard] appendRawPiece len=9
[BaselineBoard] appendRawPiece len=9
[BaselineBoard] appendRawPiece len=24
      xy  (children=3)
[BaselineBoard] appendRawPiece len=9
[BaselineBoard] appendRawPiece len=9
[BaselineBoard] appendRawPiece len=33
    stroke  (children=3)
    [UNHANDLED-PCB] tag="stroke"
[BaselineBoard] appendRawPiece len=9
      width  (children=2)
      [UNHANDLED-PCB] tag="width"
[BaselineBoard] appendRawPiece len=1
[BaselineBoard] appendRawPiece len=14
      type  (children=2)
      [UNHANDLED-PCB] tag="type"
[BaselineBoard] appendRawPiece len=7
[BaselineBoard] appendRawPiece len=45
    uuid  (children=2)
[BaselineBoard] appendRawPiece len=142
  wire  (children=4)
[traverseAst] WIRE depth=1 raw_len=142
[BaselineBoard] appendRawPiece len=142
[handleWireFromClean] called for tag='wire'
[handleWire] PUSH (pts.node.pts) 76.199997,72.389999->77.470001,72.389999 ; added=1
[handleWire] saved 1 wire(s) from pts-children (deduped)
[traverseAst] WIRE -> handleWireFromClean() called; board wireCount=3
[BaselineBoard] appendRawPiece len=55
    pts  (children=3)
[BaselineBoard] appendRawPiece len=24
      xy  (children=3)
[BaselineBoard] appendRawPiece len=9
[BaselineBoard] appendRawPiece len=9
[BaselineBoard] appendRawPiece len=24
      xy  (children=3)
[BaselineBoard] appendRawPiece len=9
[BaselineBoard] appendRawPiece len=9
[BaselineBoard] appendRawPiece len=33
    stroke  (children=3)
    [UNHANDLED-PCB] tag="stroke"
[BaselineBoard] appendRawPiece len=9
      width  (children=2)
      [UNHANDLED-PCB] tag="width"
[BaselineBoard] appendRawPiece len=1
[BaselineBoard] appendRawPiece len=14
      type  (children=2)
      [UNHANDLED-PCB] tag="type"
[BaselineBoard] appendRawPiece len=7
[BaselineBoard] appendRawPiece len=45
    uuid  (children=2)
[BaselineBoard] appendRawPiece len=142
  wire  (children=4)
[traverseAst] WIRE depth=1 raw_len=142
[BaselineBoard] appendRawPiece len=142
[handleWireFromClean] called for tag='wire'
[handleWire] PUSH (pts.node.pts) 77.470001,82.550003->80.010002,82.550003 ; added=1
[handleWire] saved 1 wire(s) from pts-children (deduped)
[traverseAst] WIRE -> handleWireFromClean() called; board wireCount=4
[BaselineBoard] appendRawPiece len=55
    pts  (children=3)
[BaselineBoard] appendRawPiece len=24
      xy  (children=3)
[BaselineBoard] appendRawPiece len=9
[BaselineBoard] appendRawPiece len=9
[BaselineBoard] appendRawPiece len=24
      xy  (children=3)
[BaselineBoard] appendRawPiece len=9
[BaselineBoard] appendRawPiece len=9
[BaselineBoard] appendRawPiece len=33
    stroke  (children=3)
    [UNHANDLED-PCB] tag="stroke"
[BaselineBoard] appendRawPiece len=9
      width  (children=2)
      [UNHANDLED-PCB] tag="width"
[BaselineBoard] appendRawPiece len=1
[BaselineBoard] appendRawPiece len=14
      type  (children=2)
      [UNHANDLED-PCB] tag="type"
[BaselineBoard] appendRawPiece len=7
[BaselineBoard] appendRawPiece len=45
    uuid  (children=2)
[BaselineBoard] appendRawPiece len=142
  wire  (children=4)
[traverseAst] WIRE depth=1 raw_len=142
[BaselineBoard] appendRawPiece len=142
[handleWireFromClean] called for tag='wire'
[handleWire] PUSH (pts.node.pts) 76.199997,57.150002->80.010002,57.150002 ; added=1
[handleWire] saved 1 wire(s) from pts-children (deduped)
[traverseAst] WIRE -> handleWireFromClean() called; board wireCount=5
[BaselineBoard] appendRawPiece len=55
    pts  (children=3)
[BaselineBoard] appendRawPiece len=24
      xy  (children=3)
[BaselineBoard] appendRawPiece len=9
[BaselineBoard] appendRawPiece len=9
[BaselineBoard] appendRawPiece len=24
      xy  (children=3)
[BaselineBoard] appendRawPiece len=9
[BaselineBoard] appendRawPiece len=9
[BaselineBoard] appendRawPiece len=33
    stroke  (children=3)
    [UNHANDLED-PCB] tag="stroke"
[BaselineBoard] appendRawPiece len=9
      width  (children=2)
      [UNHANDLED-PCB] tag="width"
[BaselineBoard] appendRawPiece len=1
[BaselineBoard] appendRawPiece len=14
      type  (children=2)
      [UNHANDLED-PCB] tag="type"
[BaselineBoard] appendRawPiece len=7
[BaselineBoard] appendRawPiece len=45
    uuid  (children=2)
[BaselineBoard] appendRawPiece len=142
  wire  (children=4)
[traverseAst] WIRE depth=1 raw_len=142
[BaselineBoard] appendRawPiece len=142
[handleWireFromClean] called for tag='wire'
[handleWire] PUSH (pts.node.pts) 77.470001,72.389999->77.470001,82.550003 ; added=1
[handleWire] saved 1 wire(s) from pts-children (deduped)
[traverseAst] WIRE -> handleWireFromClean() called; board wireCount=6
[BaselineBoard] appendRawPiece len=55
    pts  (children=3)
[BaselineBoard] appendRawPiece len=24
      xy  (children=3)
[BaselineBoard] appendRawPiece len=9
[BaselineBoard] appendRawPiece len=9
[BaselineBoard] appendRawPiece len=24
      xy  (children=3)
[BaselineBoard] appendRawPiece len=9
[BaselineBoard] appendRawPiece len=9
[BaselineBoard] appendRawPiece len=33
    stroke  (children=3)
    [UNHANDLED-PCB] tag="stroke"
[BaselineBoard] appendRawPiece len=9
      width  (children=2)
      [UNHANDLED-PCB] tag="width"
[BaselineBoard] appendRawPiece len=1
[BaselineBoard] appendRawPiece len=14
      type  (children=2)
      [UNHANDLED-PCB] tag="type"
[BaselineBoard] appendRawPiece len=7
[BaselineBoard] appendRawPiece len=45
    uuid  (children=2)
[BaselineBoard] appendRawPiece len=340
  global_label  (children=8)
[BaselineBoard] appendRawPiece len=340
  global_label  (children=8)
[BaselineBoard] appendRawPiece len=340
  global_label  (children=8)
[BaselineBoard] appendRawPiece len=935
  symbol  (children=18)
[BaselineBoard] appendRawPiece len=935
  symbol  (children=18)
[BaselineBoard] appendRawPiece len=935
  symbol  (children=18)
[BaselineBoard] appendRawPiece len=935
  symbol  (children=18)
[BaselineBoard] appendRawPiece len=577
  sheet  (children=10)
[BaselineBoard] appendRawPiece len=579
  sheet  (children=10)
[BaselineBoard] appendRawPiece len=579
  sheet  (children=10)
[BaselineBoard] appendRawPiece len=39
  sheet_instances  (children=2)
  [UNHANDLED-PCB] tag="sheet_instances"
[BaselineBoard] appendRawPiece len=21
    path  (children=3)
    [UNHANDLED-PCB] tag="path"
[BaselineBoard] appendRawPiece len=3
[BaselineBoard] appendRawPiece len=10
      page  (children=2)
[UNHANDLED] cleanInner:generator_version addr=0x5d0b5b617a30 -> (generator_version "8.99" )
  children details (child_index: addr type extra):
    [0] addr=0x5d0b5b610e70 atom="generator_version"
    [1] addr=0x5d0b5b610eb0 atom=""8.99""
AstCleaner: handling lib_symbols at 0x5d0b5b617af0
[UNHANDLED] cleanInner:exclude_from_sim addr=0x5d0b5b60e130 -> (exclude_from_sim no )
  children details (child_index: addr type extra):
    [0] addr=0x5d0b5b615e40 atom="exclude_from_sim"
    [1] addr=0x5d0b5b615e80 atom="no"
[UNHANDLED] cleanInner:no_connect addr=0x5d0b5b617b70 -> (no_connect (at) (uuid) )
  children details (child_index: addr type extra):
    [0] addr=0x5d0b5b6195f0 atom="no_connect"
    [1] addr=0x5d0b5b619630 list_size=3 head="at"
    [2] addr=0x5d0b5b619670 list_size=2 head="uuid"
[UNHANDLED] cleanInner:no_connect addr=0x5d0b5b617bb0 -> (no_connect (at) (uuid) )
  children details (child_index: addr type extra):
    [0] addr=0x5d0b5b61f120 atom="no_connect"
    [1] addr=0x5d0b5b61f160 list_size=3 head="at"
    [2] addr=0x5d0b5b61f1a0 list_size=2 head="uuid"
[UNHANDLED] cleanInner:no_connect addr=0x5d0b5b617bf0 -> (no_connect (at) (uuid) )
  children details (child_index: addr type extra):
    [0] addr=0x5d0b5b61f350 atom="no_connect"
    [1] addr=0x5d0b5b61f390 list_size=3 head="at"
    [2] addr=0x5d0b5b61f3d0 list_size=2 head="uuid"
[UNHANDLED] cleanInner:no_connect addr=0x5d0b5b617c30 -> (no_connect (at) (uuid) )
  children details (child_index: addr type extra):
    [0] addr=0x5d0b5b61f580 atom="no_connect"
    [1] addr=0x5d0b5b61f5c0 list_size=3 head="at"
    [2] addr=0x5d0b5b61f600 list_size=2 head="uuid"
[UNHANDLED] cleanInner:global_label addr=0x5d0b5b617df0 -> (global_label "LABEL_1" (shape) (at) (fields_autoplaced) (effects) (uuid) (property) )
  children details (child_index: addr type extra):
    [0] addr=0x5d0b5b60db50 atom="global_label"
    [1] addr=0x5d0b5b60db90 atom=""LABEL_1""
    [2] addr=0x5d0b5b60dbd0 list_size=2 head="shape"
    [3] addr=0x5d0b5b60dc10 list_size=4 head="at"
    [4] addr=0x5d0b5b60dc50 list_size=2 head="fields_autoplaced"
    [5] addr=0x5d0b5b60dc90 list_size=3 head="effects"
    [6] addr=0x5d0b5b60dcd0 list_size=2 head="uuid"
    [7] addr=0x5d0b5b60dd10 list_size=5 head="property"
[UNHANDLED] cleanInner:shape addr=0x5d0b5b60dbd0 -> (shape input )
  children details (child_index: addr type extra):
    [0] addr=0x5d0b5b61cdb0 atom="shape"
    [1] addr=0x5d0b5b61cdf0 atom="input"
[UNHANDLED] cleanInner:fields_autoplaced addr=0x5d0b5b60dc50 -> (fields_autoplaced yes )
  children details (child_index: addr type extra):
    [0] addr=0x5d0b5b61cf50 atom="fields_autoplaced"
    [1] addr=0x5d0b5b61cf90 atom="yes"
[UNHANDLED] cleanInner:global_label addr=0x5d0b5b617e30 -> (global_label "LABEL_5" (shape) (at) (fields_autoplaced) (effects) (uuid) (property) )
  children details (child_index: addr type extra):
    [0] addr=0x5d0b5b60dd60 atom="global_label"
    [1] addr=0x5d0b5b60dda0 atom=""LABEL_5""
    [2] addr=0x5d0b5b60dde0 list_size=2 head="shape"
    [3] addr=0x5d0b5b60de20 list_size=4 head="at"
    [4] addr=0x5d0b5b60de60 list_size=2 head="fields_autoplaced"
    [5] addr=0x5d0b5b60dea0 list_size=3 head="effects"
    [6] addr=0x5d0b5b60dee0 list_size=2 head="uuid"
    [7] addr=0x5d0b5b60df20 list_size=5 head="property"
[UNHANDLED] cleanInner:shape addr=0x5d0b5b60dde0 -> (shape input )
  children details (child_index: addr type extra):
    [0] addr=0x5d0b5b61d9e0 atom="shape"
    [1] addr=0x5d0b5b61da20 atom="input"
[UNHANDLED] cleanInner:fields_autoplaced addr=0x5d0b5b60de60 -> (fields_autoplaced yes )
  children details (child_index: addr type extra):
    [0] addr=0x5d0b5b61db80 atom="fields_autoplaced"
    [1] addr=0x5d0b5b61dbc0 atom="yes"
[UNHANDLED] cleanInner:global_label addr=0x5d0b5b617e70 -> (global_label "LABEL_2" (shape) (at) (fields_autoplaced) (effects) (uuid) (property) )
  children details (child_index: addr type extra):
    [0] addr=0x5d0b5b61ad90 atom="global_label"
    [1] addr=0x5d0b5b61add0 atom=""LABEL_2""
    [2] addr=0x5d0b5b61ae10 list_size=2 head="shape"
    [3] addr=0x5d0b5b61ae50 list_size=4 head="at"
    [4] addr=0x5d0b5b61ae90 list_size=2 head="fields_autoplaced"
    [5] addr=0x5d0b5b61aed0 list_size=3 head="effects"
    [6] addr=0x5d0b5b61af10 list_size=2 head="uuid"
    [7] addr=0x5d0b5b61af50 list_size=5 head="property"
[UNHANDLED] cleanInner:shape addr=0x5d0b5b61ae10 -> (shape input )
  children details (child_index: addr type extra):
    [0] addr=0x5d0b5b61e610 atom="shape"
    [1] addr=0x5d0b5b61e650 atom="input"
[UNHANDLED] cleanInner:fields_autoplaced addr=0x5d0b5b61ae90 -> (fields_autoplaced yes )
  children details (child_index: addr type extra):
    [0] addr=0x5d0b5b61e7b0 atom="fields_autoplaced"
    [1] addr=0x5d0b5b61e7f0 atom="yes"
[appendRawPieceFromClean] piece_head='<kicad_sch>
  <version> attrs{value:20240101 }
  <generator> attrs{value:"eeschema" }
  <generator_version> attrs{value:"8.99" }
  <paper> attrs{value:"A4" }
  '...
[BaselineBoard] appendRawPiece len=11204 head="kicad_sch"
[walkSchematicOnce] cleanedRoot children=27
[walkSchematicOnce] child tag='version' children=0
[appendRawPieceFromClean] piece_head='<version> attrs{value:20240101 }'...
[BaselineBoard] appendRawPiece len=32 head="version"
[walkSchematicOnce] child tag='generator' children=0
[appendRawPieceFromClean] piece_head='<generator> attrs{value:"eeschema" }'...
[BaselineBoard] appendRawPiece len=36 head="generator"
[walkSchematicOnce] child tag='generator_version' children=0
[appendRawPieceFromClean] piece_head='<generator_version> attrs{value:"8.99" }'...
[BaselineBoard] appendRawPiece len=40 head="generator_version"
[walkSchematicOnce] child tag='paper' children=0
[appendRawPieceFromClean] piece_head='<paper> attrs{value:"A4" }'...
[BaselineBoard] appendRawPiece len=26 head="paper"
[walkSchematicOnce] child tag='lib_symbols' children=1
[handleLibSymbolsCleanNode] called, children=1
[WARNING] Duplicate lib_symbols differs; keeping first.
[walkSchematicOnce] child tag='junction' children=0
[handleJunctionFromClean] called for tag='junction'
[handleJunction] saved junction shape (x=77.47, y=72.39)
[walkSchematicOnce] child tag='no_connect' children=0
[appendRawPieceFromClean] piece_head='<no_connect> at=(87.630,82.550,0.000)'...
[BaselineBoard] appendRawPiece len=37 head="no_connect"
[walkSchematicOnce] child tag='no_connect' children=0
[appendRawPieceFromClean] piece_head='<no_connect> at=(87.630,72.390,0.000)'...
[BaselineBoard] appendRawPiece len=37 head="no_connect"
[walkSchematicOnce] child tag='no_connect' children=0
[appendRawPieceFromClean] piece_head='<no_connect> at=(87.630,57.150,0.000)'...
[BaselineBoard] appendRawPiece len=37 head="no_connect"
[walkSchematicOnce] child tag='no_connect' children=0
[appendRawPieceFromClean] piece_head='<no_connect> at=(87.630,43.180,0.000)'...
[BaselineBoard] appendRawPiece len=37 head="no_connect"
[walkSchematicOnce] child tag='wire' children=1
[handleWireFromClean] called for tag='wire'
[handleWire] saved 1 wire(s) from clean.pts
[walkSchematicOnce] child tag='wire' children=1
[handleWireFromClean] called for tag='wire'
[handleWire] saved 1 wire(s) from clean.pts
[walkSchematicOnce] child tag='wire' children=1
[handleWireFromClean] called for tag='wire'
[handleWire] saved 1 wire(s) from clean.pts
[walkSchematicOnce] child tag='wire' children=1
[handleWireFromClean] called for tag='wire'
[handleWire] saved 1 wire(s) from clean.pts
[walkSchematicOnce] child tag='wire' children=1
[handleWireFromClean] called for tag='wire'
[handleWire] saved 1 wire(s) from clean.pts
[walkSchematicOnce] child tag='wire' children=1
[handleWireFromClean] called for tag='wire'
[handleWire] saved 1 wire(s) from clean.pts
[walkSchematicOnce] child tag='global_label' children=4
[appendRawPieceFromClean] piece_head='<global_label> at=(76.200,43.180,180.000) property{"Intersheetrefs"="${INTERSHEET_REFS}"} attrs{value:"LABEL_1" }
  <shape> attrs{value:input }
  <fields_autopl'...
[BaselineBoard] appendRawPiece len=408 head="global_label"
[walkSchematicOnce] child tag='global_label' children=4
[appendRawPieceFromClean] piece_head='<global_label> at=(76.200,72.390,180.000) property{"Intersheetrefs"="${INTERSHEET_REFS}"} attrs{value:"LABEL_5" }
  <shape> attrs{value:input }
  <fields_autopl'...
[BaselineBoard] appendRawPiece len=408 head="global_label"
[walkSchematicOnce] child tag='global_label' children=4
[appendRawPieceFromClean] piece_head='<global_label> at=(76.200,57.150,180.000) property{"Intersheetrefs"="${INTERSHEET_REFS}"} attrs{value:"LABEL_2" }
  <shape> attrs{value:input }
  <fields_autopl'...
[BaselineBoard] appendRawPiece len=408 head="global_label"
[walkSchematicOnce] child tag='symbol' children=16
[handleSymbolFromClean] lib_id='(none)' tag='symbol' children=16
[walkSchematicOnce] child tag='symbol' children=16
[handleSymbolFromClean] lib_id='(none)' tag='symbol' children=16
[walkSchematicOnce] child tag='symbol' children=16
[handleSymbolFromClean] lib_id='(none)' tag='symbol' children=16
[walkSchematicOnce] child tag='symbol' children=16
[handleSymbolFromClean] lib_id='(none)' tag='symbol' children=16
[walkSchematicOnce] child tag='sheet' children=8
[appendRawPieceFromClean] piece_head='<sheet> attrs{fill_color:0,0,0,0.000000 }
  <at> attrs{name:29.210000 value:121.920000 }
  <size> attrs{name:34.290000 value:68.580000 }
  <fields_autoplaced> a'...
[BaselineBoard] appendRawPiece len=743 head="sheet"
[walkSchematicOnce] child tag='sheet' children=8
[appendRawPieceFromClean] piece_head='<sheet> attrs{fill_color:0,0,0,0.000000 }
  <at> attrs{name:73.660000 value:121.920000 }
  <size> attrs{name:25.400000 value:68.580000 }
  <fields_autoplaced> a'...
[BaselineBoard] appendRawPiece len=745 head="sheet"
[walkSchematicOnce] child tag='sheet' children=8
[appendRawPieceFromClean] piece_head='<sheet> attrs{fill_color:0,0,0,0.000000 }
  <at> attrs{name:73.660000 value:196.850000 }
  <size> attrs{name:25.400000 value:68.580000 }
  <fields_autoplaced> a'...
[BaselineBoard] appendRawPiece len=745 head="sheet"
[walkSchematicOnce] child tag='sheet_instances' children=1
[appendRawPieceFromClean] piece_head='<sheet_instances>
  <path> attrs{page:"1" }'...
[BaselineBoard] appendRawPiece len=43 head="sheet_instances"
=== SUMMARY === junctionShapes=2 wireShapes=12 symbols=4 rawPieces=148
=== DUMP wires: count=12 ===
 wire[0] start=(77.47,72.39) end=(80.01,72.39)
 wire[1] start=(76.20,43.18) end=(80.01,43.18)
 wire[2] start=(76.20,72.39) end=(77.47,72.39)
 wire[3] start=(80.01,82.55) end=(77.47,82.55)
 wire[4] start=(76.20,57.15) end=(80.01,57.15)
 wire[5] start=(77.47,82.55) end=(77.47,72.39)
 wire[6] start=(77.47,72.39) end=(80.01,72.39)
 wire[7] start=(76.20,43.18) end=(80.01,43.18)
 wire[8] start=(76.20,72.39) end=(77.47,72.39)
 wire[9] start=(80.01,82.55) end=(77.47,82.55)
 wire[10] start=(76.20,57.15) end=(80.01,57.15)
 wire[11] start=(77.47,82.55) end=(77.47,72.39)
[main] writing KiCad S-expr via b->dumpKiCad(std::cout)
[dumpKiCad] dumping board...
[dumpKiCad] done.
[main] writing KiCad S-expr via b->dumpKiCad(std::cout)
[dumpKiCad] dumping board...
[dumpKiCad] done.
[main] writing KiCad S-expr via b->dumpKiCad(std::cout)
[dumpKiCad] dumping board...
[dumpKiCad] done.
[main] writing KiCad S-expr via b->dumpKiCad(std::cout)
[dumpKiCad] dumping board...
[dumpKiCad] done.
[main] writing KiCad S-expr via b->dumpKiCad(std::cout)
[dumpKiCad] dumping board...
[dumpKiCad] done.
[main] writing KiCad S-expr via b->dumpKiCad(std::cout)
[dumpKiCad] dumping board...
[dumpKiCad] done.
