[DEBUG] Root children: 42
  child 0 (non-list or no head)
  child 1 tag="version"
  child 2 tag="generator"
  child 3 tag="uuid"
  child 4 tag="paper"
  child 5 tag="lib_symbols"
  child 6 tag="junction"
  child 7 tag="junction"
  child 8 tag="junction"
  child 9 tag="no_connect"
  child 10 tag="no_connect"
  child 11 tag="no_connect"
  child 12 tag="no_connect"
  child 13 tag="no_connect"
  child 14 tag="no_connect"
  child 15 tag="no_connect"
  child 16 tag="no_connect"
  child 17 tag="bus_entry"
  child 18 tag="bus_entry"
  child 19 tag="bus_entry"
  child 20 tag="wire"
  child 21 tag="bus"
  child 22 tag="bus"
  child 23 tag="bus"
  child 24 tag="wire"
  child 25 tag="wire"
  child 26 tag="wire"
  child 27 tag="wire"
  child 28 tag="wire"
  child 29 tag="bus"
  child 30 tag="wire"
  child 31 tag="wire"
  child 32 tag="wire"
  child 33 tag="label"
  child 34 tag="label"
  child 35 tag="label"
  child 36 tag="label"
  child 37 tag="hierarchical_label"
  child 38 tag="symbol"
  child 39 tag="symbol"
  child 40 tag="symbol"
  child 41 tag="symbol"
[BaselineBoard] appendRawPiece len=16246
kicad_sch  (children=42)
[UNHANDLED-PCB] tag="kicad_sch"
[BaselineBoard] appendRawPiece len=18
  version  (children=2)
[BaselineBoard] appendRawPiece len=20
  generator  (children=2)
[BaselineBoard] appendRawPiece len=43
  uuid  (children=2)
[BaselineBoard] appendRawPiece len=12
  paper  (children=2)
[BaselineBoard] appendRawPiece len=7271
  lib_symbols  (children=5)
[traverseAst] LIB_SYMBOLS depth=1 raw_len=7271
[BaselineBoard] setLibSymbolsRaw len=7271
[BaselineBoard] appendRawPiece len=7271
AstCleaner: handling lib_symbols at 0x7ffeea265d80
[UNHANDLED] cleanInner:exclude_from_sim addr=0x56e7208ed5f0 -> (exclude_from_sim no )
  children details (child_index: addr type extra):
    [0] addr=0x56e7208eacb0 atom="exclude_from_sim"
    [1] addr=0x56e7208eacf0 atom="no"
[UNHANDLED] cleanInner:exclude_from_sim addr=0x56e7208eb130 -> (exclude_from_sim no )
  children details (child_index: addr type extra):
    [0] addr=0x56e720907370 atom="exclude_from_sim"
    [1] addr=0x56e7209073b0 atom="no"
[UNHANDLED] cleanInner:exclude_from_sim addr=0x56e7208edb90 -> (exclude_from_sim no )
  children details (child_index: addr type extra):
    [0] addr=0x56e72090a640 atom="exclude_from_sim"
    [1] addr=0x56e72090a680 atom="no"
[UNHANDLED] cleanInner:exclude_from_sim addr=0x56e72090d9a0 -> (exclude_from_sim no )
  children details (child_index: addr type extra):
    [0] addr=0x56e72090dde0 atom="exclude_from_sim"
    [1] addr=0x56e72090de20 atom="no"
[handleLibSymbolsCleanNode] called, children=4
[WARNING] Duplicate lib_symbols differs; keeping first.
[traverseAst] LIB_SYMBOLS -> handleLibSymbolsCleanNode() called; libSymbolsRaw_len=7271
[BaselineBoard] appendRawPiece len=3889
    symbol  (children=16)
[BaselineBoard] appendRawPiece len=1073
    symbol  (children=15)
[BaselineBoard] appendRawPiece len=1095
    symbol  (children=16)
[BaselineBoard] appendRawPiece len=1197
    symbol  (children=15)
[BaselineBoard] appendRawPiece len=110
  junction  (children=5)
[traverseAst] JUNCTION depth=1 raw_len=110
[BaselineBoard] appendRawPiece len=110
[UNHANDLED] cleanInner:diameter addr=0x56e7208f8f90 -> (diameter 0 )
  children details (child_index: addr type extra):
    [0] addr=0x56e7208efa00 atom="diameter"
    [1] addr=0x56e7208efa40 atom="0"
[handleJunctionFromClean] called for tag='junction'
[handleJunction] saved junction shape (x=133.35, y=106.68)
[traverseAst] JUNCTION -> handleJunctionFromClean() called; board junctionCount=1
[BaselineBoard] appendRawPiece len=26
    at  (children=3)
    [UNHANDLED-PCB] tag="at"
[BaselineBoard] appendRawPiece len=10
[BaselineBoard] appendRawPiece len=10
[BaselineBoard] appendRawPiece len=12
    diameter  (children=2)
    [UNHANDLED-PCB] tag="diameter"
[BaselineBoard] appendRawPiece len=1
[BaselineBoard] appendRawPiece len=15
    color  (children=5)
    [UNHANDLED-PCB] tag="color"
[BaselineBoard] appendRawPiece len=1
[BaselineBoard] appendRawPiece len=1
[BaselineBoard] appendRawPiece len=1
[BaselineBoard] appendRawPiece len=1
[BaselineBoard] appendRawPiece len=43
    uuid  (children=2)
[BaselineBoard] appendRawPiece len=110
  junction  (children=5)
[traverseAst] JUNCTION depth=1 raw_len=110
[BaselineBoard] appendRawPiece len=110
[UNHANDLED] cleanInner:diameter addr=0x56e7208f8f90 -> (diameter 0 )
  children details (child_index: addr type extra):
    [0] addr=0x56e7208f2870 atom="diameter"
    [1] addr=0x56e7208f28b0 atom="0"
[handleJunctionFromClean] called for tag='junction'
[handleJunction] saved junction shape (x=146.05, y=116.84)
[traverseAst] JUNCTION -> handleJunctionFromClean() called; board junctionCount=2
[BaselineBoard] appendRawPiece len=26
    at  (children=3)
    [UNHANDLED-PCB] tag="at"
[BaselineBoard] appendRawPiece len=10
[BaselineBoard] appendRawPiece len=10
[BaselineBoard] appendRawPiece len=12
    diameter  (children=2)
    [UNHANDLED-PCB] tag="diameter"
[BaselineBoard] appendRawPiece len=1
[BaselineBoard] appendRawPiece len=15
    color  (children=5)
    [UNHANDLED-PCB] tag="color"
[BaselineBoard] appendRawPiece len=1
[BaselineBoard] appendRawPiece len=1
[BaselineBoard] appendRawPiece len=1
[BaselineBoard] appendRawPiece len=1
[BaselineBoard] appendRawPiece len=43
    uuid  (children=2)
[BaselineBoard] appendRawPiece len=110
  junction  (children=5)
[traverseAst] JUNCTION depth=1 raw_len=110
[BaselineBoard] appendRawPiece len=110
[UNHANDLED] cleanInner:diameter addr=0x56e7208f8f90 -> (diameter 0 )
  children details (child_index: addr type extra):
    [0] addr=0x56e7208efa00 atom="diameter"
    [1] addr=0x56e7208efa40 atom="0"
[handleJunctionFromClean] called for tag='junction'
[handleJunction] saved junction shape (x=133.35, y=109.22)
[traverseAst] JUNCTION -> handleJunctionFromClean() called; board junctionCount=3
[BaselineBoard] appendRawPiece len=26
    at  (children=3)
    [UNHANDLED-PCB] tag="at"
[BaselineBoard] appendRawPiece len=10
[BaselineBoard] appendRawPiece len=10
[BaselineBoard] appendRawPiece len=12
    diameter  (children=2)
    [UNHANDLED-PCB] tag="diameter"
[BaselineBoard] appendRawPiece len=1
[BaselineBoard] appendRawPiece len=15
    color  (children=5)
    [UNHANDLED-PCB] tag="color"
[BaselineBoard] appendRawPiece len=1
[BaselineBoard] appendRawPiece len=1
[BaselineBoard] appendRawPiece len=1
[BaselineBoard] appendRawPiece len=1
[BaselineBoard] appendRawPiece len=43
    uuid  (children=2)
[BaselineBoard] appendRawPiece len=83
  no_connect  (children=3)
[BaselineBoard] appendRawPiece len=83
  no_connect  (children=3)
[BaselineBoard] appendRawPiece len=82
  no_connect  (children=3)
[BaselineBoard] appendRawPiece len=82
  no_connect  (children=3)
[BaselineBoard] appendRawPiece len=83
  no_connect  (children=3)
[BaselineBoard] appendRawPiece len=82
  no_connect  (children=3)
[BaselineBoard] appendRawPiece len=82
  no_connect  (children=3)
[BaselineBoard] appendRawPiece len=83
  no_connect  (children=3)
[BaselineBoard] appendRawPiece len=140
  bus_entry  (children=5)
[BaselineBoard] appendRawPiece len=140
  bus_entry  (children=5)
[BaselineBoard] appendRawPiece len=140
  bus_entry  (children=5)
[BaselineBoard] appendRawPiece len=144
  wire  (children=4)
[traverseAst] WIRE depth=1 raw_len=144
[BaselineBoard] appendRawPiece len=144
[handleWireFromClean] called for tag='wire'
[handleWire] PUSH (pts.node.pts) 133.350006,109.220001->133.350006,116.839996 ; added=1
[handleWire] saved 1 wire(s) from pts-children (deduped)
[traverseAst] WIRE -> handleWireFromClean() called; board wireCount=1
[BaselineBoard] appendRawPiece len=59
    pts  (children=3)
[BaselineBoard] appendRawPiece len=26
      xy  (children=3)
[BaselineBoard] appendRawPiece len=10
[BaselineBoard] appendRawPiece len=10
[BaselineBoard] appendRawPiece len=26
      xy  (children=3)
[BaselineBoard] appendRawPiece len=10
[BaselineBoard] appendRawPiece len=10
[BaselineBoard] appendRawPiece len=33
    stroke  (children=3)
    [UNHANDLED-PCB] tag="stroke"
[BaselineBoard] appendRawPiece len=9
      width  (children=2)
      [UNHANDLED-PCB] tag="width"
[BaselineBoard] appendRawPiece len=1
[BaselineBoard] appendRawPiece len=14
      type  (children=2)
      [UNHANDLED-PCB] tag="type"
[BaselineBoard] appendRawPiece len=7
[BaselineBoard] appendRawPiece len=43
    uuid  (children=2)
[BaselineBoard] appendRawPiece len=140
  bus  (children=4)
[BaselineBoard] appendRawPiece len=141
  bus  (children=4)
[BaselineBoard] appendRawPiece len=141
  bus  (children=4)
[BaselineBoard] appendRawPiece len=144
  wire  (children=4)
[traverseAst] WIRE depth=1 raw_len=144
[BaselineBoard] appendRawPiece len=144
[handleWireFromClean] called for tag='wire'
[handleWire] PUSH (pts.node.pts) 146.050003,116.839996->175.259995,116.839996 ; added=1
[handleWire] saved 1 wire(s) from pts-children (deduped)
[traverseAst] WIRE -> handleWireFromClean() called; board wireCount=2
[BaselineBoard] appendRawPiece len=59
    pts  (children=3)
[BaselineBoard] appendRawPiece len=26
      xy  (children=3)
[BaselineBoard] appendRawPiece len=10
[BaselineBoard] appendRawPiece len=10
[BaselineBoard] appendRawPiece len=26
      xy  (children=3)
[BaselineBoard] appendRawPiece len=10
[BaselineBoard] appendRawPiece len=10
[BaselineBoard] appendRawPiece len=33
    stroke  (children=3)
    [UNHANDLED-PCB] tag="stroke"
[BaselineBoard] appendRawPiece len=9
      width  (children=2)
      [UNHANDLED-PCB] tag="width"
[BaselineBoard] appendRawPiece len=1
[BaselineBoard] appendRawPiece len=14
      type  (children=2)
      [UNHANDLED-PCB] tag="type"
[BaselineBoard] appendRawPiece len=7
[BaselineBoard] appendRawPiece len=43
    uuid  (children=2)
[BaselineBoard] appendRawPiece len=144
  wire  (children=4)
[traverseAst] WIRE depth=1 raw_len=144
[BaselineBoard] appendRawPiece len=144
[handleWireFromClean] called for tag='wire'
[handleWire] PUSH (pts.node.pts) 175.259995,115.570000->175.259995,116.839996 ; added=1
[handleWire] saved 1 wire(s) from pts-children (deduped)
[traverseAst] WIRE -> handleWireFromClean() called; board wireCount=3
[BaselineBoard] appendRawPiece len=59
    pts  (children=3)
[BaselineBoard] appendRawPiece len=26
      xy  (children=3)
[BaselineBoard] appendRawPiece len=10
[BaselineBoard] appendRawPiece len=10
[BaselineBoard] appendRawPiece len=26
      xy  (children=3)
[BaselineBoard] appendRawPiece len=10
[BaselineBoard] appendRawPiece len=10
[BaselineBoard] appendRawPiece len=33
    stroke  (children=3)
    [UNHANDLED-PCB] tag="stroke"
[BaselineBoard] appendRawPiece len=9
      width  (children=2)
      [UNHANDLED-PCB] tag="width"
[BaselineBoard] appendRawPiece len=1
[BaselineBoard] appendRawPiece len=14
      type  (children=2)
      [UNHANDLED-PCB] tag="type"
[BaselineBoard] appendRawPiece len=7
[BaselineBoard] appendRawPiece len=43
    uuid  (children=2)
[BaselineBoard] appendRawPiece len=144
  wire  (children=4)
[traverseAst] WIRE depth=1 raw_len=144
[BaselineBoard] appendRawPiece len=144
[handleWireFromClean] called for tag='wire'
[handleWire] PUSH (pts.node.pts) 133.350006,116.839996->146.050003,116.839996 ; added=1
[handleWire] saved 1 wire(s) from pts-children (deduped)
[traverseAst] WIRE -> handleWireFromClean() called; board wireCount=4
[BaselineBoard] appendRawPiece len=59
    pts  (children=3)
[BaselineBoard] appendRawPiece len=26
      xy  (children=3)
[BaselineBoard] appendRawPiece len=10
[BaselineBoard] appendRawPiece len=10
[BaselineBoard] appendRawPiece len=26
      xy  (children=3)
[BaselineBoard] appendRawPiece len=10
[BaselineBoard] appendRawPiece len=10
[BaselineBoard] appendRawPiece len=33
    stroke  (children=3)
    [UNHANDLED-PCB] tag="stroke"
[BaselineBoard] appendRawPiece len=9
      width  (children=2)
      [UNHANDLED-PCB] tag="width"
[BaselineBoard] appendRawPiece len=1
[BaselineBoard] appendRawPiece len=14
      type  (children=2)
      [UNHANDLED-PCB] tag="type"
[BaselineBoard] appendRawPiece len=7
[BaselineBoard] appendRawPiece len=43
    uuid  (children=2)
[BaselineBoard] appendRawPiece len=142
  wire  (children=4)
[traverseAst] WIRE depth=1 raw_len=142
[BaselineBoard] appendRawPiece len=142
[handleWireFromClean] called for tag='wire'
[handleWire] PUSH (pts.node.pts) 119.379997,93.980003->133.350006,93.980003 ; added=1
[handleWire] saved 1 wire(s) from pts-children (deduped)
[traverseAst] WIRE -> handleWireFromClean() called; board wireCount=5
[BaselineBoard] appendRawPiece len=57
    pts  (children=3)
[BaselineBoard] appendRawPiece len=25
      xy  (children=3)
[BaselineBoard] appendRawPiece len=10
[BaselineBoard] appendRawPiece len=9
[BaselineBoard] appendRawPiece len=25
      xy  (children=3)
[BaselineBoard] appendRawPiece len=10
[BaselineBoard] appendRawPiece len=9
[BaselineBoard] appendRawPiece len=33
    stroke  (children=3)
    [UNHANDLED-PCB] tag="stroke"
[BaselineBoard] appendRawPiece len=9
      width  (children=2)
      [UNHANDLED-PCB] tag="width"
[BaselineBoard] appendRawPiece len=1
[BaselineBoard] appendRawPiece len=14
      type  (children=2)
      [UNHANDLED-PCB] tag="type"
[BaselineBoard] appendRawPiece len=7
[BaselineBoard] appendRawPiece len=43
    uuid  (children=2)
[BaselineBoard] appendRawPiece len=144
  wire  (children=4)
[traverseAst] WIRE depth=1 raw_len=144
[BaselineBoard] appendRawPiece len=144
[handleWireFromClean] called for tag='wire'
[handleWire] PUSH (pts.node.pts) 133.350006,106.680000->133.350006,109.220001 ; added=1
[handleWire] saved 1 wire(s) from pts-children (deduped)
[traverseAst] WIRE -> handleWireFromClean() called; board wireCount=6
[BaselineBoard] appendRawPiece len=59
    pts  (children=3)
[BaselineBoard] appendRawPiece len=26
      xy  (children=3)
[BaselineBoard] appendRawPiece len=10
[BaselineBoard] appendRawPiece len=10
[BaselineBoard] appendRawPiece len=26
      xy  (children=3)
[BaselineBoard] appendRawPiece len=10
[BaselineBoard] appendRawPiece len=10
[BaselineBoard] appendRawPiece len=33
    stroke  (children=3)
    [UNHANDLED-PCB] tag="stroke"
[BaselineBoard] appendRawPiece len=9
      width  (children=2)
      [UNHANDLED-PCB] tag="width"
[BaselineBoard] appendRawPiece len=1
[BaselineBoard] appendRawPiece len=14
      type  (children=2)
      [UNHANDLED-PCB] tag="type"
[BaselineBoard] appendRawPiece len=7
[BaselineBoard] appendRawPiece len=43
    uuid  (children=2)
[BaselineBoard] appendRawPiece len=141
  bus  (children=4)
[BaselineBoard] appendRawPiece len=142
  wire  (children=4)
[traverseAst] WIRE depth=1 raw_len=142
[BaselineBoard] appendRawPiece len=142
[handleWireFromClean] called for tag='wire'
[handleWire] PUSH (pts.node.pts) 119.379997,91.440002->133.350006,91.440002 ; added=1
[handleWire] saved 1 wire(s) from pts-children (deduped)
[traverseAst] WIRE -> handleWireFromClean() called; board wireCount=7
[BaselineBoard] appendRawPiece len=57
    pts  (children=3)
[BaselineBoard] appendRawPiece len=25
      xy  (children=3)
[BaselineBoard] appendRawPiece len=10
[BaselineBoard] appendRawPiece len=9
[BaselineBoard] appendRawPiece len=25
      xy  (children=3)
[BaselineBoard] appendRawPiece len=10
[BaselineBoard] appendRawPiece len=9
[BaselineBoard] appendRawPiece len=33
    stroke  (children=3)
    [UNHANDLED-PCB] tag="stroke"
[BaselineBoard] appendRawPiece len=9
      width  (children=2)
      [UNHANDLED-PCB] tag="width"
[BaselineBoard] appendRawPiece len=1
[BaselineBoard] appendRawPiece len=14
      type  (children=2)
      [UNHANDLED-PCB] tag="type"
[BaselineBoard] appendRawPiece len=7
[BaselineBoard] appendRawPiece len=43
    uuid  (children=2)
[BaselineBoard] appendRawPiece len=142
  wire  (children=4)
[traverseAst] WIRE depth=1 raw_len=142
[BaselineBoard] appendRawPiece len=142
[handleWireFromClean] called for tag='wire'
[handleWire] PUSH (pts.node.pts) 119.379997,96.519997->133.350006,96.519997 ; added=1
[handleWire] saved 1 wire(s) from pts-children (deduped)
[traverseAst] WIRE -> handleWireFromClean() called; board wireCount=8
[BaselineBoard] appendRawPiece len=57
    pts  (children=3)
[BaselineBoard] appendRawPiece len=25
      xy  (children=3)
[BaselineBoard] appendRawPiece len=10
[BaselineBoard] appendRawPiece len=9
[BaselineBoard] appendRawPiece len=25
      xy  (children=3)
[BaselineBoard] appendRawPiece len=10
[BaselineBoard] appendRawPiece len=9
[BaselineBoard] appendRawPiece len=33
    stroke  (children=3)
    [UNHANDLED-PCB] tag="stroke"
[BaselineBoard] appendRawPiece len=9
      width  (children=2)
      [UNHANDLED-PCB] tag="width"
[BaselineBoard] appendRawPiece len=1
[BaselineBoard] appendRawPiece len=14
      type  (children=2)
      [UNHANDLED-PCB] tag="type"
[BaselineBoard] appendRawPiece len=7
[BaselineBoard] appendRawPiece len=43
    uuid  (children=2)
[BaselineBoard] appendRawPiece len=144
  wire  (children=4)
[traverseAst] WIRE depth=1 raw_len=144
[BaselineBoard] appendRawPiece len=144
[handleWireFromClean] called for tag='wire'
[handleWire] PUSH (pts.node.pts) 133.350006,104.139999->133.350006,106.680000 ; added=1
[handleWire] saved 1 wire(s) from pts-children (deduped)
[traverseAst] WIRE -> handleWireFromClean() called; board wireCount=9
[BaselineBoard] appendRawPiece len=59
    pts  (children=3)
[BaselineBoard] appendRawPiece len=26
      xy  (children=3)
[BaselineBoard] appendRawPiece len=10
[BaselineBoard] appendRawPiece len=10
[BaselineBoard] appendRawPiece len=26
      xy  (children=3)
[BaselineBoard] appendRawPiece len=10
[BaselineBoard] appendRawPiece len=10
[BaselineBoard] appendRawPiece len=33
    stroke  (children=3)
    [UNHANDLED-PCB] tag="stroke"
[BaselineBoard] appendRawPiece len=9
      width  (children=2)
      [UNHANDLED-PCB] tag="width"
[BaselineBoard] appendRawPiece len=1
[BaselineBoard] appendRawPiece len=14
      type  (children=2)
      [UNHANDLED-PCB] tag="type"
[BaselineBoard] appendRawPiece len=7
[BaselineBoard] appendRawPiece len=43
    uuid  (children=2)
[BaselineBoard] appendRawPiece len=168
  label  (children=6)
[BaselineBoard] appendRawPiece len=172
  label  (children=6)
[BaselineBoard] appendRawPiece len=168
  label  (children=6)
[BaselineBoard] appendRawPiece len=168
  label  (children=6)
[BaselineBoard] appendRawPiece len=195
  hierarchical_label  (children=7)
[BaselineBoard] appendRawPiece len=969
  symbol  (children=17)
[BaselineBoard] appendRawPiece len=952
  symbol  (children=17)
[BaselineBoard] appendRawPiece len=967
  symbol  (children=17)
[BaselineBoard] appendRawPiece len=1808
  symbol  (children=32)
AstCleaner: handling lib_symbols at 0x56e720921130
[UNHANDLED] cleanInner:exclude_from_sim addr=0x56e7208edb10 -> (exclude_from_sim no )
  children details (child_index: addr type extra):
    [0] addr=0x56e7208fa070 atom="exclude_from_sim"
    [1] addr=0x56e7208fa0b0 atom="no"
[UNHANDLED] cleanInner:exclude_from_sim addr=0x56e720910130 -> (exclude_from_sim no )
  children details (child_index: addr type extra):
    [0] addr=0x56e720910520 atom="exclude_from_sim"
    [1] addr=0x56e720910560 atom="no"
[UNHANDLED] cleanInner:exclude_from_sim addr=0x56e7208ed670 -> (exclude_from_sim no )
  children details (child_index: addr type extra):
    [0] addr=0x56e720914970 atom="exclude_from_sim"
    [1] addr=0x56e7209149b0 atom="no"
[UNHANDLED] cleanInner:exclude_from_sim addr=0x56e72090d140 -> (exclude_from_sim no )
  children details (child_index: addr type extra):
    [0] addr=0x56e72090d530 atom="exclude_from_sim"
    [1] addr=0x56e72090d570 atom="no"
[UNHANDLED] cleanInner:no_connect addr=0x56e720921230 -> (no_connect (at) (uuid) )
  children details (child_index: addr type extra):
    [0] addr=0x56e72091a7c0 atom="no_connect"
    [1] addr=0x56e72091a800 list_size=3 head="at"
    [2] addr=0x56e72091a840 list_size=2 head="uuid"
[UNHANDLED] cleanInner:no_connect addr=0x56e720921270 -> (no_connect (at) (uuid) )
  children details (child_index: addr type extra):
    [0] addr=0x56e72091a9f0 atom="no_connect"
    [1] addr=0x56e72091aa30 list_size=3 head="at"
    [2] addr=0x56e72091aa70 list_size=2 head="uuid"
[UNHANDLED] cleanInner:no_connect addr=0x56e7209212b0 -> (no_connect (at) (uuid) )
  children details (child_index: addr type extra):
    [0] addr=0x56e72091ac20 atom="no_connect"
    [1] addr=0x56e72091ac60 list_size=3 head="at"
    [2] addr=0x56e72091aca0 list_size=2 head="uuid"
[UNHANDLED] cleanInner:no_connect addr=0x56e7209212f0 -> (no_connect (at) (uuid) )
  children details (child_index: addr type extra):
    [0] addr=0x56e72091ae50 atom="no_connect"
    [1] addr=0x56e72091ae90 list_size=3 head="at"
    [2] addr=0x56e72091aed0 list_size=2 head="uuid"
[UNHANDLED] cleanInner:no_connect addr=0x56e720921330 -> (no_connect (at) (uuid) )
  children details (child_index: addr type extra):
    [0] addr=0x56e72091b080 atom="no_connect"
    [1] addr=0x56e72091b0c0 list_size=3 head="at"
    [2] addr=0x56e72091b100 list_size=2 head="uuid"
[UNHANDLED] cleanInner:no_connect addr=0x56e720921370 -> (no_connect (at) (uuid) )
  children details (child_index: addr type extra):
    [0] addr=0x56e72091b2b0 atom="no_connect"
    [1] addr=0x56e72091b2f0 list_size=3 head="at"
    [2] addr=0x56e72091b330 list_size=2 head="uuid"
[UNHANDLED] cleanInner:no_connect addr=0x56e7209213b0 -> (no_connect (at) (uuid) )
  children details (child_index: addr type extra):
    [0] addr=0x56e72091b4e0 atom="no_connect"
    [1] addr=0x56e72091b520 list_size=3 head="at"
    [2] addr=0x56e72091b560 list_size=2 head="uuid"
[UNHANDLED] cleanInner:no_connect addr=0x56e7209213f0 -> (no_connect (at) (uuid) )
  children details (child_index: addr type extra):
    [0] addr=0x56e72091b710 atom="no_connect"
    [1] addr=0x56e72091b750 list_size=3 head="at"
    [2] addr=0x56e72091b790 list_size=2 head="uuid"
[UNHANDLED] cleanInner:bus_entry addr=0x56e720921430 -> (bus_entry (at) (size) (stroke) (uuid) )
  children details (child_index: addr type extra):
    [0] addr=0x56e72091b940 atom="bus_entry"
    [1] addr=0x56e72091b980 list_size=3 head="at"
    [2] addr=0x56e72091b9c0 list_size=3 head="size"
    [3] addr=0x56e72091ba00 list_size=3 head="stroke"
    [4] addr=0x56e72091ba40 list_size=2 head="uuid"
[UNHANDLED] cleanInner:bus_entry addr=0x56e720921470 -> (bus_entry (at) (size) (stroke) (uuid) )
  children details (child_index: addr type extra):
    [0] addr=0x56e72091beb0 atom="bus_entry"
    [1] addr=0x56e72091bef0 list_size=3 head="at"
    [2] addr=0x56e72091bf30 list_size=3 head="size"
    [3] addr=0x56e72091bf70 list_size=3 head="stroke"
    [4] addr=0x56e72091bfb0 list_size=2 head="uuid"
[UNHANDLED] cleanInner:bus_entry addr=0x56e7209214b0 -> (bus_entry (at) (size) (stroke) (uuid) )
  children details (child_index: addr type extra):
    [0] addr=0x56e72091c420 atom="bus_entry"
    [1] addr=0x56e72091c460 list_size=3 head="at"
    [2] addr=0x56e72091c4a0 list_size=3 head="size"
    [3] addr=0x56e72091c4e0 list_size=3 head="stroke"
    [4] addr=0x56e72091c520 list_size=2 head="uuid"
[UNHANDLED] cleanInner:bus addr=0x56e720921530 -> (bus (pts) (stroke) (uuid) )
  children details (child_index: addr type extra):
    [0] addr=0x56e720901ff0 atom="bus"
    [1] addr=0x56e720902030 list_size=3 head="pts"
    [2] addr=0x56e720902070 list_size=3 head="stroke"
    [3] addr=0x56e7209020b0 list_size=2 head="uuid"
[UNHANDLED] cleanInner:bus addr=0x56e720921570 -> (bus (pts) (stroke) (uuid) )
  children details (child_index: addr type extra):
    [0] addr=0x56e7209025f0 atom="bus"
    [1] addr=0x56e720902630 list_size=3 head="pts"
    [2] addr=0x56e720902670 list_size=3 head="stroke"
    [3] addr=0x56e7209026b0 list_size=2 head="uuid"
[UNHANDLED] cleanInner:bus addr=0x56e7209215b0 -> (bus (pts) (stroke) (uuid) )
  children details (child_index: addr type extra):
    [0] addr=0x56e720902bf0 atom="bus"
    [1] addr=0x56e720902c30 list_size=3 head="pts"
    [2] addr=0x56e720902c70 list_size=3 head="stroke"
    [3] addr=0x56e720902cb0 list_size=2 head="uuid"
[UNHANDLED] cleanInner:bus addr=0x56e720921730 -> (bus (pts) (stroke) (uuid) )
  children details (child_index: addr type extra):
    [0] addr=0x56e720905110 atom="bus"
    [1] addr=0x56e720905150 list_size=3 head="pts"
    [2] addr=0x56e720905190 list_size=3 head="stroke"
    [3] addr=0x56e7209051d0 list_size=2 head="uuid"
[UNHANDLED] cleanInner:hierarchical_label addr=0x56e720921930 -> (hierarchical_label "A[0..2]" (shape) (at) (fields_autoplaced) (effects) (uuid) )
  children details (child_index: addr type extra):
    [0] addr=0x56e720908280 atom="hierarchical_label"
    [1] addr=0x56e7209082c0 atom=""A[0..2]""
    [2] addr=0x56e720908300 list_size=2 head="shape"
    [3] addr=0x56e720908340 list_size=4 head="at"
    [4] addr=0x56e720908380 list_size=1 head="fields_autoplaced"
    [5] addr=0x56e7209083c0 list_size=3 head="effects"
    [6] addr=0x56e720908400 list_size=2 head="uuid"
[UNHANDLED] cleanInner:shape addr=0x56e720908300 -> (shape input )
  children details (child_index: addr type extra):
    [0] addr=0x56e720908480 atom="shape"
    [1] addr=0x56e7209084c0 atom="input"
[UNHANDLED] cleanInner:fields_autoplaced addr=0x56e720908380 -> (fields_autoplaced )
  children details (child_index: addr type extra):
    [0] addr=0x56e7208f8a00 atom="fields_autoplaced"
[appendRawPieceFromClean] piece_head='<kicad_sch>
  <version> attrs{value:20230819 }
  <generator> attrs{value:eeschema }
  <paper> attrs{value:"A4" }
  <lib_symbols>
  <symbol> property{"Reference"'...
[BaselineBoard] appendRawPiece len=18085 head="kicad_sch"
[walkSchematicOnce] cleanedRoot children=40
[walkSchematicOnce] child tag='version' children=0
[appendRawPieceFromClean] piece_head='<version> attrs{value:20230819 }'...
[BaselineBoard] appendRawPiece len=32 head="version"
[walkSchematicOnce] child tag='generator' children=0
[appendRawPieceFromClean] piece_head='<generator> attrs{value:eeschema }'...
[BaselineBoard] appendRawPiece len=34 head="generator"
[walkSchematicOnce] child tag='paper' children=0
[appendRawPieceFromClean] piece_head='<paper> attrs{value:"A4" }'...
[BaselineBoard] appendRawPiece len=26 head="paper"
[walkSchematicOnce] child tag='lib_symbols' children=4
[handleLibSymbolsCleanNode] called, children=4
[WARNING] Duplicate lib_symbols differs; keeping first.
[walkSchematicOnce] child tag='junction' children=0
[handleJunctionFromClean] called for tag='junction'
[handleJunction] saved junction shape (x=133.35, y=106.68)
[walkSchematicOnce] child tag='junction' children=0
[handleJunctionFromClean] called for tag='junction'
[handleJunction] saved junction shape (x=146.05, y=116.84)
[walkSchematicOnce] child tag='junction' children=0
[handleJunctionFromClean] called for tag='junction'
[handleJunction] saved junction shape (x=133.35, y=109.22)
[walkSchematicOnce] child tag='no_connect' children=0
[appendRawPieceFromClean] piece_head='<no_connect> at=(158.750,106.680,0.000)'...
[BaselineBoard] appendRawPiece len=39 head="no_connect"
[walkSchematicOnce] child tag='no_connect' children=0
[appendRawPieceFromClean] piece_head='<no_connect> at=(158.750,109.220,0.000)'...
[BaselineBoard] appendRawPiece len=39 head="no_connect"
[walkSchematicOnce] child tag='no_connect' children=0
[appendRawPieceFromClean] piece_head='<no_connect> at=(158.750,99.060,0.000)'...
[BaselineBoard] appendRawPiece len=38 head="no_connect"
[walkSchematicOnce] child tag='no_connect' children=0
[appendRawPieceFromClean] piece_head='<no_connect> at=(158.750,96.520,0.000)'...
[BaselineBoard] appendRawPiece len=38 head="no_connect"
[walkSchematicOnce] child tag='no_connect' children=0
[appendRawPieceFromClean] piece_head='<no_connect> at=(158.750,101.600,0.000)'...
[BaselineBoard] appendRawPiece len=39 head="no_connect"
[walkSchematicOnce] child tag='no_connect' children=0
[appendRawPieceFromClean] piece_head='<no_connect> at=(158.750,93.980,0.000)'...
[BaselineBoard] appendRawPiece len=38 head="no_connect"
[walkSchematicOnce] child tag='no_connect' children=0
[appendRawPieceFromClean] piece_head='<no_connect> at=(158.750,91.440,0.000)'...
[BaselineBoard] appendRawPiece len=38 head="no_connect"
[walkSchematicOnce] child tag='no_connect' children=0
[appendRawPieceFromClean] piece_head='<no_connect> at=(158.750,104.140,0.000)'...
[BaselineBoard] appendRawPiece len=39 head="no_connect"
[walkSchematicOnce] child tag='bus_entry' children=2
[appendRawPieceFromClean] piece_head='<bus_entry> at=(116.840,88.900,0.000)
  <size> attrs{token_1:2.540000 token_2:2.540000 }
  <stroke> attrs{sub_type:default sub_width:0 }'...
[BaselineBoard] appendRawPiece len=136 head="bus_entry"
[walkSchematicOnce] child tag='bus_entry' children=2
[appendRawPieceFromClean] piece_head='<bus_entry> at=(116.840,93.980,0.000)
  <size> attrs{token_1:2.540000 token_2:2.540000 }
  <stroke> attrs{sub_type:default sub_width:0 }'...
[BaselineBoard] appendRawPiece len=136 head="bus_entry"
[walkSchematicOnce] child tag='bus_entry' children=2
[appendRawPieceFromClean] piece_head='<bus_entry> at=(116.840,91.440,0.000)
  <size> attrs{token_1:2.540000 token_2:2.540000 }
  <stroke> attrs{sub_type:default sub_width:0 }'...
[BaselineBoard] appendRawPiece len=136 head="bus_entry"
[walkSchematicOnce] child tag='wire' children=1
[handleWireFromClean] called for tag='wire'
[handleWire] saved 1 wire(s) from clean.pts
[walkSchematicOnce] child tag='bus' children=2
[appendRawPieceFromClean] piece_head='<bus>
  <pts> pts=[(86.360,64.770),(116.840,64.770)]
  <stroke> attrs{sub_type:default sub_width:0 }'...
[BaselineBoard] appendRawPiece len=100 head="bus"
[walkSchematicOnce] child tag='bus' children=2
[appendRawPieceFromClean] piece_head='<bus>
  <pts> pts=[(116.840,91.440),(116.840,93.980)]
  <stroke> attrs{sub_type:default sub_width:0 }'...
[BaselineBoard] appendRawPiece len=101 head="bus"
[walkSchematicOnce] child tag='bus' children=2
[appendRawPieceFromClean] piece_head='<bus>
  <pts> pts=[(116.840,88.900),(116.840,91.440)]
  <stroke> attrs{sub_type:default sub_width:0 }'...
[BaselineBoard] appendRawPiece len=101 head="bus"
[walkSchematicOnce] child tag='wire' children=1
[handleWireFromClean] called for tag='wire'
[handleWire] saved 1 wire(s) from clean.pts
[walkSchematicOnce] child tag='wire' children=1
[handleWireFromClean] called for tag='wire'
[handleWire] saved 1 wire(s) from clean.pts
[walkSchematicOnce] child tag='wire' children=1
[handleWireFromClean] called for tag='wire'
[handleWire] saved 1 wire(s) from clean.pts
[walkSchematicOnce] child tag='wire' children=1
[handleWireFromClean] called for tag='wire'
[handleWire] saved 1 wire(s) from clean.pts
[walkSchematicOnce] child tag='wire' children=1
[handleWireFromClean] called for tag='wire'
[handleWire] saved 1 wire(s) from clean.pts
[walkSchematicOnce] child tag='bus' children=2
[appendRawPieceFromClean] piece_head='<bus>
  <pts> pts=[(116.840,64.770),(116.840,88.900)]
  <stroke> attrs{sub_type:default sub_width:0 }'...
[BaselineBoard] appendRawPiece len=101 head="bus"
[walkSchematicOnce] child tag='wire' children=1
[handleWireFromClean] called for tag='wire'
[handleWire] saved 1 wire(s) from clean.pts
[walkSchematicOnce] child tag='wire' children=1
[handleWireFromClean] called for tag='wire'
[handleWire] saved 1 wire(s) from clean.pts
[walkSchematicOnce] child tag='wire' children=1
[handleWireFromClean] called for tag='wire'
[handleWire] saved 1 wire(s) from clean.pts
[walkSchematicOnce] child tag='label' children=4
[handleTextFromClean] called for tag='label'
[handleText] failed to convert text to shape
[walkSchematicOnce] child tag='label' children=4
[handleTextFromClean] called for tag='label'
[handleText] failed to convert text to shape
[walkSchematicOnce] child tag='label' children=4
[handleTextFromClean] called for tag='label'
[handleText] failed to convert text to shape
[walkSchematicOnce] child tag='label' children=4
[handleTextFromClean] called for tag='label'
[handleText] failed to convert text to shape
[walkSchematicOnce] child tag='hierarchical_label' children=3
[handleTextFromClean] called for tag='hierarchical_label'
[handleText] failed to convert text to shape
[walkSchematicOnce] child tag='symbol' children=15
[handleSymbolFromClean] lib_id='(none)' tag='symbol' children=15
[walkSchematicOnce] child tag='symbol' children=15
[handleSymbolFromClean] lib_id='(none)' tag='symbol' children=15
[walkSchematicOnce] child tag='symbol' children=15
[handleSymbolFromClean] lib_id='(none)' tag='symbol' children=15
[walkSchematicOnce] child tag='symbol' children=30
[handleSymbolFromClean] lib_id='(none)' tag='symbol' children=30
=== SUMMARY === junctionShapes=6 wireShapes=18 symbols=4 rawPieces=239
=== DUMP wires: count=18 ===
 wire[0] start=(133.35,109.22) end=(133.35,116.84)
 wire[1] start=(146.05,116.84) end=(175.26,116.84)
 wire[2] start=(175.26,116.84) end=(175.26,115.57)
 wire[3] start=(133.35,116.84) end=(146.05,116.84)
 wire[4] start=(119.38,93.98) end=(133.35,93.98)
 wire[5] start=(133.35,106.68) end=(133.35,109.22)
 wire[6] start=(119.38,91.44) end=(133.35,91.44)
 wire[7] start=(119.38,96.52) end=(133.35,96.52)
 wire[8] start=(133.35,104.14) end=(133.35,106.68)
 wire[9] start=(133.35,109.22) end=(133.35,116.84)
 wire[10] start=(146.05,116.84) end=(175.26,116.84)
 wire[11] start=(175.26,116.84) end=(175.26,115.57)
 wire[12] start=(133.35,116.84) end=(146.05,116.84)
 wire[13] start=(119.38,93.98) end=(133.35,93.98)
 wire[14] start=(133.35,106.68) end=(133.35,109.22)
 wire[15] start=(119.38,91.44) end=(133.35,91.44)
 wire[16] start=(119.38,96.52) end=(133.35,96.52)
 wire[17] start=(133.35,104.14) end=(133.35,106.68)
[main] writing KiCad S-expr via b->dumpKiCad(std::cout)
[dumpKiCad] dumping board...
[dumpKiCad] done.
[main] writing KiCad S-expr via b->dumpKiCad(std::cout)
[dumpKiCad] dumping board...
[dumpKiCad] done.
[main] writing KiCad S-expr via b->dumpKiCad(std::cout)
[dumpKiCad] dumping board...
[dumpKiCad] done.
[main] writing KiCad S-expr via b->dumpKiCad(std::cout)
[dumpKiCad] dumping board...
[dumpKiCad] done.
[main] writing KiCad S-expr via b->dumpKiCad(std::cout)
[dumpKiCad] dumping board...
[dumpKiCad] done.
[main] writing KiCad S-expr via b->dumpKiCad(std::cout)
[dumpKiCad] dumping board...
[dumpKiCad] done.
