[DEBUG] Root children: 16
  child 0 (non-list or no head)
  child 1 tag="version"
  child 2 tag="generator"
  child 3 tag="generator_version"
  child 4 tag="uuid"
  child 5 tag="paper"
  child 6 tag="lib_symbols"
  child 7 tag="wire"
  child 8 tag="wire"
  child 9 tag="wire"
  child 10 tag="wire"
  child 11 tag="wire"
  child 12 tag="netclass_flag"
  child 13 tag="netclass_flag"
  child 14 tag="symbol"
  child 15 tag="sheet_instances"
[BaselineBoard] appendRawPiece len=3839
kicad_sch  (children=16)
[UNHANDLED-PCB] tag="kicad_sch"
[BaselineBoard] appendRawPiece len=18
  version  (children=2)
[BaselineBoard] appendRawPiece len=22
  generator  (children=2)
[BaselineBoard] appendRawPiece len=25
  generator_version  (children=2)
[BaselineBoard] appendRawPiece len=45
  uuid  (children=2)
[BaselineBoard] appendRawPiece len=12
  paper  (children=2)
[BaselineBoard] appendRawPiece len=1271
  lib_symbols  (children=2)
[traverseAst] LIB_SYMBOLS depth=1 raw_len=1271
[BaselineBoard] setLibSymbolsRaw len=1271
[BaselineBoard] appendRawPiece len=1271
AstCleaner: handling lib_symbols at 0x7ffc0c32db00
[UNHANDLED] cleanInner:exclude_from_sim addr=0x62552c132ef0 -> (exclude_from_sim no )
  children details (child_index: addr type extra):
    [0] addr=0x62552c1322c0 atom="exclude_from_sim"
    [1] addr=0x62552c132300 atom="no"
[handleLibSymbolsCleanNode] called, children=1
[WARNING] Duplicate lib_symbols differs; keeping first.
[traverseAst] LIB_SYMBOLS -> handleLibSymbolsCleanNode() called; libSymbolsRaw_len=1271
[BaselineBoard] appendRawPiece len=1257
    symbol  (children=16)
[BaselineBoard] appendRawPiece len=146
  wire  (children=4)
[traverseAst] WIRE depth=1 raw_len=146
[BaselineBoard] appendRawPiece len=146
[handleWireFromClean] called for tag='wire'
[handleWire] PUSH (pts.node.pts) 152.399994,105.410004->152.399994,114.300003 ; added=1
[handleWire] saved 1 wire(s) from pts-children (deduped)
[traverseAst] WIRE -> handleWireFromClean() called; board wireCount=1
[BaselineBoard] appendRawPiece len=59
    pts  (children=3)
[BaselineBoard] appendRawPiece len=26
      xy  (children=3)
[BaselineBoard] appendRawPiece len=10
[BaselineBoard] appendRawPiece len=10
[BaselineBoard] appendRawPiece len=26
      xy  (children=3)
[BaselineBoard] appendRawPiece len=10
[BaselineBoard] appendRawPiece len=10
[BaselineBoard] appendRawPiece len=33
    stroke  (children=3)
    [UNHANDLED-PCB] tag="stroke"
[BaselineBoard] appendRawPiece len=9
      width  (children=2)
      [UNHANDLED-PCB] tag="width"
[BaselineBoard] appendRawPiece len=1
[BaselineBoard] appendRawPiece len=14
      type  (children=2)
      [UNHANDLED-PCB] tag="type"
[BaselineBoard] appendRawPiece len=7
[BaselineBoard] appendRawPiece len=45
    uuid  (children=2)
[BaselineBoard] appendRawPiece len=144
  wire  (children=4)
[traverseAst] WIRE depth=1 raw_len=144
[BaselineBoard] appendRawPiece len=144
[handleWireFromClean] called for tag='wire'
[handleWire] PUSH (pts.node.pts) 152.399994,88.900002->152.399994,97.790001 ; added=1
[handleWire] saved 1 wire(s) from pts-children (deduped)
[traverseAst] WIRE -> handleWireFromClean() called; board wireCount=2
[BaselineBoard] appendRawPiece len=57
    pts  (children=3)
[BaselineBoard] appendRawPiece len=25
      xy  (children=3)
[BaselineBoard] appendRawPiece len=10
[BaselineBoard] appendRawPiece len=9
[BaselineBoard] appendRawPiece len=25
      xy  (children=3)
[BaselineBoard] appendRawPiece len=10
[BaselineBoard] appendRawPiece len=9
[BaselineBoard] appendRawPiece len=33
    stroke  (children=3)
    [UNHANDLED-PCB] tag="stroke"
[BaselineBoard] appendRawPiece len=9
      width  (children=2)
      [UNHANDLED-PCB] tag="width"
[BaselineBoard] appendRawPiece len=1
[BaselineBoard] appendRawPiece len=14
      type  (children=2)
      [UNHANDLED-PCB] tag="type"
[BaselineBoard] appendRawPiece len=7
[BaselineBoard] appendRawPiece len=45
    uuid  (children=2)
[BaselineBoard] appendRawPiece len=145
  wire  (children=4)
[traverseAst] WIRE depth=1 raw_len=145
[BaselineBoard] appendRawPiece len=145
[handleWireFromClean] called for tag='wire'
[handleWire] PUSH (pts.node.pts) 139.699997,114.300003->139.699997,88.900002 ; added=1
[handleWire] saved 1 wire(s) from pts-children (deduped)
[traverseAst] WIRE -> handleWireFromClean() called; board wireCount=3
[BaselineBoard] appendRawPiece len=58
    pts  (children=3)
[BaselineBoard] appendRawPiece len=25
      xy  (children=3)
[BaselineBoard] appendRawPiece len=10
[BaselineBoard] appendRawPiece len=9
[BaselineBoard] appendRawPiece len=26
      xy  (children=3)
[BaselineBoard] appendRawPiece len=10
[BaselineBoard] appendRawPiece len=10
[BaselineBoard] appendRawPiece len=33
    stroke  (children=3)
    [UNHANDLED-PCB] tag="stroke"
[BaselineBoard] appendRawPiece len=9
      width  (children=2)
      [UNHANDLED-PCB] tag="width"
[BaselineBoard] appendRawPiece len=1
[BaselineBoard] appendRawPiece len=14
      type  (children=2)
      [UNHANDLED-PCB] tag="type"
[BaselineBoard] appendRawPiece len=7
[BaselineBoard] appendRawPiece len=45
    uuid  (children=2)
[BaselineBoard] appendRawPiece len=144
  wire  (children=4)
[traverseAst] WIRE depth=1 raw_len=144
[BaselineBoard] appendRawPiece len=144
[handleWireFromClean] called for tag='wire'
[handleWire] PUSH (pts.node.pts) 139.699997,88.900002->152.399994,88.900002 ; added=1
[handleWire] saved 1 wire(s) from pts-children (deduped)
[traverseAst] WIRE -> handleWireFromClean() called; board wireCount=4
[BaselineBoard] appendRawPiece len=57
    pts  (children=3)
[BaselineBoard] appendRawPiece len=25
      xy  (children=3)
[BaselineBoard] appendRawPiece len=10
[BaselineBoard] appendRawPiece len=9
[BaselineBoard] appendRawPiece len=25
      xy  (children=3)
[BaselineBoard] appendRawPiece len=10
[BaselineBoard] appendRawPiece len=9
[BaselineBoard] appendRawPiece len=33
    stroke  (children=3)
    [UNHANDLED-PCB] tag="stroke"
[BaselineBoard] appendRawPiece len=9
      width  (children=2)
      [UNHANDLED-PCB] tag="width"
[BaselineBoard] appendRawPiece len=1
[BaselineBoard] appendRawPiece len=14
      type  (children=2)
      [UNHANDLED-PCB] tag="type"
[BaselineBoard] appendRawPiece len=7
[BaselineBoard] appendRawPiece len=45
    uuid  (children=2)
[BaselineBoard] appendRawPiece len=146
  wire  (children=4)
[traverseAst] WIRE depth=1 raw_len=146
[BaselineBoard] appendRawPiece len=146
[handleWireFromClean] called for tag='wire'
[handleWire] PUSH (pts.node.pts) 139.699997,114.300003->152.399994,114.300003 ; added=1
[handleWire] saved 1 wire(s) from pts-children (deduped)
[traverseAst] WIRE -> handleWireFromClean() called; board wireCount=5
[BaselineBoard] appendRawPiece len=59
    pts  (children=3)
[BaselineBoard] appendRawPiece len=26
      xy  (children=3)
[BaselineBoard] appendRawPiece len=10
[BaselineBoard] appendRawPiece len=10
[BaselineBoard] appendRawPiece len=26
      xy  (children=3)
[BaselineBoard] appendRawPiece len=10
[BaselineBoard] appendRawPiece len=10
[BaselineBoard] appendRawPiece len=33
    stroke  (children=3)
    [UNHANDLED-PCB] tag="stroke"
[BaselineBoard] appendRawPiece len=9
      width  (children=2)
      [UNHANDLED-PCB] tag="width"
[BaselineBoard] appendRawPiece len=1
[BaselineBoard] appendRawPiece len=14
      type  (children=2)
      [UNHANDLED-PCB] tag="type"
[BaselineBoard] appendRawPiece len=7
[BaselineBoard] appendRawPiece len=45
    uuid  (children=2)
[BaselineBoard] appendRawPiece len=344
  netclass_flag  (children=9)
[BaselineBoard] appendRawPiece len=344
  netclass_flag  (children=9)
[BaselineBoard] appendRawPiece len=968
  symbol  (children=18)
[BaselineBoard] appendRawPiece len=39
  sheet_instances  (children=2)
  [UNHANDLED-PCB] tag="sheet_instances"
[BaselineBoard] appendRawPiece len=21
    path  (children=3)
    [UNHANDLED-PCB] tag="path"
[BaselineBoard] appendRawPiece len=3
[BaselineBoard] appendRawPiece len=10
      page  (children=2)
[UNHANDLED] cleanInner:generator_version addr=0x62552c132eb0 -> (generator_version "8.0" )
  children details (child_index: addr type extra):
    [0] addr=0x62552c1322c0 atom="generator_version"
    [1] addr=0x62552c132300 atom=""8.0""
AstCleaner: handling lib_symbols at 0x62552c132f70
[UNHANDLED] cleanInner:exclude_from_sim addr=0x62552c13e720 -> (exclude_from_sim no )
  children details (child_index: addr type extra):
    [0] addr=0x62552c139e80 atom="exclude_from_sim"
    [1] addr=0x62552c139ec0 atom="no"
[UNHANDLED] cleanInner:netclass_flag addr=0x62552c1330f0 -> (netclass_flag "" (length) (shape) (at) (fields_autoplaced) (effects) (uuid) (property) )
  children details (child_index: addr type extra):
    [0] addr=0x62552c141090 atom="netclass_flag"
    [1] addr=0x62552c1410d0 atom=""""
    [2] addr=0x62552c141110 list_size=2 head="length"
    [3] addr=0x62552c141150 list_size=2 head="shape"
    [4] addr=0x62552c141190 list_size=4 head="at"
    [5] addr=0x62552c1411d0 list_size=2 head="fields_autoplaced"
    [6] addr=0x62552c141210 list_size=3 head="effects"
    [7] addr=0x62552c141250 list_size=2 head="uuid"
    [8] addr=0x62552c141290 list_size=5 head="property"
[UNHANDLED] cleanInner:shape addr=0x62552c141150 -> (shape round )
  children details (child_index: addr type extra):
    [0] addr=0x62552c141370 atom="shape"
    [1] addr=0x62552c1413b0 atom="round"
[UNHANDLED] cleanInner:fields_autoplaced addr=0x62552c1411d0 -> (fields_autoplaced yes )
  children details (child_index: addr type extra):
    [0] addr=0x62552c141510 atom="fields_autoplaced"
    [1] addr=0x62552c141550 atom="yes"
[UNHANDLED] cleanInner:netclass_flag addr=0x62552c133130 -> (netclass_flag "" (length) (shape) (at) (fields_autoplaced) (effects) (uuid) (property) )
  children details (child_index: addr type extra):
    [0] addr=0x62552c13c140 atom="netclass_flag"
    [1] addr=0x62552c13c180 atom=""""
    [2] addr=0x62552c13c1c0 list_size=2 head="length"
    [3] addr=0x62552c13c200 list_size=2 head="shape"
    [4] addr=0x62552c13c240 list_size=4 head="at"
    [5] addr=0x62552c13c280 list_size=2 head="fields_autoplaced"
    [6] addr=0x62552c13c2c0 list_size=3 head="effects"
    [7] addr=0x62552c13c300 list_size=2 head="uuid"
    [8] addr=0x62552c13c340 list_size=5 head="property"
[UNHANDLED] cleanInner:shape addr=0x62552c13c200 -> (shape round )
  children details (child_index: addr type extra):
    [0] addr=0x62552c13c420 atom="shape"
    [1] addr=0x62552c13c460 atom="round"
[UNHANDLED] cleanInner:fields_autoplaced addr=0x62552c13c280 -> (fields_autoplaced yes )
  children details (child_index: addr type extra):
    [0] addr=0x62552c13c5c0 atom="fields_autoplaced"
    [1] addr=0x62552c13c600 atom="yes"
[appendRawPieceFromClean] piece_head='<kicad_sch>
  <version> attrs{value:20231120 }
  <generator> attrs{value:"eeschema" }
  <generator_version> attrs{value:"8.0" }
  <paper> attrs{value:"A4" }
  <'...
[BaselineBoard] appendRawPiece len=4663 head="kicad_sch"
[walkSchematicOnce] cleanedRoot children=14
[walkSchematicOnce] child tag='version' children=0
[appendRawPieceFromClean] piece_head='<version> attrs{value:20231120 }'...
[BaselineBoard] appendRawPiece len=32 head="version"
[walkSchematicOnce] child tag='generator' children=0
[appendRawPieceFromClean] piece_head='<generator> attrs{value:"eeschema" }'...
[BaselineBoard] appendRawPiece len=36 head="generator"
[walkSchematicOnce] child tag='generator_version' children=0
[appendRawPieceFromClean] piece_head='<generator_version> attrs{value:"8.0" }'...
[BaselineBoard] appendRawPiece len=39 head="generator_version"
[walkSchematicOnce] child tag='paper' children=0
[appendRawPieceFromClean] piece_head='<paper> attrs{value:"A4" }'...
[BaselineBoard] appendRawPiece len=26 head="paper"
[walkSchematicOnce] child tag='lib_symbols' children=1
[handleLibSymbolsCleanNode] called, children=1
[WARNING] Duplicate lib_symbols differs; keeping first.
[walkSchematicOnce] child tag='wire' children=1
[handleWireFromClean] called for tag='wire'
[handleWire] saved 1 wire(s) from clean.pts
[walkSchematicOnce] child tag='wire' children=1
[handleWireFromClean] called for tag='wire'
[handleWire] saved 1 wire(s) from clean.pts
[walkSchematicOnce] child tag='wire' children=1
[handleWireFromClean] called for tag='wire'
[handleWire] saved 1 wire(s) from clean.pts
[walkSchematicOnce] child tag='wire' children=1
[handleWireFromClean] called for tag='wire'
[handleWire] saved 1 wire(s) from clean.pts
[walkSchematicOnce] child tag='wire' children=1
[handleWireFromClean] called for tag='wire'
[handleWire] saved 1 wire(s) from clean.pts
[walkSchematicOnce] child tag='netclass_flag' children=5
[appendRawPieceFromClean] piece_head='<netclass_flag> at=(165.100,88.900,0.000) property{"Netclass"="NetClass2"} attrs{value:"" }
  <length> attrs{value:2.540000 }
  <shape> attrs{value:round }
  <f'...
[BaselineBoard] appendRawPiece len=405 head="netclass_flag"
[walkSchematicOnce] child tag='netclass_flag' children=5
[appendRawPieceFromClean] piece_head='<netclass_flag> at=(149.860,88.900,0.000) property{"Netclass"="NetClass1"} attrs{value:"" }
  <length> attrs{value:2.540000 }
  <shape> attrs{value:round }
  <f'...
[BaselineBoard] appendRawPiece len=405 head="netclass_flag"
[walkSchematicOnce] child tag='symbol' children=16
[handleSymbolFromClean] lib_id='(none)' tag='symbol' children=16
[walkSchematicOnce] child tag='sheet_instances' children=1
[appendRawPieceFromClean] piece_head='<sheet_instances>
  <path> attrs{page:"1" }'...
[BaselineBoard] appendRawPiece len=43 head="sheet_instances"
=== SUMMARY === junctionShapes=0 wireShapes=10 symbols=1 rawPieces=99
=== DUMP wires: count=10 ===
 wire[0] start=(152.40,105.41) end=(152.40,114.30)
 wire[1] start=(152.40,88.90) end=(152.40,97.79)
 wire[2] start=(139.70,88.90) end=(139.70,114.30)
 wire[3] start=(139.70,88.90) end=(152.40,88.90)
 wire[4] start=(139.70,114.30) end=(152.40,114.30)
 wire[5] start=(152.40,105.41) end=(152.40,114.30)
 wire[6] start=(152.40,88.90) end=(152.40,97.79)
 wire[7] start=(139.70,88.90) end=(139.70,114.30)
 wire[8] start=(139.70,88.90) end=(152.40,88.90)
 wire[9] start=(139.70,114.30) end=(152.40,114.30)
[main] writing KiCad S-expr via b->dumpKiCad(std::cout)
[dumpKiCad] dumping board...
[dumpKiCad] done.
[main] writing KiCad S-expr via b->dumpKiCad(std::cout)
[dumpKiCad] dumping board...
[dumpKiCad] done.
[main] writing KiCad S-expr via b->dumpKiCad(std::cout)
[dumpKiCad] dumping board...
[dumpKiCad] done.
[main] writing KiCad S-expr via b->dumpKiCad(std::cout)
[dumpKiCad] dumping board...
[dumpKiCad] done.
[main] writing KiCad S-expr via b->dumpKiCad(std::cout)
[dumpKiCad] dumping board...
[dumpKiCad] done.
[main] writing KiCad S-expr via b->dumpKiCad(std::cout)
[dumpKiCad] dumping board...
[dumpKiCad] done.
