[DEBUG] Root children: 15
  child 0 (non-list or no head)
  child 1 tag="version"
  child 2 tag="generator"
  child 3 tag="uuid"
  child 4 tag="paper"
  child 5 tag="lib_symbols"
  child 6 tag="no_connect"
  child 7 tag="wire"
  child 8 tag="wire"
  child 9 tag="label"
  child 10 tag="label"
  child 11 tag="symbol"
  child 12 tag="symbol"
  child 13 tag="sheet_instances"
  child 14 tag="symbol_instances"
[BaselineBoard] appendRawPiece len=3563
kicad_sch  (children=15)
[UNHANDLED-PCB] tag="kicad_sch"
[BaselineBoard] appendRawPiece len=18
  version  (children=2)
[BaselineBoard] appendRawPiece len=20
  generator  (children=2)
[BaselineBoard] appendRawPiece len=43
  uuid  (children=2)
[BaselineBoard] appendRawPiece len=12
  paper  (children=2)
[BaselineBoard] appendRawPiece len=1125
  lib_symbols  (children=2)
[traverseAst] LIB_SYMBOLS depth=1 raw_len=1125
[BaselineBoard] setLibSymbolsRaw len=1125
[BaselineBoard] appendRawPiece len=1125
AstCleaner: handling lib_symbols at 0x7ffe44ee7520
[handleLibSymbolsCleanNode] called, children=1
[WARNING] Duplicate lib_symbols differs; keeping first.
[traverseAst] LIB_SYMBOLS -> handleLibSymbolsCleanNode() called; libSymbolsRaw_len=1125
[BaselineBoard] appendRawPiece len=1111
    symbol  (children=15)
[BaselineBoard] appendRawPiece len=81
  no_connect  (children=3)
[BaselineBoard] appendRawPiece len=154
  wire  (children=4)
[traverseAst] WIRE depth=1 raw_len=154
[BaselineBoard] appendRawPiece len=154
[handleWireFromClean] called for tag='wire'
[handleWire] PUSH (pts.node.pts) 29.209999,22.860001->29.209999,29.209999 ; added=1
[handleWire] saved 1 wire(s) from pts-children (deduped)
[traverseAst] WIRE -> handleWireFromClean() called; board wireCount=1
[BaselineBoard] appendRawPiece len=55
    pts  (children=3)
[BaselineBoard] appendRawPiece len=24
      xy  (children=3)
[BaselineBoard] appendRawPiece len=9
[BaselineBoard] appendRawPiece len=9
[BaselineBoard] appendRawPiece len=24
      xy  (children=3)
[BaselineBoard] appendRawPiece len=9
[BaselineBoard] appendRawPiece len=9
[BaselineBoard] appendRawPiece len=47
    stroke  (children=4)
    [UNHANDLED-PCB] tag="stroke"
[BaselineBoard] appendRawPiece len=9
      width  (children=2)
      [UNHANDLED-PCB] tag="width"
[BaselineBoard] appendRawPiece len=1
[BaselineBoard] appendRawPiece len=12
      type  (children=2)
      [UNHANDLED-PCB] tag="type"
[BaselineBoard] appendRawPiece len=5
[BaselineBoard] appendRawPiece len=15
      color  (children=5)
      [UNHANDLED-PCB] tag="color"
[BaselineBoard] appendRawPiece len=1
[BaselineBoard] appendRawPiece len=1
[BaselineBoard] appendRawPiece len=1
[BaselineBoard] appendRawPiece len=1
[BaselineBoard] appendRawPiece len=43
    uuid  (children=2)
[BaselineBoard] appendRawPiece len=154
  wire  (children=4)
[traverseAst] WIRE depth=1 raw_len=154
[BaselineBoard] appendRawPiece len=154
[handleWireFromClean] called for tag='wire'
[handleWire] PUSH (pts.node.pts) 44.450001,22.860001->44.450001,27.940001 ; added=1
[handleWire] saved 1 wire(s) from pts-children (deduped)
[traverseAst] WIRE -> handleWireFromClean() called; board wireCount=2
[BaselineBoard] appendRawPiece len=55
    pts  (children=3)
[BaselineBoard] appendRawPiece len=24
      xy  (children=3)
[BaselineBoard] appendRawPiece len=9
[BaselineBoard] appendRawPiece len=9
[BaselineBoard] appendRawPiece len=24
      xy  (children=3)
[BaselineBoard] appendRawPiece len=9
[BaselineBoard] appendRawPiece len=9
[BaselineBoard] appendRawPiece len=47
    stroke  (children=4)
    [UNHANDLED-PCB] tag="stroke"
[BaselineBoard] appendRawPiece len=9
      width  (children=2)
      [UNHANDLED-PCB] tag="width"
[BaselineBoard] appendRawPiece len=1
[BaselineBoard] appendRawPiece len=12
      type  (children=2)
      [UNHANDLED-PCB] tag="type"
[BaselineBoard] appendRawPiece len=5
[BaselineBoard] appendRawPiece len=15
      color  (children=5)
      [UNHANDLED-PCB] tag="color"
[BaselineBoard] appendRawPiece len=1
[BaselineBoard] appendRawPiece len=1
[BaselineBoard] appendRawPiece len=1
[BaselineBoard] appendRawPiece len=1
[BaselineBoard] appendRawPiece len=43
    uuid  (children=2)
[BaselineBoard] appendRawPiece len=150
  label  (children=5)
[BaselineBoard] appendRawPiece len=150
  label  (children=5)
[BaselineBoard] appendRawPiece len=678
  symbol  (children=13)
[BaselineBoard] appendRawPiece len=678
  symbol  (children=13)
[BaselineBoard] appendRawPiece len=39
  sheet_instances  (children=2)
  [UNHANDLED-PCB] tag="sheet_instances"
[BaselineBoard] appendRawPiece len=21
    path  (children=3)
    [UNHANDLED-PCB] tag="path"
[BaselineBoard] appendRawPiece len=3
[BaselineBoard] appendRawPiece len=10
      page  (children=2)
[BaselineBoard] appendRawPiece len=236
  symbol_instances  (children=3)
  [UNHANDLED-PCB] tag="symbol_instances"
[BaselineBoard] appendRawPiece len=108
    path  (children=6)
    [UNHANDLED-PCB] tag="path"
[BaselineBoard] appendRawPiece len=39
[BaselineBoard] appendRawPiece len=17
      reference  (children=2)
      [UNHANDLED-PCB] tag="reference"
[BaselineBoard] appendRawPiece len=5
[BaselineBoard] appendRawPiece len=8
      unit  (children=2)
      [UNHANDLED-PCB] tag="unit"
[BaselineBoard] appendRawPiece len=1
[BaselineBoard] appendRawPiece len=19
      value  (children=2)
      [UNHANDLED-PCB] tag="value"
[BaselineBoard] appendRawPiece len=11
[BaselineBoard] appendRawPiece len=14
      footprint  (children=2)
      [UNHANDLED-PCB] tag="footprint"
[BaselineBoard] appendRawPiece len=2
[BaselineBoard] appendRawPiece len=108
    path  (children=6)
    [UNHANDLED-PCB] tag="path"
[BaselineBoard] appendRawPiece len=39
[BaselineBoard] appendRawPiece len=17
      reference  (children=2)
      [UNHANDLED-PCB] tag="reference"
[BaselineBoard] appendRawPiece len=5
[BaselineBoard] appendRawPiece len=8
      unit  (children=2)
      [UNHANDLED-PCB] tag="unit"
[BaselineBoard] appendRawPiece len=1
[BaselineBoard] appendRawPiece len=19
      value  (children=2)
      [UNHANDLED-PCB] tag="value"
[BaselineBoard] appendRawPiece len=11
[BaselineBoard] appendRawPiece len=14
      footprint  (children=2)
      [UNHANDLED-PCB] tag="footprint"
[BaselineBoard] appendRawPiece len=2
AstCleaner: handling lib_symbols at 0x629ee6892940
[UNHANDLED] cleanInner:no_connect addr=0x629ee6892980 -> (no_connect (at) (uuid) )
  children details (child_index: addr type extra):
    [0] addr=0x629ee689f5f0 atom="no_connect"
    [1] addr=0x629ee689f630 list_size=3 head="at"
    [2] addr=0x629ee689f670 list_size=2 head="uuid"
[UNHANDLED] cleanInner:value addr=0x629ee68a5380 -> (value "TestPoint" )
  children details (child_index: addr type extra):
    [0] addr=0x629ee68a5560 atom="value"
    [1] addr=0x629ee68a55a0 atom=""TestPoint""
[UNHANDLED] cleanInner:value addr=0x629ee68a5780 -> (value "TestPoint" )
  children details (child_index: addr type extra):
    [0] addr=0x629ee68a5960 atom="value"
    [1] addr=0x629ee68a59a0 atom=""TestPoint""
[appendRawPieceFromClean] piece_head='<kicad_sch>
  <version> attrs{value:20210621 }
  <generator> attrs{value:eeschema }
  <paper> attrs{value:"A4" }
  <lib_symbols>
  <symbol> property{"Reference"'...
[BaselineBoard] appendRawPiece len=4610 head="kicad_sch"
[walkSchematicOnce] cleanedRoot children=13
[walkSchematicOnce] child tag='version' children=0
[appendRawPieceFromClean] piece_head='<version> attrs{value:20210621 }'...
[BaselineBoard] appendRawPiece len=32 head="version"
[walkSchematicOnce] child tag='generator' children=0
[appendRawPieceFromClean] piece_head='<generator> attrs{value:eeschema }'...
[BaselineBoard] appendRawPiece len=34 head="generator"
[walkSchematicOnce] child tag='paper' children=0
[appendRawPieceFromClean] piece_head='<paper> attrs{value:"A4" }'...
[BaselineBoard] appendRawPiece len=26 head="paper"
[walkSchematicOnce] child tag='lib_symbols' children=1
[handleLibSymbolsCleanNode] called, children=1
[WARNING] Duplicate lib_symbols differs; keeping first.
[walkSchematicOnce] child tag='no_connect' children=0
[appendRawPieceFromClean] piece_head='<no_connect> at=(29.210,29.210,0.000)'...
[BaselineBoard] appendRawPiece len=37 head="no_connect"
[walkSchematicOnce] child tag='wire' children=1
[handleWireFromClean] called for tag='wire'
[handleWire] saved 1 wire(s) from clean.pts
[walkSchematicOnce] child tag='wire' children=1
[handleWireFromClean] called for tag='wire'
[handleWire] saved 1 wire(s) from clean.pts
[walkSchematicOnce] child tag='label' children=3
[handleTextFromClean] called for tag='label'
[handleText] failed to convert text to shape
[walkSchematicOnce] child tag='label' children=3
[handleTextFromClean] called for tag='label'
[handleText] failed to convert text to shape
[walkSchematicOnce] child tag='symbol' children=11
[handleSymbolFromClean] lib_id='(none)' tag='symbol' children=11
[walkSchematicOnce] child tag='symbol' children=11
[handleSymbolFromClean] lib_id='(none)' tag='symbol' children=11
[walkSchematicOnce] child tag='sheet_instances' children=1
[appendRawPieceFromClean] piece_head='<sheet_instances>
  <path> attrs{page:"1" }'...
[BaselineBoard] appendRawPiece len=43 head="sheet_instances"
[walkSchematicOnce] child tag='symbol_instances' children=2
[appendRawPieceFromClean] piece_head='<symbol_instances>
  <path> attrs{value:"/819e043f-ce2f-49c7-bc14-3fd537e0c7e5" }
  <reference> attrs{value:"TP1" }
  <unit> attrs{value:1 }
  <value> attrs{val'...
[BaselineBoard] appendRawPiece len=362 head="symbol_instances"
=== SUMMARY === junctionShapes=0 wireShapes=4 symbols=2 rawPieces=87
=== DUMP wires: count=4 ===
 wire[0] start=(29.21,22.86) end=(29.21,29.21)
 wire[1] start=(44.45,22.86) end=(44.45,27.94)
 wire[2] start=(29.21,22.86) end=(29.21,29.21)
 wire[3] start=(44.45,22.86) end=(44.45,27.94)
[main] writing KiCad S-expr via b->dumpKiCad(std::cout)
[dumpKiCad] dumping board...
[dumpKiCad] done.
[main] writing KiCad S-expr via b->dumpKiCad(std::cout)
[dumpKiCad] dumping board...
[dumpKiCad] done.
[main] writing KiCad S-expr via b->dumpKiCad(std::cout)
[dumpKiCad] dumping board...
[dumpKiCad] done.
[main] writing KiCad S-expr via b->dumpKiCad(std::cout)
[dumpKiCad] dumping board...
[dumpKiCad] done.
[main] writing KiCad S-expr via b->dumpKiCad(std::cout)
[dumpKiCad] dumping board...
[dumpKiCad] done.
[main] writing KiCad S-expr via b->dumpKiCad(std::cout)
[dumpKiCad] dumping board...
[dumpKiCad] done.
