[DEBUG] Root children: 6
  child 0 (non-list or no head)
  child 1 tag="version"
  child 2 tag="generator"
  child 3 tag="paper"
  child 4 tag="lib_symbols"
  child 5 tag="symbol_instances"
[BaselineBoard] appendRawPiece len=97
kicad_sch  (children=6)
[UNHANDLED-PCB] tag="kicad_sch"
[BaselineBoard] appendRawPiece len=18
  version  (children=2)
[BaselineBoard] appendRawPiece len=20
  generator  (children=2)
[BaselineBoard] appendRawPiece len=12
  paper  (children=2)
[BaselineBoard] appendRawPiece len=13
  lib_symbols  (children=1)
[traverseAst] LIB_SYMBOLS depth=1 raw_len=13
[BaselineBoard] setLibSymbolsRaw len=13
[BaselineBoard] appendRawPiece len=13
AstCleaner: handling lib_symbols at 0x7ffebef91e70
[handleLibSymbolsCleanNode] called, children=0
[WARNING] Duplicate lib_symbols differs; keeping first.
[traverseAst] LIB_SYMBOLS -> handleLibSymbolsCleanNode() called; libSymbolsRaw_len=13
[BaselineBoard] appendRawPiece len=18
  symbol_instances  (children=1)
  [UNHANDLED-PCB] tag="symbol_instances"
AstCleaner: handling lib_symbols at 0x59f9ee5a78e0
[appendRawPieceFromClean] piece_head='<kicad_sch>
  <version> attrs{value:20210126 }
  <generator> attrs{value:eeschema }
  <paper> attrs{value:"A4" }
  <lib_symbols>
  <symbol_instances>'...
[BaselineBoard] appendRawPiece len=149 head="kicad_sch"
[walkSchematicOnce] cleanedRoot children=5
[walkSchematicOnce] child tag='version' children=0
[appendRawPieceFromClean] piece_head='<version> attrs{value:20210126 }'...
[BaselineBoard] appendRawPiece len=32 head="version"
[walkSchematicOnce] child tag='generator' children=0
[appendRawPieceFromClean] piece_head='<generator> attrs{value:eeschema }'...
[BaselineBoard] appendRawPiece len=34 head="generator"
[walkSchematicOnce] child tag='paper' children=0
[appendRawPieceFromClean] piece_head='<paper> attrs{value:"A4" }'...
[BaselineBoard] appendRawPiece len=26 head="paper"
[walkSchematicOnce] child tag='lib_symbols' children=0
[handleLibSymbolsCleanNode] called, children=0
[WARNING] Duplicate lib_symbols differs; keeping first.
[walkSchematicOnce] child tag='symbol_instances' children=0
[appendRawPieceFromClean] piece_head='<symbol_instances>'...
[BaselineBoard] appendRawPiece len=18 head="symbol_instances"
=== SUMMARY === junctionShapes=0 wireShapes=0 symbols=0 rawPieces=12
=== DUMP wires: count=0 ===
[main] writing KiCad S-expr via b->dumpKiCad(std::cout)
[dumpKiCad] dumping board...
[dumpKiCad] done.
[main] writing KiCad S-expr via b->dumpKiCad(std::cout)
[dumpKiCad] dumping board...
[dumpKiCad] done.
[main] writing KiCad S-expr via b->dumpKiCad(std::cout)
[dumpKiCad] dumping board...
[dumpKiCad] done.
[main] writing KiCad S-expr via b->dumpKiCad(std::cout)
[dumpKiCad] dumping board...
[dumpKiCad] done.
[main] writing KiCad S-expr via b->dumpKiCad(std::cout)
[dumpKiCad] dumping board...
[dumpKiCad] done.
[main] writing KiCad S-expr via b->dumpKiCad(std::cout)
[dumpKiCad] dumping board...
[dumpKiCad] done.
