[DEBUG] Root children: 18
  child 0 (non-list or no head)
  child 1 tag="version"
  child 2 tag="generator"
  child 3 tag="uuid"
  child 4 tag="paper"
  child 5 tag="lib_symbols"
  child 6 tag="wire"
  child 7 tag="wire"
  child 8 tag="wire"
  child 9 tag="wire"
  child 10 tag="wire"
  child 11 tag="wire"
  child 12 tag="hierarchical_label"
  child 13 tag="hierarchical_label"
  child 14 tag="symbol"
  child 15 tag="symbol"
  child 16 tag="symbol"
  child 17 tag="symbol"
[BaselineBoard] appendRawPiece len=6179
kicad_sch  (children=18)
[UNHANDLED-PCB] tag="kicad_sch"
[BaselineBoard] appendRawPiece len=18
  version  (children=2)
[BaselineBoard] appendRawPiece len=20
  generator  (children=2)
[BaselineBoard] appendRawPiece len=43
  uuid  (children=2)
[BaselineBoard] appendRawPiece len=12
  paper  (children=2)
[BaselineBoard] appendRawPiece len=2336
  lib_symbols  (children=3)
[traverseAst] LIB_SYMBOLS depth=1 raw_len=2336
[BaselineBoard] setLibSymbolsRaw len=2336
[BaselineBoard] appendRawPiece len=2336
AstCleaner: handling lib_symbols at 0x7ffc83743780
[handleLibSymbolsCleanNode] called, children=2
[WARNING] Duplicate lib_symbols differs; keeping first.
[traverseAst] LIB_SYMBOLS -> handleLibSymbolsCleanNode() called; libSymbolsRaw_len=2336
[BaselineBoard] appendRawPiece len=1242
    symbol  (children=15)
[BaselineBoard] appendRawPiece len=1079
    symbol  (children=14)
[BaselineBoard] appendRawPiece len=149
  wire  (children=4)
[traverseAst] WIRE depth=1 raw_len=149
[BaselineBoard] appendRawPiece len=149
[handleWireFromClean] called for tag='wire'
[handleWire] PUSH (pts.node.pts) 127.000000,88.900002->132.080002,88.900002 ; added=1
[handleWire] saved 1 wire(s) from pts-children (deduped)
[traverseAst] WIRE -> handleWireFromClean() called; board wireCount=1
[BaselineBoard] appendRawPiece len=50
    pts  (children=3)
[BaselineBoard] appendRawPiece len=18
      xy  (children=3)
[BaselineBoard] appendRawPiece len=3
[BaselineBoard] appendRawPiece len=9
[BaselineBoard] appendRawPiece len=25
      xy  (children=3)
[BaselineBoard] appendRawPiece len=10
[BaselineBoard] appendRawPiece len=9
[BaselineBoard] appendRawPiece len=47
    stroke  (children=4)
    [UNHANDLED-PCB] tag="stroke"
[BaselineBoard] appendRawPiece len=9
      width  (children=2)
      [UNHANDLED-PCB] tag="width"
[BaselineBoard] appendRawPiece len=1
[BaselineBoard] appendRawPiece len=12
      type  (children=2)
      [UNHANDLED-PCB] tag="type"
[BaselineBoard] appendRawPiece len=5
[BaselineBoard] appendRawPiece len=15
      color  (children=5)
      [UNHANDLED-PCB] tag="color"
[BaselineBoard] appendRawPiece len=1
[BaselineBoard] appendRawPiece len=1
[BaselineBoard] appendRawPiece len=1
[BaselineBoard] appendRawPiece len=1
[BaselineBoard] appendRawPiece len=43
    uuid  (children=2)
[BaselineBoard] appendRawPiece len=156
  wire  (children=4)
[traverseAst] WIRE depth=1 raw_len=156
[BaselineBoard] appendRawPiece len=156
[handleWireFromClean] called for tag='wire'
[handleWire] PUSH (pts.node.pts) 139.699997,88.900002->143.509995,88.900002 ; added=1
[handleWire] saved 1 wire(s) from pts-children (deduped)
[traverseAst] WIRE -> handleWireFromClean() called; board wireCount=2
[BaselineBoard] appendRawPiece len=57
    pts  (children=3)
[BaselineBoard] appendRawPiece len=25
      xy  (children=3)
[BaselineBoard] appendRawPiece len=10
[BaselineBoard] appendRawPiece len=9
[BaselineBoard] appendRawPiece len=25
      xy  (children=3)
[BaselineBoard] appendRawPiece len=10
[BaselineBoard] appendRawPiece len=9
[BaselineBoard] appendRawPiece len=47
    stroke  (children=4)
    [UNHANDLED-PCB] tag="stroke"
[BaselineBoard] appendRawPiece len=9
      width  (children=2)
      [UNHANDLED-PCB] tag="width"
[BaselineBoard] appendRawPiece len=1
[BaselineBoard] appendRawPiece len=12
      type  (children=2)
      [UNHANDLED-PCB] tag="type"
[BaselineBoard] appendRawPiece len=5
[BaselineBoard] appendRawPiece len=15
      color  (children=5)
      [UNHANDLED-PCB] tag="color"
[BaselineBoard] appendRawPiece len=1
[BaselineBoard] appendRawPiece len=1
[BaselineBoard] appendRawPiece len=1
[BaselineBoard] appendRawPiece len=1
[BaselineBoard] appendRawPiece len=43
    uuid  (children=2)
[BaselineBoard] appendRawPiece len=156
  wire  (children=4)
[traverseAst] WIRE depth=1 raw_len=156
[BaselineBoard] appendRawPiece len=156
[handleWireFromClean] called for tag='wire'
[handleWire] PUSH (pts.node.pts) 143.509995,88.900002->143.509995,92.709999 ; added=1
[handleWire] saved 1 wire(s) from pts-children (deduped)
[traverseAst] WIRE -> handleWireFromClean() called; board wireCount=3
[BaselineBoard] appendRawPiece len=57
    pts  (children=3)
[BaselineBoard] appendRawPiece len=25
      xy  (children=3)
[BaselineBoard] appendRawPiece len=10
[BaselineBoard] appendRawPiece len=9
[BaselineBoard] appendRawPiece len=25
      xy  (children=3)
[BaselineBoard] appendRawPiece len=10
[BaselineBoard] appendRawPiece len=9
[BaselineBoard] appendRawPiece len=47
    stroke  (children=4)
    [UNHANDLED-PCB] tag="stroke"
[BaselineBoard] appendRawPiece len=9
      width  (children=2)
      [UNHANDLED-PCB] tag="width"
[BaselineBoard] appendRawPiece len=1
[BaselineBoard] appendRawPiece len=12
      type  (children=2)
      [UNHANDLED-PCB] tag="type"
[BaselineBoard] appendRawPiece len=5
[BaselineBoard] appendRawPiece len=15
      color  (children=5)
      [UNHANDLED-PCB] tag="color"
[BaselineBoard] appendRawPiece len=1
[BaselineBoard] appendRawPiece len=1
[BaselineBoard] appendRawPiece len=1
[BaselineBoard] appendRawPiece len=1
[BaselineBoard] appendRawPiece len=43
    uuid  (children=2)
[BaselineBoard] appendRawPiece len=156
  wire  (children=4)
[traverseAst] WIRE depth=1 raw_len=156
[BaselineBoard] appendRawPiece len=156
[handleWireFromClean] called for tag='wire'
[handleWire] PUSH (pts.node.pts) 165.100006,88.900002->165.100006,92.709999 ; added=1
[handleWire] saved 1 wire(s) from pts-children (deduped)
[traverseAst] WIRE -> handleWireFromClean() called; board wireCount=4
[BaselineBoard] appendRawPiece len=57
    pts  (children=3)
[BaselineBoard] appendRawPiece len=25
      xy  (children=3)
[BaselineBoard] appendRawPiece len=10
[BaselineBoard] appendRawPiece len=9
[BaselineBoard] appendRawPiece len=25
      xy  (children=3)
[BaselineBoard] appendRawPiece len=10
[BaselineBoard] appendRawPiece len=9
[BaselineBoard] appendRawPiece len=47
    stroke  (children=4)
    [UNHANDLED-PCB] tag="stroke"
[BaselineBoard] appendRawPiece len=9
      width  (children=2)
      [UNHANDLED-PCB] tag="width"
[BaselineBoard] appendRawPiece len=1
[BaselineBoard] appendRawPiece len=12
      type  (children=2)
      [UNHANDLED-PCB] tag="type"
[BaselineBoard] appendRawPiece len=5
[BaselineBoard] appendRawPiece len=15
      color  (children=5)
      [UNHANDLED-PCB] tag="color"
[BaselineBoard] appendRawPiece len=1
[BaselineBoard] appendRawPiece len=1
[BaselineBoard] appendRawPiece len=1
[BaselineBoard] appendRawPiece len=1
[BaselineBoard] appendRawPiece len=43
    uuid  (children=2)
[BaselineBoard] appendRawPiece len=156
  wire  (children=4)
[traverseAst] WIRE depth=1 raw_len=156
[BaselineBoard] appendRawPiece len=156
[handleWireFromClean] called for tag='wire'
[handleWire] PUSH (pts.node.pts) 165.100006,88.900002->168.910004,88.900002 ; added=1
[handleWire] saved 1 wire(s) from pts-children (deduped)
[traverseAst] WIRE -> handleWireFromClean() called; board wireCount=5
[BaselineBoard] appendRawPiece len=57
    pts  (children=3)
[BaselineBoard] appendRawPiece len=25
      xy  (children=3)
[BaselineBoard] appendRawPiece len=10
[BaselineBoard] appendRawPiece len=9
[BaselineBoard] appendRawPiece len=25
      xy  (children=3)
[BaselineBoard] appendRawPiece len=10
[BaselineBoard] appendRawPiece len=9
[BaselineBoard] appendRawPiece len=47
    stroke  (children=4)
    [UNHANDLED-PCB] tag="stroke"
[BaselineBoard] appendRawPiece len=9
      width  (children=2)
      [UNHANDLED-PCB] tag="width"
[BaselineBoard] appendRawPiece len=1
[BaselineBoard] appendRawPiece len=12
      type  (children=2)
      [UNHANDLED-PCB] tag="type"
[BaselineBoard] appendRawPiece len=5
[BaselineBoard] appendRawPiece len=15
      color  (children=5)
      [UNHANDLED-PCB] tag="color"
[BaselineBoard] appendRawPiece len=1
[BaselineBoard] appendRawPiece len=1
[BaselineBoard] appendRawPiece len=1
[BaselineBoard] appendRawPiece len=1
[BaselineBoard] appendRawPiece len=43
    uuid  (children=2)
[BaselineBoard] appendRawPiece len=156
  wire  (children=4)
[traverseAst] WIRE depth=1 raw_len=156
[BaselineBoard] appendRawPiece len=156
[handleWireFromClean] called for tag='wire'
[handleWire] PUSH (pts.node.pts) 176.529999,88.900002->181.610001,88.900002 ; added=1
[handleWire] saved 1 wire(s) from pts-children (deduped)
[traverseAst] WIRE -> handleWireFromClean() called; board wireCount=6
[BaselineBoard] appendRawPiece len=57
    pts  (children=3)
[BaselineBoard] appendRawPiece len=25
      xy  (children=3)
[BaselineBoard] appendRawPiece len=10
[BaselineBoard] appendRawPiece len=9
[BaselineBoard] appendRawPiece len=25
      xy  (children=3)
[BaselineBoard] appendRawPiece len=10
[BaselineBoard] appendRawPiece len=9
[BaselineBoard] appendRawPiece len=47
    stroke  (children=4)
    [UNHANDLED-PCB] tag="stroke"
[BaselineBoard] appendRawPiece len=9
      width  (children=2)
      [UNHANDLED-PCB] tag="width"
[BaselineBoard] appendRawPiece len=1
[BaselineBoard] appendRawPiece len=12
      type  (children=2)
      [UNHANDLED-PCB] tag="type"
[BaselineBoard] appendRawPiece len=5
[BaselineBoard] appendRawPiece len=15
      color  (children=5)
      [UNHANDLED-PCB] tag="color"
[BaselineBoard] appendRawPiece len=1
[BaselineBoard] appendRawPiece len=1
[BaselineBoard] appendRawPiece len=1
[BaselineBoard] appendRawPiece len=1
[BaselineBoard] appendRawPiece len=43
    uuid  (children=2)
[BaselineBoard] appendRawPiece len=174
  hierarchical_label  (children=6)
[BaselineBoard] appendRawPiece len=180
  hierarchical_label  (children=6)
[BaselineBoard] appendRawPiece len=601
  symbol  (children=13)
[BaselineBoard] appendRawPiece len=612
  symbol  (children=14)
[BaselineBoard] appendRawPiece len=607
  symbol  (children=14)
[BaselineBoard] appendRawPiece len=619
  symbol  (children=15)
AstCleaner: handling lib_symbols at 0x577718842900
[UNHANDLED] cleanInner:hierarchical_label addr=0x577718842ac0 -> (hierarchical_label "SUBSUB_INPUT" (shape) (at) (effects) (uuid) )
  children details (child_index: addr type extra):
    [0] addr=0x57771884c210 atom="hierarchical_label"
    [1] addr=0x57771884c250 atom=""SUBSUB_INPUT""
    [2] addr=0x57771884c290 list_size=2 head="shape"
    [3] addr=0x57771884c2d0 list_size=4 head="at"
    [4] addr=0x57771884c310 list_size=3 head="effects"
    [5] addr=0x57771884c350 list_size=2 head="uuid"
[UNHANDLED] cleanInner:shape addr=0x57771884c290 -> (shape input )
  children details (child_index: addr type extra):
    [0] addr=0x57771884c3a0 atom="shape"
    [1] addr=0x57771884c3e0 atom="input"
[UNHANDLED] cleanInner:hierarchical_label addr=0x577718842b00 -> (hierarchical_label "SUBSUB_OUTPUT" (shape) (at) (effects) (uuid) )
  children details (child_index: addr type extra):
    [0] addr=0x57771884c890 atom="hierarchical_label"
    [1] addr=0x57771884c8d0 atom=""SUBSUB_OUTPUT""
    [2] addr=0x57771884c910 list_size=2 head="shape"
    [3] addr=0x57771884c950 list_size=4 head="at"
    [4] addr=0x57771884c990 list_size=3 head="effects"
    [5] addr=0x57771884c9d0 list_size=2 head="uuid"
[UNHANDLED] cleanInner:shape addr=0x57771884c910 -> (shape output )
  children details (child_index: addr type extra):
    [0] addr=0x57771884ca20 atom="shape"
    [1] addr=0x57771884ca60 atom="output"
[appendRawPieceFromClean] piece_head='<kicad_sch>
  <version> attrs{value:20210406 }
  <generator> attrs{value:eeschema }
  <paper> attrs{value:"A4" }
  <lib_symbols>
  <symbol> property{"Reference"'...
[BaselineBoard] appendRawPiece len=7537 head="kicad_sch"
[walkSchematicOnce] cleanedRoot children=16
[walkSchematicOnce] child tag='version' children=0
[appendRawPieceFromClean] piece_head='<version> attrs{value:20210406 }'...
[BaselineBoard] appendRawPiece len=32 head="version"
[walkSchematicOnce] child tag='generator' children=0
[appendRawPieceFromClean] piece_head='<generator> attrs{value:eeschema }'...
[BaselineBoard] appendRawPiece len=34 head="generator"
[walkSchematicOnce] child tag='paper' children=0
[appendRawPieceFromClean] piece_head='<paper> attrs{value:"A4" }'...
[BaselineBoard] appendRawPiece len=26 head="paper"
[walkSchematicOnce] child tag='lib_symbols' children=2
[handleLibSymbolsCleanNode] called, children=2
[WARNING] Duplicate lib_symbols differs; keeping first.
[walkSchematicOnce] child tag='wire' children=1
[handleWireFromClean] called for tag='wire'
[handleWire] saved 1 wire(s) from clean.pts
[walkSchematicOnce] child tag='wire' children=1
[handleWireFromClean] called for tag='wire'
[handleWire] saved 1 wire(s) from clean.pts
[walkSchematicOnce] child tag='wire' children=1
[handleWireFromClean] called for tag='wire'
[handleWire] saved 1 wire(s) from clean.pts
[walkSchematicOnce] child tag='wire' children=1
[handleWireFromClean] called for tag='wire'
[handleWire] saved 1 wire(s) from clean.pts
[walkSchematicOnce] child tag='wire' children=1
[handleWireFromClean] called for tag='wire'
[handleWire] saved 1 wire(s) from clean.pts
[walkSchematicOnce] child tag='wire' children=1
[handleWireFromClean] called for tag='wire'
[handleWire] saved 1 wire(s) from clean.pts
[walkSchematicOnce] child tag='hierarchical_label' children=2
[handleTextFromClean] called for tag='hierarchical_label'
[handleText] failed to convert text to shape
[walkSchematicOnce] child tag='hierarchical_label' children=2
[handleTextFromClean] called for tag='hierarchical_label'
[handleText] failed to convert text to shape
[walkSchematicOnce] child tag='symbol' children=11
[handleSymbolFromClean] lib_id='(none)' tag='symbol' children=11
[walkSchematicOnce] child tag='symbol' children=12
[handleSymbolFromClean] lib_id='(none)' tag='symbol' children=12
[walkSchematicOnce] child tag='symbol' children=12
[handleSymbolFromClean] lib_id='(none)' tag='symbol' children=12
[walkSchematicOnce] child tag='symbol' children=13
[handleSymbolFromClean] lib_id='(none)' tag='symbol' children=13
=== SUMMARY === junctionShapes=0 wireShapes=12 symbols=4 rawPieces=141
=== DUMP wires: count=12 ===
 wire[0] start=(127.00,88.90) end=(132.08,88.90)
 wire[1] start=(139.70,88.90) end=(143.51,88.90)
 wire[2] start=(143.51,88.90) end=(143.51,92.71)
 wire[3] start=(165.10,88.90) end=(165.10,92.71)
 wire[4] start=(168.91,88.90) end=(165.10,88.90)
 wire[5] start=(181.61,88.90) end=(176.53,88.90)
 wire[6] start=(127.00,88.90) end=(132.08,88.90)
 wire[7] start=(139.70,88.90) end=(143.51,88.90)
 wire[8] start=(143.51,88.90) end=(143.51,92.71)
 wire[9] start=(165.10,88.90) end=(165.10,92.71)
 wire[10] start=(168.91,88.90) end=(165.10,88.90)
 wire[11] start=(181.61,88.90) end=(176.53,88.90)
[main] writing KiCad S-expr via b->dumpKiCad(std::cout)
[dumpKiCad] dumping board...
[dumpKiCad] done.
[main] writing KiCad S-expr via b->dumpKiCad(std::cout)
[dumpKiCad] dumping board...
[dumpKiCad] done.
[main] writing KiCad S-expr via b->dumpKiCad(std::cout)
[dumpKiCad] dumping board...
[dumpKiCad] done.
[main] writing KiCad S-expr via b->dumpKiCad(std::cout)
[dumpKiCad] dumping board...
[dumpKiCad] done.
[main] writing KiCad S-expr via b->dumpKiCad(std::cout)
[dumpKiCad] dumping board...
[dumpKiCad] done.
[main] writing KiCad S-expr via b->dumpKiCad(std::cout)
[dumpKiCad] dumping board...
[dumpKiCad] done.
