[DEBUG] Root children: 26
  child 0 (non-list or no head)
  child 1 tag="version"
  child 2 tag="generator"
  child 3 tag="uuid"
  child 4 tag="paper"
  child 5 tag="lib_symbols"
  child 6 tag="wire"
  child 7 tag="polyline"
  child 8 tag="polyline"
  child 9 tag="wire"
  child 10 tag="polyline"
  child 11 tag="polyline"
  child 12 tag="polyline"
  child 13 tag="wire"
  child 14 tag="polyline"
  child 15 tag="polyline"
  child 16 tag="wire"
  child 17 tag="text"
  child 18 tag="hierarchical_label"
  child 19 tag="hierarchical_label"
  child 20 tag="hierarchical_label"
  child 21 tag="hierarchical_label"
  child 22 tag="netclass_flag"
  child 23 tag="netclass_flag"
  child 24 tag="symbol"
  child 25 tag="symbol"
[BaselineBoard] appendRawPiece len=7928
kicad_sch  (children=26)
[UNHANDLED-PCB] tag="kicad_sch"
[BaselineBoard] appendRawPiece len=18
  version  (children=2)
[BaselineBoard] appendRawPiece len=20
  generator  (children=2)
[BaselineBoard] appendRawPiece len=43
  uuid  (children=2)
[BaselineBoard] appendRawPiece len=12
  paper  (children=2)
[BaselineBoard] appendRawPiece len=1222
  lib_symbols  (children=2)
[traverseAst] LIB_SYMBOLS depth=1 raw_len=1222
[BaselineBoard] setLibSymbolsRaw len=1222
[BaselineBoard] appendRawPiece len=1222
AstCleaner: handling lib_symbols at 0x7ffc3821a7f0
[handleLibSymbolsCleanNode] called, children=1
[WARNING] Duplicate lib_symbols differs; keeping first.
[traverseAst] LIB_SYMBOLS -> handleLibSymbolsCleanNode() called; libSymbolsRaw_len=1222
[BaselineBoard] appendRawPiece len=1208
    symbol  (children=15)
[BaselineBoard] appendRawPiece len=143
  wire  (children=4)
[traverseAst] WIRE depth=1 raw_len=143
[BaselineBoard] appendRawPiece len=143
[handleWireFromClean] called for tag='wire'
[handleWire] PUSH (pts.node.pts) 105.410004,109.220001->76.199997,109.220001 ; added=1
[handleWire] saved 1 wire(s) from pts-children (deduped)
[traverseAst] WIRE -> handleWireFromClean() called; board wireCount=1
[BaselineBoard] appendRawPiece len=58
    pts  (children=3)
[BaselineBoard] appendRawPiece len=25
      xy  (children=3)
[BaselineBoard] appendRawPiece len=9
[BaselineBoard] appendRawPiece len=10
[BaselineBoard] appendRawPiece len=26
      xy  (children=3)
[BaselineBoard] appendRawPiece len=10
[BaselineBoard] appendRawPiece len=10
[BaselineBoard] appendRawPiece len=33
    stroke  (children=3)
    [UNHANDLED-PCB] tag="stroke"
[BaselineBoard] appendRawPiece len=9
      width  (children=2)
      [UNHANDLED-PCB] tag="width"
[BaselineBoard] appendRawPiece len=1
[BaselineBoard] appendRawPiece len=14
      type  (children=2)
      [UNHANDLED-PCB] tag="type"
[BaselineBoard] appendRawPiece len=7
[BaselineBoard] appendRawPiece len=43
    uuid  (children=2)
[BaselineBoard] appendRawPiece len=154
  polyline  (children=4)
[BaselineBoard] appendRawPiece len=154
  polyline  (children=4)
[BaselineBoard] appendRawPiece len=141
  wire  (children=4)
[traverseAst] WIRE depth=1 raw_len=141
[BaselineBoard] appendRawPiece len=141
[handleWireFromClean] called for tag='wire'
[handleWire] PUSH (pts.node.pts) 107.949997,76.199997->78.739998,76.199997 ; added=1
[handleWire] saved 1 wire(s) from pts-children (deduped)
[traverseAst] WIRE -> handleWireFromClean() called; board wireCount=2
[BaselineBoard] appendRawPiece len=56
    pts  (children=3)
[BaselineBoard] appendRawPiece len=24
      xy  (children=3)
[BaselineBoard] appendRawPiece len=9
[BaselineBoard] appendRawPiece len=9
[BaselineBoard] appendRawPiece len=25
      xy  (children=3)
[BaselineBoard] appendRawPiece len=10
[BaselineBoard] appendRawPiece len=9
[BaselineBoard] appendRawPiece len=33
    stroke  (children=3)
    [UNHANDLED-PCB] tag="stroke"
[BaselineBoard] appendRawPiece len=9
      width  (children=2)
      [UNHANDLED-PCB] tag="width"
[BaselineBoard] appendRawPiece len=1
[BaselineBoard] appendRawPiece len=14
      type  (children=2)
      [UNHANDLED-PCB] tag="type"
[BaselineBoard] appendRawPiece len=7
[BaselineBoard] appendRawPiece len=43
    uuid  (children=2)
[BaselineBoard] appendRawPiece len=153
  polyline  (children=4)
[BaselineBoard] appendRawPiece len=153
  polyline  (children=4)
[BaselineBoard] appendRawPiece len=153
  polyline  (children=4)
[BaselineBoard] appendRawPiece len=142
  wire  (children=4)
[traverseAst] WIRE depth=1 raw_len=142
[BaselineBoard] appendRawPiece len=142
[handleWireFromClean] called for tag='wire'
[handleWire] PUSH (pts.node.pts) 115.570000,76.199997->157.479996,76.199997 ; added=1
[handleWire] saved 1 wire(s) from pts-children (deduped)
[traverseAst] WIRE -> handleWireFromClean() called; board wireCount=3
[BaselineBoard] appendRawPiece len=57
    pts  (children=3)
[BaselineBoard] appendRawPiece len=25
      xy  (children=3)
[BaselineBoard] appendRawPiece len=10
[BaselineBoard] appendRawPiece len=9
[BaselineBoard] appendRawPiece len=25
      xy  (children=3)
[BaselineBoard] appendRawPiece len=10
[BaselineBoard] appendRawPiece len=9
[BaselineBoard] appendRawPiece len=33
    stroke  (children=3)
    [UNHANDLED-PCB] tag="stroke"
[BaselineBoard] appendRawPiece len=9
      width  (children=2)
      [UNHANDLED-PCB] tag="width"
[BaselineBoard] appendRawPiece len=1
[BaselineBoard] appendRawPiece len=14
      type  (children=2)
      [UNHANDLED-PCB] tag="type"
[BaselineBoard] appendRawPiece len=7
[BaselineBoard] appendRawPiece len=43
    uuid  (children=2)
[BaselineBoard] appendRawPiece len=154
  polyline  (children=4)
[BaselineBoard] appendRawPiece len=153
  polyline  (children=4)
[BaselineBoard] appendRawPiece len=144
  wire  (children=4)
[traverseAst] WIRE depth=1 raw_len=144
[BaselineBoard] appendRawPiece len=144
[handleWireFromClean] called for tag='wire'
[handleWire] PUSH (pts.node.pts) 113.029999,109.220001->154.940002,109.220001 ; added=1
[handleWire] saved 1 wire(s) from pts-children (deduped)
[traverseAst] WIRE -> handleWireFromClean() called; board wireCount=4
[BaselineBoard] appendRawPiece len=59
    pts  (children=3)
[BaselineBoard] appendRawPiece len=26
      xy  (children=3)
[BaselineBoard] appendRawPiece len=10
[BaselineBoard] appendRawPiece len=10
[BaselineBoard] appendRawPiece len=26
      xy  (children=3)
[BaselineBoard] appendRawPiece len=10
[BaselineBoard] appendRawPiece len=10
[BaselineBoard] appendRawPiece len=33
    stroke  (children=3)
    [UNHANDLED-PCB] tag="stroke"
[BaselineBoard] appendRawPiece len=9
      width  (children=2)
      [UNHANDLED-PCB] tag="width"
[BaselineBoard] appendRawPiece len=1
[BaselineBoard] appendRawPiece len=14
      type  (children=2)
      [UNHANDLED-PCB] tag="type"
[BaselineBoard] appendRawPiece len=7
[BaselineBoard] appendRawPiece len=43
    uuid  (children=2)
[BaselineBoard] appendRawPiece len=255
  text  (children=5)
[BaselineBoard] appendRawPiece len=189
  hierarchical_label  (children=7)
[BaselineBoard] appendRawPiece len=188
  hierarchical_label  (children=7)
[BaselineBoard] appendRawPiece len=190
  hierarchical_label  (children=7)
[BaselineBoard] appendRawPiece len=187
  hierarchical_label  (children=7)
[BaselineBoard] appendRawPiece len=322
  netclass_flag  (children=9)
[BaselineBoard] appendRawPiece len=331
  netclass_flag  (children=9)
[BaselineBoard] appendRawPiece len=1640
  symbol  (children=24)
[BaselineBoard] appendRawPiece len=1631
  symbol  (children=24)
AstCleaner: handling lib_symbols at 0x55d64ad3fc90
[UNHANDLED] cleanInner:hierarchical_label addr=0x55d64ad3ffd0 -> (hierarchical_label "A" (shape) (at) (fields_autoplaced) (effects) (uuid) )
  children details (child_index: addr type extra):
    [0] addr=0x55d64ad49a00 atom="hierarchical_label"
    [1] addr=0x55d64ad49a40 atom=""A""
    [2] addr=0x55d64ad49a80 list_size=2 head="shape"
    [3] addr=0x55d64ad49ac0 list_size=4 head="at"
    [4] addr=0x55d64ad49b00 list_size=1 head="fields_autoplaced"
    [5] addr=0x55d64ad49b40 list_size=3 head="effects"
    [6] addr=0x55d64ad49b80 list_size=2 head="uuid"
[UNHANDLED] cleanInner:shape addr=0x55d64ad49a80 -> (shape input )
  children details (child_index: addr type extra):
    [0] addr=0x55d64ad49bd0 atom="shape"
    [1] addr=0x55d64ad49c10 atom="input"
[UNHANDLED] cleanInner:fields_autoplaced addr=0x55d64ad49b00 -> (fields_autoplaced )
  children details (child_index: addr type extra):
    [0] addr=0x55d64ad3b0d0 atom="fields_autoplaced"
[UNHANDLED] cleanInner:hierarchical_label addr=0x55d64ad40010 -> (hierarchical_label "D" (shape) (at) (fields_autoplaced) (effects) (uuid) )
  children details (child_index: addr type extra):
    [0] addr=0x55d64ad4a0c0 atom="hierarchical_label"
    [1] addr=0x55d64ad4a100 atom=""D""
    [2] addr=0x55d64ad4a140 list_size=2 head="shape"
    [3] addr=0x55d64ad4a180 list_size=4 head="at"
    [4] addr=0x55d64ad4a1c0 list_size=1 head="fields_autoplaced"
    [5] addr=0x55d64ad4a200 list_size=3 head="effects"
    [6] addr=0x55d64ad4a240 list_size=2 head="uuid"
[UNHANDLED] cleanInner:shape addr=0x55d64ad4a140 -> (shape input )
  children details (child_index: addr type extra):
    [0] addr=0x55d64ad4a290 atom="shape"
    [1] addr=0x55d64ad4a2d0 atom="input"
[UNHANDLED] cleanInner:fields_autoplaced addr=0x55d64ad4a1c0 -> (fields_autoplaced )
  children details (child_index: addr type extra):
    [0] addr=0x55d64ad3af40 atom="fields_autoplaced"
[UNHANDLED] cleanInner:hierarchical_label addr=0x55d64ad40050 -> (hierarchical_label "C" (shape) (at) (fields_autoplaced) (effects) (uuid) )
  children details (child_index: addr type extra):
    [0] addr=0x55d64ad4a780 atom="hierarchical_label"
    [1] addr=0x55d64ad4a7c0 atom=""C""
    [2] addr=0x55d64ad4a800 list_size=2 head="shape"
    [3] addr=0x55d64ad4a840 list_size=4 head="at"
    [4] addr=0x55d64ad4a880 list_size=1 head="fields_autoplaced"
    [5] addr=0x55d64ad4a8c0 list_size=3 head="effects"
    [6] addr=0x55d64ad4a900 list_size=2 head="uuid"
[UNHANDLED] cleanInner:shape addr=0x55d64ad4a800 -> (shape input )
  children details (child_index: addr type extra):
    [0] addr=0x55d64ad4a950 atom="shape"
    [1] addr=0x55d64ad4a990 atom="input"
[UNHANDLED] cleanInner:fields_autoplaced addr=0x55d64ad4a880 -> (fields_autoplaced )
  children details (child_index: addr type extra):
    [0] addr=0x55d64ad3adb0 atom="fields_autoplaced"
[UNHANDLED] cleanInner:hierarchical_label addr=0x55d64ad40090 -> (hierarchical_label "B" (shape) (at) (fields_autoplaced) (effects) (uuid) )
  children details (child_index: addr type extra):
    [0] addr=0x55d64ad4ae40 atom="hierarchical_label"
    [1] addr=0x55d64ad4ae80 atom=""B""
    [2] addr=0x55d64ad4aec0 list_size=2 head="shape"
    [3] addr=0x55d64ad4af00 list_size=4 head="at"
    [4] addr=0x55d64ad4af40 list_size=1 head="fields_autoplaced"
    [5] addr=0x55d64ad4af80 list_size=3 head="effects"
    [6] addr=0x55d64ad4afc0 list_size=2 head="uuid"
[UNHANDLED] cleanInner:shape addr=0x55d64ad4aec0 -> (shape input )
  children details (child_index: addr type extra):
    [0] addr=0x55d64ad4b010 atom="shape"
    [1] addr=0x55d64ad4b050 atom="input"
[UNHANDLED] cleanInner:fields_autoplaced addr=0x55d64ad4af40 -> (fields_autoplaced )
  children details (child_index: addr type extra):
    [0] addr=0x55d64ad41ab0 atom="fields_autoplaced"
[UNHANDLED] cleanInner:netclass_flag addr=0x55d64ad400d0 -> (netclass_flag "" (length) (shape) (at) (fields_autoplaced) (effects) (uuid) (property) )
  children details (child_index: addr type extra):
    [0] addr=0x55d64ad4b500 atom="netclass_flag"
    [1] addr=0x55d64ad4b540 atom=""""
    [2] addr=0x55d64ad4b580 list_size=2 head="length"
    [3] addr=0x55d64ad4b5c0 list_size=2 head="shape"
    [4] addr=0x55d64ad4b600 list_size=4 head="at"
    [5] addr=0x55d64ad4b640 list_size=1 head="fields_autoplaced"
    [6] addr=0x55d64ad4b680 list_size=3 head="effects"
    [7] addr=0x55d64ad4b6c0 list_size=2 head="uuid"
    [8] addr=0x55d64ad4b700 list_size=5 head="property"
[UNHANDLED] cleanInner:shape addr=0x55d64ad4b5c0 -> (shape round )
  children details (child_index: addr type extra):
    [0] addr=0x55d64ad4b7e0 atom="shape"
    [1] addr=0x55d64ad4b820 atom="round"
[UNHANDLED] cleanInner:fields_autoplaced addr=0x55d64ad4b640 -> (fields_autoplaced )
  children details (child_index: addr type extra):
    [0] addr=0x55d64ad386c0 atom="fields_autoplaced"
[UNHANDLED] cleanInner:netclass_flag addr=0x55d64ad40110 -> (netclass_flag "" (length) (shape) (at) (fields_autoplaced) (effects) (uuid) (property) )
  children details (child_index: addr type extra):
    [0] addr=0x55d64ad4c270 atom="netclass_flag"
    [1] addr=0x55d64ad4c2b0 atom=""""
    [2] addr=0x55d64ad4c2f0 list_size=2 head="length"
    [3] addr=0x55d64ad4c330 list_size=2 head="shape"
    [4] addr=0x55d64ad4c370 list_size=4 head="at"
    [5] addr=0x55d64ad4c3b0 list_size=1 head="fields_autoplaced"
    [6] addr=0x55d64ad4c3f0 list_size=3 head="effects"
    [7] addr=0x55d64ad4c430 list_size=2 head="uuid"
    [8] addr=0x55d64ad4c470 list_size=5 head="property"
[UNHANDLED] cleanInner:shape addr=0x55d64ad4c330 -> (shape round )
  children details (child_index: addr type extra):
    [0] addr=0x55d64ad4c550 atom="shape"
    [1] addr=0x55d64ad4c590 atom="round"
[UNHANDLED] cleanInner:fields_autoplaced addr=0x55d64ad4c3b0 -> (fields_autoplaced )
  children details (child_index: addr type extra):
    [0] addr=0x55d64ad3b120 atom="fields_autoplaced"
[appendRawPieceFromClean] piece_head='<kicad_sch>
  <version> attrs{value:20230121 }
  <generator> attrs{value:eeschema }
  <paper> attrs{value:"A4" }
  <lib_symbols>
  <symbol> property{"Reference"'...
[BaselineBoard] appendRawPiece len=8651 head="kicad_sch"
[walkSchematicOnce] cleanedRoot children=24
[walkSchematicOnce] child tag='version' children=0
[appendRawPieceFromClean] piece_head='<version> attrs{value:20230121 }'...
[BaselineBoard] appendRawPiece len=32 head="version"
[walkSchematicOnce] child tag='generator' children=0
[appendRawPieceFromClean] piece_head='<generator> attrs{value:eeschema }'...
[BaselineBoard] appendRawPiece len=34 head="generator"
[walkSchematicOnce] child tag='paper' children=0
[appendRawPieceFromClean] piece_head='<paper> attrs{value:"A4" }'...
[BaselineBoard] appendRawPiece len=26 head="paper"
[walkSchematicOnce] child tag='lib_symbols' children=1
[handleLibSymbolsCleanNode] called, children=1
[WARNING] Duplicate lib_symbols differs; keeping first.
[walkSchematicOnce] child tag='wire' children=1
[handleWireFromClean] called for tag='wire'
[handleWire] saved 1 wire(s) from clean.pts
[walkSchematicOnce] child tag='polyline' children=0
[appendRawPieceFromClean] piece_head='<polyline> attrs{stroke:(stroke <list> <list>) }'...
[BaselineBoard] appendRawPiece len=48 head="polyline"
[walkSchematicOnce] child tag='polyline' children=0
[appendRawPieceFromClean] piece_head='<polyline> attrs{stroke:(stroke <list> <list>) }'...
[BaselineBoard] appendRawPiece len=48 head="polyline"
[walkSchematicOnce] child tag='wire' children=1
[handleWireFromClean] called for tag='wire'
[handleWire] saved 1 wire(s) from clean.pts
[walkSchematicOnce] child tag='polyline' children=0
[appendRawPieceFromClean] piece_head='<polyline> attrs{stroke:(stroke <list> <list>) }'...
[BaselineBoard] appendRawPiece len=48 head="polyline"
[walkSchematicOnce] child tag='polyline' children=0
[appendRawPieceFromClean] piece_head='<polyline> attrs{stroke:(stroke <list> <list>) }'...
[BaselineBoard] appendRawPiece len=48 head="polyline"
[walkSchematicOnce] child tag='polyline' children=0
[appendRawPieceFromClean] piece_head='<polyline> attrs{stroke:(stroke <list> <list>) }'...
[BaselineBoard] appendRawPiece len=48 head="polyline"
[walkSchematicOnce] child tag='wire' children=1
[handleWireFromClean] called for tag='wire'
[handleWire] saved 1 wire(s) from clean.pts
[walkSchematicOnce] child tag='polyline' children=0
[appendRawPieceFromClean] piece_head='<polyline> attrs{stroke:(stroke <list> <list>) }'...
[BaselineBoard] appendRawPiece len=48 head="polyline"
[walkSchematicOnce] child tag='polyline' children=0
[appendRawPieceFromClean] piece_head='<polyline> attrs{stroke:(stroke <list> <list>) }'...
[BaselineBoard] appendRawPiece len=48 head="polyline"
[walkSchematicOnce] child tag='wire' children=1
[handleWireFromClean] called for tag='wire'
[handleWire] saved 1 wire(s) from clean.pts
[walkSchematicOnce] child tag='text' children=3
[handleTextFromClean] called for tag='text'
[handleText] failed to convert text to shape
[walkSchematicOnce] child tag='hierarchical_label' children=3
[handleTextFromClean] called for tag='hierarchical_label'
[handleText] failed to convert text to shape
[walkSchematicOnce] child tag='hierarchical_label' children=3
[handleTextFromClean] called for tag='hierarchical_label'
[handleText] failed to convert text to shape
[walkSchematicOnce] child tag='hierarchical_label' children=3
[handleTextFromClean] called for tag='hierarchical_label'
[handleText] failed to convert text to shape
[walkSchematicOnce] child tag='hierarchical_label' children=3
[handleTextFromClean] called for tag='hierarchical_label'
[handleText] failed to convert text to shape
[walkSchematicOnce] child tag='netclass_flag' children=5
[appendRawPieceFromClean] piece_head='<netclass_flag> at=(127.000,76.200,0.000) property{"Netclass"="net_02"} attrs{value:"" }
  <length> attrs{value:2.540000 }
  <shape> attrs{value:round }
  <fiel'...
[BaselineBoard] appendRawPiece len=381 head="netclass_flag"
[walkSchematicOnce] child tag='netclass_flag' children=5
[appendRawPieceFromClean] piece_head='<netclass_flag> at=(124.460,109.220,0.000) property{"Netclass"="net_02"} attrs{value:"" }
  <length> attrs{value:2.540000 }
  <shape> attrs{value:round }
  <fie'...
[BaselineBoard] appendRawPiece len=383 head="netclass_flag"
[walkSchematicOnce] child tag='symbol' children=22
[handleSymbolFromClean] lib_id='(none)' tag='symbol' children=22
[walkSchematicOnce] child tag='symbol' children=22
[handleSymbolFromClean] lib_id='(none)' tag='symbol' children=22
=== SUMMARY === junctionShapes=0 wireShapes=8 symbols=2 rawPieces=102
=== DUMP wires: count=8 ===
 wire[0] start=(76.20,109.22) end=(105.41,109.22)
 wire[1] start=(78.74,76.20) end=(107.95,76.20)
 wire[2] start=(115.57,76.20) end=(157.48,76.20)
 wire[3] start=(113.03,109.22) end=(154.94,109.22)
 wire[4] start=(76.20,109.22) end=(105.41,109.22)
 wire[5] start=(78.74,76.20) end=(107.95,76.20)
 wire[6] start=(115.57,76.20) end=(157.48,76.20)
 wire[7] start=(113.03,109.22) end=(154.94,109.22)
[main] writing KiCad S-expr via b->dumpKiCad(std::cout)
[dumpKiCad] dumping board...
[dumpKiCad] done.
[main] writing KiCad S-expr via b->dumpKiCad(std::cout)
[dumpKiCad] dumping board...
[dumpKiCad] done.
[main] writing KiCad S-expr via b->dumpKiCad(std::cout)
[dumpKiCad] dumping board...
[dumpKiCad] done.
[main] writing KiCad S-expr via b->dumpKiCad(std::cout)
[dumpKiCad] dumping board...
[dumpKiCad] done.
[main] writing KiCad S-expr via b->dumpKiCad(std::cout)
[dumpKiCad] dumping board...
[dumpKiCad] done.
[main] writing KiCad S-expr via b->dumpKiCad(std::cout)
[dumpKiCad] dumping board...
[dumpKiCad] done.
