[DEBUG] Root children: 26
  child 0 (non-list or no head)
  child 1 tag="version"
  child 2 tag="generator"
  child 3 tag="generator_version"
  child 4 tag="uuid"
  child 5 tag="paper"
  child 6 tag="lib_symbols"
  child 7 tag="wire"
  child 8 tag="wire"
  child 9 tag="wire"
  child 10 tag="wire"
  child 11 tag="wire"
  child 12 tag="wire"
  child 13 tag="text"
  child 14 tag="text"
  child 15 tag="label"
  child 16 tag="label"
  child 17 tag="label"
  child 18 tag="symbol"
  child 19 tag="symbol"
  child 20 tag="symbol"
  child 21 tag="symbol"
  child 22 tag="symbol"
  child 23 tag="symbol"
  child 24 tag="symbol"
  child 25 tag="sheet_instances"
[BaselineBoard] appendRawPiece len=17340
kicad_sch  (children=26)
[UNHANDLED-PCB] tag="kicad_sch"
[BaselineBoard] appendRawPiece len=18
  version  (children=2)
[BaselineBoard] appendRawPiece len=22
  generator  (children=2)
[BaselineBoard] appendRawPiece len=25
  generator_version  (children=2)
[BaselineBoard] appendRawPiece len=45
  uuid  (children=2)
[BaselineBoard] appendRawPiece len=12
  paper  (children=2)
[BaselineBoard] appendRawPiece len=6975
  lib_symbols  (children=5)
[traverseAst] LIB_SYMBOLS depth=1 raw_len=6975
[BaselineBoard] setLibSymbolsRaw len=6975
[BaselineBoard] appendRawPiece len=6975
AstCleaner: handling lib_symbols at 0x7ffdf5993040
[UNHANDLED] cleanInner:exclude_from_sim addr=0x6429dc9ceb30 -> (exclude_from_sim no )
  children details (child_index: addr type extra):
    [0] addr=0x6429dc9cef90 atom="exclude_from_sim"
    [1] addr=0x6429dc9cefd0 atom="no"
[UNHANDLED] cleanInner:exclude_from_sim addr=0x6429dc9dbee0 -> (exclude_from_sim no )
  children details (child_index: addr type extra):
    [0] addr=0x6429dc9dc460 atom="exclude_from_sim"
    [1] addr=0x6429dc9dc4a0 atom="no"
[UNHANDLED] cleanInner:mid addr=0x6429dc9df710 -> (mid -0.635000 0.632300 )
  children details (child_index: addr type extra):
    [0] addr=0x6429dc9df8f0 atom="mid"
    [1] addr=0x6429dc9df930 atom="-0.635000"
    [2] addr=0x6429dc9df970 atom="0.632300"
[UNHANDLED] cleanInner:mid addr=0x6429dc9dfe20 -> (mid 0.635000 -0.632300 )
  children details (child_index: addr type extra):
    [0] addr=0x6429dc9e0000 atom="mid"
    [1] addr=0x6429dc9e0040 atom="0.635000"
    [2] addr=0x6429dc9e0080 atom="-0.632300"
[UNHANDLED] cleanInner:exclude_from_sim addr=0x6429dc9e2710 -> (exclude_from_sim no )
  children details (child_index: addr type extra):
    [0] addr=0x6429dc9e2cb0 atom="exclude_from_sim"
    [1] addr=0x6429dc9e2cf0 atom="no"
[UNHANDLED] cleanInner:exclude_from_sim addr=0x6429dc9c55d0 -> (exclude_from_sim no )
  children details (child_index: addr type extra):
    [0] addr=0x6429dc9ea030 atom="exclude_from_sim"
    [1] addr=0x6429dc9ea070 atom="no"
[handleLibSymbolsCleanNode] called, children=4
[WARNING] Duplicate lib_symbols differs; keeping first.
[traverseAst] LIB_SYMBOLS -> handleLibSymbolsCleanNode() called; libSymbolsRaw_len=6975
[BaselineBoard] appendRawPiece len=1593
    symbol  (children=19)
[BaselineBoard] appendRawPiece len=1955
    symbol  (children=19)
[BaselineBoard] appendRawPiece len=2309
    symbol  (children=20)
[BaselineBoard] appendRawPiece len=1101
    symbol  (children=15)
[BaselineBoard] appendRawPiece len=144
  wire  (children=4)
[traverseAst] WIRE depth=1 raw_len=144
[BaselineBoard] appendRawPiece len=144
[handleWireFromClean] called for tag='wire'
[handleWire] PUSH (pts.node.pts) 162.559998,81.279999->162.559998,87.629997 ; added=1
[handleWire] saved 1 wire(s) from pts-children (deduped)
[traverseAst] WIRE -> handleWireFromClean() called; board wireCount=1
[BaselineBoard] appendRawPiece len=57
    pts  (children=3)
[BaselineBoard] appendRawPiece len=25
      xy  (children=3)
[BaselineBoard] appendRawPiece len=10
[BaselineBoard] appendRawPiece len=9
[BaselineBoard] appendRawPiece len=25
      xy  (children=3)
[BaselineBoard] appendRawPiece len=10
[BaselineBoard] appendRawPiece len=9
[BaselineBoard] appendRawPiece len=33
    stroke  (children=3)
    [UNHANDLED-PCB] tag="stroke"
[BaselineBoard] appendRawPiece len=9
      width  (children=2)
      [UNHANDLED-PCB] tag="width"
[BaselineBoard] appendRawPiece len=1
[BaselineBoard] appendRawPiece len=14
      type  (children=2)
      [UNHANDLED-PCB] tag="type"
[BaselineBoard] appendRawPiece len=7
[BaselineBoard] appendRawPiece len=45
    uuid  (children=2)
[BaselineBoard] appendRawPiece len=144
  wire  (children=4)
[traverseAst] WIRE depth=1 raw_len=144
[BaselineBoard] appendRawPiece len=144
[handleWireFromClean] called for tag='wire'
[handleWire] PUSH (pts.node.pts) 142.240005,76.199997->168.910004,76.199997 ; added=1
[handleWire] saved 1 wire(s) from pts-children (deduped)
[traverseAst] WIRE -> handleWireFromClean() called; board wireCount=2
[BaselineBoard] appendRawPiece len=57
    pts  (children=3)
[BaselineBoard] appendRawPiece len=25
      xy  (children=3)
[BaselineBoard] appendRawPiece len=10
[BaselineBoard] appendRawPiece len=9
[BaselineBoard] appendRawPiece len=25
      xy  (children=3)
[BaselineBoard] appendRawPiece len=10
[BaselineBoard] appendRawPiece len=9
[BaselineBoard] appendRawPiece len=33
    stroke  (children=3)
    [UNHANDLED-PCB] tag="stroke"
[BaselineBoard] appendRawPiece len=9
      width  (children=2)
      [UNHANDLED-PCB] tag="width"
[BaselineBoard] appendRawPiece len=1
[BaselineBoard] appendRawPiece len=14
      type  (children=2)
      [UNHANDLED-PCB] tag="type"
[BaselineBoard] appendRawPiece len=7
[BaselineBoard] appendRawPiece len=45
    uuid  (children=2)
[BaselineBoard] appendRawPiece len=144
  wire  (children=4)
[traverseAst] WIRE depth=1 raw_len=144
[BaselineBoard] appendRawPiece len=144
[handleWireFromClean] called for tag='wire'
[handleWire] PUSH (pts.node.pts) 162.559998,81.279999->168.910004,81.279999 ; added=1
[handleWire] saved 1 wire(s) from pts-children (deduped)
[traverseAst] WIRE -> handleWireFromClean() called; board wireCount=3
[BaselineBoard] appendRawPiece len=57
    pts  (children=3)
[BaselineBoard] appendRawPiece len=25
      xy  (children=3)
[BaselineBoard] appendRawPiece len=10
[BaselineBoard] appendRawPiece len=9
[BaselineBoard] appendRawPiece len=25
      xy  (children=3)
[BaselineBoard] appendRawPiece len=10
[BaselineBoard] appendRawPiece len=9
[BaselineBoard] appendRawPiece len=33
    stroke  (children=3)
    [UNHANDLED-PCB] tag="stroke"
[BaselineBoard] appendRawPiece len=9
      width  (children=2)
      [UNHANDLED-PCB] tag="width"
[BaselineBoard] appendRawPiece len=1
[BaselineBoard] appendRawPiece len=14
      type  (children=2)
      [UNHANDLED-PCB] tag="type"
[BaselineBoard] appendRawPiece len=7
[BaselineBoard] appendRawPiece len=45
    uuid  (children=2)
[BaselineBoard] appendRawPiece len=144
  wire  (children=4)
[traverseAst] WIRE depth=1 raw_len=144
[BaselineBoard] appendRawPiece len=144
[handleWireFromClean] called for tag='wire'
[handleWire] PUSH (pts.node.pts) 195.580002,88.900002->195.580002,90.169998 ; added=1
[handleWire] saved 1 wire(s) from pts-children (deduped)
[traverseAst] WIRE -> handleWireFromClean() called; board wireCount=4
[BaselineBoard] appendRawPiece len=57
    pts  (children=3)
[BaselineBoard] appendRawPiece len=25
      xy  (children=3)
[BaselineBoard] appendRawPiece len=10
[BaselineBoard] appendRawPiece len=9
[BaselineBoard] appendRawPiece len=25
      xy  (children=3)
[BaselineBoard] appendRawPiece len=10
[BaselineBoard] appendRawPiece len=9
[BaselineBoard] appendRawPiece len=33
    stroke  (children=3)
    [UNHANDLED-PCB] tag="stroke"
[BaselineBoard] appendRawPiece len=9
      width  (children=2)
      [UNHANDLED-PCB] tag="width"
[BaselineBoard] appendRawPiece len=1
[BaselineBoard] appendRawPiece len=14
      type  (children=2)
      [UNHANDLED-PCB] tag="type"
[BaselineBoard] appendRawPiece len=7
[BaselineBoard] appendRawPiece len=45
    uuid  (children=2)
[BaselineBoard] appendRawPiece len=144
  wire  (children=4)
[traverseAst] WIRE depth=1 raw_len=144
[BaselineBoard] appendRawPiece len=144
[handleWireFromClean] called for tag='wire'
[handleWire] PUSH (pts.node.pts) 195.580002,78.739998->195.580002,81.279999 ; added=1
[handleWire] saved 1 wire(s) from pts-children (deduped)
[traverseAst] WIRE -> handleWireFromClean() called; board wireCount=5
[BaselineBoard] appendRawPiece len=57
    pts  (children=3)
[BaselineBoard] appendRawPiece len=25
      xy  (children=3)
[BaselineBoard] appendRawPiece len=10
[BaselineBoard] appendRawPiece len=9
[BaselineBoard] appendRawPiece len=25
      xy  (children=3)
[BaselineBoard] appendRawPiece len=10
[BaselineBoard] appendRawPiece len=9
[BaselineBoard] appendRawPiece len=33
    stroke  (children=3)
    [UNHANDLED-PCB] tag="stroke"
[BaselineBoard] appendRawPiece len=9
      width  (children=2)
      [UNHANDLED-PCB] tag="width"
[BaselineBoard] appendRawPiece len=1
[BaselineBoard] appendRawPiece len=14
      type  (children=2)
      [UNHANDLED-PCB] tag="type"
[BaselineBoard] appendRawPiece len=7
[BaselineBoard] appendRawPiece len=45
    uuid  (children=2)
[BaselineBoard] appendRawPiece len=144
  wire  (children=4)
[traverseAst] WIRE depth=1 raw_len=144
[BaselineBoard] appendRawPiece len=144
[handleWireFromClean] called for tag='wire'
[handleWire] PUSH (pts.node.pts) 179.070007,78.739998->195.580002,78.739998 ; added=1
[handleWire] saved 1 wire(s) from pts-children (deduped)
[traverseAst] WIRE -> handleWireFromClean() called; board wireCount=6
[BaselineBoard] appendRawPiece len=57
    pts  (children=3)
[BaselineBoard] appendRawPiece len=25
      xy  (children=3)
[BaselineBoard] appendRawPiece len=10
[BaselineBoard] appendRawPiece len=9
[BaselineBoard] appendRawPiece len=25
      xy  (children=3)
[BaselineBoard] appendRawPiece len=10
[BaselineBoard] appendRawPiece len=9
[BaselineBoard] appendRawPiece len=33
    stroke  (children=3)
    [UNHANDLED-PCB] tag="stroke"
[BaselineBoard] appendRawPiece len=9
      width  (children=2)
      [UNHANDLED-PCB] tag="width"
[BaselineBoard] appendRawPiece len=1
[BaselineBoard] appendRawPiece len=14
      type  (children=2)
      [UNHANDLED-PCB] tag="type"
[BaselineBoard] appendRawPiece len=7
[BaselineBoard] appendRawPiece len=45
    uuid  (children=2)
[BaselineBoard] appendRawPiece len=294
  text  (children=6)
[BaselineBoard] appendRawPiece len=183
  text  (children=6)
[BaselineBoard] appendRawPiece len=175
  label  (children=6)
[BaselineBoard] appendRawPiece len=175
  label  (children=6)
[BaselineBoard] appendRawPiece len=175
  label  (children=6)
[BaselineBoard] appendRawPiece len=1407
  symbol  (children=22)
[BaselineBoard] appendRawPiece len=897
  symbol  (children=17)
[BaselineBoard] appendRawPiece len=1435
  symbol  (children=22)
[BaselineBoard] appendRawPiece len=895
  symbol  (children=17)
[BaselineBoard] appendRawPiece len=895
  symbol  (children=17)
[BaselineBoard] appendRawPiece len=1467
  symbol  (children=22)
[BaselineBoard] appendRawPiece len=1306
  symbol  (children=21)
[BaselineBoard] appendRawPiece len=39
  sheet_instances  (children=2)
  [UNHANDLED-PCB] tag="sheet_instances"
[BaselineBoard] appendRawPiece len=21
    path  (children=3)
    [UNHANDLED-PCB] tag="path"
[BaselineBoard] appendRawPiece len=3
[BaselineBoard] appendRawPiece len=10
      page  (children=2)
[UNHANDLED] cleanInner:generator_version addr=0x6429dc9ee6c0 -> (generator_version "8.0" )
  children details (child_index: addr type extra):
    [0] addr=0x6429dc9cef90 atom="generator_version"
    [1] addr=0x6429dc9cefd0 atom=""8.0""
AstCleaner: handling lib_symbols at 0x6429dc9ee780
[UNHANDLED] cleanInner:exclude_from_sim addr=0x6429dc9ecb90 -> (exclude_from_sim no )
  children details (child_index: addr type extra):
    [0] addr=0x6429dc9d8250 atom="exclude_from_sim"
    [1] addr=0x6429dc9d8290 atom="no"
[UNHANDLED] cleanInner:exclude_from_sim addr=0x6429dc9d9490 -> (exclude_from_sim no )
  children details (child_index: addr type extra):
    [0] addr=0x6429dc9d9860 atom="exclude_from_sim"
    [1] addr=0x6429dc9d98a0 atom="no"
[UNHANDLED] cleanInner:mid addr=0x6429dc9dfe20 -> (mid -0.635000 0.632300 )
  children details (child_index: addr type extra):
    [0] addr=0x6429dca02ad0 atom="mid"
    [1] addr=0x6429dca02b10 atom="-0.635000"
    [2] addr=0x6429dca02b50 atom="0.632300"
[UNHANDLED] cleanInner:mid addr=0x6429dc9df710 -> (mid 0.635000 -0.632300 )
  children details (child_index: addr type extra):
    [0] addr=0x6429dca03050 atom="mid"
    [1] addr=0x6429dca03090 atom="0.635000"
    [2] addr=0x6429dca030d0 atom="-0.632300"
[UNHANDLED] cleanInner:exclude_from_sim addr=0x6429dc9e9fd0 -> (exclude_from_sim no )
  children details (child_index: addr type extra):
    [0] addr=0x6429dc9ea420 atom="exclude_from_sim"
    [1] addr=0x6429dc9ea460 atom="no"
[UNHANDLED] cleanInner:exclude_from_sim addr=0x6429dc9c55d0 -> (exclude_from_sim no )
  children details (child_index: addr type extra):
    [0] addr=0x6429dc9d6680 atom="exclude_from_sim"
    [1] addr=0x6429dc9d66c0 atom="no"
[appendRawPieceFromClean] piece_head='<kicad_sch>
  <version> attrs{value:20231120 }
  <generator> attrs{value:"eeschema" }
  <generator_version> attrs{value:"8.0" }
  <paper> attrs{value:"A4" }
  <'...
[BaselineBoard] appendRawPiece len=21883 head="kicad_sch"
[walkSchematicOnce] cleanedRoot children=24
[walkSchematicOnce] child tag='version' children=0
[appendRawPieceFromClean] piece_head='<version> attrs{value:20231120 }'...
[BaselineBoard] appendRawPiece len=32 head="version"
[walkSchematicOnce] child tag='generator' children=0
[appendRawPieceFromClean] piece_head='<generator> attrs{value:"eeschema" }'...
[BaselineBoard] appendRawPiece len=36 head="generator"
[walkSchematicOnce] child tag='generator_version' children=0
[appendRawPieceFromClean] piece_head='<generator_version> attrs{value:"8.0" }'...
[BaselineBoard] appendRawPiece len=39 head="generator_version"
[walkSchematicOnce] child tag='paper' children=0
[appendRawPieceFromClean] piece_head='<paper> attrs{value:"A4" }'...
[BaselineBoard] appendRawPiece len=26 head="paper"
[walkSchematicOnce] child tag='lib_symbols' children=4
[handleLibSymbolsCleanNode] called, children=4
[WARNING] Duplicate lib_symbols differs; keeping first.
[walkSchematicOnce] child tag='wire' children=1
[handleWireFromClean] called for tag='wire'
[handleWire] saved 1 wire(s) from clean.pts
[walkSchematicOnce] child tag='wire' children=1
[handleWireFromClean] called for tag='wire'
[handleWire] saved 1 wire(s) from clean.pts
[walkSchematicOnce] child tag='wire' children=1
[handleWireFromClean] called for tag='wire'
[handleWire] saved 1 wire(s) from clean.pts
[walkSchematicOnce] child tag='wire' children=1
[handleWireFromClean] called for tag='wire'
[handleWire] saved 1 wire(s) from clean.pts
[walkSchematicOnce] child tag='wire' children=1
[handleWireFromClean] called for tag='wire'
[handleWire] saved 1 wire(s) from clean.pts
[walkSchematicOnce] child tag='wire' children=1
[handleWireFromClean] called for tag='wire'
[handleWire] saved 1 wire(s) from clean.pts
[walkSchematicOnce] child tag='text' children=4
[handleTextFromClean] called for tag='text'
[handleText] failed to convert text to shape
[walkSchematicOnce] child tag='text' children=4
[handleTextFromClean] called for tag='text'
[handleText] failed to convert text to shape
[walkSchematicOnce] child tag='label' children=4
[handleTextFromClean] called for tag='label'
[handleText] failed to convert text to shape
[walkSchematicOnce] child tag='label' children=4
[handleTextFromClean] called for tag='label'
[handleText] failed to convert text to shape
[walkSchematicOnce] child tag='label' children=4
[handleTextFromClean] called for tag='label'
[handleText] failed to convert text to shape
[walkSchematicOnce] child tag='symbol' children=20
[handleSymbolFromClean] lib_id='(none)' tag='symbol' children=20
[walkSchematicOnce] child tag='symbol' children=15
[handleSymbolFromClean] lib_id='(none)' tag='symbol' children=15
[walkSchematicOnce] child tag='symbol' children=20
[handleSymbolFromClean] lib_id='(none)' tag='symbol' children=20
[walkSchematicOnce] child tag='symbol' children=15
[handleSymbolFromClean] lib_id='(none)' tag='symbol' children=15
[walkSchematicOnce] child tag='symbol' children=15
[handleSymbolFromClean] lib_id='(none)' tag='symbol' children=15
[walkSchematicOnce] child tag='symbol' children=20
[handleSymbolFromClean] lib_id='(none)' tag='symbol' children=20
[walkSchematicOnce] child tag='symbol' children=19
[handleSymbolFromClean] lib_id='(none)' tag='symbol' children=19
[walkSchematicOnce] child tag='sheet_instances' children=1
[appendRawPieceFromClean] piece_head='<sheet_instances>
  <path> attrs{page:"1" }'...
[BaselineBoard] appendRawPiece len=43 head="sheet_instances"
=== SUMMARY === junctionShapes=0 wireShapes=12 symbols=7 rawPieces=129
=== DUMP wires: count=12 ===
 wire[0] start=(162.56,87.63) end=(162.56,81.28)
 wire[1] start=(142.24,76.20) end=(168.91,76.20)
 wire[2] start=(162.56,81.28) end=(168.91,81.28)
 wire[3] start=(195.58,88.90) end=(195.58,90.17)
 wire[4] start=(195.58,81.28) end=(195.58,78.74)
 wire[5] start=(179.07,78.74) end=(195.58,78.74)
 wire[6] start=(162.56,87.63) end=(162.56,81.28)
 wire[7] start=(142.24,76.20) end=(168.91,76.20)
 wire[8] start=(162.56,81.28) end=(168.91,81.28)
 wire[9] start=(195.58,88.90) end=(195.58,90.17)
 wire[10] start=(195.58,81.28) end=(195.58,78.74)
 wire[11] start=(179.07,78.74) end=(195.58,78.74)
[main] writing KiCad S-expr via b->dumpKiCad(std::cout)
[dumpKiCad] dumping board...
[dumpKiCad] done.
[main] writing KiCad S-expr via b->dumpKiCad(std::cout)
[dumpKiCad] dumping board...
[dumpKiCad] done.
[main] writing KiCad S-expr via b->dumpKiCad(std::cout)
[dumpKiCad] dumping board...
[dumpKiCad] done.
[main] writing KiCad S-expr via b->dumpKiCad(std::cout)
[dumpKiCad] dumping board...
[dumpKiCad] done.
[main] writing KiCad S-expr via b->dumpKiCad(std::cout)
[dumpKiCad] dumping board...
[dumpKiCad] done.
[main] writing KiCad S-expr via b->dumpKiCad(std::cout)
[dumpKiCad] dumping board...
[dumpKiCad] done.
