[DEBUG] Root children: 13
  child 0 (non-list or no head)
  child 1 tag="version"
  child 2 tag="generator"
  child 3 tag="paper"
  child 4 tag="lib_symbols"
  child 5 tag="wire"
  child 6 tag="wire"
  child 7 tag="wire"
  child 8 tag="wire"
  child 9 tag="symbol"
  child 10 tag="symbol"
  child 11 tag="sheet_instances"
  child 12 tag="symbol_instances"
[BaselineBoard] appendRawPiece len=5114
kicad_sch  (children=13)
[UNHANDLED-PCB] tag="kicad_sch"
[BaselineBoard] appendRawPiece len=18
  version  (children=2)
[BaselineBoard] appendRawPiece len=20
  generator  (children=2)
[BaselineBoard] appendRawPiece len=12
  paper  (children=2)
[BaselineBoard] appendRawPiece len=2840
  lib_symbols  (children=3)
[traverseAst] LIB_SYMBOLS depth=1 raw_len=2840
[BaselineBoard] setLibSymbolsRaw len=2840
[BaselineBoard] appendRawPiece len=2840
AstCleaner: handling lib_symbols at 0x7ffca5db84a0
[handleLibSymbolsCleanNode] called, children=2
[WARNING] Duplicate lib_symbols differs; keeping first.
[traverseAst] LIB_SYMBOLS -> handleLibSymbolsCleanNode() called; libSymbolsRaw_len=2840
[BaselineBoard] appendRawPiece len=1583
    symbol  (children=13)
[BaselineBoard] appendRawPiece len=1242
    symbol  (children=15)
[BaselineBoard] appendRawPiece len=112
  wire  (children=3)
[traverseAst] WIRE depth=1 raw_len=112
[BaselineBoard] appendRawPiece len=112
[handleWireFromClean] called for tag='wire'
[handleWire] PUSH (pts.node.pts) 125.730003,90.169998->142.240005,90.169998 ; added=1
[handleWire] saved 1 wire(s) from pts-children (deduped)
[traverseAst] WIRE -> handleWireFromClean() called; board wireCount=1
[BaselineBoard] appendRawPiece len=57
    pts  (children=3)
[BaselineBoard] appendRawPiece len=25
      xy  (children=3)
[BaselineBoard] appendRawPiece len=10
[BaselineBoard] appendRawPiece len=9
[BaselineBoard] appendRawPiece len=25
      xy  (children=3)
[BaselineBoard] appendRawPiece len=10
[BaselineBoard] appendRawPiece len=9
[BaselineBoard] appendRawPiece len=47
    stroke  (children=4)
    [UNHANDLED-PCB] tag="stroke"
[BaselineBoard] appendRawPiece len=9
      width  (children=2)
      [UNHANDLED-PCB] tag="width"
[BaselineBoard] appendRawPiece len=1
[BaselineBoard] appendRawPiece len=12
      type  (children=2)
      [UNHANDLED-PCB] tag="type"
[BaselineBoard] appendRawPiece len=5
[BaselineBoard] appendRawPiece len=15
      color  (children=5)
      [UNHANDLED-PCB] tag="color"
[BaselineBoard] appendRawPiece len=1
[BaselineBoard] appendRawPiece len=1
[BaselineBoard] appendRawPiece len=1
[BaselineBoard] appendRawPiece len=1
[BaselineBoard] appendRawPiece len=112
  wire  (children=3)
[traverseAst] WIRE depth=1 raw_len=112
[BaselineBoard] appendRawPiece len=112
[handleWireFromClean] called for tag='wire'
[handleWire] PUSH (pts.node.pts) 142.240005,90.169998->142.240005,92.709999 ; added=1
[handleWire] saved 1 wire(s) from pts-children (deduped)
[traverseAst] WIRE -> handleWireFromClean() called; board wireCount=2
[BaselineBoard] appendRawPiece len=57
    pts  (children=3)
[BaselineBoard] appendRawPiece len=25
      xy  (children=3)
[BaselineBoard] appendRawPiece len=10
[BaselineBoard] appendRawPiece len=9
[BaselineBoard] appendRawPiece len=25
      xy  (children=3)
[BaselineBoard] appendRawPiece len=10
[BaselineBoard] appendRawPiece len=9
[BaselineBoard] appendRawPiece len=47
    stroke  (children=4)
    [UNHANDLED-PCB] tag="stroke"
[BaselineBoard] appendRawPiece len=9
      width  (children=2)
      [UNHANDLED-PCB] tag="width"
[BaselineBoard] appendRawPiece len=1
[BaselineBoard] appendRawPiece len=12
      type  (children=2)
      [UNHANDLED-PCB] tag="type"
[BaselineBoard] appendRawPiece len=5
[BaselineBoard] appendRawPiece len=15
      color  (children=5)
      [UNHANDLED-PCB] tag="color"
[BaselineBoard] appendRawPiece len=1
[BaselineBoard] appendRawPiece len=1
[BaselineBoard] appendRawPiece len=1
[BaselineBoard] appendRawPiece len=1
[BaselineBoard] appendRawPiece len=112
  wire  (children=3)
[traverseAst] WIRE depth=1 raw_len=112
[BaselineBoard] appendRawPiece len=112
[handleWireFromClean] called for tag='wire'
[handleWire] PUSH (pts.node.pts) 142.240005,95.250000->142.240005,97.790001 ; added=1
[handleWire] saved 1 wire(s) from pts-children (deduped)
[traverseAst] WIRE -> handleWireFromClean() called; board wireCount=3
[BaselineBoard] appendRawPiece len=57
    pts  (children=3)
[BaselineBoard] appendRawPiece len=25
      xy  (children=3)
[BaselineBoard] appendRawPiece len=10
[BaselineBoard] appendRawPiece len=9
[BaselineBoard] appendRawPiece len=25
      xy  (children=3)
[BaselineBoard] appendRawPiece len=10
[BaselineBoard] appendRawPiece len=9
[BaselineBoard] appendRawPiece len=47
    stroke  (children=4)
    [UNHANDLED-PCB] tag="stroke"
[BaselineBoard] appendRawPiece len=9
      width  (children=2)
      [UNHANDLED-PCB] tag="width"
[BaselineBoard] appendRawPiece len=1
[BaselineBoard] appendRawPiece len=12
      type  (children=2)
      [UNHANDLED-PCB] tag="type"
[BaselineBoard] appendRawPiece len=5
[BaselineBoard] appendRawPiece len=15
      color  (children=5)
      [UNHANDLED-PCB] tag="color"
[BaselineBoard] appendRawPiece len=1
[BaselineBoard] appendRawPiece len=1
[BaselineBoard] appendRawPiece len=1
[BaselineBoard] appendRawPiece len=1
[BaselineBoard] appendRawPiece len=112
  wire  (children=3)
[traverseAst] WIRE depth=1 raw_len=112
[BaselineBoard] appendRawPiece len=112
[handleWireFromClean] called for tag='wire'
[handleWire] PUSH (pts.node.pts) 125.730003,97.790001->142.240005,97.790001 ; added=1
[handleWire] saved 1 wire(s) from pts-children (deduped)
[traverseAst] WIRE -> handleWireFromClean() called; board wireCount=4
[BaselineBoard] appendRawPiece len=57
    pts  (children=3)
[BaselineBoard] appendRawPiece len=25
      xy  (children=3)
[BaselineBoard] appendRawPiece len=10
[BaselineBoard] appendRawPiece len=9
[BaselineBoard] appendRawPiece len=25
      xy  (children=3)
[BaselineBoard] appendRawPiece len=10
[BaselineBoard] appendRawPiece len=9
[BaselineBoard] appendRawPiece len=47
    stroke  (children=4)
    [UNHANDLED-PCB] tag="stroke"
[BaselineBoard] appendRawPiece len=9
      width  (children=2)
      [UNHANDLED-PCB] tag="width"
[BaselineBoard] appendRawPiece len=1
[BaselineBoard] appendRawPiece len=12
      type  (children=2)
      [UNHANDLED-PCB] tag="type"
[BaselineBoard] appendRawPiece len=5
[BaselineBoard] appendRawPiece len=15
      color  (children=5)
      [UNHANDLED-PCB] tag="color"
[BaselineBoard] appendRawPiece len=1
[BaselineBoard] appendRawPiece len=1
[BaselineBoard] appendRawPiece len=1
[BaselineBoard] appendRawPiece len=1
[BaselineBoard] appendRawPiece len=622
  symbol  (children=11)
[BaselineBoard] appendRawPiece len=784
  symbol  (children=12)
[BaselineBoard] appendRawPiece len=39
  sheet_instances  (children=2)
  [UNHANDLED-PCB] tag="sheet_instances"
[BaselineBoard] appendRawPiece len=21
    path  (children=3)
    [UNHANDLED-PCB] tag="path"
[BaselineBoard] appendRawPiece len=3
[BaselineBoard] appendRawPiece len=10
      page  (children=2)
[BaselineBoard] appendRawPiece len=308
  symbol_instances  (children=3)
  [UNHANDLED-PCB] tag="symbol_instances"
[BaselineBoard] appendRawPiece len=159
    path  (children=6)
    [UNHANDLED-PCB] tag="path"
[BaselineBoard] appendRawPiece len=39
[BaselineBoard] appendRawPiece len=16
      reference  (children=2)
      [UNHANDLED-PCB] tag="reference"
[BaselineBoard] appendRawPiece len=4
[BaselineBoard] appendRawPiece len=8
      unit  (children=2)
      [UNHANDLED-PCB] tag="unit"
[BaselineBoard] appendRawPiece len=1
[BaselineBoard] appendRawPiece len=20
      value  (children=2)
      [UNHANDLED-PCB] tag="value"
[BaselineBoard] appendRawPiece len=12
[BaselineBoard] appendRawPiece len=65
      footprint  (children=2)
      [UNHANDLED-PCB] tag="footprint"
[BaselineBoard] appendRawPiece len=53
[BaselineBoard] appendRawPiece len=129
    path  (children=6)
    [UNHANDLED-PCB] tag="path"
[BaselineBoard] appendRawPiece len=39
[BaselineBoard] appendRawPiece len=16
      reference  (children=2)
      [UNHANDLED-PCB] tag="reference"
[BaselineBoard] appendRawPiece len=4
[BaselineBoard] appendRawPiece len=8
      unit  (children=2)
      [UNHANDLED-PCB] tag="unit"
[BaselineBoard] appendRawPiece len=1
[BaselineBoard] appendRawPiece len=11
      value  (children=2)
      [UNHANDLED-PCB] tag="value"
[BaselineBoard] appendRawPiece len=3
[BaselineBoard] appendRawPiece len=44
      footprint  (children=2)
      [UNHANDLED-PCB] tag="footprint"
[BaselineBoard] appendRawPiece len=32
AstCleaner: handling lib_symbols at 0x56cf8ac4c960
[UNHANDLED] cleanInner:value addr=0x56cf8ac60510 -> (value "Conn_01x02" )
  children details (child_index: addr type extra):
    [0] addr=0x56cf8ac606c0 atom="value"
    [1] addr=0x56cf8ac60700 atom=""Conn_01x02""
[UNHANDLED] cleanInner:value addr=0x56cf8ac608e0 -> (value "R" )
  children details (child_index: addr type extra):
    [0] addr=0x56cf8ac60a90 atom="value"
    [1] addr=0x56cf8ac60ad0 atom=""R""
[appendRawPieceFromClean] piece_head='<kicad_sch>
  <version> attrs{value:20210123 }
  <generator> attrs{value:eeschema }
  <paper> attrs{value:"A4" }
  <lib_symbols>
  <symbol> property{"Reference"'...
[BaselineBoard] appendRawPiece len=6512 head="kicad_sch"
[walkSchematicOnce] cleanedRoot children=12
[walkSchematicOnce] child tag='version' children=0
[appendRawPieceFromClean] piece_head='<version> attrs{value:20210123 }'...
[BaselineBoard] appendRawPiece len=32 head="version"
[walkSchematicOnce] child tag='generator' children=0
[appendRawPieceFromClean] piece_head='<generator> attrs{value:eeschema }'...
[BaselineBoard] appendRawPiece len=34 head="generator"
[walkSchematicOnce] child tag='paper' children=0
[appendRawPieceFromClean] piece_head='<paper> attrs{value:"A4" }'...
[BaselineBoard] appendRawPiece len=26 head="paper"
[walkSchematicOnce] child tag='lib_symbols' children=2
[handleLibSymbolsCleanNode] called, children=2
[WARNING] Duplicate lib_symbols differs; keeping first.
[walkSchematicOnce] child tag='wire' children=1
[handleWireFromClean] called for tag='wire'
[handleWire] saved 1 wire(s) from clean.pts
[walkSchematicOnce] child tag='wire' children=1
[handleWireFromClean] called for tag='wire'
[handleWire] saved 1 wire(s) from clean.pts
[walkSchematicOnce] child tag='wire' children=1
[handleWireFromClean] called for tag='wire'
[handleWire] saved 1 wire(s) from clean.pts
[walkSchematicOnce] child tag='wire' children=1
[handleWireFromClean] called for tag='wire'
[handleWire] saved 1 wire(s) from clean.pts
[walkSchematicOnce] child tag='symbol' children=9
[handleSymbolFromClean] lib_id='(none)' tag='symbol' children=9
[walkSchematicOnce] child tag='symbol' children=10
[handleSymbolFromClean] lib_id='(none)' tag='symbol' children=10
[walkSchematicOnce] child tag='sheet_instances' children=1
[appendRawPieceFromClean] piece_head='<sheet_instances>
  <path> attrs{page:"1" }'...
[BaselineBoard] appendRawPiece len=43 head="sheet_instances"
[walkSchematicOnce] child tag='symbol_instances' children=2
[appendRawPieceFromClean] piece_head='<symbol_instances>
  <path> attrs{value:"/ebd12d3c-779b-42b9-beee-e5481760d2bb" }
  <reference> attrs{value:"J1" }
  <unit> attrs{value:1 }
  <value> attrs{valu'...
[BaselineBoard] appendRawPiece len=353 head="symbol_instances"
=== SUMMARY === junctionShapes=0 wireShapes=8 symbols=2 rawPieces=117
=== DUMP wires: count=8 ===
 wire[0] start=(125.73,90.17) end=(142.24,90.17)
 wire[1] start=(142.24,90.17) end=(142.24,92.71)
 wire[2] start=(142.24,95.25) end=(142.24,97.79)
 wire[3] start=(142.24,97.79) end=(125.73,97.79)
 wire[4] start=(125.73,90.17) end=(142.24,90.17)
 wire[5] start=(142.24,90.17) end=(142.24,92.71)
 wire[6] start=(142.24,95.25) end=(142.24,97.79)
 wire[7] start=(142.24,97.79) end=(125.73,97.79)
[main] writing KiCad S-expr via b->dumpKiCad(std::cout)
[dumpKiCad] dumping board...
[dumpKiCad] done.
[main] writing KiCad S-expr via b->dumpKiCad(std::cout)
[dumpKiCad] dumping board...
[dumpKiCad] done.
[main] writing KiCad S-expr via b->dumpKiCad(std::cout)
[dumpKiCad] dumping board...
[dumpKiCad] done.
[main] writing KiCad S-expr via b->dumpKiCad(std::cout)
[dumpKiCad] dumping board...
[dumpKiCad] done.
[main] writing KiCad S-expr via b->dumpKiCad(std::cout)
[dumpKiCad] dumping board...
[dumpKiCad] done.
[main] writing KiCad S-expr via b->dumpKiCad(std::cout)
[dumpKiCad] dumping board...
[dumpKiCad] done.
