[DEBUG] Root children: 9
  child 0 (non-list or no head)
  child 1 tag="version"
  child 2 tag="generator"
  child 3 tag="generator_version"
  child 4 tag="uuid"
  child 5 tag="paper"
  child 6 tag="lib_symbols"
  child 7 tag="symbol"
  child 8 tag="sheet_instances"
[BaselineBoard] appendRawPiece len=9833
kicad_sch  (children=9)
[UNHANDLED-PCB] tag="kicad_sch"
[BaselineBoard] appendRawPiece len=18
  version  (children=2)
[BaselineBoard] appendRawPiece len=22
  generator  (children=2)
[BaselineBoard] appendRawPiece len=25
  generator_version  (children=2)
[BaselineBoard] appendRawPiece len=45
  uuid  (children=2)
[BaselineBoard] appendRawPiece len=12
  paper  (children=2)
[BaselineBoard] appendRawPiece len=6833
  lib_symbols  (children=2)
[traverseAst] LIB_SYMBOLS depth=1 raw_len=6833
[BaselineBoard] setLibSymbolsRaw len=6833
[BaselineBoard] appendRawPiece len=6833
AstCleaner: handling lib_symbols at 0x7fff26934130
[UNHANDLED] cleanInner:exclude_from_sim addr=0x5f9dd036c0d0 -> (exclude_from_sim no )
  children details (child_index: addr type extra):
    [0] addr=0x5f9dd036c360 atom="exclude_from_sim"
    [1] addr=0x5f9dd036c3a0 atom="no"
[handleLibSymbolsCleanNode] called, children=1
[WARNING] Duplicate lib_symbols differs; keeping first.
[traverseAst] LIB_SYMBOLS -> handleLibSymbolsCleanNode() called; libSymbolsRaw_len=6833
[BaselineBoard] appendRawPiece len=6819
    symbol  (children=12)
[BaselineBoard] appendRawPiece len=2820
  symbol  (children=48)
[BaselineBoard] appendRawPiece len=39
  sheet_instances  (children=2)
  [UNHANDLED-PCB] tag="sheet_instances"
[BaselineBoard] appendRawPiece len=21
    path  (children=3)
    [UNHANDLED-PCB] tag="path"
[BaselineBoard] appendRawPiece len=3
[BaselineBoard] appendRawPiece len=10
      page  (children=2)
[UNHANDLED] cleanInner:generator_version addr=0x5f9dd038f540 -> (generator_version "8.0" )
  children details (child_index: addr type extra):
    [0] addr=0x5f9dd036e3f0 atom="generator_version"
    [1] addr=0x5f9dd036e430 atom=""8.0""
AstCleaner: handling lib_symbols at 0x5f9dd038f600
[UNHANDLED] cleanInner:exclude_from_sim addr=0x5f9dd036c0d0 -> (exclude_from_sim no )
  children details (child_index: addr type extra):
    [0] addr=0x5f9dd038db10 atom="exclude_from_sim"
    [1] addr=0x5f9dd038db50 atom="no"
[UNHANDLED] cleanInner:do_not_autoplace addr=0x5f9dd039ce90 -> (do_not_autoplace yes )
  children details (child_index: addr type extra):
    [0] addr=0x5f9dd039d030 atom="do_not_autoplace"
    [1] addr=0x5f9dd039d070 atom="yes"
[UNHANDLED] cleanInner:do_not_autoplace addr=0x5f9dd039d3b0 -> (do_not_autoplace yes )
  children details (child_index: addr type extra):
    [0] addr=0x5f9dd039d550 atom="do_not_autoplace"
    [1] addr=0x5f9dd039d590 atom="yes"
[appendRawPieceFromClean] piece_head='<kicad_sch>
  <version> attrs{value:20231120 }
  <generator> attrs{value:"eeschema" }
  <generator_version> attrs{value:"8.0" }
  <paper> attrs{value:"A4" }
  <'...
[BaselineBoard] appendRawPiece len=8898 head="kicad_sch"
[walkSchematicOnce] cleanedRoot children=7
[walkSchematicOnce] child tag='version' children=0
[appendRawPieceFromClean] piece_head='<version> attrs{value:20231120 }'...
[BaselineBoard] appendRawPiece len=32 head="version"
[walkSchematicOnce] child tag='generator' children=0
[appendRawPieceFromClean] piece_head='<generator> attrs{value:"eeschema" }'...
[BaselineBoard] appendRawPiece len=36 head="generator"
[walkSchematicOnce] child tag='generator_version' children=0
[appendRawPieceFromClean] piece_head='<generator_version> attrs{value:"8.0" }'...
[BaselineBoard] appendRawPiece len=39 head="generator_version"
[walkSchematicOnce] child tag='paper' children=0
[appendRawPieceFromClean] piece_head='<paper> attrs{value:"A4" }'...
[BaselineBoard] appendRawPiece len=26 head="paper"
[walkSchematicOnce] child tag='lib_symbols' children=1
[handleLibSymbolsCleanNode] called, children=1
[WARNING] Duplicate lib_symbols differs; keeping first.
[walkSchematicOnce] child tag='symbol' children=46
[handleSymbolFromClean] lib_id='(none)' tag='symbol' children=46
[walkSchematicOnce] child tag='sheet_instances' children=1
[appendRawPieceFromClean] piece_head='<sheet_instances>
  <path> attrs{page:"1" }'...
[BaselineBoard] appendRawPiece len=43 head="sheet_instances"
=== SUMMARY === junctionShapes=0 wireShapes=0 symbols=1 rawPieces=20
=== DUMP wires: count=0 ===
[main] writing KiCad S-expr via b->dumpKiCad(std::cout)
[dumpKiCad] dumping board...
[dumpKiCad] done.
[main] writing KiCad S-expr via b->dumpKiCad(std::cout)
[dumpKiCad] dumping board...
[dumpKiCad] done.
[main] writing KiCad S-expr via b->dumpKiCad(std::cout)
[dumpKiCad] dumping board...
[dumpKiCad] done.
[main] writing KiCad S-expr via b->dumpKiCad(std::cout)
[dumpKiCad] dumping board...
[dumpKiCad] done.
[main] writing KiCad S-expr via b->dumpKiCad(std::cout)
[dumpKiCad] dumping board...
[dumpKiCad] done.
[main] writing KiCad S-expr via b->dumpKiCad(std::cout)
[dumpKiCad] dumping board...
[dumpKiCad] done.
