[DEBUG] Root children: 23
  child 0 (non-list or no head)
  child 1 tag="version"
  child 2 tag="generator"
  child 3 tag="page"
  child 4 tag="paper"
  child 5 tag="lib_symbols"
  child 6 tag="junction"
  child 7 tag="bus_entry"
  child 8 tag="bus_entry"
  child 9 tag="wire"
  child 10 tag="wire"
  child 11 tag="bus"
  child 12 tag="bus"
  child 13 tag="bus"
  child 14 tag="label"
  child 15 tag="label"
  child 16 tag="label"
  child 17 tag="symbol"
  child 18 tag="symbol"
  child 19 tag="symbol"
  child 20 tag="symbol"
  child 21 tag="sheet_instances"
  child 22 tag="symbol_instances"
[BaselineBoard] appendRawPiece len=6329
kicad_sch  (children=23)
[UNHANDLED-PCB] tag="kicad_sch"
[BaselineBoard] appendRawPiece len=18
  version  (children=2)
[BaselineBoard] appendRawPiece len=20
  generator  (children=2)
[BaselineBoard] appendRawPiece len=10
  page  (children=3)
[BaselineBoard] appendRawPiece len=12
  paper  (children=2)
[BaselineBoard] appendRawPiece len=2336
  lib_symbols  (children=3)
[traverseAst] LIB_SYMBOLS depth=1 raw_len=2336
[BaselineBoard] setLibSymbolsRaw len=2336
[BaselineBoard] appendRawPiece len=2336
AstCleaner: handling lib_symbols at 0x7ffdea351810
[handleLibSymbolsCleanNode] called, children=2
[WARNING] Duplicate lib_symbols differs; keeping first.
[traverseAst] LIB_SYMBOLS -> handleLibSymbolsCleanNode() called; libSymbolsRaw_len=2336
[BaselineBoard] appendRawPiece len=1242
    symbol  (children=15)
[BaselineBoard] appendRawPiece len=1079
    symbol  (children=14)
[BaselineBoard] appendRawPiece len=72
  junction  (children=4)
[traverseAst] JUNCTION depth=1 raw_len=72
[BaselineBoard] appendRawPiece len=72
[UNHANDLED] cleanInner:diameter addr=0x57b2eaa6ed50 -> (diameter 1.016000 )
  children details (child_index: addr type extra):
    [0] addr=0x57b2eaa6a490 atom="diameter"
    [1] addr=0x57b2eaa6a4d0 atom="1.016000"
[handleJunctionFromClean] called for tag='junction'
[handleJunction] saved junction shape (x=139.70, y=63.50)
[traverseAst] JUNCTION -> handleJunctionFromClean() called; board junctionCount=1
[BaselineBoard] appendRawPiece len=25
    at  (children=3)
    [UNHANDLED-PCB] tag="at"
[BaselineBoard] appendRawPiece len=10
[BaselineBoard] appendRawPiece len=9
[BaselineBoard] appendRawPiece len=19
    diameter  (children=2)
    [UNHANDLED-PCB] tag="diameter"
[BaselineBoard] appendRawPiece len=8
[BaselineBoard] appendRawPiece len=15
    color  (children=5)
    [UNHANDLED-PCB] tag="color"
[BaselineBoard] appendRawPiece len=1
[BaselineBoard] appendRawPiece len=1
[BaselineBoard] appendRawPiece len=1
[BaselineBoard] appendRawPiece len=1
[BaselineBoard] appendRawPiece len=118
  bus_entry  (children=4)
[BaselineBoard] appendRawPiece len=119
  bus_entry  (children=4)
[BaselineBoard] appendRawPiece len=112
  wire  (children=3)
[traverseAst] WIRE depth=1 raw_len=112
[BaselineBoard] appendRawPiece len=112
[handleWireFromClean] called for tag='wire'
[handleWire] PUSH (pts.node.pts) 128.270004,66.040001->137.160004,66.040001 ; added=1
[handleWire] saved 1 wire(s) from pts-children (deduped)
[traverseAst] WIRE -> handleWireFromClean() called; board wireCount=1
[BaselineBoard] appendRawPiece len=57
    pts  (children=3)
[BaselineBoard] appendRawPiece len=25
      xy  (children=3)
[BaselineBoard] appendRawPiece len=10
[BaselineBoard] appendRawPiece len=9
[BaselineBoard] appendRawPiece len=25
      xy  (children=3)
[BaselineBoard] appendRawPiece len=10
[BaselineBoard] appendRawPiece len=9
[BaselineBoard] appendRawPiece len=47
    stroke  (children=4)
    [UNHANDLED-PCB] tag="stroke"
[BaselineBoard] appendRawPiece len=9
      width  (children=2)
      [UNHANDLED-PCB] tag="width"
[BaselineBoard] appendRawPiece len=1
[BaselineBoard] appendRawPiece len=12
      type  (children=2)
      [UNHANDLED-PCB] tag="type"
[BaselineBoard] appendRawPiece len=5
[BaselineBoard] appendRawPiece len=15
      color  (children=5)
      [UNHANDLED-PCB] tag="color"
[BaselineBoard] appendRawPiece len=1
[BaselineBoard] appendRawPiece len=1
[BaselineBoard] appendRawPiece len=1
[BaselineBoard] appendRawPiece len=1
[BaselineBoard] appendRawPiece len=112
  wire  (children=3)
[traverseAst] WIRE depth=1 raw_len=112
[BaselineBoard] appendRawPiece len=112
[handleWireFromClean] called for tag='wire'
[handleWire] PUSH (pts.node.pts) 142.240005,66.040001->152.399994,66.040001 ; added=1
[handleWire] saved 1 wire(s) from pts-children (deduped)
[traverseAst] WIRE -> handleWireFromClean() called; board wireCount=2
[BaselineBoard] appendRawPiece len=57
    pts  (children=3)
[BaselineBoard] appendRawPiece len=25
      xy  (children=3)
[BaselineBoard] appendRawPiece len=10
[BaselineBoard] appendRawPiece len=9
[BaselineBoard] appendRawPiece len=25
      xy  (children=3)
[BaselineBoard] appendRawPiece len=10
[BaselineBoard] appendRawPiece len=9
[BaselineBoard] appendRawPiece len=47
    stroke  (children=4)
    [UNHANDLED-PCB] tag="stroke"
[BaselineBoard] appendRawPiece len=9
      width  (children=2)
      [UNHANDLED-PCB] tag="width"
[BaselineBoard] appendRawPiece len=1
[BaselineBoard] appendRawPiece len=12
      type  (children=2)
      [UNHANDLED-PCB] tag="type"
[BaselineBoard] appendRawPiece len=5
[BaselineBoard] appendRawPiece len=15
      color  (children=5)
      [UNHANDLED-PCB] tag="color"
[BaselineBoard] appendRawPiece len=1
[BaselineBoard] appendRawPiece len=1
[BaselineBoard] appendRawPiece len=1
[BaselineBoard] appendRawPiece len=1
[BaselineBoard] appendRawPiece len=111
  bus  (children=3)
[BaselineBoard] appendRawPiece len=111
  bus  (children=3)
[BaselineBoard] appendRawPiece len=111
  bus  (children=3)
[BaselineBoard] appendRawPiece len=107
  label  (children=4)
[BaselineBoard] appendRawPiece len=107
  label  (children=4)
[BaselineBoard] appendRawPiece len=112
  label  (children=4)
[BaselineBoard] appendRawPiece len=529
  symbol  (children=11)
[BaselineBoard] appendRawPiece len=529
  symbol  (children=11)
[BaselineBoard] appendRawPiece len=592
  symbol  (children=11)
[BaselineBoard] appendRawPiece len=592
  symbol  (children=11)
[BaselineBoard] appendRawPiece len=38
  sheet_instances  (children=2)
  [UNHANDLED-PCB] tag="sheet_instances"
[BaselineBoard] appendRawPiece len=20
    path  (children=3)
    [UNHANDLED-PCB] tag="path"
[BaselineBoard] appendRawPiece len=3
[BaselineBoard] appendRawPiece len=9
      page  (children=2)
[BaselineBoard] appendRawPiece len=428
  symbol_instances  (children=5)
  [UNHANDLED-PCB] tag="symbol_instances"
[BaselineBoard] appendRawPiece len=104
    path  (children=6)
    [UNHANDLED-PCB] tag="path"
[BaselineBoard] appendRawPiece len=39
[BaselineBoard] appendRawPiece len=19
      reference  (children=2)
      [UNHANDLED-PCB] tag="reference"
[BaselineBoard] appendRawPiece len=7
[BaselineBoard] appendRawPiece len=8
      unit  (children=2)
      [UNHANDLED-PCB] tag="unit"
[BaselineBoard] appendRawPiece len=1
[BaselineBoard] appendRawPiece len=13
      value  (children=2)
      [UNHANDLED-PCB] tag="value"
[BaselineBoard] appendRawPiece len=5
[BaselineBoard] appendRawPiece len=14
      footprint  (children=2)
      [UNHANDLED-PCB] tag="footprint"
[BaselineBoard] appendRawPiece len=2
[BaselineBoard] appendRawPiece len=104
    path  (children=6)
    [UNHANDLED-PCB] tag="path"
[BaselineBoard] appendRawPiece len=39
[BaselineBoard] appendRawPiece len=19
      reference  (children=2)
      [UNHANDLED-PCB] tag="reference"
[BaselineBoard] appendRawPiece len=7
[BaselineBoard] appendRawPiece len=8
      unit  (children=2)
      [UNHANDLED-PCB] tag="unit"
[BaselineBoard] appendRawPiece len=1
[BaselineBoard] appendRawPiece len=13
      value  (children=2)
      [UNHANDLED-PCB] tag="value"
[BaselineBoard] appendRawPiece len=5
[BaselineBoard] appendRawPiece len=14
      footprint  (children=2)
      [UNHANDLED-PCB] tag="footprint"
[BaselineBoard] appendRawPiece len=2
[BaselineBoard] appendRawPiece len=99
    path  (children=6)
    [UNHANDLED-PCB] tag="path"
[BaselineBoard] appendRawPiece len=39
[BaselineBoard] appendRawPiece len=16
      reference  (children=2)
      [UNHANDLED-PCB] tag="reference"
[BaselineBoard] appendRawPiece len=4
[BaselineBoard] appendRawPiece len=8
      unit  (children=2)
      [UNHANDLED-PCB] tag="unit"
[BaselineBoard] appendRawPiece len=1
[BaselineBoard] appendRawPiece len=11
      value  (children=2)
      [UNHANDLED-PCB] tag="value"
[BaselineBoard] appendRawPiece len=3
[BaselineBoard] appendRawPiece len=14
      footprint  (children=2)
      [UNHANDLED-PCB] tag="footprint"
[BaselineBoard] appendRawPiece len=2
[BaselineBoard] appendRawPiece len=99
    path  (children=6)
    [UNHANDLED-PCB] tag="path"
[BaselineBoard] appendRawPiece len=39
[BaselineBoard] appendRawPiece len=16
      reference  (children=2)
      [UNHANDLED-PCB] tag="reference"
[BaselineBoard] appendRawPiece len=4
[BaselineBoard] appendRawPiece len=8
      unit  (children=2)
      [UNHANDLED-PCB] tag="unit"
[BaselineBoard] appendRawPiece len=1
[BaselineBoard] appendRawPiece len=11
      value  (children=2)
      [UNHANDLED-PCB] tag="value"
[BaselineBoard] appendRawPiece len=3
[BaselineBoard] appendRawPiece len=14
      footprint  (children=2)
      [UNHANDLED-PCB] tag="footprint"
[BaselineBoard] appendRawPiece len=2
AstCleaner: handling lib_symbols at 0x57b2eaa7ae70
[UNHANDLED] cleanInner:bus_entry addr=0x57b2eaa7aef0 -> (bus_entry (at) (size) (stroke) )
  children details (child_index: addr type extra):
    [0] addr=0x57b2eaa72550 atom="bus_entry"
    [1] addr=0x57b2eaa72590 list_size=3 head="at"
    [2] addr=0x57b2eaa725d0 list_size=3 head="size"
    [3] addr=0x57b2eaa72610 list_size=4 head="stroke"
[UNHANDLED] cleanInner:bus_entry addr=0x57b2eaa7af30 -> (bus_entry (at) (size) (stroke) )
  children details (child_index: addr type extra):
    [0] addr=0x57b2eaa72b80 atom="bus_entry"
    [1] addr=0x57b2eaa72bc0 list_size=3 head="at"
    [2] addr=0x57b2eaa72c00 list_size=3 head="size"
    [3] addr=0x57b2eaa72c40 list_size=4 head="stroke"
[UNHANDLED] cleanInner:bus addr=0x57b2eaa7aff0 -> (bus (pts) (stroke) )
  children details (child_index: addr type extra):
    [0] addr=0x57b2eaa767f0 atom="bus"
    [1] addr=0x57b2eaa76830 list_size=3 head="pts"
    [2] addr=0x57b2eaa76870 list_size=4 head="stroke"
[UNHANDLED] cleanInner:bus addr=0x57b2eaa7b030 -> (bus (pts) (stroke) )
  children details (child_index: addr type extra):
    [0] addr=0x57b2eaa76eb0 atom="bus"
    [1] addr=0x57b2eaa76ef0 list_size=3 head="pts"
    [2] addr=0x57b2eaa76f30 list_size=4 head="stroke"
[UNHANDLED] cleanInner:bus addr=0x57b2eaa7b070 -> (bus (pts) (stroke) )
  children details (child_index: addr type extra):
    [0] addr=0x57b2eaa77570 atom="bus"
    [1] addr=0x57b2eaa775b0 list_size=3 head="pts"
    [2] addr=0x57b2eaa775f0 list_size=4 head="stroke"
[UNHANDLED] cleanInner:value addr=0x57b2eaa86300 -> (value "GND" )
  children details (child_index: addr type extra):
    [0] addr=0x57b2eaa864b0 atom="value"
    [1] addr=0x57b2eaa864f0 atom=""GND""
[UNHANDLED] cleanInner:value addr=0x57b2eaa866d0 -> (value "GND" )
  children details (child_index: addr type extra):
    [0] addr=0x57b2eaa86880 atom="value"
    [1] addr=0x57b2eaa868c0 atom=""GND""
[UNHANDLED] cleanInner:value addr=0x57b2eaa86aa0 -> (value "R" )
  children details (child_index: addr type extra):
    [0] addr=0x57b2eaa86c50 atom="value"
    [1] addr=0x57b2eaa86c90 atom=""R""
[UNHANDLED] cleanInner:value addr=0x57b2eaa86e70 -> (value "R" )
  children details (child_index: addr type extra):
    [0] addr=0x57b2eaa87020 atom="value"
    [1] addr=0x57b2eaa87060 atom=""R""
[appendRawPieceFromClean] piece_head='<kicad_sch>
  <version> attrs{value:20201015 }
  <generator> attrs{value:eeschema }
  <page> attrs{value:1 }
  <paper> attrs{value:"A4" }
  <lib_symbols>
  <sym'...
[BaselineBoard] appendRawPiece len=8427 head="kicad_sch"
[walkSchematicOnce] cleanedRoot children=22
[walkSchematicOnce] child tag='version' children=0
[appendRawPieceFromClean] piece_head='<version> attrs{value:20201015 }'...
[BaselineBoard] appendRawPiece len=32 head="version"
[walkSchematicOnce] child tag='generator' children=0
[appendRawPieceFromClean] piece_head='<generator> attrs{value:eeschema }'...
[BaselineBoard] appendRawPiece len=34 head="generator"
[walkSchematicOnce] child tag='page' children=0
[appendRawPieceFromClean] piece_head='<page> attrs{value:1 }'...
[BaselineBoard] appendRawPiece len=22 head="page"
[walkSchematicOnce] child tag='paper' children=0
[appendRawPieceFromClean] piece_head='<paper> attrs{value:"A4" }'...
[BaselineBoard] appendRawPiece len=26 head="paper"
[walkSchematicOnce] child tag='lib_symbols' children=2
[handleLibSymbolsCleanNode] called, children=2
[WARNING] Duplicate lib_symbols differs; keeping first.
[walkSchematicOnce] child tag='junction' children=0
[handleJunctionFromClean] called for tag='junction'
[handleJunction] saved junction shape (x=139.70, y=63.50)
[walkSchematicOnce] child tag='bus_entry' children=2
[appendRawPieceFromClean] piece_head='<bus_entry> at=(139.700,63.500,0.000)
  <size> attrs{token_1:-2.540000 token_2:2.540000 }
  <stroke> attrs{sub_color:0 sub_type:solid sub_width:0.152400 }'...
[BaselineBoard] appendRawPiece len=154 head="bus_entry"
[walkSchematicOnce] child tag='bus_entry' children=2
[appendRawPieceFromClean] piece_head='<bus_entry> at=(142.240,66.040,0.000)
  <size> attrs{token_1:-2.540000 token_2:-2.540000 }
  <stroke> attrs{sub_color:0 sub_type:solid sub_width:0.152400 }'...
[BaselineBoard] appendRawPiece len=155 head="bus_entry"
[walkSchematicOnce] child tag='wire' children=1
[handleWireFromClean] called for tag='wire'
[handleWire] saved 1 wire(s) from clean.pts
[walkSchematicOnce] child tag='wire' children=1
[handleWireFromClean] called for tag='wire'
[handleWire] saved 1 wire(s) from clean.pts
[walkSchematicOnce] child tag='bus' children=2
[appendRawPieceFromClean] piece_head='<bus>
  <pts> pts=[(139.700,49.530),(139.700,63.500)]
  <stroke> attrs{sub_color:0 sub_type:solid sub_width:0 }'...
[BaselineBoard] appendRawPiece len=111 head="bus"
[walkSchematicOnce] child tag='bus' children=2
[appendRawPieceFromClean] piece_head='<bus>
  <pts> pts=[(139.700,63.500),(139.700,88.900)]
  <stroke> attrs{sub_color:0 sub_type:solid sub_width:0 }'...
[BaselineBoard] appendRawPiece len=111 head="bus"
[walkSchematicOnce] child tag='bus' children=2
[appendRawPieceFromClean] piece_head='<bus>
  <pts> pts=[(139.700,63.500),(152.400,63.500)]
  <stroke> attrs{sub_color:0 sub_type:solid sub_width:0 }'...
[BaselineBoard] appendRawPiece len=111 head="bus"
[walkSchematicOnce] child tag='label' children=2
[handleTextFromClean] called for tag='label'
[handleText] failed to convert text to shape
[walkSchematicOnce] child tag='label' children=2
[handleTextFromClean] called for tag='label'
[handleText] failed to convert text to shape
[walkSchematicOnce] child tag='label' children=2
[handleTextFromClean] called for tag='label'
[handleText] failed to convert text to shape
[walkSchematicOnce] child tag='symbol' children=9
[handleSymbolFromClean] lib_id='(none)' tag='symbol' children=9
[walkSchematicOnce] child tag='symbol' children=9
[handleSymbolFromClean] lib_id='(none)' tag='symbol' children=9
[walkSchematicOnce] child tag='symbol' children=9
[handleSymbolFromClean] lib_id='(none)' tag='symbol' children=9
[walkSchematicOnce] child tag='symbol' children=9
[handleSymbolFromClean] lib_id='(none)' tag='symbol' children=9
[walkSchematicOnce] child tag='sheet_instances' children=1
[appendRawPieceFromClean] piece_head='<sheet_instances>
  <path> attrs{page:"" }'...
[BaselineBoard] appendRawPiece len=42 head="sheet_instances"
[walkSchematicOnce] child tag='symbol_instances' children=4
[appendRawPieceFromClean] piece_head='<symbol_instances>
  <path> attrs{value:"/5b5f14d2-321f-4cc3-b212-963f7c9ce9c1" }
  <reference> attrs{value:"#PWR?" }
  <unit> attrs{value:1 }
  <value> attrs{v'...
[BaselineBoard] appendRawPiece len=680 head="symbol_instances"
=== SUMMARY === junctionShapes=2 wireShapes=4 symbols=4 rawPieces=133
=== DUMP wires: count=4 ===
 wire[0] start=(128.27,66.04) end=(137.16,66.04)
 wire[1] start=(142.24,66.04) end=(152.40,66.04)
 wire[2] start=(128.27,66.04) end=(137.16,66.04)
 wire[3] start=(142.24,66.04) end=(152.40,66.04)
[main] writing KiCad S-expr via b->dumpKiCad(std::cout)
[dumpKiCad] dumping board...
[dumpKiCad] done.
[main] writing KiCad S-expr via b->dumpKiCad(std::cout)
[dumpKiCad] dumping board...
[dumpKiCad] done.
[main] writing KiCad S-expr via b->dumpKiCad(std::cout)
[dumpKiCad] dumping board...
[dumpKiCad] done.
[main] writing KiCad S-expr via b->dumpKiCad(std::cout)
[dumpKiCad] dumping board...
[dumpKiCad] done.
[main] writing KiCad S-expr via b->dumpKiCad(std::cout)
[dumpKiCad] dumping board...
[dumpKiCad] done.
[main] writing KiCad S-expr via b->dumpKiCad(std::cout)
[dumpKiCad] dumping board...
[dumpKiCad] done.
