[DEBUG] Root children: 29
  child 0 (non-list or no head)
  child 1 tag="version"
  child 2 tag="generator"
  child 3 tag="uuid"
  child 4 tag="paper"
  child 5 tag="lib_symbols"
  child 6 tag="junction"
  child 7 tag="junction"
  child 8 tag="junction"
  child 9 tag="wire"
  child 10 tag="wire"
  child 11 tag="wire"
  child 12 tag="wire"
  child 13 tag="wire"
  child 14 tag="wire"
  child 15 tag="wire"
  child 16 tag="wire"
  child 17 tag="wire"
  child 18 tag="wire"
  child 19 tag="wire"
  child 20 tag="label"
  child 21 tag="hierarchical_label"
  child 22 tag="hierarchical_label"
  child 23 tag="symbol"
  child 24 tag="symbol"
  child 25 tag="symbol"
  child 26 tag="symbol"
  child 27 tag="symbol"
  child 28 tag="symbol"
[BaselineBoard] appendRawPiece len=10978
kicad_sch  (children=29)
[UNHANDLED-PCB] tag="kicad_sch"
[BaselineBoard] appendRawPiece len=18
  version  (children=2)
[BaselineBoard] appendRawPiece len=20
  generator  (children=2)
[BaselineBoard] appendRawPiece len=43
  uuid  (children=2)
[BaselineBoard] appendRawPiece len=12
  paper  (children=2)
[BaselineBoard] appendRawPiece len=3825
  lib_symbols  (children=4)
[traverseAst] LIB_SYMBOLS depth=1 raw_len=3825
[BaselineBoard] setLibSymbolsRaw len=3825
[BaselineBoard] appendRawPiece len=3825
AstCleaner: handling lib_symbols at 0x7ffc6aeadda0
[handleLibSymbolsCleanNode] called, children=3
[WARNING] Duplicate lib_symbols differs; keeping first.
[traverseAst] LIB_SYMBOLS -> handleLibSymbolsCleanNode() called; libSymbolsRaw_len=3825
[BaselineBoard] appendRawPiece len=1458
    symbol  (children=15)
[BaselineBoard] appendRawPiece len=1257
    symbol  (children=15)
[BaselineBoard] appendRawPiece len=1094
    symbol  (children=14)
[BaselineBoard] appendRawPiece len=109
  junction  (children=5)
[traverseAst] JUNCTION depth=1 raw_len=109
[BaselineBoard] appendRawPiece len=109
[UNHANDLED] cleanInner:diameter addr=0x57cec7900410 -> (diameter 0 )
  children details (child_index: addr type extra):
    [0] addr=0x57cec7905600 atom="diameter"
    [1] addr=0x57cec7905640 atom="0"
[handleJunctionFromClean] called for tag='junction'
[handleJunction] saved junction shape (x=142.24, y=88.90)
[traverseAst] JUNCTION -> handleJunctionFromClean() called; board junctionCount=1
[BaselineBoard] appendRawPiece len=25
    at  (children=3)
    [UNHANDLED-PCB] tag="at"
[BaselineBoard] appendRawPiece len=10
[BaselineBoard] appendRawPiece len=9
[BaselineBoard] appendRawPiece len=12
    diameter  (children=2)
    [UNHANDLED-PCB] tag="diameter"
[BaselineBoard] appendRawPiece len=1
[BaselineBoard] appendRawPiece len=15
    color  (children=5)
    [UNHANDLED-PCB] tag="color"
[BaselineBoard] appendRawPiece len=1
[BaselineBoard] appendRawPiece len=1
[BaselineBoard] appendRawPiece len=1
[BaselineBoard] appendRawPiece len=1
[BaselineBoard] appendRawPiece len=43
    uuid  (children=2)
[BaselineBoard] appendRawPiece len=109
  junction  (children=5)
[traverseAst] JUNCTION depth=1 raw_len=109
[BaselineBoard] appendRawPiece len=109
[UNHANDLED] cleanInner:diameter addr=0x57cec7900410 -> (diameter 0 )
  children details (child_index: addr type extra):
    [0] addr=0x57cec79053e0 atom="diameter"
    [1] addr=0x57cec7905420 atom="0"
[handleJunctionFromClean] called for tag='junction'
[handleJunction] saved junction shape (x=139.70, y=88.90)
[traverseAst] JUNCTION -> handleJunctionFromClean() called; board junctionCount=2
[BaselineBoard] appendRawPiece len=25
    at  (children=3)
    [UNHANDLED-PCB] tag="at"
[BaselineBoard] appendRawPiece len=10
[BaselineBoard] appendRawPiece len=9
[BaselineBoard] appendRawPiece len=12
    diameter  (children=2)
    [UNHANDLED-PCB] tag="diameter"
[BaselineBoard] appendRawPiece len=1
[BaselineBoard] appendRawPiece len=15
    color  (children=5)
    [UNHANDLED-PCB] tag="color"
[BaselineBoard] appendRawPiece len=1
[BaselineBoard] appendRawPiece len=1
[BaselineBoard] appendRawPiece len=1
[BaselineBoard] appendRawPiece len=1
[BaselineBoard] appendRawPiece len=43
    uuid  (children=2)
[BaselineBoard] appendRawPiece len=109
  junction  (children=5)
[traverseAst] JUNCTION depth=1 raw_len=109
[BaselineBoard] appendRawPiece len=109
[UNHANDLED] cleanInner:diameter addr=0x57cec7900410 -> (diameter 0 )
  children details (child_index: addr type extra):
    [0] addr=0x57cec7905600 atom="diameter"
    [1] addr=0x57cec7905640 atom="0"
[handleJunctionFromClean] called for tag='junction'
[handleJunction] saved junction shape (x=137.16, y=88.90)
[traverseAst] JUNCTION -> handleJunctionFromClean() called; board junctionCount=3
[BaselineBoard] appendRawPiece len=25
    at  (children=3)
    [UNHANDLED-PCB] tag="at"
[BaselineBoard] appendRawPiece len=10
[BaselineBoard] appendRawPiece len=9
[BaselineBoard] appendRawPiece len=12
    diameter  (children=2)
    [UNHANDLED-PCB] tag="diameter"
[BaselineBoard] appendRawPiece len=1
[BaselineBoard] appendRawPiece len=15
    color  (children=5)
    [UNHANDLED-PCB] tag="color"
[BaselineBoard] appendRawPiece len=1
[BaselineBoard] appendRawPiece len=1
[BaselineBoard] appendRawPiece len=1
[BaselineBoard] appendRawPiece len=1
[BaselineBoard] appendRawPiece len=43
    uuid  (children=2)
[BaselineBoard] appendRawPiece len=142
  wire  (children=4)
[traverseAst] WIRE depth=1 raw_len=142
[BaselineBoard] appendRawPiece len=142
[handleWireFromClean] called for tag='wire'
[handleWire] PUSH (pts.node.pts) 151.130005,88.900002->152.399994,88.900002 ; added=1
[handleWire] saved 1 wire(s) from pts-children (deduped)
[traverseAst] WIRE -> handleWireFromClean() called; board wireCount=1
[BaselineBoard] appendRawPiece len=57
    pts  (children=3)
[BaselineBoard] appendRawPiece len=25
      xy  (children=3)
[BaselineBoard] appendRawPiece len=10
[BaselineBoard] appendRawPiece len=9
[BaselineBoard] appendRawPiece len=25
      xy  (children=3)
[BaselineBoard] appendRawPiece len=10
[BaselineBoard] appendRawPiece len=9
[BaselineBoard] appendRawPiece len=33
    stroke  (children=3)
    [UNHANDLED-PCB] tag="stroke"
[BaselineBoard] appendRawPiece len=9
      width  (children=2)
      [UNHANDLED-PCB] tag="width"
[BaselineBoard] appendRawPiece len=1
[BaselineBoard] appendRawPiece len=14
      type  (children=2)
      [UNHANDLED-PCB] tag="type"
[BaselineBoard] appendRawPiece len=7
[BaselineBoard] appendRawPiece len=43
    uuid  (children=2)
[BaselineBoard] appendRawPiece len=142
  wire  (children=4)
[traverseAst] WIRE depth=1 raw_len=142
[BaselineBoard] appendRawPiece len=142
[handleWireFromClean] called for tag='wire'
[handleWire] PUSH (pts.node.pts) 142.240005,80.010002->142.240005,88.900002 ; added=1
[handleWire] saved 1 wire(s) from pts-children (deduped)
[traverseAst] WIRE -> handleWireFromClean() called; board wireCount=2
[BaselineBoard] appendRawPiece len=57
    pts  (children=3)
[BaselineBoard] appendRawPiece len=25
      xy  (children=3)
[BaselineBoard] appendRawPiece len=10
[BaselineBoard] appendRawPiece len=9
[BaselineBoard] appendRawPiece len=25
      xy  (children=3)
[BaselineBoard] appendRawPiece len=10
[BaselineBoard] appendRawPiece len=9
[BaselineBoard] appendRawPiece len=33
    stroke  (children=3)
    [UNHANDLED-PCB] tag="stroke"
[BaselineBoard] appendRawPiece len=9
      width  (children=2)
      [UNHANDLED-PCB] tag="width"
[BaselineBoard] appendRawPiece len=1
[BaselineBoard] appendRawPiece len=14
      type  (children=2)
      [UNHANDLED-PCB] tag="type"
[BaselineBoard] appendRawPiece len=7
[BaselineBoard] appendRawPiece len=43
    uuid  (children=2)
[BaselineBoard] appendRawPiece len=142
  wire  (children=4)
[traverseAst] WIRE depth=1 raw_len=142
[BaselineBoard] appendRawPiece len=142
[handleWireFromClean] called for tag='wire'
[handleWire] PUSH (pts.node.pts) 135.889999,88.900002->137.160004,88.900002 ; added=1
[handleWire] saved 1 wire(s) from pts-children (deduped)
[traverseAst] WIRE -> handleWireFromClean() called; board wireCount=3
[BaselineBoard] appendRawPiece len=57
    pts  (children=3)
[BaselineBoard] appendRawPiece len=25
      xy  (children=3)
[BaselineBoard] appendRawPiece len=10
[BaselineBoard] appendRawPiece len=9
[BaselineBoard] appendRawPiece len=25
      xy  (children=3)
[BaselineBoard] appendRawPiece len=10
[BaselineBoard] appendRawPiece len=9
[BaselineBoard] appendRawPiece len=33
    stroke  (children=3)
    [UNHANDLED-PCB] tag="stroke"
[BaselineBoard] appendRawPiece len=9
      width  (children=2)
      [UNHANDLED-PCB] tag="width"
[BaselineBoard] appendRawPiece len=1
[BaselineBoard] appendRawPiece len=14
      type  (children=2)
      [UNHANDLED-PCB] tag="type"
[BaselineBoard] appendRawPiece len=7
[BaselineBoard] appendRawPiece len=43
    uuid  (children=2)
[BaselineBoard] appendRawPiece len=144
  wire  (children=4)
[traverseAst] WIRE depth=1 raw_len=144
[BaselineBoard] appendRawPiece len=144
[handleWireFromClean] called for tag='wire'
[handleWire] PUSH (pts.node.pts) 139.699997,100.330002->139.699997,101.599998 ; added=1
[handleWire] saved 1 wire(s) from pts-children (deduped)
[traverseAst] WIRE -> handleWireFromClean() called; board wireCount=4
[BaselineBoard] appendRawPiece len=59
    pts  (children=3)
[BaselineBoard] appendRawPiece len=26
      xy  (children=3)
[BaselineBoard] appendRawPiece len=10
[BaselineBoard] appendRawPiece len=10
[BaselineBoard] appendRawPiece len=26
      xy  (children=3)
[BaselineBoard] appendRawPiece len=10
[BaselineBoard] appendRawPiece len=10
[BaselineBoard] appendRawPiece len=33
    stroke  (children=3)
    [UNHANDLED-PCB] tag="stroke"
[BaselineBoard] appendRawPiece len=9
      width  (children=2)
      [UNHANDLED-PCB] tag="width"
[BaselineBoard] appendRawPiece len=1
[BaselineBoard] appendRawPiece len=14
      type  (children=2)
      [UNHANDLED-PCB] tag="type"
[BaselineBoard] appendRawPiece len=7
[BaselineBoard] appendRawPiece len=43
    uuid  (children=2)
[BaselineBoard] appendRawPiece len=135
  wire  (children=4)
[traverseAst] WIRE depth=1 raw_len=135
[BaselineBoard] appendRawPiece len=135
[handleWireFromClean] called for tag='wire'
[handleWire] PUSH (pts.node.pts) 127.000000,88.900002->128.270004,88.900002 ; added=1
[handleWire] saved 1 wire(s) from pts-children (deduped)
[traverseAst] WIRE -> handleWireFromClean() called; board wireCount=5
[BaselineBoard] appendRawPiece len=50
    pts  (children=3)
[BaselineBoard] appendRawPiece len=18
      xy  (children=3)
[BaselineBoard] appendRawPiece len=3
[BaselineBoard] appendRawPiece len=9
[BaselineBoard] appendRawPiece len=25
      xy  (children=3)
[BaselineBoard] appendRawPiece len=10
[BaselineBoard] appendRawPiece len=9
[BaselineBoard] appendRawPiece len=33
    stroke  (children=3)
    [UNHANDLED-PCB] tag="stroke"
[BaselineBoard] appendRawPiece len=9
      width  (children=2)
      [UNHANDLED-PCB] tag="width"
[BaselineBoard] appendRawPiece len=1
[BaselineBoard] appendRawPiece len=14
      type  (children=2)
      [UNHANDLED-PCB] tag="type"
[BaselineBoard] appendRawPiece len=7
[BaselineBoard] appendRawPiece len=43
    uuid  (children=2)
[BaselineBoard] appendRawPiece len=142
  wire  (children=4)
[traverseAst] WIRE depth=1 raw_len=142
[BaselineBoard] appendRawPiece len=142
[handleWireFromClean] called for tag='wire'
[handleWire] PUSH (pts.node.pts) 137.160004,72.389999->142.240005,72.389999 ; added=1
[handleWire] saved 1 wire(s) from pts-children (deduped)
[traverseAst] WIRE -> handleWireFromClean() called; board wireCount=6
[BaselineBoard] appendRawPiece len=57
    pts  (children=3)
[BaselineBoard] appendRawPiece len=25
      xy  (children=3)
[BaselineBoard] appendRawPiece len=10
[BaselineBoard] appendRawPiece len=9
[BaselineBoard] appendRawPiece len=25
      xy  (children=3)
[BaselineBoard] appendRawPiece len=10
[BaselineBoard] appendRawPiece len=9
[BaselineBoard] appendRawPiece len=33
    stroke  (children=3)
    [UNHANDLED-PCB] tag="stroke"
[BaselineBoard] appendRawPiece len=9
      width  (children=2)
      [UNHANDLED-PCB] tag="width"
[BaselineBoard] appendRawPiece len=1
[BaselineBoard] appendRawPiece len=14
      type  (children=2)
      [UNHANDLED-PCB] tag="type"
[BaselineBoard] appendRawPiece len=7
[BaselineBoard] appendRawPiece len=43
    uuid  (children=2)
[BaselineBoard] appendRawPiece len=142
  wire  (children=4)
[traverseAst] WIRE depth=1 raw_len=142
[BaselineBoard] appendRawPiece len=142
[handleWireFromClean] called for tag='wire'
[handleWire] PUSH (pts.node.pts) 142.240005,88.900002->143.509995,88.900002 ; added=1
[handleWire] saved 1 wire(s) from pts-children (deduped)
[traverseAst] WIRE -> handleWireFromClean() called; board wireCount=7
[BaselineBoard] appendRawPiece len=57
    pts  (children=3)
[BaselineBoard] appendRawPiece len=25
      xy  (children=3)
[BaselineBoard] appendRawPiece len=10
[BaselineBoard] appendRawPiece len=9
[BaselineBoard] appendRawPiece len=25
      xy  (children=3)
[BaselineBoard] appendRawPiece len=10
[BaselineBoard] appendRawPiece len=9
[BaselineBoard] appendRawPiece len=33
    stroke  (children=3)
    [UNHANDLED-PCB] tag="stroke"
[BaselineBoard] appendRawPiece len=9
      width  (children=2)
      [UNHANDLED-PCB] tag="width"
[BaselineBoard] appendRawPiece len=1
[BaselineBoard] appendRawPiece len=14
      type  (children=2)
      [UNHANDLED-PCB] tag="type"
[BaselineBoard] appendRawPiece len=7
[BaselineBoard] appendRawPiece len=43
    uuid  (children=2)
[BaselineBoard] appendRawPiece len=142
  wire  (children=4)
[traverseAst] WIRE depth=1 raw_len=142
[BaselineBoard] appendRawPiece len=142
[handleWireFromClean] called for tag='wire'
[handleWire] PUSH (pts.node.pts) 139.699997,88.900002->139.699997,92.709999 ; added=1
[handleWire] saved 1 wire(s) from pts-children (deduped)
[traverseAst] WIRE -> handleWireFromClean() called; board wireCount=8
[BaselineBoard] appendRawPiece len=57
    pts  (children=3)
[BaselineBoard] appendRawPiece len=25
      xy  (children=3)
[BaselineBoard] appendRawPiece len=10
[BaselineBoard] appendRawPiece len=9
[BaselineBoard] appendRawPiece len=25
      xy  (children=3)
[BaselineBoard] appendRawPiece len=10
[BaselineBoard] appendRawPiece len=9
[BaselineBoard] appendRawPiece len=33
    stroke  (children=3)
    [UNHANDLED-PCB] tag="stroke"
[BaselineBoard] appendRawPiece len=9
      width  (children=2)
      [UNHANDLED-PCB] tag="width"
[BaselineBoard] appendRawPiece len=1
[BaselineBoard] appendRawPiece len=14
      type  (children=2)
      [UNHANDLED-PCB] tag="type"
[BaselineBoard] appendRawPiece len=7
[BaselineBoard] appendRawPiece len=43
    uuid  (children=2)
[BaselineBoard] appendRawPiece len=142
  wire  (children=4)
[traverseAst] WIRE depth=1 raw_len=142
[BaselineBoard] appendRawPiece len=142
[handleWireFromClean] called for tag='wire'
[handleWire] PUSH (pts.node.pts) 139.699997,88.900002->142.240005,88.900002 ; added=1
[handleWire] saved 1 wire(s) from pts-children (deduped)
[traverseAst] WIRE -> handleWireFromClean() called; board wireCount=9
[BaselineBoard] appendRawPiece len=57
    pts  (children=3)
[BaselineBoard] appendRawPiece len=25
      xy  (children=3)
[BaselineBoard] appendRawPiece len=10
[BaselineBoard] appendRawPiece len=9
[BaselineBoard] appendRawPiece len=25
      xy  (children=3)
[BaselineBoard] appendRawPiece len=10
[BaselineBoard] appendRawPiece len=9
[BaselineBoard] appendRawPiece len=33
    stroke  (children=3)
    [UNHANDLED-PCB] tag="stroke"
[BaselineBoard] appendRawPiece len=9
      width  (children=2)
      [UNHANDLED-PCB] tag="width"
[BaselineBoard] appendRawPiece len=1
[BaselineBoard] appendRawPiece len=14
      type  (children=2)
      [UNHANDLED-PCB] tag="type"
[BaselineBoard] appendRawPiece len=7
[BaselineBoard] appendRawPiece len=43
    uuid  (children=2)
[BaselineBoard] appendRawPiece len=142
  wire  (children=4)
[traverseAst] WIRE depth=1 raw_len=142
[BaselineBoard] appendRawPiece len=142
[handleWireFromClean] called for tag='wire'
[handleWire] PUSH (pts.node.pts) 137.160004,80.010002->137.160004,88.900002 ; added=1
[handleWire] saved 1 wire(s) from pts-children (deduped)
[traverseAst] WIRE -> handleWireFromClean() called; board wireCount=10
[BaselineBoard] appendRawPiece len=57
    pts  (children=3)
[BaselineBoard] appendRawPiece len=25
      xy  (children=3)
[BaselineBoard] appendRawPiece len=10
[BaselineBoard] appendRawPiece len=9
[BaselineBoard] appendRawPiece len=25
      xy  (children=3)
[BaselineBoard] appendRawPiece len=10
[BaselineBoard] appendRawPiece len=9
[BaselineBoard] appendRawPiece len=33
    stroke  (children=3)
    [UNHANDLED-PCB] tag="stroke"
[BaselineBoard] appendRawPiece len=9
      width  (children=2)
      [UNHANDLED-PCB] tag="width"
[BaselineBoard] appendRawPiece len=1
[BaselineBoard] appendRawPiece len=14
      type  (children=2)
      [UNHANDLED-PCB] tag="type"
[BaselineBoard] appendRawPiece len=7
[BaselineBoard] appendRawPiece len=43
    uuid  (children=2)
[BaselineBoard] appendRawPiece len=142
  wire  (children=4)
[traverseAst] WIRE depth=1 raw_len=142
[BaselineBoard] appendRawPiece len=142
[handleWireFromClean] called for tag='wire'
[handleWire] PUSH (pts.node.pts) 137.160004,88.900002->139.699997,88.900002 ; added=1
[handleWire] saved 1 wire(s) from pts-children (deduped)
[traverseAst] WIRE -> handleWireFromClean() called; board wireCount=11
[BaselineBoard] appendRawPiece len=57
    pts  (children=3)
[BaselineBoard] appendRawPiece len=25
      xy  (children=3)
[BaselineBoard] appendRawPiece len=10
[BaselineBoard] appendRawPiece len=9
[BaselineBoard] appendRawPiece len=25
      xy  (children=3)
[BaselineBoard] appendRawPiece len=10
[BaselineBoard] appendRawPiece len=9
[BaselineBoard] appendRawPiece len=33
    stroke  (children=3)
    [UNHANDLED-PCB] tag="stroke"
[BaselineBoard] appendRawPiece len=9
      width  (children=2)
      [UNHANDLED-PCB] tag="width"
[BaselineBoard] appendRawPiece len=1
[BaselineBoard] appendRawPiece len=14
      type  (children=2)
      [UNHANDLED-PCB] tag="type"
[BaselineBoard] appendRawPiece len=7
[BaselineBoard] appendRawPiece len=43
    uuid  (children=2)
[BaselineBoard] appendRawPiece len=170
  label  (children=6)
[BaselineBoard] appendRawPiece len=184
  hierarchical_label  (children=7)
[BaselineBoard] appendRawPiece len=190
  hierarchical_label  (children=7)
[BaselineBoard] appendRawPiece len=759
  symbol  (children=15)
[BaselineBoard] appendRawPiece len=790
  symbol  (children=15)
[BaselineBoard] appendRawPiece len=711
  symbol  (children=14)
[BaselineBoard] appendRawPiece len=786
  symbol  (children=15)
[BaselineBoard] appendRawPiece len=788
  symbol  (children=15)
[BaselineBoard] appendRawPiece len=759
  symbol  (children=15)
AstCleaner: handling lib_symbols at 0x57cec79192e0
[UNHANDLED] cleanInner:hierarchical_label addr=0x57cec79196e0 -> (hierarchical_label "in" (shape) (at) (fields_autoplaced) (effects) (uuid) )
  children details (child_index: addr type extra):
    [0] addr=0x57cec7923880 atom="hierarchical_label"
    [1] addr=0x57cec79238c0 atom=""in""
    [2] addr=0x57cec7923900 list_size=2 head="shape"
    [3] addr=0x57cec7923940 list_size=4 head="at"
    [4] addr=0x57cec7923980 list_size=1 head="fields_autoplaced"
    [5] addr=0x57cec79239c0 list_size=3 head="effects"
    [6] addr=0x57cec7923a00 list_size=2 head="uuid"
[UNHANDLED] cleanInner:shape addr=0x57cec7923900 -> (shape input )
  children details (child_index: addr type extra):
    [0] addr=0x57cec7923a50 atom="shape"
    [1] addr=0x57cec7923a90 atom="input"
[UNHANDLED] cleanInner:fields_autoplaced addr=0x57cec7923980 -> (fields_autoplaced )
  children details (child_index: addr type extra):
    [0] addr=0x57cec791b6f0 atom="fields_autoplaced"
[UNHANDLED] cleanInner:hierarchical_label addr=0x57cec7919720 -> (hierarchical_label "out" (shape) (at) (fields_autoplaced) (effects) (uuid) )
  children details (child_index: addr type extra):
    [0] addr=0x57cec7923f40 atom="hierarchical_label"
    [1] addr=0x57cec7923f80 atom=""out""
    [2] addr=0x57cec7923fc0 list_size=2 head="shape"
    [3] addr=0x57cec7924000 list_size=4 head="at"
    [4] addr=0x57cec7924040 list_size=1 head="fields_autoplaced"
    [5] addr=0x57cec7924080 list_size=3 head="effects"
    [6] addr=0x57cec79240c0 list_size=2 head="uuid"
[UNHANDLED] cleanInner:shape addr=0x57cec7923fc0 -> (shape output )
  children details (child_index: addr type extra):
    [0] addr=0x57cec7924110 atom="shape"
    [1] addr=0x57cec7924150 atom="output"
[UNHANDLED] cleanInner:fields_autoplaced addr=0x57cec7924040 -> (fields_autoplaced )
  children details (child_index: addr type extra):
    [0] addr=0x57cec791b740 atom="fields_autoplaced"
[UNHANDLED] cleanInner:value addr=0x57cec7924e70 -> (value "" )
  children details (child_index: addr type extra):
    [0] addr=0x57cec7925020 atom="value"
    [1] addr=0x57cec7925060 atom=""""
[UNHANDLED] cleanInner:value addr=0x57cec7927170 -> (value "" )
  children details (child_index: addr type extra):
    [0] addr=0x57cec7927320 atom="value"
    [1] addr=0x57cec7927360 atom=""""
[UNHANDLED] cleanInner:value addr=0x57cec7929630 -> (value "" )
  children details (child_index: addr type extra):
    [0] addr=0x57cec7929810 atom="value"
    [1] addr=0x57cec7929850 atom=""""
[UNHANDLED] cleanInner:value addr=0x57cec792b920 -> (value "" )
  children details (child_index: addr type extra):
    [0] addr=0x57cec792bb00 atom="value"
    [1] addr=0x57cec792bb40 atom=""""
[UNHANDLED] cleanInner:value addr=0x57cec792df00 -> (value "" )
  children details (child_index: addr type extra):
    [0] addr=0x57cec792e0e0 atom="value"
    [1] addr=0x57cec792e120 atom=""""
[UNHANDLED] cleanInner:value addr=0x57cec79304e0 -> (value "" )
  children details (child_index: addr type extra):
    [0] addr=0x57cec79306c0 atom="value"
    [1] addr=0x57cec7930700 atom=""""
[appendRawPieceFromClean] piece_head='<kicad_sch>
  <version> attrs{value:20220404 }
  <generator> attrs{value:eeschema }
  <paper> attrs{value:"A4" }
  <lib_symbols>
  <symbol> property{"Reference"'...
[BaselineBoard] appendRawPiece len=13475 head="kicad_sch"
[walkSchematicOnce] cleanedRoot children=27
[walkSchematicOnce] child tag='version' children=0
[appendRawPieceFromClean] piece_head='<version> attrs{value:20220404 }'...
[BaselineBoard] appendRawPiece len=32 head="version"
[walkSchematicOnce] child tag='generator' children=0
[appendRawPieceFromClean] piece_head='<generator> attrs{value:eeschema }'...
[BaselineBoard] appendRawPiece len=34 head="generator"
[walkSchematicOnce] child tag='paper' children=0
[appendRawPieceFromClean] piece_head='<paper> attrs{value:"A4" }'...
[BaselineBoard] appendRawPiece len=26 head="paper"
[walkSchematicOnce] child tag='lib_symbols' children=3
[handleLibSymbolsCleanNode] called, children=3
[WARNING] Duplicate lib_symbols differs; keeping first.
[walkSchematicOnce] child tag='junction' children=0
[handleJunctionFromClean] called for tag='junction'
[handleJunction] saved junction shape (x=142.24, y=88.90)
[walkSchematicOnce] child tag='junction' children=0
[handleJunctionFromClean] called for tag='junction'
[handleJunction] saved junction shape (x=139.70, y=88.90)
[walkSchematicOnce] child tag='junction' children=0
[handleJunctionFromClean] called for tag='junction'
[handleJunction] saved junction shape (x=137.16, y=88.90)
[walkSchematicOnce] child tag='wire' children=1
[handleWireFromClean] called for tag='wire'
[handleWire] saved 1 wire(s) from clean.pts
[walkSchematicOnce] child tag='wire' children=1
[handleWireFromClean] called for tag='wire'
[handleWire] saved 1 wire(s) from clean.pts
[walkSchematicOnce] child tag='wire' children=1
[handleWireFromClean] called for tag='wire'
[handleWire] saved 1 wire(s) from clean.pts
[walkSchematicOnce] child tag='wire' children=1
[handleWireFromClean] called for tag='wire'
[handleWire] saved 1 wire(s) from clean.pts
[walkSchematicOnce] child tag='wire' children=1
[handleWireFromClean] called for tag='wire'
[handleWire] saved 1 wire(s) from clean.pts
[walkSchematicOnce] child tag='wire' children=1
[handleWireFromClean] called for tag='wire'
[handleWire] saved 1 wire(s) from clean.pts
[walkSchematicOnce] child tag='wire' children=1
[handleWireFromClean] called for tag='wire'
[handleWire] saved 1 wire(s) from clean.pts
[walkSchematicOnce] child tag='wire' children=1
[handleWireFromClean] called for tag='wire'
[handleWire] saved 1 wire(s) from clean.pts
[walkSchematicOnce] child tag='wire' children=1
[handleWireFromClean] called for tag='wire'
[handleWire] saved 1 wire(s) from clean.pts
[walkSchematicOnce] child tag='wire' children=1
[handleWireFromClean] called for tag='wire'
[handleWire] saved 1 wire(s) from clean.pts
[walkSchematicOnce] child tag='wire' children=1
[handleWireFromClean] called for tag='wire'
[handleWire] saved 1 wire(s) from clean.pts
[walkSchematicOnce] child tag='label' children=4
[handleTextFromClean] called for tag='label'
[handleText] failed to convert text to shape
[walkSchematicOnce] child tag='hierarchical_label' children=3
[handleTextFromClean] called for tag='hierarchical_label'
[handleText] failed to convert text to shape
[walkSchematicOnce] child tag='hierarchical_label' children=3
[handleTextFromClean] called for tag='hierarchical_label'
[handleText] failed to convert text to shape
[walkSchematicOnce] child tag='symbol' children=13
[handleSymbolFromClean] lib_id='(none)' tag='symbol' children=13
[walkSchematicOnce] child tag='symbol' children=13
[handleSymbolFromClean] lib_id='(none)' tag='symbol' children=13
[walkSchematicOnce] child tag='symbol' children=12
[handleSymbolFromClean] lib_id='(none)' tag='symbol' children=12
[walkSchematicOnce] child tag='symbol' children=13
[handleSymbolFromClean] lib_id='(none)' tag='symbol' children=13
[walkSchematicOnce] child tag='symbol' children=13
[handleSymbolFromClean] lib_id='(none)' tag='symbol' children=13
[walkSchematicOnce] child tag='symbol' children=13
[handleSymbolFromClean] lib_id='(none)' tag='symbol' children=13
=== SUMMARY === junctionShapes=6 wireShapes=22 symbols=6 rawPieces=236
=== DUMP wires: count=22 ===
 wire[0] start=(151.13,88.90) end=(152.40,88.90)
 wire[1] start=(142.24,80.01) end=(142.24,88.90)
 wire[2] start=(135.89,88.90) end=(137.16,88.90)
 wire[3] start=(139.70,101.60) end=(139.70,100.33)
 wire[4] start=(127.00,88.90) end=(128.27,88.90)
 wire[5] start=(137.16,72.39) end=(142.24,72.39)
 wire[6] start=(143.51,88.90) end=(142.24,88.90)
 wire[7] start=(139.70,92.71) end=(139.70,88.90)
 wire[8] start=(142.24,88.90) end=(139.70,88.90)
 wire[9] start=(137.16,80.01) end=(137.16,88.90)
 wire[10] start=(137.16,88.90) end=(139.70,88.90)
 wire[11] start=(151.13,88.90) end=(152.40,88.90)
 wire[12] start=(142.24,80.01) end=(142.24,88.90)
 wire[13] start=(135.89,88.90) end=(137.16,88.90)
 wire[14] start=(139.70,101.60) end=(139.70,100.33)
 wire[15] start=(127.00,88.90) end=(128.27,88.90)
 wire[16] start=(137.16,72.39) end=(142.24,72.39)
 wire[17] start=(143.51,88.90) end=(142.24,88.90)
 wire[18] start=(139.70,92.71) end=(139.70,88.90)
 wire[19] start=(142.24,88.90) end=(139.70,88.90)
 wire[20] start=(137.16,80.01) end=(137.16,88.90)
 wire[21] start=(137.16,88.90) end=(139.70,88.90)
[main] writing KiCad S-expr via b->dumpKiCad(std::cout)
[dumpKiCad] dumping board...
[dumpKiCad] done.
[main] writing KiCad S-expr via b->dumpKiCad(std::cout)
[dumpKiCad] dumping board...
[dumpKiCad] done.
[main] writing KiCad S-expr via b->dumpKiCad(std::cout)
[dumpKiCad] dumping board...
[dumpKiCad] done.
[main] writing KiCad S-expr via b->dumpKiCad(std::cout)
[dumpKiCad] dumping board...
[dumpKiCad] done.
[main] writing KiCad S-expr via b->dumpKiCad(std::cout)
[dumpKiCad] dumping board...
[dumpKiCad] done.
[main] writing KiCad S-expr via b->dumpKiCad(std::cout)
[dumpKiCad] dumping board...
[dumpKiCad] done.
