[DEBUG] Root children: 16
  child 0 (non-list or no head)
  child 1 tag="version"
  child 2 tag="generator"
  child 3 tag="page"
  child 4 tag="paper"
  child 5 tag="lib_symbols"
  child 6 tag="bus"
  child 7 tag="bus"
  child 8 tag="bus"
  child 9 tag="bus"
  child 10 tag="bus"
  child 11 tag="bus"
  child 12 tag="sheet"
  child 13 tag="sheet"
  child 14 tag="sheet"
  child 15 tag="symbol_instances"
[BaselineBoard] appendRawPiece len=3130
kicad_sch  (children=16)
[UNHANDLED-PCB] tag="kicad_sch"
[BaselineBoard] appendRawPiece len=18
  version  (children=2)
[BaselineBoard] appendRawPiece len=20
  generator  (children=2)
[BaselineBoard] appendRawPiece len=10
  page  (children=3)
[BaselineBoard] appendRawPiece len=12
  paper  (children=2)
[BaselineBoard] appendRawPiece len=13
  lib_symbols  (children=1)
[traverseAst] LIB_SYMBOLS depth=1 raw_len=13
[BaselineBoard] setLibSymbolsRaw len=13
[BaselineBoard] appendRawPiece len=13
AstCleaner: handling lib_symbols at 0x7fff4736afd0
[handleLibSymbolsCleanNode] called, children=0
[WARNING] Duplicate lib_symbols differs; keeping first.
[traverseAst] LIB_SYMBOLS -> handleLibSymbolsCleanNode() called; libSymbolsRaw_len=13
[BaselineBoard] appendRawPiece len=111
  bus  (children=3)
[BaselineBoard] appendRawPiece len=111
  bus  (children=3)
[BaselineBoard] appendRawPiece len=111
  bus  (children=3)
[BaselineBoard] appendRawPiece len=111
  bus  (children=3)
[BaselineBoard] appendRawPiece len=111
  bus  (children=3)
[BaselineBoard] appendRawPiece len=111
  bus  (children=3)
[BaselineBoard] appendRawPiece len=681
  sheet  (children=10)
[BaselineBoard] appendRawPiece len=548
  sheet  (children=9)
[BaselineBoard] appendRawPiece len=570
  sheet  (children=9)
[BaselineBoard] appendRawPiece len=566
  symbol_instances  (children=5)
  [UNHANDLED-PCB] tag="symbol_instances"
[BaselineBoard] appendRawPiece len=136
    path  (children=6)
    [UNHANDLED-PCB] tag="path"
[BaselineBoard] appendRawPiece len=76
[BaselineBoard] appendRawPiece len=16
      reference  (children=2)
      [UNHANDLED-PCB] tag="reference"
[BaselineBoard] appendRawPiece len=4
[BaselineBoard] appendRawPiece len=8
      unit  (children=2)
      [UNHANDLED-PCB] tag="unit"
[BaselineBoard] appendRawPiece len=1
[BaselineBoard] appendRawPiece len=11
      value  (children=2)
      [UNHANDLED-PCB] tag="value"
[BaselineBoard] appendRawPiece len=3
[BaselineBoard] appendRawPiece len=14
      footprint  (children=2)
      [UNHANDLED-PCB] tag="footprint"
[BaselineBoard] appendRawPiece len=2
[BaselineBoard] appendRawPiece len=136
    path  (children=6)
    [UNHANDLED-PCB] tag="path"
[BaselineBoard] appendRawPiece len=76
[BaselineBoard] appendRawPiece len=16
      reference  (children=2)
      [UNHANDLED-PCB] tag="reference"
[BaselineBoard] appendRawPiece len=4
[BaselineBoard] appendRawPiece len=8
      unit  (children=2)
      [UNHANDLED-PCB] tag="unit"
[BaselineBoard] appendRawPiece len=1
[BaselineBoard] appendRawPiece len=11
      value  (children=2)
      [UNHANDLED-PCB] tag="value"
[BaselineBoard] appendRawPiece len=3
[BaselineBoard] appendRawPiece len=14
      footprint  (children=2)
      [UNHANDLED-PCB] tag="footprint"
[BaselineBoard] appendRawPiece len=2
[BaselineBoard] appendRawPiece len=136
    path  (children=6)
    [UNHANDLED-PCB] tag="path"
[BaselineBoard] appendRawPiece len=76
[BaselineBoard] appendRawPiece len=16
      reference  (children=2)
      [UNHANDLED-PCB] tag="reference"
[BaselineBoard] appendRawPiece len=4
[BaselineBoard] appendRawPiece len=8
      unit  (children=2)
      [UNHANDLED-PCB] tag="unit"
[BaselineBoard] appendRawPiece len=1
[BaselineBoard] appendRawPiece len=11
      value  (children=2)
      [UNHANDLED-PCB] tag="value"
[BaselineBoard] appendRawPiece len=3
[BaselineBoard] appendRawPiece len=14
      footprint  (children=2)
      [UNHANDLED-PCB] tag="footprint"
[BaselineBoard] appendRawPiece len=2
[BaselineBoard] appendRawPiece len=136
    path  (children=6)
    [UNHANDLED-PCB] tag="path"
[BaselineBoard] appendRawPiece len=76
[BaselineBoard] appendRawPiece len=16
      reference  (children=2)
      [UNHANDLED-PCB] tag="reference"
[BaselineBoard] appendRawPiece len=4
[BaselineBoard] appendRawPiece len=8
      unit  (children=2)
      [UNHANDLED-PCB] tag="unit"
[BaselineBoard] appendRawPiece len=1
[BaselineBoard] appendRawPiece len=11
      value  (children=2)
      [UNHANDLED-PCB] tag="value"
[BaselineBoard] appendRawPiece len=3
[BaselineBoard] appendRawPiece len=14
      footprint  (children=2)
      [UNHANDLED-PCB] tag="footprint"
[BaselineBoard] appendRawPiece len=2
AstCleaner: handling lib_symbols at 0x59519f20c810
[UNHANDLED] cleanInner:bus addr=0x59519f20c850 -> (bus (pts) (stroke) )
  children details (child_index: addr type extra):
    [0] addr=0x59519f2103e0 atom="bus"
    [1] addr=0x59519f210420 list_size=3 head="pts"
    [2] addr=0x59519f210460 list_size=4 head="stroke"
[UNHANDLED] cleanInner:bus addr=0x59519f20c890 -> (bus (pts) (stroke) )
  children details (child_index: addr type extra):
    [0] addr=0x59519f211300 atom="bus"
    [1] addr=0x59519f211340 list_size=3 head="pts"
    [2] addr=0x59519f211380 list_size=4 head="stroke"
[UNHANDLED] cleanInner:bus addr=0x59519f20c8d0 -> (bus (pts) (stroke) )
  children details (child_index: addr type extra):
    [0] addr=0x59519f2118a0 atom="bus"
    [1] addr=0x59519f2118e0 list_size=3 head="pts"
    [2] addr=0x59519f211920 list_size=4 head="stroke"
[UNHANDLED] cleanInner:bus addr=0x59519f20c910 -> (bus (pts) (stroke) )
  children details (child_index: addr type extra):
    [0] addr=0x59519f211ed0 atom="bus"
    [1] addr=0x59519f211f10 list_size=3 head="pts"
    [2] addr=0x59519f211f50 list_size=4 head="stroke"
[UNHANDLED] cleanInner:bus addr=0x59519f20c950 -> (bus (pts) (stroke) )
  children details (child_index: addr type extra):
    [0] addr=0x59519f212590 atom="bus"
    [1] addr=0x59519f2125d0 list_size=3 head="pts"
    [2] addr=0x59519f212610 list_size=4 head="stroke"
[UNHANDLED] cleanInner:bus addr=0x59519f20c990 -> (bus (pts) (stroke) )
  children details (child_index: addr type extra):
    [0] addr=0x59519f212c50 atom="bus"
    [1] addr=0x59519f212c90 list_size=3 head="pts"
    [2] addr=0x59519f212cd0 list_size=4 head="stroke"
[UNHANDLED] cleanInner:value addr=0x59519f218a50 -> (value "R" )
  children details (child_index: addr type extra):
    [0] addr=0x59519f218c00 atom="value"
    [1] addr=0x59519f218c40 atom=""R""
[UNHANDLED] cleanInner:value addr=0x59519f218e20 -> (value "R" )
  children details (child_index: addr type extra):
    [0] addr=0x59519f218fd0 atom="value"
    [1] addr=0x59519f219010 atom=""R""
[UNHANDLED] cleanInner:value addr=0x59519f2191f0 -> (value "R" )
  children details (child_index: addr type extra):
    [0] addr=0x59519f219400 atom="value"
    [1] addr=0x59519f219440 atom=""R""
[UNHANDLED] cleanInner:value addr=0x59519f219620 -> (value "R" )
  children details (child_index: addr type extra):
    [0] addr=0x59519f219830 atom="value"
    [1] addr=0x59519f219870 atom=""R""
[appendRawPieceFromClean] piece_head='<kicad_sch>
  <version> attrs{value:20200828 }
  <generator> attrs{value:eeschema }
  <page> attrs{value:1 }
  <paper> attrs{value:"A4" }
  <lib_symbols>
  <bus'...
[BaselineBoard] appendRawPiece len=3835 head="kicad_sch"
[walkSchematicOnce] cleanedRoot children=15
[walkSchematicOnce] child tag='version' children=0
[appendRawPieceFromClean] piece_head='<version> attrs{value:20200828 }'...
[BaselineBoard] appendRawPiece len=32 head="version"
[walkSchematicOnce] child tag='generator' children=0
[appendRawPieceFromClean] piece_head='<generator> attrs{value:eeschema }'...
[BaselineBoard] appendRawPiece len=34 head="generator"
[walkSchematicOnce] child tag='page' children=0
[appendRawPieceFromClean] piece_head='<page> attrs{value:1 }'...
[BaselineBoard] appendRawPiece len=22 head="page"
[walkSchematicOnce] child tag='paper' children=0
[appendRawPieceFromClean] piece_head='<paper> attrs{value:"A4" }'...
[BaselineBoard] appendRawPiece len=26 head="paper"
[walkSchematicOnce] child tag='lib_symbols' children=0
[handleLibSymbolsCleanNode] called, children=0
[WARNING] Duplicate lib_symbols differs; keeping first.
[walkSchematicOnce] child tag='bus' children=2
[appendRawPieceFromClean] piece_head='<bus>
  <pts> pts=[(170.180,63.500),(193.040,63.500)]
  <stroke> attrs{sub_color:0 sub_type:solid sub_width:0 }'...
[BaselineBoard] appendRawPiece len=111 head="bus"
[walkSchematicOnce] child tag='bus' children=2
[appendRawPieceFromClean] piece_head='<bus>
  <pts> pts=[(170.180,95.250),(193.040,95.250)]
  <stroke> attrs{sub_color:0 sub_type:solid sub_width:0 }'...
[BaselineBoard] appendRawPiece len=111 head="bus"
[walkSchematicOnce] child tag='bus' children=2
[appendRawPieceFromClean] piece_head='<bus>
  <pts> pts=[(193.040,63.500),(193.040,76.200)]
  <stroke> attrs{sub_color:0 sub_type:solid sub_width:0 }'...
[BaselineBoard] appendRawPiece len=111 head="bus"
[walkSchematicOnce] child tag='bus' children=2
[appendRawPieceFromClean] piece_head='<bus>
  <pts> pts=[(193.040,82.550),(193.040,95.250)]
  <stroke> attrs{sub_color:0 sub_type:solid sub_width:0 }'...
[BaselineBoard] appendRawPiece len=111 head="bus"
[walkSchematicOnce] child tag='bus' children=2
[appendRawPieceFromClean] piece_head='<bus>
  <pts> pts=[(193.040,82.550),(207.010,82.550)]
  <stroke> attrs{sub_color:0 sub_type:solid sub_width:0 }'...
[BaselineBoard] appendRawPiece len=111 head="bus"
[walkSchematicOnce] child tag='bus' children=2
[appendRawPieceFromClean] piece_head='<bus>
  <pts> pts=[(207.010,76.200),(193.040,76.200)]
  <stroke> attrs{sub_color:0 sub_type:solid sub_width:0 }'...
[BaselineBoard] appendRawPiece len=111 head="bus"
[walkSchematicOnce] child tag='sheet' children=8
[appendRawPieceFromClean] piece_head='<sheet> attrs{fill_color:255,255,255,0.000000 }
  <at> attrs{name:71.120000 value:207.010000 }
  <size> attrs{name:16.510000 value:38.100000 }
  <stroke>
  <wid'...
[BaselineBoard] appendRawPiece len=802 head="sheet"
[walkSchematicOnce] child tag='sheet' children=7
[appendRawPieceFromClean] piece_head='<sheet> attrs{fill_color:255,255,255,0.000000 }
  <at> attrs{name:50.800000 value:127 }
  <size> attrs{name:29.210000 value:43.180000 }
  <stroke>
  <width> att'...
[BaselineBoard] appendRawPiece len=672 head="sheet"
[walkSchematicOnce] child tag='sheet' children=7
[appendRawPieceFromClean] piece_head='<sheet> attrs{fill_color:255,255,255,0.000000 }
  <at> attrs{name:85.090000 value:128.270000 }
  <size> attrs{name:24.130000 value:41.910000 }
  <stroke>
  <wid'...
[BaselineBoard] appendRawPiece len=694 head="sheet"
[walkSchematicOnce] child tag='symbol_instances' children=4
[appendRawPieceFromClean] piece_head='<symbol_instances>
  <path> attrs{value:"/911370ed-9eca-4408-af70-75f46ccb0cea/549fed29-2fe3-4199-8781-d64e3d55522a" }
  <reference> attrs{value:"R1" }
  <unit>'...
[BaselineBoard] appendRawPiece len=818 head="symbol_instances"
=== SUMMARY === junctionShapes=0 wireShapes=0 symbols=0 rawPieces=72
=== DUMP wires: count=0 ===
[main] writing KiCad S-expr via b->dumpKiCad(std::cout)
[dumpKiCad] dumping board...
[dumpKiCad] done.
[main] writing KiCad S-expr via b->dumpKiCad(std::cout)
[dumpKiCad] dumping board...
[dumpKiCad] done.
[main] writing KiCad S-expr via b->dumpKiCad(std::cout)
[dumpKiCad] dumping board...
[dumpKiCad] done.
[main] writing KiCad S-expr via b->dumpKiCad(std::cout)
[dumpKiCad] dumping board...
[dumpKiCad] done.
[main] writing KiCad S-expr via b->dumpKiCad(std::cout)
[dumpKiCad] dumping board...
[dumpKiCad] done.
[main] writing KiCad S-expr via b->dumpKiCad(std::cout)
[dumpKiCad] dumping board...
[dumpKiCad] done.
