[DEBUG] Root children: 29
  child 0 (non-list or no head)
  child 1 tag="version"
  child 2 tag="generator"
  child 3 tag="uuid"
  child 4 tag="paper"
  child 5 tag="lib_symbols"
  child 6 tag="no_connect"
  child 7 tag="no_connect"
  child 8 tag="no_connect"
  child 9 tag="no_connect"
  child 10 tag="no_connect"
  child 11 tag="no_connect"
  child 12 tag="no_connect"
  child 13 tag="no_connect"
  child 14 tag="no_connect"
  child 15 tag="no_connect"
  child 16 tag="no_connect"
  child 17 tag="no_connect"
  child 18 tag="no_connect"
  child 19 tag="no_connect"
  child 20 tag="no_connect"
  child 21 tag="no_connect"
  child 22 tag="no_connect"
  child 23 tag="no_connect"
  child 24 tag="symbol"
  child 25 tag="symbol"
  child 26 tag="symbol"
  child 27 tag="sheet_instances"
  child 28 tag="symbol_instances"
[BaselineBoard] appendRawPiece len=9058
kicad_sch  (children=29)
[UNHANDLED-PCB] tag="kicad_sch"
[BaselineBoard] appendRawPiece len=18
  version  (children=2)
[BaselineBoard] appendRawPiece len=20
  generator  (children=2)
[BaselineBoard] appendRawPiece len=43
  uuid  (children=2)
[BaselineBoard] appendRawPiece len=12
  paper  (children=2)
[BaselineBoard] appendRawPiece len=2757
  lib_symbols  (children=2)
[traverseAst] LIB_SYMBOLS depth=1 raw_len=2757
[BaselineBoard] setLibSymbolsRaw len=2757
[BaselineBoard] appendRawPiece len=2757
AstCleaner: handling lib_symbols at 0x7fff8cbaaa60
[handleLibSymbolsCleanNode] called, children=1
[WARNING] Duplicate lib_symbols differs; keeping first.
[traverseAst] LIB_SYMBOLS -> handleLibSymbolsCleanNode() called; libSymbolsRaw_len=2757
[BaselineBoard] appendRawPiece len=2743
    symbol  (children=13)
[BaselineBoard] appendRawPiece len=82
  no_connect  (children=3)
[BaselineBoard] appendRawPiece len=82
  no_connect  (children=3)
[BaselineBoard] appendRawPiece len=82
  no_connect  (children=3)
[BaselineBoard] appendRawPiece len=82
  no_connect  (children=3)
[BaselineBoard] appendRawPiece len=82
  no_connect  (children=3)
[BaselineBoard] appendRawPiece len=82
  no_connect  (children=3)
[BaselineBoard] appendRawPiece len=82
  no_connect  (children=3)
[BaselineBoard] appendRawPiece len=82
  no_connect  (children=3)
[BaselineBoard] appendRawPiece len=82
  no_connect  (children=3)
[BaselineBoard] appendRawPiece len=82
  no_connect  (children=3)
[BaselineBoard] appendRawPiece len=82
  no_connect  (children=3)
[BaselineBoard] appendRawPiece len=82
  no_connect  (children=3)
[BaselineBoard] appendRawPiece len=82
  no_connect  (children=3)
[BaselineBoard] appendRawPiece len=82
  no_connect  (children=3)
[BaselineBoard] appendRawPiece len=82
  no_connect  (children=3)
[BaselineBoard] appendRawPiece len=82
  no_connect  (children=3)
[BaselineBoard] appendRawPiece len=82
  no_connect  (children=3)
[BaselineBoard] appendRawPiece len=82
  no_connect  (children=3)
[BaselineBoard] appendRawPiece len=1365
  symbol  (children=22)
[BaselineBoard] appendRawPiece len=1358
  symbol  (children=22)
[BaselineBoard] appendRawPiece len=1367
  symbol  (children=22)
[BaselineBoard] appendRawPiece len=39
  sheet_instances  (children=2)
  [UNHANDLED-PCB] tag="sheet_instances"
[BaselineBoard] appendRawPiece len=21
    path  (children=3)
    [UNHANDLED-PCB] tag="path"
[BaselineBoard] appendRawPiece len=3
[BaselineBoard] appendRawPiece len=10
      page  (children=2)
[BaselineBoard] appendRawPiece len=564
  symbol_instances  (children=4)
  [UNHANDLED-PCB] tag="symbol_instances"
[BaselineBoard] appendRawPiece len=181
    path  (children=6)
    [UNHANDLED-PCB] tag="path"
[BaselineBoard] appendRawPiece len=39
[BaselineBoard] appendRawPiece len=16
      reference  (children=2)
      [UNHANDLED-PCB] tag="reference"
[BaselineBoard] appendRawPiece len=4
[BaselineBoard] appendRawPiece len=8
      unit  (children=2)
      [UNHANDLED-PCB] tag="unit"
[BaselineBoard] appendRawPiece len=1
[BaselineBoard] appendRawPiece len=23
      value  (children=2)
      [UNHANDLED-PCB] tag="value"
[BaselineBoard] appendRawPiece len=15
[BaselineBoard] appendRawPiece len=84
      footprint  (children=2)
      [UNHANDLED-PCB] tag="footprint"
[BaselineBoard] appendRawPiece len=72
[BaselineBoard] appendRawPiece len=181
    path  (children=6)
    [UNHANDLED-PCB] tag="path"
[BaselineBoard] appendRawPiece len=39
[BaselineBoard] appendRawPiece len=16
      reference  (children=2)
      [UNHANDLED-PCB] tag="reference"
[BaselineBoard] appendRawPiece len=4
[BaselineBoard] appendRawPiece len=8
      unit  (children=2)
      [UNHANDLED-PCB] tag="unit"
[BaselineBoard] appendRawPiece len=1
[BaselineBoard] appendRawPiece len=23
      value  (children=2)
      [UNHANDLED-PCB] tag="value"
[BaselineBoard] appendRawPiece len=15
[BaselineBoard] appendRawPiece len=84
      footprint  (children=2)
      [UNHANDLED-PCB] tag="footprint"
[BaselineBoard] appendRawPiece len=72
[BaselineBoard] appendRawPiece len=181
    path  (children=6)
    [UNHANDLED-PCB] tag="path"
[BaselineBoard] appendRawPiece len=39
[BaselineBoard] appendRawPiece len=16
      reference  (children=2)
      [UNHANDLED-PCB] tag="reference"
[BaselineBoard] appendRawPiece len=4
[BaselineBoard] appendRawPiece len=8
      unit  (children=2)
      [UNHANDLED-PCB] tag="unit"
[BaselineBoard] appendRawPiece len=1
[BaselineBoard] appendRawPiece len=23
      value  (children=2)
      [UNHANDLED-PCB] tag="value"
[BaselineBoard] appendRawPiece len=15
[BaselineBoard] appendRawPiece len=84
      footprint  (children=2)
      [UNHANDLED-PCB] tag="footprint"
[BaselineBoard] appendRawPiece len=72
AstCleaner: handling lib_symbols at 0x63609b7680a0
[UNHANDLED] cleanInner:no_connect addr=0x63609b7680e0 -> (no_connect (at) (uuid) )
  children details (child_index: addr type extra):
    [0] addr=0x63609b76f730 atom="no_connect"
    [1] addr=0x63609b76f770 list_size=3 head="at"
    [2] addr=0x63609b76f7b0 list_size=2 head="uuid"
[UNHANDLED] cleanInner:no_connect addr=0x63609b768120 -> (no_connect (at) (uuid) )
  children details (child_index: addr type extra):
    [0] addr=0x63609b76f960 atom="no_connect"
    [1] addr=0x63609b76f9a0 list_size=3 head="at"
    [2] addr=0x63609b76f9e0 list_size=2 head="uuid"
[UNHANDLED] cleanInner:no_connect addr=0x63609b768160 -> (no_connect (at) (uuid) )
  children details (child_index: addr type extra):
    [0] addr=0x63609b76fb90 atom="no_connect"
    [1] addr=0x63609b76fbd0 list_size=3 head="at"
    [2] addr=0x63609b76fc10 list_size=2 head="uuid"
[UNHANDLED] cleanInner:no_connect addr=0x63609b7681a0 -> (no_connect (at) (uuid) )
  children details (child_index: addr type extra):
    [0] addr=0x63609b76fdc0 atom="no_connect"
    [1] addr=0x63609b76fe00 list_size=3 head="at"
    [2] addr=0x63609b76fe40 list_size=2 head="uuid"
[UNHANDLED] cleanInner:no_connect addr=0x63609b7681e0 -> (no_connect (at) (uuid) )
  children details (child_index: addr type extra):
    [0] addr=0x63609b770020 atom="no_connect"
    [1] addr=0x63609b770060 list_size=3 head="at"
    [2] addr=0x63609b7700a0 list_size=2 head="uuid"
[UNHANDLED] cleanInner:no_connect addr=0x63609b768220 -> (no_connect (at) (uuid) )
  children details (child_index: addr type extra):
    [0] addr=0x63609b770280 atom="no_connect"
    [1] addr=0x63609b7702c0 list_size=3 head="at"
    [2] addr=0x63609b770300 list_size=2 head="uuid"
[UNHANDLED] cleanInner:no_connect addr=0x63609b768260 -> (no_connect (at) (uuid) )
  children details (child_index: addr type extra):
    [0] addr=0x63609b7704e0 atom="no_connect"
    [1] addr=0x63609b770520 list_size=3 head="at"
    [2] addr=0x63609b770560 list_size=2 head="uuid"
[UNHANDLED] cleanInner:no_connect addr=0x63609b7682a0 -> (no_connect (at) (uuid) )
  children details (child_index: addr type extra):
    [0] addr=0x63609b770740 atom="no_connect"
    [1] addr=0x63609b770780 list_size=3 head="at"
    [2] addr=0x63609b7707c0 list_size=2 head="uuid"
[UNHANDLED] cleanInner:no_connect addr=0x63609b7682e0 -> (no_connect (at) (uuid) )
  children details (child_index: addr type extra):
    [0] addr=0x63609b7709a0 atom="no_connect"
    [1] addr=0x63609b7709e0 list_size=3 head="at"
    [2] addr=0x63609b770a20 list_size=2 head="uuid"
[UNHANDLED] cleanInner:no_connect addr=0x63609b768320 -> (no_connect (at) (uuid) )
  children details (child_index: addr type extra):
    [0] addr=0x63609b770c00 atom="no_connect"
    [1] addr=0x63609b770c40 list_size=3 head="at"
    [2] addr=0x63609b770c80 list_size=2 head="uuid"
[UNHANDLED] cleanInner:no_connect addr=0x63609b768360 -> (no_connect (at) (uuid) )
  children details (child_index: addr type extra):
    [0] addr=0x63609b773fe0 atom="no_connect"
    [1] addr=0x63609b774020 list_size=3 head="at"
    [2] addr=0x63609b774060 list_size=2 head="uuid"
[UNHANDLED] cleanInner:no_connect addr=0x63609b7683a0 -> (no_connect (at) (uuid) )
  children details (child_index: addr type extra):
    [0] addr=0x63609b774210 atom="no_connect"
    [1] addr=0x63609b774250 list_size=3 head="at"
    [2] addr=0x63609b774290 list_size=2 head="uuid"
[UNHANDLED] cleanInner:no_connect addr=0x63609b7683e0 -> (no_connect (at) (uuid) )
  children details (child_index: addr type extra):
    [0] addr=0x63609b774440 atom="no_connect"
    [1] addr=0x63609b774480 list_size=3 head="at"
    [2] addr=0x63609b7744c0 list_size=2 head="uuid"
[UNHANDLED] cleanInner:no_connect addr=0x63609b768420 -> (no_connect (at) (uuid) )
  children details (child_index: addr type extra):
    [0] addr=0x63609b774670 atom="no_connect"
    [1] addr=0x63609b7746b0 list_size=3 head="at"
    [2] addr=0x63609b7746f0 list_size=2 head="uuid"
[UNHANDLED] cleanInner:no_connect addr=0x63609b768460 -> (no_connect (at) (uuid) )
  children details (child_index: addr type extra):
    [0] addr=0x63609b7748a0 atom="no_connect"
    [1] addr=0x63609b7748e0 list_size=3 head="at"
    [2] addr=0x63609b774920 list_size=2 head="uuid"
[UNHANDLED] cleanInner:no_connect addr=0x63609b7684a0 -> (no_connect (at) (uuid) )
  children details (child_index: addr type extra):
    [0] addr=0x63609b774ad0 atom="no_connect"
    [1] addr=0x63609b774b10 list_size=3 head="at"
    [2] addr=0x63609b774b50 list_size=2 head="uuid"
[UNHANDLED] cleanInner:no_connect addr=0x63609b7684e0 -> (no_connect (at) (uuid) )
  children details (child_index: addr type extra):
    [0] addr=0x63609b774d00 atom="no_connect"
    [1] addr=0x63609b774d40 list_size=3 head="at"
    [2] addr=0x63609b774d80 list_size=2 head="uuid"
[UNHANDLED] cleanInner:no_connect addr=0x63609b768520 -> (no_connect (at) (uuid) )
  children details (child_index: addr type extra):
    [0] addr=0x63609b774f30 atom="no_connect"
    [1] addr=0x63609b774f70 list_size=3 head="at"
    [2] addr=0x63609b774fb0 list_size=2 head="uuid"
[UNHANDLED] cleanInner:value addr=0x63609b762400 -> (value "LP3982ILD-3.3" )
  children details (child_index: addr type extra):
    [0] addr=0x63609b775bf0 atom="value"
    [1] addr=0x63609b775c30 atom=""LP3982ILD-3.3""
[UNHANDLED] cleanInner:value addr=0x63609b7789c0 -> (value "LP3982ILD-3.3" )
  children details (child_index: addr type extra):
    [0] addr=0x63609b778ba0 atom="value"
    [1] addr=0x63609b778be0 atom=""LP3982ILD-3.3""
[UNHANDLED] cleanInner:value addr=0x63609b77bba0 -> (value "LP3982ILD-3.3" )
  children details (child_index: addr type extra):
    [0] addr=0x63609b77bd80 atom="value"
    [1] addr=0x63609b77bdc0 atom=""LP3982ILD-3.3""
[UNHANDLED] cleanInner:value addr=0x63609b77e6a0 -> (value "LP3982ILD-3.3" )
  children details (child_index: addr type extra):
    [0] addr=0x63609b77e880 atom="value"
    [1] addr=0x63609b77e8c0 atom=""LP3982ILD-3.3""
[UNHANDLED] cleanInner:value addr=0x63609b77eb00 -> (value "LP3982ILD-3.3" )
  children details (child_index: addr type extra):
    [0] addr=0x63609b77ece0 atom="value"
    [1] addr=0x63609b77ed20 atom=""LP3982ILD-3.3""
[UNHANDLED] cleanInner:value addr=0x63609b77ef60 -> (value "LP3982ILD-3.3" )
  children details (child_index: addr type extra):
    [0] addr=0x63609b77f140 atom="value"
    [1] addr=0x63609b77f180 atom=""LP3982ILD-3.3""
[appendRawPieceFromClean] piece_head='<kicad_sch>
  <version> attrs{value:20220904 }
  <generator> attrs{value:eeschema }
  <paper> attrs{value:"A4" }
  <lib_symbols>
  <symbol> property{"Reference"'...
[BaselineBoard] appendRawPiece len=8107 head="kicad_sch"
[walkSchematicOnce] cleanedRoot children=27
[walkSchematicOnce] child tag='version' children=0
[appendRawPieceFromClean] piece_head='<version> attrs{value:20220904 }'...
[BaselineBoard] appendRawPiece len=32 head="version"
[walkSchematicOnce] child tag='generator' children=0
[appendRawPieceFromClean] piece_head='<generator> attrs{value:eeschema }'...
[BaselineBoard] appendRawPiece len=34 head="generator"
[walkSchematicOnce] child tag='paper' children=0
[appendRawPieceFromClean] piece_head='<paper> attrs{value:"A4" }'...
[BaselineBoard] appendRawPiece len=26 head="paper"
[walkSchematicOnce] child tag='lib_symbols' children=1
[handleLibSymbolsCleanNode] called, children=1
[WARNING] Duplicate lib_symbols differs; keeping first.
[walkSchematicOnce] child tag='no_connect' children=0
[appendRawPieceFromClean] piece_head='<no_connect> at=(160.020,67.310,0.000)'...
[BaselineBoard] appendRawPiece len=38 head="no_connect"
[walkSchematicOnce] child tag='no_connect' children=0
[appendRawPieceFromClean] piece_head='<no_connect> at=(160.020,64.770,0.000)'...
[BaselineBoard] appendRawPiece len=38 head="no_connect"
[walkSchematicOnce] child tag='no_connect' children=0
[appendRawPieceFromClean] piece_head='<no_connect> at=(180.340,62.230,0.000)'...
[BaselineBoard] appendRawPiece len=38 head="no_connect"
[walkSchematicOnce] child tag='no_connect' children=0
[appendRawPieceFromClean] piece_head='<no_connect> at=(111.760,60.960,0.000)'...
[BaselineBoard] appendRawPiece len=38 head="no_connect"
[walkSchematicOnce] child tag='no_connect' children=0
[appendRawPieceFromClean] piece_head='<no_connect> at=(111.760,63.500,0.000)'...
[BaselineBoard] appendRawPiece len=38 head="no_connect"
[walkSchematicOnce] child tag='no_connect' children=0
[appendRawPieceFromClean] piece_head='<no_connect> at=(121.920,71.120,0.000)'...
[BaselineBoard] appendRawPiece len=38 head="no_connect"
[walkSchematicOnce] child tag='no_connect' children=0
[appendRawPieceFromClean] piece_head='<no_connect> at=(124.460,71.120,0.000)'...
[BaselineBoard] appendRawPiece len=38 head="no_connect"
[walkSchematicOnce] child tag='no_connect' children=0
[appendRawPieceFromClean] piece_head='<no_connect> at=(132.080,66.040,0.000)'...
[BaselineBoard] appendRawPiece len=38 head="no_connect"
[walkSchematicOnce] child tag='no_connect' children=0
[appendRawPieceFromClean] piece_head='<no_connect> at=(132.080,63.500,0.000)'...
[BaselineBoard] appendRawPiece len=38 head="no_connect"
[walkSchematicOnce] child tag='no_connect' children=0
[appendRawPieceFromClean] piece_head='<no_connect> at=(200.660,62.230,0.000)'...
[BaselineBoard] appendRawPiece len=38 head="no_connect"
[walkSchematicOnce] child tag='no_connect' children=0
[appendRawPieceFromClean] piece_head='<no_connect> at=(180.340,67.310,0.000)'...
[BaselineBoard] appendRawPiece len=38 head="no_connect"
[walkSchematicOnce] child tag='no_connect' children=0
[appendRawPieceFromClean] piece_head='<no_connect> at=(180.340,59.690,0.000)'...
[BaselineBoard] appendRawPiece len=38 head="no_connect"
[walkSchematicOnce] child tag='no_connect' children=0
[appendRawPieceFromClean] piece_head='<no_connect> at=(172.720,74.930,0.000)'...
[BaselineBoard] appendRawPiece len=38 head="no_connect"
[walkSchematicOnce] child tag='no_connect' children=0
[appendRawPieceFromClean] piece_head='<no_connect> at=(200.660,64.770,0.000)'...
[BaselineBoard] appendRawPiece len=38 head="no_connect"
[walkSchematicOnce] child tag='no_connect' children=0
[appendRawPieceFromClean] piece_head='<no_connect> at=(190.500,54.610,0.000)'...
[BaselineBoard] appendRawPiece len=38 head="no_connect"
[walkSchematicOnce] child tag='no_connect' children=0
[appendRawPieceFromClean] piece_head='<no_connect> at=(187.960,54.610,0.000)'...
[BaselineBoard] appendRawPiece len=38 head="no_connect"
[walkSchematicOnce] child tag='no_connect' children=0
[appendRawPieceFromClean] piece_head='<no_connect> at=(180.340,69.850,0.000)'...
[BaselineBoard] appendRawPiece len=38 head="no_connect"
[walkSchematicOnce] child tag='no_connect' children=0
[appendRawPieceFromClean] piece_head='<no_connect> at=(170.180,74.930,0.000)'...
[BaselineBoard] appendRawPiece len=38 head="no_connect"
[walkSchematicOnce] child tag='symbol' children=20
[handleSymbolFromClean] lib_id='(none)' tag='symbol' children=20
[walkSchematicOnce] child tag='symbol' children=20
[handleSymbolFromClean] lib_id='(none)' tag='symbol' children=20
[walkSchematicOnce] child tag='symbol' children=20
[handleSymbolFromClean] lib_id='(none)' tag='symbol' children=20
[walkSchematicOnce] child tag='sheet_instances' children=1
[appendRawPieceFromClean] piece_head='<sheet_instances>
  <path> attrs{page:"1" }'...
[BaselineBoard] appendRawPiece len=43 head="sheet_instances"
[walkSchematicOnce] child tag='symbol_instances' children=3
[appendRawPieceFromClean] piece_head='<symbol_instances>
  <path> attrs{value:"/98cdeafb-9fec-4cb2-b0e0-dd01c8d9a0e6" }
  <reference> attrs{value:"U1" }
  <unit> attrs{value:1 }
  <value> attrs{valu'...
[BaselineBoard] appendRawPiece len=543 head="symbol_instances"
=== SUMMARY === junctionShapes=0 wireShapes=0 symbols=3 rawPieces=88
=== DUMP wires: count=0 ===
[main] writing KiCad S-expr via b->dumpKiCad(std::cout)
[dumpKiCad] dumping board...
[dumpKiCad] done.
[main] writing KiCad S-expr via b->dumpKiCad(std::cout)
[dumpKiCad] dumping board...
[dumpKiCad] done.
[main] writing KiCad S-expr via b->dumpKiCad(std::cout)
[dumpKiCad] dumping board...
[dumpKiCad] done.
[main] writing KiCad S-expr via b->dumpKiCad(std::cout)
[dumpKiCad] dumping board...
[dumpKiCad] done.
[main] writing KiCad S-expr via b->dumpKiCad(std::cout)
[dumpKiCad] dumping board...
[dumpKiCad] done.
[main] writing KiCad S-expr via b->dumpKiCad(std::cout)
[dumpKiCad] dumping board...
[dumpKiCad] done.
