[DEBUG] Root children: 11
  child 0 (non-list or no head)
  child 1 tag="version"
  child 2 tag="generator"
  child 3 tag="paper"
  child 4 tag="lib_symbols"
  child 5 tag="bus"
  child 6 tag="label"
  child 7 tag="sheet"
  child 8 tag="sheet"
  child 9 tag="sheet_instances"
  child 10 tag="symbol_instances"
[BaselineBoard] appendRawPiece len=2650
kicad_sch  (children=11)
[UNHANDLED-PCB] tag="kicad_sch"
[BaselineBoard] appendRawPiece len=18
  version  (children=2)
[BaselineBoard] appendRawPiece len=20
  generator  (children=2)
[BaselineBoard] appendRawPiece len=12
  paper  (children=2)
[BaselineBoard] appendRawPiece len=13
  lib_symbols  (children=1)
[traverseAst] LIB_SYMBOLS depth=1 raw_len=13
[BaselineBoard] setLibSymbolsRaw len=13
[BaselineBoard] appendRawPiece len=13
AstCleaner: handling lib_symbols at 0x7ffd03fa2400
[handleLibSymbolsCleanNode] called, children=0
[WARNING] Duplicate lib_symbols differs; keeping first.
[traverseAst] LIB_SYMBOLS -> handleLibSymbolsCleanNode() called; libSymbolsRaw_len=13
[BaselineBoard] appendRawPiece len=148
  bus  (children=4)
[BaselineBoard] appendRawPiece len=158
  label  (children=5)
[BaselineBoard] appendRawPiece len=631
  sheet  (children=9)
[BaselineBoard] appendRawPiece len=620
  sheet  (children=9)
[BaselineBoard] appendRawPiece len=157
  sheet_instances  (children=4)
  [UNHANDLED-PCB] tag="sheet_instances"
[BaselineBoard] appendRawPiece len=21
    path  (children=3)
    [UNHANDLED-PCB] tag="path"
[BaselineBoard] appendRawPiece len=3
[BaselineBoard] appendRawPiece len=10
      page  (children=2)
[BaselineBoard] appendRawPiece len=58
    path  (children=3)
    [UNHANDLED-PCB] tag="path"
[BaselineBoard] appendRawPiece len=40
[BaselineBoard] appendRawPiece len=10
      page  (children=2)
[BaselineBoard] appendRawPiece len=58
    path  (children=3)
    [UNHANDLED-PCB] tag="path"
[BaselineBoard] appendRawPiece len=40
[BaselineBoard] appendRawPiece len=10
      page  (children=2)
[BaselineBoard] appendRawPiece len=852
  symbol_instances  (children=7)
  [UNHANDLED-PCB] tag="symbol_instances"
[BaselineBoard] appendRawPiece len=142
    path  (children=6)
    [UNHANDLED-PCB] tag="path"
[BaselineBoard] appendRawPiece len=76
[BaselineBoard] appendRawPiece len=20
      reference  (children=2)
      [UNHANDLED-PCB] tag="reference"
[BaselineBoard] appendRawPiece len=8
[BaselineBoard] appendRawPiece len=8
      unit  (children=2)
      [UNHANDLED-PCB] tag="unit"
[BaselineBoard] appendRawPiece len=1
[BaselineBoard] appendRawPiece len=13
      value  (children=2)
      [UNHANDLED-PCB] tag="value"
[BaselineBoard] appendRawPiece len=5
[BaselineBoard] appendRawPiece len=14
      footprint  (children=2)
      [UNHANDLED-PCB] tag="footprint"
[BaselineBoard] appendRawPiece len=2
[BaselineBoard] appendRawPiece len=136
    path  (children=6)
    [UNHANDLED-PCB] tag="path"
[BaselineBoard] appendRawPiece len=76
[BaselineBoard] appendRawPiece len=16
      reference  (children=2)
      [UNHANDLED-PCB] tag="reference"
[BaselineBoard] appendRawPiece len=4
[BaselineBoard] appendRawPiece len=8
      unit  (children=2)
      [UNHANDLED-PCB] tag="unit"
[BaselineBoard] appendRawPiece len=1
[BaselineBoard] appendRawPiece len=11
      value  (children=2)
      [UNHANDLED-PCB] tag="value"
[BaselineBoard] appendRawPiece len=3
[BaselineBoard] appendRawPiece len=14
      footprint  (children=2)
      [UNHANDLED-PCB] tag="footprint"
[BaselineBoard] appendRawPiece len=2
[BaselineBoard] appendRawPiece len=136
    path  (children=6)
    [UNHANDLED-PCB] tag="path"
[BaselineBoard] appendRawPiece len=76
[BaselineBoard] appendRawPiece len=16
      reference  (children=2)
      [UNHANDLED-PCB] tag="reference"
[BaselineBoard] appendRawPiece len=4
[BaselineBoard] appendRawPiece len=8
      unit  (children=2)
      [UNHANDLED-PCB] tag="unit"
[BaselineBoard] appendRawPiece len=1
[BaselineBoard] appendRawPiece len=11
      value  (children=2)
      [UNHANDLED-PCB] tag="value"
[BaselineBoard] appendRawPiece len=3
[BaselineBoard] appendRawPiece len=14
      footprint  (children=2)
      [UNHANDLED-PCB] tag="footprint"
[BaselineBoard] appendRawPiece len=2
[BaselineBoard] appendRawPiece len=142
    path  (children=6)
    [UNHANDLED-PCB] tag="path"
[BaselineBoard] appendRawPiece len=76
[BaselineBoard] appendRawPiece len=20
      reference  (children=2)
      [UNHANDLED-PCB] tag="reference"
[BaselineBoard] appendRawPiece len=8
[BaselineBoard] appendRawPiece len=8
      unit  (children=2)
      [UNHANDLED-PCB] tag="unit"
[BaselineBoard] appendRawPiece len=1
[BaselineBoard] appendRawPiece len=13
      value  (children=2)
      [UNHANDLED-PCB] tag="value"
[BaselineBoard] appendRawPiece len=5
[BaselineBoard] appendRawPiece len=14
      footprint  (children=2)
      [UNHANDLED-PCB] tag="footprint"
[BaselineBoard] appendRawPiece len=2
[BaselineBoard] appendRawPiece len=136
    path  (children=6)
    [UNHANDLED-PCB] tag="path"
[BaselineBoard] appendRawPiece len=76
[BaselineBoard] appendRawPiece len=16
      reference  (children=2)
      [UNHANDLED-PCB] tag="reference"
[BaselineBoard] appendRawPiece len=4
[BaselineBoard] appendRawPiece len=8
      unit  (children=2)
      [UNHANDLED-PCB] tag="unit"
[BaselineBoard] appendRawPiece len=1
[BaselineBoard] appendRawPiece len=11
      value  (children=2)
      [UNHANDLED-PCB] tag="value"
[BaselineBoard] appendRawPiece len=3
[BaselineBoard] appendRawPiece len=14
      footprint  (children=2)
      [UNHANDLED-PCB] tag="footprint"
[BaselineBoard] appendRawPiece len=2
[BaselineBoard] appendRawPiece len=136
    path  (children=6)
    [UNHANDLED-PCB] tag="path"
[BaselineBoard] appendRawPiece len=76
[BaselineBoard] appendRawPiece len=16
      reference  (children=2)
      [UNHANDLED-PCB] tag="reference"
[BaselineBoard] appendRawPiece len=4
[BaselineBoard] appendRawPiece len=8
      unit  (children=2)
      [UNHANDLED-PCB] tag="unit"
[BaselineBoard] appendRawPiece len=1
[BaselineBoard] appendRawPiece len=11
      value  (children=2)
      [UNHANDLED-PCB] tag="value"
[BaselineBoard] appendRawPiece len=3
[BaselineBoard] appendRawPiece len=14
      footprint  (children=2)
      [UNHANDLED-PCB] tag="footprint"
[BaselineBoard] appendRawPiece len=2
AstCleaner: handling lib_symbols at 0x5918197e9e80
[UNHANDLED] cleanInner:bus addr=0x5918197e9ec0 -> (bus (pts) (stroke) (uuid) )
  children details (child_index: addr type extra):
    [0] addr=0x5918197e7d20 atom="bus"
    [1] addr=0x5918197e7d60 list_size=3 head="pts"
    [2] addr=0x5918197e7da0 list_size=4 head="stroke"
    [3] addr=0x5918197e7de0 list_size=2 head="uuid"
[UNHANDLED] cleanInner:value addr=0x5918197efec0 -> (value "GND" )
  children details (child_index: addr type extra):
    [0] addr=0x5918197f0070 atom="value"
    [1] addr=0x5918197f00b0 atom=""GND""
[UNHANDLED] cleanInner:value addr=0x5918197f0290 -> (value "R" )
  children details (child_index: addr type extra):
    [0] addr=0x5918197f04a0 atom="value"
    [1] addr=0x5918197f04e0 atom=""R""
[UNHANDLED] cleanInner:value addr=0x5918197f06c0 -> (value "R" )
  children details (child_index: addr type extra):
    [0] addr=0x5918197f08d0 atom="value"
    [1] addr=0x5918197f0910 atom=""R""
[UNHANDLED] cleanInner:value addr=0x5918197f0af0 -> (value "GND" )
  children details (child_index: addr type extra):
    [0] addr=0x5918197f0d00 atom="value"
    [1] addr=0x5918197f0d40 atom=""GND""
[UNHANDLED] cleanInner:value addr=0x5918197f0f20 -> (value "R" )
  children details (child_index: addr type extra):
    [0] addr=0x5918197f1130 atom="value"
    [1] addr=0x5918197f1170 atom=""R""
[UNHANDLED] cleanInner:value addr=0x5918197f1350 -> (value "R" )
  children details (child_index: addr type extra):
    [0] addr=0x5918197f1560 atom="value"
    [1] addr=0x5918197f15a0 atom=""R""
[appendRawPieceFromClean] piece_head='<kicad_sch>
  <version> attrs{value:20210126 }
  <generator> attrs{value:eeschema }
  <paper> attrs{value:"A4" }
  <lib_symbols>
  <bus>
  <pts> pts=[(127.000,7'...
[BaselineBoard] appendRawPiece len=3376 head="kicad_sch"
[walkSchematicOnce] cleanedRoot children=10
[walkSchematicOnce] child tag='version' children=0
[appendRawPieceFromClean] piece_head='<version> attrs{value:20210126 }'...
[BaselineBoard] appendRawPiece len=32 head="version"
[walkSchematicOnce] child tag='generator' children=0
[appendRawPieceFromClean] piece_head='<generator> attrs{value:eeschema }'...
[BaselineBoard] appendRawPiece len=34 head="generator"
[walkSchematicOnce] child tag='paper' children=0
[appendRawPieceFromClean] piece_head='<paper> attrs{value:"A4" }'...
[BaselineBoard] appendRawPiece len=26 head="paper"
[walkSchematicOnce] child tag='lib_symbols' children=0
[handleLibSymbolsCleanNode] called, children=0
[WARNING] Duplicate lib_symbols differs; keeping first.
[walkSchematicOnce] child tag='bus' children=2
[appendRawPieceFromClean] piece_head='<bus>
  <pts> pts=[(127.000,76.200),(177.800,76.200)]
  <stroke> attrs{sub_color:0 sub_type:solid sub_width:0 }'...
[BaselineBoard] appendRawPiece len=111 head="bus"
[walkSchematicOnce] child tag='label' children=3
[handleTextFromClean] called for tag='label'
[handleText] failed to convert text to shape
[walkSchematicOnce] child tag='sheet' children=7
[appendRawPieceFromClean] piece_head='<sheet> attrs{fill_color:255,255,255,0.000000 }
  <at> attrs{name:63.500000 value:177.800000 }
  <size> attrs{name:25.400000 value:38.100000 }
  <stroke>
  <wid'...
[BaselineBoard] appendRawPiece len=768 head="sheet"
[walkSchematicOnce] child tag='sheet' children=7
[appendRawPieceFromClean] piece_head='<sheet> attrs{fill_color:255,255,255,0.000000 }
  <at> attrs{name:63.500000 value:88.900000 }
  <size> attrs{name:25.400000 value:38.100000 }
  <stroke>
  <widt'...
[BaselineBoard] appendRawPiece len=763 head="sheet"
[walkSchematicOnce] child tag='sheet_instances' children=3
[appendRawPieceFromClean] piece_head='<sheet_instances>
  <path> attrs{page:"1" }
  <path> attrs{page:"2" }
  <path> attrs{page:"3" }'...
[BaselineBoard] appendRawPiece len=95 head="sheet_instances"
[walkSchematicOnce] child tag='symbol_instances' children=6
[appendRawPieceFromClean] piece_head='<symbol_instances>
  <path> attrs{value:"/04eb80a5-3d22-464b-8fb7-e70e01da2cf4/2d52877c-5f64-4e9b-8318-550f62b8b212" }
  <reference> attrs{value:"#PWR01" }
  <u'...
[BaselineBoard] appendRawPiece len=1230 head="symbol_instances"
=== SUMMARY === junctionShapes=0 wireShapes=0 symbols=0 rawPieces=91
=== DUMP wires: count=0 ===
[main] writing KiCad S-expr via b->dumpKiCad(std::cout)
[dumpKiCad] dumping board...
[dumpKiCad] done.
[main] writing KiCad S-expr via b->dumpKiCad(std::cout)
[dumpKiCad] dumping board...
[dumpKiCad] done.
[main] writing KiCad S-expr via b->dumpKiCad(std::cout)
[dumpKiCad] dumping board...
[dumpKiCad] done.
[main] writing KiCad S-expr via b->dumpKiCad(std::cout)
[dumpKiCad] dumping board...
[dumpKiCad] done.
[main] writing KiCad S-expr via b->dumpKiCad(std::cout)
[dumpKiCad] dumping board...
[dumpKiCad] done.
[main] writing KiCad S-expr via b->dumpKiCad(std::cout)
[dumpKiCad] dumping board...
[dumpKiCad] done.
