[DEBUG] Root children: 39
  child 0 (non-list or no head)
  child 1 tag="version"
  child 2 tag="generator"
  child 3 tag="uuid"
  child 4 tag="paper"
  child 5 tag="lib_symbols"
  child 6 tag="wire"
  child 7 tag="wire"
  child 8 tag="wire"
  child 9 tag="wire"
  child 10 tag="wire"
  child 11 tag="wire"
  child 12 tag="wire"
  child 13 tag="wire"
  child 14 tag="wire"
  child 15 tag="wire"
  child 16 tag="text"
  child 17 tag="text"
  child 18 tag="label"
  child 19 tag="label"
  child 20 tag="label"
  child 21 tag="label"
  child 22 tag="symbol"
  child 23 tag="symbol"
  child 24 tag="symbol"
  child 25 tag="symbol"
  child 26 tag="symbol"
  child 27 tag="symbol"
  child 28 tag="symbol"
  child 29 tag="symbol"
  child 30 tag="symbol"
  child 31 tag="symbol"
  child 32 tag="symbol"
  child 33 tag="symbol"
  child 34 tag="symbol"
  child 35 tag="symbol"
  child 36 tag="symbol"
  child 37 tag="symbol"
  child 38 tag="sheet_instances"
[BaselineBoard] appendRawPiece len=28103
kicad_sch  (children=39)
[UNHANDLED-PCB] tag="kicad_sch"
[BaselineBoard] appendRawPiece len=18
  version  (children=2)
[BaselineBoard] appendRawPiece len=20
  generator  (children=2)
[BaselineBoard] appendRawPiece len=43
  uuid  (children=2)
[BaselineBoard] appendRawPiece len=12
  paper  (children=2)
[BaselineBoard] appendRawPiece len=9836
  lib_symbols  (children=6)
[traverseAst] LIB_SYMBOLS depth=1 raw_len=9836
[BaselineBoard] setLibSymbolsRaw len=9836
[BaselineBoard] appendRawPiece len=9836
AstCleaner: handling lib_symbols at 0x7fff20b996b0
[handleLibSymbolsCleanNode] called, children=5
[WARNING] Duplicate lib_symbols differs; keeping first.
[traverseAst] LIB_SYMBOLS -> handleLibSymbolsCleanNode() called; libSymbolsRaw_len=9836
[BaselineBoard] appendRawPiece len=1208
    symbol  (children=15)
[BaselineBoard] appendRawPiece len=3607
    symbol  (children=12)
[BaselineBoard] appendRawPiece len=2061
    symbol  (children=18)
[BaselineBoard] appendRawPiece len=1890
    symbol  (children=18)
[BaselineBoard] appendRawPiece len=1052
    symbol  (children=14)
[BaselineBoard] appendRawPiece len=144
  wire  (children=4)
[traverseAst] WIRE depth=1 raw_len=144
[BaselineBoard] appendRawPiece len=144
[handleWireFromClean] called for tag='wire'
[handleWire] PUSH (pts.node.pts) 171.449997,114.300003->184.149994,114.300003 ; added=1
[handleWire] saved 1 wire(s) from pts-children (deduped)
[traverseAst] WIRE -> handleWireFromClean() called; board wireCount=1
[BaselineBoard] appendRawPiece len=59
    pts  (children=3)
[BaselineBoard] appendRawPiece len=26
      xy  (children=3)
[BaselineBoard] appendRawPiece len=10
[BaselineBoard] appendRawPiece len=10
[BaselineBoard] appendRawPiece len=26
      xy  (children=3)
[BaselineBoard] appendRawPiece len=10
[BaselineBoard] appendRawPiece len=10
[BaselineBoard] appendRawPiece len=33
    stroke  (children=3)
    [UNHANDLED-PCB] tag="stroke"
[BaselineBoard] appendRawPiece len=9
      width  (children=2)
      [UNHANDLED-PCB] tag="width"
[BaselineBoard] appendRawPiece len=1
[BaselineBoard] appendRawPiece len=14
      type  (children=2)
      [UNHANDLED-PCB] tag="type"
[BaselineBoard] appendRawPiece len=7
[BaselineBoard] appendRawPiece len=43
    uuid  (children=2)
[BaselineBoard] appendRawPiece len=142
  wire  (children=4)
[traverseAst] WIRE depth=1 raw_len=142
[BaselineBoard] appendRawPiece len=142
[handleWireFromClean] called for tag='wire'
[handleWire] PUSH (pts.node.pts) 184.149994,76.199997->184.149994,81.279999 ; added=1
[handleWire] saved 1 wire(s) from pts-children (deduped)
[traverseAst] WIRE -> handleWireFromClean() called; board wireCount=2
[BaselineBoard] appendRawPiece len=57
    pts  (children=3)
[BaselineBoard] appendRawPiece len=25
      xy  (children=3)
[BaselineBoard] appendRawPiece len=10
[BaselineBoard] appendRawPiece len=9
[BaselineBoard] appendRawPiece len=25
      xy  (children=3)
[BaselineBoard] appendRawPiece len=10
[BaselineBoard] appendRawPiece len=9
[BaselineBoard] appendRawPiece len=33
    stroke  (children=3)
    [UNHANDLED-PCB] tag="stroke"
[BaselineBoard] appendRawPiece len=9
      width  (children=2)
      [UNHANDLED-PCB] tag="width"
[BaselineBoard] appendRawPiece len=1
[BaselineBoard] appendRawPiece len=14
      type  (children=2)
      [UNHANDLED-PCB] tag="type"
[BaselineBoard] appendRawPiece len=7
[BaselineBoard] appendRawPiece len=43
    uuid  (children=2)
[BaselineBoard] appendRawPiece len=137
  wire  (children=4)
[traverseAst] WIRE depth=1 raw_len=137
[BaselineBoard] appendRawPiece len=137
[handleWireFromClean] called for tag='wire'
[handleWire] PUSH (pts.node.pts) 184.149994,124.459999->184.149994,127.000000 ; added=1
[handleWire] saved 1 wire(s) from pts-children (deduped)
[traverseAst] WIRE -> handleWireFromClean() called; board wireCount=3
[BaselineBoard] appendRawPiece len=52
    pts  (children=3)
[BaselineBoard] appendRawPiece len=26
      xy  (children=3)
[BaselineBoard] appendRawPiece len=10
[BaselineBoard] appendRawPiece len=10
[BaselineBoard] appendRawPiece len=19
      xy  (children=3)
[BaselineBoard] appendRawPiece len=10
[BaselineBoard] appendRawPiece len=3
[BaselineBoard] appendRawPiece len=33
    stroke  (children=3)
    [UNHANDLED-PCB] tag="stroke"
[BaselineBoard] appendRawPiece len=9
      width  (children=2)
      [UNHANDLED-PCB] tag="width"
[BaselineBoard] appendRawPiece len=1
[BaselineBoard] appendRawPiece len=14
      type  (children=2)
      [UNHANDLED-PCB] tag="type"
[BaselineBoard] appendRawPiece len=7
[BaselineBoard] appendRawPiece len=43
    uuid  (children=2)
[BaselineBoard] appendRawPiece len=144
  wire  (children=4)
[traverseAst] WIRE depth=1 raw_len=144
[BaselineBoard] appendRawPiece len=144
[handleWireFromClean] called for tag='wire'
[handleWire] PUSH (pts.node.pts) 184.149994,114.300003->184.149994,116.839996 ; added=1
[handleWire] saved 1 wire(s) from pts-children (deduped)
[traverseAst] WIRE -> handleWireFromClean() called; board wireCount=4
[BaselineBoard] appendRawPiece len=59
    pts  (children=3)
[BaselineBoard] appendRawPiece len=26
      xy  (children=3)
[BaselineBoard] appendRawPiece len=10
[BaselineBoard] appendRawPiece len=10
[BaselineBoard] appendRawPiece len=26
      xy  (children=3)
[BaselineBoard] appendRawPiece len=10
[BaselineBoard] appendRawPiece len=10
[BaselineBoard] appendRawPiece len=33
    stroke  (children=3)
    [UNHANDLED-PCB] tag="stroke"
[BaselineBoard] appendRawPiece len=9
      width  (children=2)
      [UNHANDLED-PCB] tag="width"
[BaselineBoard] appendRawPiece len=1
[BaselineBoard] appendRawPiece len=14
      type  (children=2)
      [UNHANDLED-PCB] tag="type"
[BaselineBoard] appendRawPiece len=7
[BaselineBoard] appendRawPiece len=43
    uuid  (children=2)
[BaselineBoard] appendRawPiece len=142
  wire  (children=4)
[traverseAst] WIRE depth=1 raw_len=142
[BaselineBoard] appendRawPiece len=142
[handleWireFromClean] called for tag='wire'
[handleWire] PUSH (pts.node.pts) 171.449997,76.199997->184.149994,76.199997 ; added=1
[handleWire] saved 1 wire(s) from pts-children (deduped)
[traverseAst] WIRE -> handleWireFromClean() called; board wireCount=5
[BaselineBoard] appendRawPiece len=57
    pts  (children=3)
[BaselineBoard] appendRawPiece len=25
      xy  (children=3)
[BaselineBoard] appendRawPiece len=10
[BaselineBoard] appendRawPiece len=9
[BaselineBoard] appendRawPiece len=25
      xy  (children=3)
[BaselineBoard] appendRawPiece len=10
[BaselineBoard] appendRawPiece len=9
[BaselineBoard] appendRawPiece len=33
    stroke  (children=3)
    [UNHANDLED-PCB] tag="stroke"
[BaselineBoard] appendRawPiece len=9
      width  (children=2)
      [UNHANDLED-PCB] tag="width"
[BaselineBoard] appendRawPiece len=1
[BaselineBoard] appendRawPiece len=14
      type  (children=2)
      [UNHANDLED-PCB] tag="type"
[BaselineBoard] appendRawPiece len=7
[BaselineBoard] appendRawPiece len=43
    uuid  (children=2)
[BaselineBoard] appendRawPiece len=144
  wire  (children=4)
[traverseAst] WIRE depth=1 raw_len=144
[BaselineBoard] appendRawPiece len=144
[handleWireFromClean] called for tag='wire'
[handleWire] PUSH (pts.node.pts) 101.599998,114.300003->158.750000,114.300003 ; added=1
[handleWire] saved 1 wire(s) from pts-children (deduped)
[traverseAst] WIRE -> handleWireFromClean() called; board wireCount=6
[BaselineBoard] appendRawPiece len=59
    pts  (children=3)
[BaselineBoard] appendRawPiece len=26
      xy  (children=3)
[BaselineBoard] appendRawPiece len=10
[BaselineBoard] appendRawPiece len=10
[BaselineBoard] appendRawPiece len=26
      xy  (children=3)
[BaselineBoard] appendRawPiece len=10
[BaselineBoard] appendRawPiece len=10
[BaselineBoard] appendRawPiece len=33
    stroke  (children=3)
    [UNHANDLED-PCB] tag="stroke"
[BaselineBoard] appendRawPiece len=9
      width  (children=2)
      [UNHANDLED-PCB] tag="width"
[BaselineBoard] appendRawPiece len=1
[BaselineBoard] appendRawPiece len=14
      type  (children=2)
      [UNHANDLED-PCB] tag="type"
[BaselineBoard] appendRawPiece len=7
[BaselineBoard] appendRawPiece len=43
    uuid  (children=2)
[BaselineBoard] appendRawPiece len=142
  wire  (children=4)
[traverseAst] WIRE depth=1 raw_len=142
[BaselineBoard] appendRawPiece len=142
[handleWireFromClean] called for tag='wire'
[handleWire] PUSH (pts.node.pts) 101.599998,86.360001->101.599998,88.900002 ; added=1
[handleWire] saved 1 wire(s) from pts-children (deduped)
[traverseAst] WIRE -> handleWireFromClean() called; board wireCount=7
[BaselineBoard] appendRawPiece len=57
    pts  (children=3)
[BaselineBoard] appendRawPiece len=25
      xy  (children=3)
[BaselineBoard] appendRawPiece len=10
[BaselineBoard] appendRawPiece len=9
[BaselineBoard] appendRawPiece len=25
      xy  (children=3)
[BaselineBoard] appendRawPiece len=10
[BaselineBoard] appendRawPiece len=9
[BaselineBoard] appendRawPiece len=33
    stroke  (children=3)
    [UNHANDLED-PCB] tag="stroke"
[BaselineBoard] appendRawPiece len=9
      width  (children=2)
      [UNHANDLED-PCB] tag="width"
[BaselineBoard] appendRawPiece len=1
[BaselineBoard] appendRawPiece len=14
      type  (children=2)
      [UNHANDLED-PCB] tag="type"
[BaselineBoard] appendRawPiece len=7
[BaselineBoard] appendRawPiece len=43
    uuid  (children=2)
[BaselineBoard] appendRawPiece len=142
  wire  (children=4)
[traverseAst] WIRE depth=1 raw_len=142
[BaselineBoard] appendRawPiece len=142
[handleWireFromClean] called for tag='wire'
[handleWire] PUSH (pts.node.pts) 184.149994,88.900002->184.149994,91.440002 ; added=1
[handleWire] saved 1 wire(s) from pts-children (deduped)
[traverseAst] WIRE -> handleWireFromClean() called; board wireCount=8
[BaselineBoard] appendRawPiece len=57
    pts  (children=3)
[BaselineBoard] appendRawPiece len=25
      xy  (children=3)
[BaselineBoard] appendRawPiece len=10
[BaselineBoard] appendRawPiece len=9
[BaselineBoard] appendRawPiece len=25
      xy  (children=3)
[BaselineBoard] appendRawPiece len=10
[BaselineBoard] appendRawPiece len=9
[BaselineBoard] appendRawPiece len=33
    stroke  (children=3)
    [UNHANDLED-PCB] tag="stroke"
[BaselineBoard] appendRawPiece len=9
      width  (children=2)
      [UNHANDLED-PCB] tag="width"
[BaselineBoard] appendRawPiece len=1
[BaselineBoard] appendRawPiece len=14
      type  (children=2)
      [UNHANDLED-PCB] tag="type"
[BaselineBoard] appendRawPiece len=7
[BaselineBoard] appendRawPiece len=43
    uuid  (children=2)
[BaselineBoard] appendRawPiece len=137
  wire  (children=4)
[traverseAst] WIRE depth=1 raw_len=137
[BaselineBoard] appendRawPiece len=137
[handleWireFromClean] called for tag='wire'
[handleWire] PUSH (pts.node.pts) 101.599998,124.459999->101.599998,127.000000 ; added=1
[handleWire] saved 1 wire(s) from pts-children (deduped)
[traverseAst] WIRE -> handleWireFromClean() called; board wireCount=9
[BaselineBoard] appendRawPiece len=52
    pts  (children=3)
[BaselineBoard] appendRawPiece len=26
      xy  (children=3)
[BaselineBoard] appendRawPiece len=10
[BaselineBoard] appendRawPiece len=10
[BaselineBoard] appendRawPiece len=19
      xy  (children=3)
[BaselineBoard] appendRawPiece len=10
[BaselineBoard] appendRawPiece len=3
[BaselineBoard] appendRawPiece len=33
    stroke  (children=3)
    [UNHANDLED-PCB] tag="stroke"
[BaselineBoard] appendRawPiece len=9
      width  (children=2)
      [UNHANDLED-PCB] tag="width"
[BaselineBoard] appendRawPiece len=1
[BaselineBoard] appendRawPiece len=14
      type  (children=2)
      [UNHANDLED-PCB] tag="type"
[BaselineBoard] appendRawPiece len=7
[BaselineBoard] appendRawPiece len=43
    uuid  (children=2)
[BaselineBoard] appendRawPiece len=142
  wire  (children=4)
[traverseAst] WIRE depth=1 raw_len=142
[BaselineBoard] appendRawPiece len=142
[handleWireFromClean] called for tag='wire'
[handleWire] PUSH (pts.node.pts) 101.599998,76.199997->158.750000,76.199997 ; added=1
[handleWire] saved 1 wire(s) from pts-children (deduped)
[traverseAst] WIRE -> handleWireFromClean() called; board wireCount=10
[BaselineBoard] appendRawPiece len=57
    pts  (children=3)
[BaselineBoard] appendRawPiece len=25
      xy  (children=3)
[BaselineBoard] appendRawPiece len=10
[BaselineBoard] appendRawPiece len=9
[BaselineBoard] appendRawPiece len=25
      xy  (children=3)
[BaselineBoard] appendRawPiece len=10
[BaselineBoard] appendRawPiece len=9
[BaselineBoard] appendRawPiece len=33
    stroke  (children=3)
    [UNHANDLED-PCB] tag="stroke"
[BaselineBoard] appendRawPiece len=9
      width  (children=2)
      [UNHANDLED-PCB] tag="width"
[BaselineBoard] appendRawPiece len=1
[BaselineBoard] appendRawPiece len=14
      type  (children=2)
      [UNHANDLED-PCB] tag="type"
[BaselineBoard] appendRawPiece len=7
[BaselineBoard] appendRawPiece len=43
    uuid  (children=2)
[BaselineBoard] appendRawPiece len=180
  text  (children=5)
[BaselineBoard] appendRawPiece len=158
  text  (children=5)
[BaselineBoard] appendRawPiece len=172
  label  (children=6)
[BaselineBoard] appendRawPiece len=172
  label  (children=6)
[BaselineBoard] appendRawPiece len=173
  label  (children=6)
[BaselineBoard] appendRawPiece len=171
  label  (children=6)
[BaselineBoard] appendRawPiece len=1207
  symbol  (children=18)
[BaselineBoard] appendRawPiece len=946
  symbol  (children=17)
[BaselineBoard] appendRawPiece len=768
  symbol  (children=15)
[BaselineBoard] appendRawPiece len=1568
  symbol  (children=22)
[BaselineBoard] appendRawPiece len=768
  symbol  (children=15)
[BaselineBoard] appendRawPiece len=773
  symbol  (children=15)
[BaselineBoard] appendRawPiece len=752
  symbol  (children=15)
[BaselineBoard] appendRawPiece len=752
  symbol  (children=15)
[BaselineBoard] appendRawPiece len=937
  symbol  (children=17)
[BaselineBoard] appendRawPiece len=773
  symbol  (children=15)
[BaselineBoard] appendRawPiece len=1609
  symbol  (children=22)
[BaselineBoard] appendRawPiece len=1215
  symbol  (children=18)
[BaselineBoard] appendRawPiece len=773
  symbol  (children=15)
[BaselineBoard] appendRawPiece len=1047
  symbol  (children=18)
[BaselineBoard] appendRawPiece len=952
  symbol  (children=17)
[BaselineBoard] appendRawPiece len=768
  symbol  (children=15)
[BaselineBoard] appendRawPiece len=75
  sheet_instances  (children=2)
  [UNHANDLED-PCB] tag="sheet_instances"
[BaselineBoard] appendRawPiece len=57
    path  (children=3)
    [UNHANDLED-PCB] tag="path"
[BaselineBoard] appendRawPiece len=39
[BaselineBoard] appendRawPiece len=10
      page  (children=2)
AstCleaner: handling lib_symbols at 0x64713770f310
[appendRawPieceFromClean] piece_head='<kicad_sch>
  <version> attrs{value:20221004 }
  <generator> attrs{value:eeschema }
  <paper> attrs{value:"A4" }
  <lib_symbols>
  <symbol> property{"Reference"'...
[BaselineBoard] appendRawPiece len=33861 head="kicad_sch"
[walkSchematicOnce] cleanedRoot children=37
[walkSchematicOnce] child tag='version' children=0
[appendRawPieceFromClean] piece_head='<version> attrs{value:20221004 }'...
[BaselineBoard] appendRawPiece len=32 head="version"
[walkSchematicOnce] child tag='generator' children=0
[appendRawPieceFromClean] piece_head='<generator> attrs{value:eeschema }'...
[BaselineBoard] appendRawPiece len=34 head="generator"
[walkSchematicOnce] child tag='paper' children=0
[appendRawPieceFromClean] piece_head='<paper> attrs{value:"A4" }'...
[BaselineBoard] appendRawPiece len=26 head="paper"
[walkSchematicOnce] child tag='lib_symbols' children=5
[handleLibSymbolsCleanNode] called, children=5
[WARNING] Duplicate lib_symbols differs; keeping first.
[walkSchematicOnce] child tag='wire' children=1
[handleWireFromClean] called for tag='wire'
[handleWire] saved 1 wire(s) from clean.pts
[walkSchematicOnce] child tag='wire' children=1
[handleWireFromClean] called for tag='wire'
[handleWire] saved 1 wire(s) from clean.pts
[walkSchematicOnce] child tag='wire' children=1
[handleWireFromClean] called for tag='wire'
[handleWire] saved 1 wire(s) from clean.pts
[walkSchematicOnce] child tag='wire' children=1
[handleWireFromClean] called for tag='wire'
[handleWire] saved 1 wire(s) from clean.pts
[walkSchematicOnce] child tag='wire' children=1
[handleWireFromClean] called for tag='wire'
[handleWire] saved 1 wire(s) from clean.pts
[walkSchematicOnce] child tag='wire' children=1
[handleWireFromClean] called for tag='wire'
[handleWire] saved 1 wire(s) from clean.pts
[walkSchematicOnce] child tag='wire' children=1
[handleWireFromClean] called for tag='wire'
[handleWire] saved 1 wire(s) from clean.pts
[walkSchematicOnce] child tag='wire' children=1
[handleWireFromClean] called for tag='wire'
[handleWire] saved 1 wire(s) from clean.pts
[walkSchematicOnce] child tag='wire' children=1
[handleWireFromClean] called for tag='wire'
[handleWire] saved 1 wire(s) from clean.pts
[walkSchematicOnce] child tag='wire' children=1
[handleWireFromClean] called for tag='wire'
[handleWire] saved 1 wire(s) from clean.pts
[walkSchematicOnce] child tag='text' children=3
[handleTextFromClean] called for tag='text'
[handleText] failed to convert text to shape
[walkSchematicOnce] child tag='text' children=3
[handleTextFromClean] called for tag='text'
[handleText] failed to convert text to shape
[walkSchematicOnce] child tag='label' children=4
[handleTextFromClean] called for tag='label'
[handleText] failed to convert text to shape
[walkSchematicOnce] child tag='label' children=4
[handleTextFromClean] called for tag='label'
[handleText] failed to convert text to shape
[walkSchematicOnce] child tag='label' children=4
[handleTextFromClean] called for tag='label'
[handleText] failed to convert text to shape
[walkSchematicOnce] child tag='label' children=4
[handleTextFromClean] called for tag='label'
[handleText] failed to convert text to shape
[walkSchematicOnce] child tag='symbol' children=16
[handleSymbolFromClean] lib_id='(none)' tag='symbol' children=16
[walkSchematicOnce] child tag='symbol' children=15
[handleSymbolFromClean] lib_id='(none)' tag='symbol' children=15
[walkSchematicOnce] child tag='symbol' children=13
[handleSymbolFromClean] lib_id='(none)' tag='symbol' children=13
[walkSchematicOnce] child tag='symbol' children=20
[handleSymbolFromClean] lib_id='(none)' tag='symbol' children=20
[walkSchematicOnce] child tag='symbol' children=13
[handleSymbolFromClean] lib_id='(none)' tag='symbol' children=13
[walkSchematicOnce] child tag='symbol' children=13
[handleSymbolFromClean] lib_id='(none)' tag='symbol' children=13
[walkSchematicOnce] child tag='symbol' children=13
[handleSymbolFromClean] lib_id='(none)' tag='symbol' children=13
[walkSchematicOnce] child tag='symbol' children=13
[handleSymbolFromClean] lib_id='(none)' tag='symbol' children=13
[walkSchematicOnce] child tag='symbol' children=15
[handleSymbolFromClean] lib_id='(none)' tag='symbol' children=15
[walkSchematicOnce] child tag='symbol' children=13
[handleSymbolFromClean] lib_id='(none)' tag='symbol' children=13
[walkSchematicOnce] child tag='symbol' children=20
[handleSymbolFromClean] lib_id='(none)' tag='symbol' children=20
[walkSchematicOnce] child tag='symbol' children=16
[handleSymbolFromClean] lib_id='(none)' tag='symbol' children=16
[walkSchematicOnce] child tag='symbol' children=13
[handleSymbolFromClean] lib_id='(none)' tag='symbol' children=13
[walkSchematicOnce] child tag='symbol' children=16
[handleSymbolFromClean] lib_id='(none)' tag='symbol' children=16
[walkSchematicOnce] child tag='symbol' children=15
[handleSymbolFromClean] lib_id='(none)' tag='symbol' children=15
[walkSchematicOnce] child tag='symbol' children=13
[handleSymbolFromClean] lib_id='(none)' tag='symbol' children=13
[walkSchematicOnce] child tag='sheet_instances' children=1
[appendRawPieceFromClean] piece_head='<sheet_instances>
  <path> attrs{page:"1" }'...
[BaselineBoard] appendRawPiece len=43 head="sheet_instances"
=== SUMMARY === junctionShapes=0 wireShapes=20 symbols=16 rawPieces=199
=== DUMP wires: count=20 ===
 wire[0] start=(171.45,114.30) end=(184.15,114.30)
 wire[1] start=(184.15,76.20) end=(184.15,81.28)
 wire[2] start=(184.15,124.46) end=(184.15,127.00)
 wire[3] start=(184.15,114.30) end=(184.15,116.84)
 wire[4] start=(171.45,76.20) end=(184.15,76.20)
 wire[5] start=(101.60,114.30) end=(158.75,114.30)
 wire[6] start=(101.60,86.36) end=(101.60,88.90)
 wire[7] start=(184.15,88.90) end=(184.15,91.44)
 wire[8] start=(101.60,124.46) end=(101.60,127.00)
 wire[9] start=(101.60,76.20) end=(158.75,76.20)
 wire[10] start=(171.45,114.30) end=(184.15,114.30)
 wire[11] start=(184.15,76.20) end=(184.15,81.28)
 wire[12] start=(184.15,124.46) end=(184.15,127.00)
 wire[13] start=(184.15,114.30) end=(184.15,116.84)
 wire[14] start=(171.45,76.20) end=(184.15,76.20)
 wire[15] start=(101.60,114.30) end=(158.75,114.30)
 wire[16] start=(101.60,86.36) end=(101.60,88.90)
 wire[17] start=(184.15,88.90) end=(184.15,91.44)
 wire[18] start=(101.60,124.46) end=(101.60,127.00)
 wire[19] start=(101.60,76.20) end=(158.75,76.20)
[main] writing KiCad S-expr via b->dumpKiCad(std::cout)
[dumpKiCad] dumping board...
[dumpKiCad] done.
[main] writing KiCad S-expr via b->dumpKiCad(std::cout)
[dumpKiCad] dumping board...
[dumpKiCad] done.
[main] writing KiCad S-expr via b->dumpKiCad(std::cout)
[dumpKiCad] dumping board...
[dumpKiCad] done.
[main] writing KiCad S-expr via b->dumpKiCad(std::cout)
[dumpKiCad] dumping board...
[dumpKiCad] done.
[main] writing KiCad S-expr via b->dumpKiCad(std::cout)
[dumpKiCad] dumping board...
[dumpKiCad] done.
[main] writing KiCad S-expr via b->dumpKiCad(std::cout)
[dumpKiCad] dumping board...
[dumpKiCad] done.
