[DEBUG] Root children: 63
  child 0 (non-list or no head)
  child 1 tag="version"
  child 2 tag="generator"
  child 3 tag="generator_version"
  child 4 tag="uuid"
  child 5 tag="paper"
  child 6 tag="lib_symbols"
  child 7 tag="junction"
  child 8 tag="wire"
  child 9 tag="wire"
  child 10 tag="wire"
  child 11 tag="wire"
  child 12 tag="wire"
  child 13 tag="wire"
  child 14 tag="wire"
  child 15 tag="polyline"
  child 16 tag="polyline"
  child 17 tag="wire"
  child 18 tag="wire"
  child 19 tag="wire"
  child 20 tag="wire"
  child 21 tag="wire"
  child 22 tag="wire"
  child 23 tag="wire"
  child 24 tag="wire"
  child 25 tag="wire"
  child 26 tag="wire"
  child 27 tag="wire"
  child 28 tag="wire"
  child 29 tag="wire"
  child 30 tag="wire"
  child 31 tag="wire"
  child 32 tag="wire"
  child 33 tag="wire"
  child 34 tag="wire"
  child 35 tag="wire"
  child 36 tag="wire"
  child 37 tag="wire"
  child 38 tag="wire"
  child 39 tag="wire"
  child 40 tag="text"
  child 41 tag="label"
  child 42 tag="label"
  child 43 tag="label"
  child 44 tag="label"
  child 45 tag="label"
  child 46 tag="symbol"
  child 47 tag="symbol"
  child 48 tag="symbol"
  child 49 tag="symbol"
  child 50 tag="symbol"
  child 51 tag="symbol"
  child 52 tag="symbol"
  child 53 tag="symbol"
  child 54 tag="symbol"
  child 55 tag="symbol"
  child 56 tag="symbol"
  child 57 tag="symbol"
  child 58 tag="symbol"
  child 59 tag="symbol"
  child 60 tag="symbol"
  child 61 tag="symbol"
  child 62 tag="sheet_instances"
[BaselineBoard] appendRawPiece len=46499
kicad_sch  (children=63)
[UNHANDLED-PCB] tag="kicad_sch"
[BaselineBoard] appendRawPiece len=18
  version  (children=2)
[BaselineBoard] appendRawPiece len=22
  generator  (children=2)
[BaselineBoard] appendRawPiece len=25
  generator_version  (children=2)
[BaselineBoard] appendRawPiece len=45
  uuid  (children=2)
[BaselineBoard] appendRawPiece len=12
  paper  (children=2)
[BaselineBoard] appendRawPiece len=21862
  lib_symbols  (children=10)
[traverseAst] LIB_SYMBOLS depth=1 raw_len=21862
[BaselineBoard] setLibSymbolsRaw len=21862
[BaselineBoard] appendRawPiece len=21862
AstCleaner: handling lib_symbols at 0x7ffebfce5d70
[UNHANDLED] cleanInner:exclude_from_sim addr=0x5a7ce984b4e0 -> (exclude_from_sim no )
  children details (child_index: addr type extra):
    [0] addr=0x5a7ce9846fa0 atom="exclude_from_sim"
    [1] addr=0x5a7ce9846fe0 atom="no"
[UNHANDLED] cleanInner:exclude_from_sim addr=0x5a7ce98955a0 -> (exclude_from_sim no )
  children details (child_index: addr type extra):
    [0] addr=0x5a7ce9895990 atom="exclude_from_sim"
    [1] addr=0x5a7ce98959d0 atom="no"
[UNHANDLED] cleanInner:exclude_from_sim addr=0x5a7ce9847ab0 -> (exclude_from_sim no )
  children details (child_index: addr type extra):
    [0] addr=0x5a7ce9898560 atom="exclude_from_sim"
    [1] addr=0x5a7ce98985a0 atom="no"
[UNHANDLED] cleanInner:exclude_from_sim addr=0x5a7ce989c320 -> (exclude_from_sim no )
  children details (child_index: addr type extra):
    [0] addr=0x5a7ce989c760 atom="exclude_from_sim"
    [1] addr=0x5a7ce989c7a0 atom="no"
[UNHANDLED] cleanInner:exclude_from_sim addr=0x5a7ce98a0520 -> (exclude_from_sim no )
  children details (child_index: addr type extra):
    [0] addr=0x5a7ce98a0960 atom="exclude_from_sim"
    [1] addr=0x5a7ce98a09a0 atom="no"
[UNHANDLED] cleanInner:exclude_from_sim addr=0x5a7ce98a49b0 -> (exclude_from_sim no )
  children details (child_index: addr type extra):
    [0] addr=0x5a7ce98a4df0 atom="exclude_from_sim"
    [1] addr=0x5a7ce98a4e30 atom="no"
[UNHANDLED] cleanInner:exclude_from_sim addr=0x5a7ce98a84b0 -> (exclude_from_sim no )
  children details (child_index: addr type extra):
    [0] addr=0x5a7ce98a88f0 atom="exclude_from_sim"
    [1] addr=0x5a7ce98a8930 atom="no"
[UNHANDLED] cleanInner:exclude_from_sim addr=0x5a7ce98abf60 -> (exclude_from_sim no )
  children details (child_index: addr type extra):
    [0] addr=0x5a7ce98ac3a0 atom="exclude_from_sim"
    [1] addr=0x5a7ce98ac3e0 atom="no"
[UNHANDLED] cleanInner:exclude_from_sim addr=0x5a7ce98b03b0 -> (exclude_from_sim no )
  children details (child_index: addr type extra):
    [0] addr=0x5a7ce98b07f0 atom="exclude_from_sim"
    [1] addr=0x5a7ce98b0830 atom="no"
[handleLibSymbolsCleanNode] called, children=9
[WARNING] Duplicate lib_symbols differs; keeping first.
[traverseAst] LIB_SYMBOLS -> handleLibSymbolsCleanNode() called; libSymbolsRaw_len=21862
[BaselineBoard] appendRawPiece len=12528
    symbol  (children=14)
[BaselineBoard] appendRawPiece len=940
    symbol  (children=14)
[BaselineBoard] appendRawPiece len=1231
    symbol  (children=15)
[BaselineBoard] appendRawPiece len=1225
    symbol  (children=15)
[BaselineBoard] appendRawPiece len=1245
    symbol  (children=15)
[BaselineBoard] appendRawPiece len=1101
    symbol  (children=15)
[BaselineBoard] appendRawPiece len=1114
    symbol  (children=15)
[BaselineBoard] appendRawPiece len=1225
    symbol  (children=15)
[BaselineBoard] appendRawPiece len=1231
    symbol  (children=15)
[BaselineBoard] appendRawPiece len=110
  junction  (children=5)
[traverseAst] JUNCTION depth=1 raw_len=110
[BaselineBoard] appendRawPiece len=110
[UNHANDLED] cleanInner:diameter addr=0x5a7ce985f320 -> (diameter 0 )
  children details (child_index: addr type extra):
    [0] addr=0x5a7ce985d870 atom="diameter"
    [1] addr=0x5a7ce985d8b0 atom="0"
[handleJunctionFromClean] called for tag='junction'
[handleJunction] saved junction shape (x=50.80, y=45.72)
[traverseAst] JUNCTION -> handleJunctionFromClean() called; board junctionCount=1
[BaselineBoard] appendRawPiece len=24
    at  (children=3)
    [UNHANDLED-PCB] tag="at"
[BaselineBoard] appendRawPiece len=9
[BaselineBoard] appendRawPiece len=9
[BaselineBoard] appendRawPiece len=12
    diameter  (children=2)
    [UNHANDLED-PCB] tag="diameter"
[BaselineBoard] appendRawPiece len=1
[BaselineBoard] appendRawPiece len=15
    color  (children=5)
    [UNHANDLED-PCB] tag="color"
[BaselineBoard] appendRawPiece len=1
[BaselineBoard] appendRawPiece len=1
[BaselineBoard] appendRawPiece len=1
[BaselineBoard] appendRawPiece len=1
[BaselineBoard] appendRawPiece len=45
    uuid  (children=2)
[BaselineBoard] appendRawPiece len=142
  wire  (children=4)
[traverseAst] WIRE depth=1 raw_len=142
[BaselineBoard] appendRawPiece len=142
[handleWireFromClean] called for tag='wire'
[handleWire] PUSH (pts.node.pts) 48.259998,35.560001->50.799999,35.560001 ; added=1
[handleWire] saved 1 wire(s) from pts-children (deduped)
[traverseAst] WIRE -> handleWireFromClean() called; board wireCount=1
[BaselineBoard] appendRawPiece len=55
    pts  (children=3)
[BaselineBoard] appendRawPiece len=24
      xy  (children=3)
[BaselineBoard] appendRawPiece len=9
[BaselineBoard] appendRawPiece len=9
[BaselineBoard] appendRawPiece len=24
      xy  (children=3)
[BaselineBoard] appendRawPiece len=9
[BaselineBoard] appendRawPiece len=9
[BaselineBoard] appendRawPiece len=33
    stroke  (children=3)
    [UNHANDLED-PCB] tag="stroke"
[BaselineBoard] appendRawPiece len=9
      width  (children=2)
      [UNHANDLED-PCB] tag="width"
[BaselineBoard] appendRawPiece len=1
[BaselineBoard] appendRawPiece len=14
      type  (children=2)
      [UNHANDLED-PCB] tag="type"
[BaselineBoard] appendRawPiece len=7
[BaselineBoard] appendRawPiece len=45
    uuid  (children=2)
[BaselineBoard] appendRawPiece len=142
  wire  (children=4)
[traverseAst] WIRE depth=1 raw_len=142
[BaselineBoard] appendRawPiece len=142
[handleWireFromClean] called for tag='wire'
[handleWire] PUSH (pts.node.pts) 48.259998,30.480000->71.120003,30.480000 ; added=1
[handleWire] saved 1 wire(s) from pts-children (deduped)
[traverseAst] WIRE -> handleWireFromClean() called; board wireCount=2
[BaselineBoard] appendRawPiece len=55
    pts  (children=3)
[BaselineBoard] appendRawPiece len=24
      xy  (children=3)
[BaselineBoard] appendRawPiece len=9
[BaselineBoard] appendRawPiece len=9
[BaselineBoard] appendRawPiece len=24
      xy  (children=3)
[BaselineBoard] appendRawPiece len=9
[BaselineBoard] appendRawPiece len=9
[BaselineBoard] appendRawPiece len=33
    stroke  (children=3)
    [UNHANDLED-PCB] tag="stroke"
[BaselineBoard] appendRawPiece len=9
      width  (children=2)
      [UNHANDLED-PCB] tag="width"
[BaselineBoard] appendRawPiece len=1
[BaselineBoard] appendRawPiece len=14
      type  (children=2)
      [UNHANDLED-PCB] tag="type"
[BaselineBoard] appendRawPiece len=7
[BaselineBoard] appendRawPiece len=45
    uuid  (children=2)
[BaselineBoard] appendRawPiece len=142
  wire  (children=4)
[traverseAst] WIRE depth=1 raw_len=142
[BaselineBoard] appendRawPiece len=142
[handleWireFromClean] called for tag='wire'
[handleWire] PUSH (pts.node.pts) 71.120003,30.480000->71.120003,33.020000 ; added=1
[handleWire] saved 1 wire(s) from pts-children (deduped)
[traverseAst] WIRE -> handleWireFromClean() called; board wireCount=3
[BaselineBoard] appendRawPiece len=55
    pts  (children=3)
[BaselineBoard] appendRawPiece len=24
      xy  (children=3)
[BaselineBoard] appendRawPiece len=9
[BaselineBoard] appendRawPiece len=9
[BaselineBoard] appendRawPiece len=24
      xy  (children=3)
[BaselineBoard] appendRawPiece len=9
[BaselineBoard] appendRawPiece len=9
[BaselineBoard] appendRawPiece len=33
    stroke  (children=3)
    [UNHANDLED-PCB] tag="stroke"
[BaselineBoard] appendRawPiece len=9
      width  (children=2)
      [UNHANDLED-PCB] tag="width"
[BaselineBoard] appendRawPiece len=1
[BaselineBoard] appendRawPiece len=14
      type  (children=2)
      [UNHANDLED-PCB] tag="type"
[BaselineBoard] appendRawPiece len=7
[BaselineBoard] appendRawPiece len=45
    uuid  (children=2)
[BaselineBoard] appendRawPiece len=142
  wire  (children=4)
[traverseAst] WIRE depth=1 raw_len=142
[BaselineBoard] appendRawPiece len=142
[handleWireFromClean] called for tag='wire'
[handleWire] PUSH (pts.node.pts) 48.259998,27.940001->50.799999,27.940001 ; added=1
[handleWire] saved 1 wire(s) from pts-children (deduped)
[traverseAst] WIRE -> handleWireFromClean() called; board wireCount=4
[BaselineBoard] appendRawPiece len=55
    pts  (children=3)
[BaselineBoard] appendRawPiece len=24
      xy  (children=3)
[BaselineBoard] appendRawPiece len=9
[BaselineBoard] appendRawPiece len=9
[BaselineBoard] appendRawPiece len=24
      xy  (children=3)
[BaselineBoard] appendRawPiece len=9
[BaselineBoard] appendRawPiece len=9
[BaselineBoard] appendRawPiece len=33
    stroke  (children=3)
    [UNHANDLED-PCB] tag="stroke"
[BaselineBoard] appendRawPiece len=9
      width  (children=2)
      [UNHANDLED-PCB] tag="width"
[BaselineBoard] appendRawPiece len=1
[BaselineBoard] appendRawPiece len=14
      type  (children=2)
      [UNHANDLED-PCB] tag="type"
[BaselineBoard] appendRawPiece len=7
[BaselineBoard] appendRawPiece len=45
    uuid  (children=2)
[BaselineBoard] appendRawPiece len=144
  wire  (children=4)
[traverseAst] WIRE depth=1 raw_len=144
[BaselineBoard] appendRawPiece len=144
[handleWireFromClean] called for tag='wire'
[handleWire] PUSH (pts.node.pts) 48.259998,124.459999->64.769997,124.459999 ; added=1
[handleWire] saved 1 wire(s) from pts-children (deduped)
[traverseAst] WIRE -> handleWireFromClean() called; board wireCount=5
[BaselineBoard] appendRawPiece len=57
    pts  (children=3)
[BaselineBoard] appendRawPiece len=25
      xy  (children=3)
[BaselineBoard] appendRawPiece len=9
[BaselineBoard] appendRawPiece len=10
[BaselineBoard] appendRawPiece len=25
      xy  (children=3)
[BaselineBoard] appendRawPiece len=9
[BaselineBoard] appendRawPiece len=10
[BaselineBoard] appendRawPiece len=33
    stroke  (children=3)
    [UNHANDLED-PCB] tag="stroke"
[BaselineBoard] appendRawPiece len=9
      width  (children=2)
      [UNHANDLED-PCB] tag="width"
[BaselineBoard] appendRawPiece len=1
[BaselineBoard] appendRawPiece len=14
      type  (children=2)
      [UNHANDLED-PCB] tag="type"
[BaselineBoard] appendRawPiece len=7
[BaselineBoard] appendRawPiece len=45
    uuid  (children=2)
[BaselineBoard] appendRawPiece len=144
  wire  (children=4)
[traverseAst] WIRE depth=1 raw_len=144
[BaselineBoard] appendRawPiece len=144
[handleWireFromClean] called for tag='wire'
[handleWire] PUSH (pts.node.pts) 64.769997,124.459999->64.769997,125.730003 ; added=1
[handleWire] saved 1 wire(s) from pts-children (deduped)
[traverseAst] WIRE -> handleWireFromClean() called; board wireCount=6
[BaselineBoard] appendRawPiece len=57
    pts  (children=3)
[BaselineBoard] appendRawPiece len=25
      xy  (children=3)
[BaselineBoard] appendRawPiece len=9
[BaselineBoard] appendRawPiece len=10
[BaselineBoard] appendRawPiece len=25
      xy  (children=3)
[BaselineBoard] appendRawPiece len=9
[BaselineBoard] appendRawPiece len=10
[BaselineBoard] appendRawPiece len=33
    stroke  (children=3)
    [UNHANDLED-PCB] tag="stroke"
[BaselineBoard] appendRawPiece len=9
      width  (children=2)
      [UNHANDLED-PCB] tag="width"
[BaselineBoard] appendRawPiece len=1
[BaselineBoard] appendRawPiece len=14
      type  (children=2)
      [UNHANDLED-PCB] tag="type"
[BaselineBoard] appendRawPiece len=7
[BaselineBoard] appendRawPiece len=45
    uuid  (children=2)
[BaselineBoard] appendRawPiece len=142
  wire  (children=4)
[traverseAst] WIRE depth=1 raw_len=142
[BaselineBoard] appendRawPiece len=142
[handleWireFromClean] called for tag='wire'
[handleWire] PUSH (pts.node.pts) 26.670000,45.720001->35.560001,45.720001 ; added=1
[handleWire] saved 1 wire(s) from pts-children (deduped)
[traverseAst] WIRE -> handleWireFromClean() called; board wireCount=7
[BaselineBoard] appendRawPiece len=55
    pts  (children=3)
[BaselineBoard] appendRawPiece len=24
      xy  (children=3)
[BaselineBoard] appendRawPiece len=9
[BaselineBoard] appendRawPiece len=9
[BaselineBoard] appendRawPiece len=24
      xy  (children=3)
[BaselineBoard] appendRawPiece len=9
[BaselineBoard] appendRawPiece len=9
[BaselineBoard] appendRawPiece len=33
    stroke  (children=3)
    [UNHANDLED-PCB] tag="stroke"
[BaselineBoard] appendRawPiece len=9
      width  (children=2)
      [UNHANDLED-PCB] tag="width"
[BaselineBoard] appendRawPiece len=1
[BaselineBoard] appendRawPiece len=14
      type  (children=2)
      [UNHANDLED-PCB] tag="type"
[BaselineBoard] appendRawPiece len=7
[BaselineBoard] appendRawPiece len=45
    uuid  (children=2)
[BaselineBoard] appendRawPiece len=134
  polyline  (children=4)
[BaselineBoard] appendRawPiece len=141
  polyline  (children=4)
[BaselineBoard] appendRawPiece len=142
  wire  (children=4)
[traverseAst] WIRE depth=1 raw_len=142
[BaselineBoard] appendRawPiece len=142
[handleWireFromClean] called for tag='wire'
[handleWire] PUSH (pts.node.pts) 26.670000,45.720001->26.670000,48.259998 ; added=1
[handleWire] saved 1 wire(s) from pts-children (deduped)
[traverseAst] WIRE -> handleWireFromClean() called; board wireCount=8
[BaselineBoard] appendRawPiece len=55
    pts  (children=3)
[BaselineBoard] appendRawPiece len=24
      xy  (children=3)
[BaselineBoard] appendRawPiece len=9
[BaselineBoard] appendRawPiece len=9
[BaselineBoard] appendRawPiece len=24
      xy  (children=3)
[BaselineBoard] appendRawPiece len=9
[BaselineBoard] appendRawPiece len=9
[BaselineBoard] appendRawPiece len=33
    stroke  (children=3)
    [UNHANDLED-PCB] tag="stroke"
[BaselineBoard] appendRawPiece len=9
      width  (children=2)
      [UNHANDLED-PCB] tag="width"
[BaselineBoard] appendRawPiece len=1
[BaselineBoard] appendRawPiece len=14
      type  (children=2)
      [UNHANDLED-PCB] tag="type"
[BaselineBoard] appendRawPiece len=7
[BaselineBoard] appendRawPiece len=45
    uuid  (children=2)
[BaselineBoard] appendRawPiece len=142
  wire  (children=4)
[traverseAst] WIRE depth=1 raw_len=142
[BaselineBoard] appendRawPiece len=142
[handleWireFromClean] called for tag='wire'
[handleWire] PUSH (pts.node.pts) 48.259998,48.259998->50.799999,48.259998 ; added=1
[handleWire] saved 1 wire(s) from pts-children (deduped)
[traverseAst] WIRE -> handleWireFromClean() called; board wireCount=9
[BaselineBoard] appendRawPiece len=55
    pts  (children=3)
[BaselineBoard] appendRawPiece len=24
      xy  (children=3)
[BaselineBoard] appendRawPiece len=9
[BaselineBoard] appendRawPiece len=9
[BaselineBoard] appendRawPiece len=24
      xy  (children=3)
[BaselineBoard] appendRawPiece len=9
[BaselineBoard] appendRawPiece len=9
[BaselineBoard] appendRawPiece len=33
    stroke  (children=3)
    [UNHANDLED-PCB] tag="stroke"
[BaselineBoard] appendRawPiece len=9
      width  (children=2)
      [UNHANDLED-PCB] tag="width"
[BaselineBoard] appendRawPiece len=1
[BaselineBoard] appendRawPiece len=14
      type  (children=2)
      [UNHANDLED-PCB] tag="type"
[BaselineBoard] appendRawPiece len=7
[BaselineBoard] appendRawPiece len=45
    uuid  (children=2)
[BaselineBoard] appendRawPiece len=142
  wire  (children=4)
[traverseAst] WIRE depth=1 raw_len=142
[BaselineBoard] appendRawPiece len=142
[handleWireFromClean] called for tag='wire'
[handleWire] PUSH (pts.node.pts) 50.799999,45.720001->50.799999,48.259998 ; added=1
[handleWire] saved 1 wire(s) from pts-children (deduped)
[traverseAst] WIRE -> handleWireFromClean() called; board wireCount=10
[BaselineBoard] appendRawPiece len=55
    pts  (children=3)
[BaselineBoard] appendRawPiece len=24
      xy  (children=3)
[BaselineBoard] appendRawPiece len=9
[BaselineBoard] appendRawPiece len=9
[BaselineBoard] appendRawPiece len=24
      xy  (children=3)
[BaselineBoard] appendRawPiece len=9
[BaselineBoard] appendRawPiece len=9
[BaselineBoard] appendRawPiece len=33
    stroke  (children=3)
    [UNHANDLED-PCB] tag="stroke"
[BaselineBoard] appendRawPiece len=9
      width  (children=2)
      [UNHANDLED-PCB] tag="width"
[BaselineBoard] appendRawPiece len=1
[BaselineBoard] appendRawPiece len=14
      type  (children=2)
      [UNHANDLED-PCB] tag="type"
[BaselineBoard] appendRawPiece len=7
[BaselineBoard] appendRawPiece len=45
    uuid  (children=2)
[BaselineBoard] appendRawPiece len=142
  wire  (children=4)
[traverseAst] WIRE depth=1 raw_len=142
[BaselineBoard] appendRawPiece len=142
[handleWireFromClean] called for tag='wire'
[handleWire] PUSH (pts.node.pts) 48.259998,38.099998->50.799999,38.099998 ; added=1
[handleWire] saved 1 wire(s) from pts-children (deduped)
[traverseAst] WIRE -> handleWireFromClean() called; board wireCount=11
[BaselineBoard] appendRawPiece len=55
    pts  (children=3)
[BaselineBoard] appendRawPiece len=24
      xy  (children=3)
[BaselineBoard] appendRawPiece len=9
[BaselineBoard] appendRawPiece len=9
[BaselineBoard] appendRawPiece len=24
      xy  (children=3)
[BaselineBoard] appendRawPiece len=9
[BaselineBoard] appendRawPiece len=9
[BaselineBoard] appendRawPiece len=33
    stroke  (children=3)
    [UNHANDLED-PCB] tag="stroke"
[BaselineBoard] appendRawPiece len=9
      width  (children=2)
      [UNHANDLED-PCB] tag="width"
[BaselineBoard] appendRawPiece len=1
[BaselineBoard] appendRawPiece len=14
      type  (children=2)
      [UNHANDLED-PCB] tag="type"
[BaselineBoard] appendRawPiece len=7
[BaselineBoard] appendRawPiece len=45
    uuid  (children=2)
[BaselineBoard] appendRawPiece len=144
  wire  (children=4)
[traverseAst] WIRE depth=1 raw_len=144
[BaselineBoard] appendRawPiece len=144
[handleWireFromClean] called for tag='wire'
[handleWire] PUSH (pts.node.pts) 64.769997,109.220001->64.769997,110.489998 ; added=1
[handleWire] saved 1 wire(s) from pts-children (deduped)
[traverseAst] WIRE -> handleWireFromClean() called; board wireCount=12
[BaselineBoard] appendRawPiece len=57
    pts  (children=3)
[BaselineBoard] appendRawPiece len=25
      xy  (children=3)
[BaselineBoard] appendRawPiece len=9
[BaselineBoard] appendRawPiece len=10
[BaselineBoard] appendRawPiece len=25
      xy  (children=3)
[BaselineBoard] appendRawPiece len=9
[BaselineBoard] appendRawPiece len=10
[BaselineBoard] appendRawPiece len=33
    stroke  (children=3)
    [UNHANDLED-PCB] tag="stroke"
[BaselineBoard] appendRawPiece len=9
      width  (children=2)
      [UNHANDLED-PCB] tag="width"
[BaselineBoard] appendRawPiece len=1
[BaselineBoard] appendRawPiece len=14
      type  (children=2)
      [UNHANDLED-PCB] tag="type"
[BaselineBoard] appendRawPiece len=7
[BaselineBoard] appendRawPiece len=45
    uuid  (children=2)
[BaselineBoard] appendRawPiece len=142
  wire  (children=4)
[traverseAst] WIRE depth=1 raw_len=142
[BaselineBoard] appendRawPiece len=142
[handleWireFromClean] called for tag='wire'
[handleWire] PUSH (pts.node.pts) 48.259998,93.980003->50.799999,93.980003 ; added=1
[handleWire] saved 1 wire(s) from pts-children (deduped)
[traverseAst] WIRE -> handleWireFromClean() called; board wireCount=13
[BaselineBoard] appendRawPiece len=55
    pts  (children=3)
[BaselineBoard] appendRawPiece len=24
      xy  (children=3)
[BaselineBoard] appendRawPiece len=9
[BaselineBoard] appendRawPiece len=9
[BaselineBoard] appendRawPiece len=24
      xy  (children=3)
[BaselineBoard] appendRawPiece len=9
[BaselineBoard] appendRawPiece len=9
[BaselineBoard] appendRawPiece len=33
    stroke  (children=3)
    [UNHANDLED-PCB] tag="stroke"
[BaselineBoard] appendRawPiece len=9
      width  (children=2)
      [UNHANDLED-PCB] tag="width"
[BaselineBoard] appendRawPiece len=1
[BaselineBoard] appendRawPiece len=14
      type  (children=2)
      [UNHANDLED-PCB] tag="type"
[BaselineBoard] appendRawPiece len=7
[BaselineBoard] appendRawPiece len=45
    uuid  (children=2)
[BaselineBoard] appendRawPiece len=142
  wire  (children=4)
[traverseAst] WIRE depth=1 raw_len=142
[BaselineBoard] appendRawPiece len=142
[handleWireFromClean] called for tag='wire'
[handleWire] PUSH (pts.node.pts) 48.259998,43.180000->65.404999,43.180000 ; added=1
[handleWire] saved 1 wire(s) from pts-children (deduped)
[traverseAst] WIRE -> handleWireFromClean() called; board wireCount=14
[BaselineBoard] appendRawPiece len=55
    pts  (children=3)
[BaselineBoard] appendRawPiece len=24
      xy  (children=3)
[BaselineBoard] appendRawPiece len=9
[BaselineBoard] appendRawPiece len=9
[BaselineBoard] appendRawPiece len=24
      xy  (children=3)
[BaselineBoard] appendRawPiece len=9
[BaselineBoard] appendRawPiece len=9
[BaselineBoard] appendRawPiece len=33
    stroke  (children=3)
    [UNHANDLED-PCB] tag="stroke"
[BaselineBoard] appendRawPiece len=9
      width  (children=2)
      [UNHANDLED-PCB] tag="width"
[BaselineBoard] appendRawPiece len=1
[BaselineBoard] appendRawPiece len=14
      type  (children=2)
      [UNHANDLED-PCB] tag="type"
[BaselineBoard] appendRawPiece len=7
[BaselineBoard] appendRawPiece len=45
    uuid  (children=2)
[BaselineBoard] appendRawPiece len=142
  wire  (children=4)
[traverseAst] WIRE depth=1 raw_len=142
[BaselineBoard] appendRawPiece len=142
[handleWireFromClean] called for tag='wire'
[handleWire] PUSH (pts.node.pts) 65.404999,39.369999->65.404999,43.180000 ; added=1
[handleWire] saved 1 wire(s) from pts-children (deduped)
[traverseAst] WIRE -> handleWireFromClean() called; board wireCount=15
[BaselineBoard] appendRawPiece len=55
    pts  (children=3)
[BaselineBoard] appendRawPiece len=24
      xy  (children=3)
[BaselineBoard] appendRawPiece len=9
[BaselineBoard] appendRawPiece len=9
[BaselineBoard] appendRawPiece len=24
      xy  (children=3)
[BaselineBoard] appendRawPiece len=9
[BaselineBoard] appendRawPiece len=9
[BaselineBoard] appendRawPiece len=33
    stroke  (children=3)
    [UNHANDLED-PCB] tag="stroke"
[BaselineBoard] appendRawPiece len=9
      width  (children=2)
      [UNHANDLED-PCB] tag="width"
[BaselineBoard] appendRawPiece len=1
[BaselineBoard] appendRawPiece len=14
      type  (children=2)
      [UNHANDLED-PCB] tag="type"
[BaselineBoard] appendRawPiece len=7
[BaselineBoard] appendRawPiece len=45
    uuid  (children=2)
[BaselineBoard] appendRawPiece len=142
  wire  (children=4)
[traverseAst] WIRE depth=1 raw_len=142
[BaselineBoard] appendRawPiece len=142
[handleWireFromClean] called for tag='wire'
[handleWire] PUSH (pts.node.pts) 25.400000,25.400000->25.400000,27.940001 ; added=1
[handleWire] saved 1 wire(s) from pts-children (deduped)
[traverseAst] WIRE -> handleWireFromClean() called; board wireCount=16
[BaselineBoard] appendRawPiece len=55
    pts  (children=3)
[BaselineBoard] appendRawPiece len=24
      xy  (children=3)
[BaselineBoard] appendRawPiece len=9
[BaselineBoard] appendRawPiece len=9
[BaselineBoard] appendRawPiece len=24
      xy  (children=3)
[BaselineBoard] appendRawPiece len=9
[BaselineBoard] appendRawPiece len=9
[BaselineBoard] appendRawPiece len=33
    stroke  (children=3)
    [UNHANDLED-PCB] tag="stroke"
[BaselineBoard] appendRawPiece len=9
      width  (children=2)
      [UNHANDLED-PCB] tag="width"
[BaselineBoard] appendRawPiece len=1
[BaselineBoard] appendRawPiece len=14
      type  (children=2)
      [UNHANDLED-PCB] tag="type"
[BaselineBoard] appendRawPiece len=7
[BaselineBoard] appendRawPiece len=45
    uuid  (children=2)
[BaselineBoard] appendRawPiece len=142
  wire  (children=4)
[traverseAst] WIRE depth=1 raw_len=142
[BaselineBoard] appendRawPiece len=142
[handleWireFromClean] called for tag='wire'
[handleWire] PUSH (pts.node.pts) 25.400000,93.980003->34.924999,93.980003 ; added=1
[handleWire] saved 1 wire(s) from pts-children (deduped)
[traverseAst] WIRE -> handleWireFromClean() called; board wireCount=17
[BaselineBoard] appendRawPiece len=55
    pts  (children=3)
[BaselineBoard] appendRawPiece len=24
      xy  (children=3)
[BaselineBoard] appendRawPiece len=9
[BaselineBoard] appendRawPiece len=9
[BaselineBoard] appendRawPiece len=24
      xy  (children=3)
[BaselineBoard] appendRawPiece len=9
[BaselineBoard] appendRawPiece len=9
[BaselineBoard] appendRawPiece len=33
    stroke  (children=3)
    [UNHANDLED-PCB] tag="stroke"
[BaselineBoard] appendRawPiece len=9
      width  (children=2)
      [UNHANDLED-PCB] tag="width"
[BaselineBoard] appendRawPiece len=1
[BaselineBoard] appendRawPiece len=14
      type  (children=2)
      [UNHANDLED-PCB] tag="type"
[BaselineBoard] appendRawPiece len=7
[BaselineBoard] appendRawPiece len=45
    uuid  (children=2)
[BaselineBoard] appendRawPiece len=142
  wire  (children=4)
[traverseAst] WIRE depth=1 raw_len=142
[BaselineBoard] appendRawPiece len=142
[handleWireFromClean] called for tag='wire'
[handleWire] PUSH (pts.node.pts) 48.259998,40.639999->59.055000,40.639999 ; added=1
[handleWire] saved 1 wire(s) from pts-children (deduped)
[traverseAst] WIRE -> handleWireFromClean() called; board wireCount=18
[BaselineBoard] appendRawPiece len=55
    pts  (children=3)
[BaselineBoard] appendRawPiece len=24
      xy  (children=3)
[BaselineBoard] appendRawPiece len=9
[BaselineBoard] appendRawPiece len=9
[BaselineBoard] appendRawPiece len=24
      xy  (children=3)
[BaselineBoard] appendRawPiece len=9
[BaselineBoard] appendRawPiece len=9
[BaselineBoard] appendRawPiece len=33
    stroke  (children=3)
    [UNHANDLED-PCB] tag="stroke"
[BaselineBoard] appendRawPiece len=9
      width  (children=2)
      [UNHANDLED-PCB] tag="width"
[BaselineBoard] appendRawPiece len=1
[BaselineBoard] appendRawPiece len=14
      type  (children=2)
      [UNHANDLED-PCB] tag="type"
[BaselineBoard] appendRawPiece len=7
[BaselineBoard] appendRawPiece len=45
    uuid  (children=2)
[BaselineBoard] appendRawPiece len=142
  wire  (children=4)
[traverseAst] WIRE depth=1 raw_len=142
[BaselineBoard] appendRawPiece len=142
[handleWireFromClean] called for tag='wire'
[handleWire] PUSH (pts.node.pts) 59.055000,39.369999->59.055000,40.639999 ; added=1
[handleWire] saved 1 wire(s) from pts-children (deduped)
[traverseAst] WIRE -> handleWireFromClean() called; board wireCount=19
[BaselineBoard] appendRawPiece len=55
    pts  (children=3)
[BaselineBoard] appendRawPiece len=24
      xy  (children=3)
[BaselineBoard] appendRawPiece len=9
[BaselineBoard] appendRawPiece len=9
[BaselineBoard] appendRawPiece len=24
      xy  (children=3)
[BaselineBoard] appendRawPiece len=9
[BaselineBoard] appendRawPiece len=9
[BaselineBoard] appendRawPiece len=33
    stroke  (children=3)
    [UNHANDLED-PCB] tag="stroke"
[BaselineBoard] appendRawPiece len=9
      width  (children=2)
      [UNHANDLED-PCB] tag="width"
[BaselineBoard] appendRawPiece len=1
[BaselineBoard] appendRawPiece len=14
      type  (children=2)
      [UNHANDLED-PCB] tag="type"
[BaselineBoard] appendRawPiece len=7
[BaselineBoard] appendRawPiece len=45
    uuid  (children=2)
[BaselineBoard] appendRawPiece len=142
  wire  (children=4)
[traverseAst] WIRE depth=1 raw_len=142
[BaselineBoard] appendRawPiece len=142
[handleWireFromClean] called for tag='wire'
[handleWire] PUSH (pts.node.pts) 25.400000,96.519997->34.924999,96.519997 ; added=1
[handleWire] saved 1 wire(s) from pts-children (deduped)
[traverseAst] WIRE -> handleWireFromClean() called; board wireCount=20
[BaselineBoard] appendRawPiece len=55
    pts  (children=3)
[BaselineBoard] appendRawPiece len=24
      xy  (children=3)
[BaselineBoard] appendRawPiece len=9
[BaselineBoard] appendRawPiece len=9
[BaselineBoard] appendRawPiece len=24
      xy  (children=3)
[BaselineBoard] appendRawPiece len=9
[BaselineBoard] appendRawPiece len=9
[BaselineBoard] appendRawPiece len=33
    stroke  (children=3)
    [UNHANDLED-PCB] tag="stroke"
[BaselineBoard] appendRawPiece len=9
      width  (children=2)
      [UNHANDLED-PCB] tag="width"
[BaselineBoard] appendRawPiece len=1
[BaselineBoard] appendRawPiece len=14
      type  (children=2)
      [UNHANDLED-PCB] tag="type"
[BaselineBoard] appendRawPiece len=7
[BaselineBoard] appendRawPiece len=45
    uuid  (children=2)
[BaselineBoard] appendRawPiece len=142
  wire  (children=4)
[traverseAst] WIRE depth=1 raw_len=142
[BaselineBoard] appendRawPiece len=142
[handleWireFromClean] called for tag='wire'
[handleWire] PUSH (pts.node.pts) 25.400000,96.519997->25.400000,99.059998 ; added=1
[handleWire] saved 1 wire(s) from pts-children (deduped)
[traverseAst] WIRE -> handleWireFromClean() called; board wireCount=21
[BaselineBoard] appendRawPiece len=55
    pts  (children=3)
[BaselineBoard] appendRawPiece len=24
      xy  (children=3)
[BaselineBoard] appendRawPiece len=9
[BaselineBoard] appendRawPiece len=9
[BaselineBoard] appendRawPiece len=24
      xy  (children=3)
[BaselineBoard] appendRawPiece len=9
[BaselineBoard] appendRawPiece len=9
[BaselineBoard] appendRawPiece len=33
    stroke  (children=3)
    [UNHANDLED-PCB] tag="stroke"
[BaselineBoard] appendRawPiece len=9
      width  (children=2)
      [UNHANDLED-PCB] tag="width"
[BaselineBoard] appendRawPiece len=1
[BaselineBoard] appendRawPiece len=14
      type  (children=2)
      [UNHANDLED-PCB] tag="type"
[BaselineBoard] appendRawPiece len=7
[BaselineBoard] appendRawPiece len=45
    uuid  (children=2)
[BaselineBoard] appendRawPiece len=142
  wire  (children=4)
[traverseAst] WIRE depth=1 raw_len=142
[BaselineBoard] appendRawPiece len=142
[handleWireFromClean] called for tag='wire'
[handleWire] PUSH (pts.node.pts) 26.670000,63.500000->35.560001,63.500000 ; added=1
[handleWire] saved 1 wire(s) from pts-children (deduped)
[traverseAst] WIRE -> handleWireFromClean() called; board wireCount=22
[BaselineBoard] appendRawPiece len=55
    pts  (children=3)
[BaselineBoard] appendRawPiece len=24
      xy  (children=3)
[BaselineBoard] appendRawPiece len=9
[BaselineBoard] appendRawPiece len=9
[BaselineBoard] appendRawPiece len=24
      xy  (children=3)
[BaselineBoard] appendRawPiece len=9
[BaselineBoard] appendRawPiece len=9
[BaselineBoard] appendRawPiece len=33
    stroke  (children=3)
    [UNHANDLED-PCB] tag="stroke"
[BaselineBoard] appendRawPiece len=9
      width  (children=2)
      [UNHANDLED-PCB] tag="width"
[BaselineBoard] appendRawPiece len=1
[BaselineBoard] appendRawPiece len=14
      type  (children=2)
      [UNHANDLED-PCB] tag="type"
[BaselineBoard] appendRawPiece len=7
[BaselineBoard] appendRawPiece len=45
    uuid  (children=2)
[BaselineBoard] appendRawPiece len=144
  wire  (children=4)
[traverseAst] WIRE depth=1 raw_len=144
[BaselineBoard] appendRawPiece len=144
[handleWireFromClean] called for tag='wire'
[handleWire] PUSH (pts.node.pts) 48.259998,109.220001->64.769997,109.220001 ; added=1
[handleWire] saved 1 wire(s) from pts-children (deduped)
[traverseAst] WIRE -> handleWireFromClean() called; board wireCount=23
[BaselineBoard] appendRawPiece len=57
    pts  (children=3)
[BaselineBoard] appendRawPiece len=25
      xy  (children=3)
[BaselineBoard] appendRawPiece len=9
[BaselineBoard] appendRawPiece len=10
[BaselineBoard] appendRawPiece len=25
      xy  (children=3)
[BaselineBoard] appendRawPiece len=9
[BaselineBoard] appendRawPiece len=10
[BaselineBoard] appendRawPiece len=33
    stroke  (children=3)
    [UNHANDLED-PCB] tag="stroke"
[BaselineBoard] appendRawPiece len=9
      width  (children=2)
      [UNHANDLED-PCB] tag="width"
[BaselineBoard] appendRawPiece len=1
[BaselineBoard] appendRawPiece len=14
      type  (children=2)
      [UNHANDLED-PCB] tag="type"
[BaselineBoard] appendRawPiece len=7
[BaselineBoard] appendRawPiece len=45
    uuid  (children=2)
[BaselineBoard] appendRawPiece len=142
  wire  (children=4)
[traverseAst] WIRE depth=1 raw_len=142
[BaselineBoard] appendRawPiece len=142
[handleWireFromClean] called for tag='wire'
[handleWire] PUSH (pts.node.pts) 25.400000,27.940001->35.560001,27.940001 ; added=1
[handleWire] saved 1 wire(s) from pts-children (deduped)
[traverseAst] WIRE -> handleWireFromClean() called; board wireCount=24
[BaselineBoard] appendRawPiece len=55
    pts  (children=3)
[BaselineBoard] appendRawPiece len=24
      xy  (children=3)
[BaselineBoard] appendRawPiece len=9
[BaselineBoard] appendRawPiece len=9
[BaselineBoard] appendRawPiece len=24
      xy  (children=3)
[BaselineBoard] appendRawPiece len=9
[BaselineBoard] appendRawPiece len=9
[BaselineBoard] appendRawPiece len=33
    stroke  (children=3)
    [UNHANDLED-PCB] tag="stroke"
[BaselineBoard] appendRawPiece len=9
      width  (children=2)
      [UNHANDLED-PCB] tag="width"
[BaselineBoard] appendRawPiece len=1
[BaselineBoard] appendRawPiece len=14
      type  (children=2)
      [UNHANDLED-PCB] tag="type"
[BaselineBoard] appendRawPiece len=7
[BaselineBoard] appendRawPiece len=45
    uuid  (children=2)
[BaselineBoard] appendRawPiece len=142
  wire  (children=4)
[traverseAst] WIRE depth=1 raw_len=142
[BaselineBoard] appendRawPiece len=142
[handleWireFromClean] called for tag='wire'
[handleWire] PUSH (pts.node.pts) 26.670000,60.959999->26.670000,63.500000 ; added=1
[handleWire] saved 1 wire(s) from pts-children (deduped)
[traverseAst] WIRE -> handleWireFromClean() called; board wireCount=25
[BaselineBoard] appendRawPiece len=55
    pts  (children=3)
[BaselineBoard] appendRawPiece len=24
      xy  (children=3)
[BaselineBoard] appendRawPiece len=9
[BaselineBoard] appendRawPiece len=9
[BaselineBoard] appendRawPiece len=24
      xy  (children=3)
[BaselineBoard] appendRawPiece len=9
[BaselineBoard] appendRawPiece len=9
[BaselineBoard] appendRawPiece len=33
    stroke  (children=3)
    [UNHANDLED-PCB] tag="stroke"
[BaselineBoard] appendRawPiece len=9
      width  (children=2)
      [UNHANDLED-PCB] tag="width"
[BaselineBoard] appendRawPiece len=1
[BaselineBoard] appendRawPiece len=14
      type  (children=2)
      [UNHANDLED-PCB] tag="type"
[BaselineBoard] appendRawPiece len=7
[BaselineBoard] appendRawPiece len=45
    uuid  (children=2)
[BaselineBoard] appendRawPiece len=142
  wire  (children=4)
[traverseAst] WIRE depth=1 raw_len=142
[BaselineBoard] appendRawPiece len=142
[handleWireFromClean] called for tag='wire'
[handleWire] PUSH (pts.node.pts) 25.400000,91.440002->25.400000,93.980003 ; added=1
[handleWire] saved 1 wire(s) from pts-children (deduped)
[traverseAst] WIRE -> handleWireFromClean() called; board wireCount=26
[BaselineBoard] appendRawPiece len=55
    pts  (children=3)
[BaselineBoard] appendRawPiece len=24
      xy  (children=3)
[BaselineBoard] appendRawPiece len=9
[BaselineBoard] appendRawPiece len=9
[BaselineBoard] appendRawPiece len=24
      xy  (children=3)
[BaselineBoard] appendRawPiece len=9
[BaselineBoard] appendRawPiece len=9
[BaselineBoard] appendRawPiece len=33
    stroke  (children=3)
    [UNHANDLED-PCB] tag="stroke"
[BaselineBoard] appendRawPiece len=9
      width  (children=2)
      [UNHANDLED-PCB] tag="width"
[BaselineBoard] appendRawPiece len=1
[BaselineBoard] appendRawPiece len=14
      type  (children=2)
      [UNHANDLED-PCB] tag="type"
[BaselineBoard] appendRawPiece len=7
[BaselineBoard] appendRawPiece len=45
    uuid  (children=2)
[BaselineBoard] appendRawPiece len=142
  wire  (children=4)
[traverseAst] WIRE depth=1 raw_len=142
[BaselineBoard] appendRawPiece len=142
[handleWireFromClean] called for tag='wire'
[handleWire] PUSH (pts.node.pts) 48.259998,50.799999->50.799999,50.799999 ; added=1
[handleWire] saved 1 wire(s) from pts-children (deduped)
[traverseAst] WIRE -> handleWireFromClean() called; board wireCount=27
[BaselineBoard] appendRawPiece len=55
    pts  (children=3)
[BaselineBoard] appendRawPiece len=24
      xy  (children=3)
[BaselineBoard] appendRawPiece len=9
[BaselineBoard] appendRawPiece len=9
[BaselineBoard] appendRawPiece len=24
      xy  (children=3)
[BaselineBoard] appendRawPiece len=9
[BaselineBoard] appendRawPiece len=9
[BaselineBoard] appendRawPiece len=33
    stroke  (children=3)
    [UNHANDLED-PCB] tag="stroke"
[BaselineBoard] appendRawPiece len=9
      width  (children=2)
      [UNHANDLED-PCB] tag="width"
[BaselineBoard] appendRawPiece len=1
[BaselineBoard] appendRawPiece len=14
      type  (children=2)
      [UNHANDLED-PCB] tag="type"
[BaselineBoard] appendRawPiece len=7
[BaselineBoard] appendRawPiece len=45
    uuid  (children=2)
[BaselineBoard] appendRawPiece len=142
  wire  (children=4)
[traverseAst] WIRE depth=1 raw_len=142
[BaselineBoard] appendRawPiece len=142
[handleWireFromClean] called for tag='wire'
[handleWire] PUSH (pts.node.pts) 48.259998,45.720001->50.799999,45.720001 ; added=1
[handleWire] saved 1 wire(s) from pts-children (deduped)
[traverseAst] WIRE -> handleWireFromClean() called; board wireCount=28
[BaselineBoard] appendRawPiece len=55
    pts  (children=3)
[BaselineBoard] appendRawPiece len=24
      xy  (children=3)
[BaselineBoard] appendRawPiece len=9
[BaselineBoard] appendRawPiece len=9
[BaselineBoard] appendRawPiece len=24
      xy  (children=3)
[BaselineBoard] appendRawPiece len=9
[BaselineBoard] appendRawPiece len=9
[BaselineBoard] appendRawPiece len=33
    stroke  (children=3)
    [UNHANDLED-PCB] tag="stroke"
[BaselineBoard] appendRawPiece len=9
      width  (children=2)
      [UNHANDLED-PCB] tag="width"
[BaselineBoard] appendRawPiece len=1
[BaselineBoard] appendRawPiece len=14
      type  (children=2)
      [UNHANDLED-PCB] tag="type"
[BaselineBoard] appendRawPiece len=7
[BaselineBoard] appendRawPiece len=45
    uuid  (children=2)
[BaselineBoard] appendRawPiece len=142
  wire  (children=4)
[traverseAst] WIRE depth=1 raw_len=142
[BaselineBoard] appendRawPiece len=142
[handleWireFromClean] called for tag='wire'
[handleWire] PUSH (pts.node.pts) 50.799999,45.720001->64.769997,45.720001 ; added=1
[handleWire] saved 1 wire(s) from pts-children (deduped)
[traverseAst] WIRE -> handleWireFromClean() called; board wireCount=29
[BaselineBoard] appendRawPiece len=55
    pts  (children=3)
[BaselineBoard] appendRawPiece len=24
      xy  (children=3)
[BaselineBoard] appendRawPiece len=9
[BaselineBoard] appendRawPiece len=9
[BaselineBoard] appendRawPiece len=24
      xy  (children=3)
[BaselineBoard] appendRawPiece len=9
[BaselineBoard] appendRawPiece len=9
[BaselineBoard] appendRawPiece len=33
    stroke  (children=3)
    [UNHANDLED-PCB] tag="stroke"
[BaselineBoard] appendRawPiece len=9
      width  (children=2)
      [UNHANDLED-PCB] tag="width"
[BaselineBoard] appendRawPiece len=1
[BaselineBoard] appendRawPiece len=14
      type  (children=2)
      [UNHANDLED-PCB] tag="type"
[BaselineBoard] appendRawPiece len=7
[BaselineBoard] appendRawPiece len=45
    uuid  (children=2)
[BaselineBoard] appendRawPiece len=142
  wire  (children=4)
[traverseAst] WIRE depth=1 raw_len=142
[BaselineBoard] appendRawPiece len=142
[handleWireFromClean] called for tag='wire'
[handleWire] PUSH (pts.node.pts) 64.769997,45.720001->64.769997,48.259998 ; added=1
[handleWire] saved 1 wire(s) from pts-children (deduped)
[traverseAst] WIRE -> handleWireFromClean() called; board wireCount=30
[BaselineBoard] appendRawPiece len=55
    pts  (children=3)
[BaselineBoard] appendRawPiece len=24
      xy  (children=3)
[BaselineBoard] appendRawPiece len=9
[BaselineBoard] appendRawPiece len=9
[BaselineBoard] appendRawPiece len=24
      xy  (children=3)
[BaselineBoard] appendRawPiece len=9
[BaselineBoard] appendRawPiece len=9
[BaselineBoard] appendRawPiece len=33
    stroke  (children=3)
    [UNHANDLED-PCB] tag="stroke"
[BaselineBoard] appendRawPiece len=9
      width  (children=2)
      [UNHANDLED-PCB] tag="width"
[BaselineBoard] appendRawPiece len=1
[BaselineBoard] appendRawPiece len=14
      type  (children=2)
      [UNHANDLED-PCB] tag="type"
[BaselineBoard] appendRawPiece len=7
[BaselineBoard] appendRawPiece len=45
    uuid  (children=2)
[BaselineBoard] appendRawPiece len=167
  text  (children=6)
[BaselineBoard] appendRawPiece len=177
  label  (children=6)
[BaselineBoard] appendRawPiece len=174
  label  (children=6)
[BaselineBoard] appendRawPiece len=174
  label  (children=6)
[BaselineBoard] appendRawPiece len=176
  label  (children=6)
[BaselineBoard] appendRawPiece len=182
  label  (children=6)
[BaselineBoard] appendRawPiece len=3066
  symbol  (children=54)
[BaselineBoard] appendRawPiece len=877
  symbol  (children=16)
[BaselineBoard] appendRawPiece len=916
  symbol  (children=16)
[BaselineBoard] appendRawPiece len=877
  symbol  (children=16)
[BaselineBoard] appendRawPiece len=916
  symbol  (children=16)
[BaselineBoard] appendRawPiece len=903
  symbol  (children=17)
[BaselineBoard] appendRawPiece len=916
  symbol  (children=16)
[BaselineBoard] appendRawPiece len=907
  symbol  (children=17)
[BaselineBoard] appendRawPiece len=901
  symbol  (children=17)
[BaselineBoard] appendRawPiece len=877
  symbol  (children=16)
[BaselineBoard] appendRawPiece len=881
  symbol  (children=16)
[BaselineBoard] appendRawPiece len=903
  symbol  (children=17)
[BaselineBoard] appendRawPiece len=877
  symbol  (children=16)
[BaselineBoard] appendRawPiece len=3071
  symbol  (children=54)
[BaselineBoard] appendRawPiece len=903
  symbol  (children=17)
[BaselineBoard] appendRawPiece len=909
  symbol  (children=17)
[BaselineBoard] appendRawPiece len=39
  sheet_instances  (children=2)
  [UNHANDLED-PCB] tag="sheet_instances"
[BaselineBoard] appendRawPiece len=21
    path  (children=3)
    [UNHANDLED-PCB] tag="path"
[BaselineBoard] appendRawPiece len=3
[BaselineBoard] appendRawPiece len=10
      page  (children=2)
[UNHANDLED] cleanInner:generator_version addr=0x5a7ce98e6b90 -> (generator_version "8.0" )
  children details (child_index: addr type extra):
    [0] addr=0x5a7ce9857fe0 atom="generator_version"
    [1] addr=0x5a7ce9858020 atom=""8.0""
AstCleaner: handling lib_symbols at 0x5a7ce98e6c50
[UNHANDLED] cleanInner:exclude_from_sim addr=0x5a7ce98e7b60 -> (exclude_from_sim no )
  children details (child_index: addr type extra):
    [0] addr=0x5a7ce9881b50 atom="exclude_from_sim"
    [1] addr=0x5a7ce9881b90 atom="no"
[UNHANDLED] cleanInner:exclude_from_sim addr=0x5a7ce98b2790 -> (exclude_from_sim no )
  children details (child_index: addr type extra):
    [0] addr=0x5a7ce98b2b80 atom="exclude_from_sim"
    [1] addr=0x5a7ce98b2bc0 atom="no"
[UNHANDLED] cleanInner:exclude_from_sim addr=0x5a7ce98b03b0 -> (exclude_from_sim no )
  children details (child_index: addr type extra):
    [0] addr=0x5a7ce9896910 atom="exclude_from_sim"
    [1] addr=0x5a7ce9896950 atom="no"
[UNHANDLED] cleanInner:exclude_from_sim addr=0x5a7ce98abf60 -> (exclude_from_sim no )
  children details (child_index: addr type extra):
    [0] addr=0x5a7ce989a6c0 atom="exclude_from_sim"
    [1] addr=0x5a7ce989a700 atom="no"
[UNHANDLED] cleanInner:exclude_from_sim addr=0x5a7ce98a84b0 -> (exclude_from_sim no )
  children details (child_index: addr type extra):
    [0] addr=0x5a7ce98bca80 atom="exclude_from_sim"
    [1] addr=0x5a7ce98bcac0 atom="no"
[UNHANDLED] cleanInner:exclude_from_sim addr=0x5a7ce98a49b0 -> (exclude_from_sim no )
  children details (child_index: addr type extra):
    [0] addr=0x5a7ce98c0830 atom="exclude_from_sim"
    [1] addr=0x5a7ce98c0870 atom="no"
[UNHANDLED] cleanInner:exclude_from_sim addr=0x5a7ce98a0520 -> (exclude_from_sim no )
  children details (child_index: addr type extra):
    [0] addr=0x5a7ce98c3bd0 atom="exclude_from_sim"
    [1] addr=0x5a7ce98c3c10 atom="no"
[UNHANDLED] cleanInner:exclude_from_sim addr=0x5a7ce989c320 -> (exclude_from_sim no )
  children details (child_index: addr type extra):
    [0] addr=0x5a7ce98c7020 atom="exclude_from_sim"
    [1] addr=0x5a7ce98c7060 atom="no"
[UNHANDLED] cleanInner:exclude_from_sim addr=0x5a7ce9847ab0 -> (exclude_from_sim no )
  children details (child_index: addr type extra):
    [0] addr=0x5a7ce98cadd0 atom="exclude_from_sim"
    [1] addr=0x5a7ce98cae10 atom="no"
[appendRawPieceFromClean] piece_head='<kicad_sch>
  <version> attrs{value:20231120 }
  <generator> attrs{value:"eeschema" }
  <generator_version> attrs{value:"8.0" }
  <paper> attrs{value:"A4" }
  <'...
[BaselineBoard] appendRawPiece len=54509 head="kicad_sch"
[walkSchematicOnce] cleanedRoot children=61
[walkSchematicOnce] child tag='version' children=0
[appendRawPieceFromClean] piece_head='<version> attrs{value:20231120 }'...
[BaselineBoard] appendRawPiece len=32 head="version"
[walkSchematicOnce] child tag='generator' children=0
[appendRawPieceFromClean] piece_head='<generator> attrs{value:"eeschema" }'...
[BaselineBoard] appendRawPiece len=36 head="generator"
[walkSchematicOnce] child tag='generator_version' children=0
[appendRawPieceFromClean] piece_head='<generator_version> attrs{value:"8.0" }'...
[BaselineBoard] appendRawPiece len=39 head="generator_version"
[walkSchematicOnce] child tag='paper' children=0
[appendRawPieceFromClean] piece_head='<paper> attrs{value:"A4" }'...
[BaselineBoard] appendRawPiece len=26 head="paper"
[walkSchematicOnce] child tag='lib_symbols' children=9
[handleLibSymbolsCleanNode] called, children=9
[WARNING] Duplicate lib_symbols differs; keeping first.
[walkSchematicOnce] child tag='junction' children=0
[handleJunctionFromClean] called for tag='junction'
[handleJunction] saved junction shape (x=50.80, y=45.72)
[walkSchematicOnce] child tag='wire' children=1
[handleWireFromClean] called for tag='wire'
[handleWire] saved 1 wire(s) from clean.pts
[walkSchematicOnce] child tag='wire' children=1
[handleWireFromClean] called for tag='wire'
[handleWire] saved 1 wire(s) from clean.pts
[walkSchematicOnce] child tag='wire' children=1
[handleWireFromClean] called for tag='wire'
[handleWire] saved 1 wire(s) from clean.pts
[walkSchematicOnce] child tag='wire' children=1
[handleWireFromClean] called for tag='wire'
[handleWire] saved 1 wire(s) from clean.pts
[walkSchematicOnce] child tag='wire' children=1
[handleWireFromClean] called for tag='wire'
[handleWire] saved 1 wire(s) from clean.pts
[walkSchematicOnce] child tag='wire' children=1
[handleWireFromClean] called for tag='wire'
[handleWire] saved 1 wire(s) from clean.pts
[walkSchematicOnce] child tag='wire' children=1
[handleWireFromClean] called for tag='wire'
[handleWire] saved 1 wire(s) from clean.pts
[walkSchematicOnce] child tag='polyline' children=0
[appendRawPieceFromClean] piece_head='<polyline> attrs{stroke:(stroke <list> <list>) }'...
[BaselineBoard] appendRawPiece len=48 head="polyline"
[walkSchematicOnce] child tag='polyline' children=0
[appendRawPieceFromClean] piece_head='<polyline> attrs{stroke:(stroke <list> <list>) }'...
[BaselineBoard] appendRawPiece len=48 head="polyline"
[walkSchematicOnce] child tag='wire' children=1
[handleWireFromClean] called for tag='wire'
[handleWire] saved 1 wire(s) from clean.pts
[walkSchematicOnce] child tag='wire' children=1
[handleWireFromClean] called for tag='wire'
[handleWire] saved 1 wire(s) from clean.pts
[walkSchematicOnce] child tag='wire' children=1
[handleWireFromClean] called for tag='wire'
[handleWire] saved 1 wire(s) from clean.pts
[walkSchematicOnce] child tag='wire' children=1
[handleWireFromClean] called for tag='wire'
[handleWire] saved 1 wire(s) from clean.pts
[walkSchematicOnce] child tag='wire' children=1
[handleWireFromClean] called for tag='wire'
[handleWire] saved 1 wire(s) from clean.pts
[walkSchematicOnce] child tag='wire' children=1
[handleWireFromClean] called for tag='wire'
[handleWire] saved 1 wire(s) from clean.pts
[walkSchematicOnce] child tag='wire' children=1
[handleWireFromClean] called for tag='wire'
[handleWire] saved 1 wire(s) from clean.pts
[walkSchematicOnce] child tag='wire' children=1
[handleWireFromClean] called for tag='wire'
[handleWire] saved 1 wire(s) from clean.pts
[walkSchematicOnce] child tag='wire' children=1
[handleWireFromClean] called for tag='wire'
[handleWire] saved 1 wire(s) from clean.pts
[walkSchematicOnce] child tag='wire' children=1
[handleWireFromClean] called for tag='wire'
[handleWire] saved 1 wire(s) from clean.pts
[walkSchematicOnce] child tag='wire' children=1
[handleWireFromClean] called for tag='wire'
[handleWire] saved 1 wire(s) from clean.pts
[walkSchematicOnce] child tag='wire' children=1
[handleWireFromClean] called for tag='wire'
[handleWire] saved 1 wire(s) from clean.pts
[walkSchematicOnce] child tag='wire' children=1
[handleWireFromClean] called for tag='wire'
[handleWire] saved 1 wire(s) from clean.pts
[walkSchematicOnce] child tag='wire' children=1
[handleWireFromClean] called for tag='wire'
[handleWire] saved 1 wire(s) from clean.pts
[walkSchematicOnce] child tag='wire' children=1
[handleWireFromClean] called for tag='wire'
[handleWire] saved 1 wire(s) from clean.pts
[walkSchematicOnce] child tag='wire' children=1
[handleWireFromClean] called for tag='wire'
[handleWire] saved 1 wire(s) from clean.pts
[walkSchematicOnce] child tag='wire' children=1
[handleWireFromClean] called for tag='wire'
[handleWire] saved 1 wire(s) from clean.pts
[walkSchematicOnce] child tag='wire' children=1
[handleWireFromClean] called for tag='wire'
[handleWire] saved 1 wire(s) from clean.pts
[walkSchematicOnce] child tag='wire' children=1
[handleWireFromClean] called for tag='wire'
[handleWire] saved 1 wire(s) from clean.pts
[walkSchematicOnce] child tag='wire' children=1
[handleWireFromClean] called for tag='wire'
[handleWire] saved 1 wire(s) from clean.pts
[walkSchematicOnce] child tag='wire' children=1
[handleWireFromClean] called for tag='wire'
[handleWire] saved 1 wire(s) from clean.pts
[walkSchematicOnce] child tag='wire' children=1
[handleWireFromClean] called for tag='wire'
[handleWire] saved 1 wire(s) from clean.pts
[walkSchematicOnce] child tag='wire' children=1
[handleWireFromClean] called for tag='wire'
[handleWire] saved 1 wire(s) from clean.pts
[walkSchematicOnce] child tag='text' children=4
[handleTextFromClean] called for tag='text'
[handleText] failed to convert text to shape
[walkSchematicOnce] child tag='label' children=4
[handleTextFromClean] called for tag='label'
[handleText] failed to convert text to shape
[walkSchematicOnce] child tag='label' children=4
[handleTextFromClean] called for tag='label'
[handleText] failed to convert text to shape
[walkSchematicOnce] child tag='label' children=4
[handleTextFromClean] called for tag='label'
[handleText] failed to convert text to shape
[walkSchematicOnce] child tag='label' children=4
[handleTextFromClean] called for tag='label'
[handleText] failed to convert text to shape
[walkSchematicOnce] child tag='label' children=4
[handleTextFromClean] called for tag='label'
[handleText] failed to convert text to shape
[walkSchematicOnce] child tag='symbol' children=52
[handleSymbolFromClean] lib_id='(none)' tag='symbol' children=52
[walkSchematicOnce] child tag='symbol' children=14
[handleSymbolFromClean] lib_id='(none)' tag='symbol' children=14
[walkSchematicOnce] child tag='symbol' children=14
[handleSymbolFromClean] lib_id='(none)' tag='symbol' children=14
[walkSchematicOnce] child tag='symbol' children=14
[handleSymbolFromClean] lib_id='(none)' tag='symbol' children=14
[walkSchematicOnce] child tag='symbol' children=14
[handleSymbolFromClean] lib_id='(none)' tag='symbol' children=14
[walkSchematicOnce] child tag='symbol' children=15
[handleSymbolFromClean] lib_id='(none)' tag='symbol' children=15
[walkSchematicOnce] child tag='symbol' children=14
[handleSymbolFromClean] lib_id='(none)' tag='symbol' children=14
[walkSchematicOnce] child tag='symbol' children=15
[handleSymbolFromClean] lib_id='(none)' tag='symbol' children=15
[walkSchematicOnce] child tag='symbol' children=15
[handleSymbolFromClean] lib_id='(none)' tag='symbol' children=15
[walkSchematicOnce] child tag='symbol' children=14
[handleSymbolFromClean] lib_id='(none)' tag='symbol' children=14
[walkSchematicOnce] child tag='symbol' children=14
[handleSymbolFromClean] lib_id='(none)' tag='symbol' children=14
[walkSchematicOnce] child tag='symbol' children=15
[handleSymbolFromClean] lib_id='(none)' tag='symbol' children=15
[walkSchematicOnce] child tag='symbol' children=14
[handleSymbolFromClean] lib_id='(none)' tag='symbol' children=14
[walkSchematicOnce] child tag='symbol' children=52
[handleSymbolFromClean] lib_id='(none)' tag='symbol' children=52
[walkSchematicOnce] child tag='symbol' children=15
[handleSymbolFromClean] lib_id='(none)' tag='symbol' children=15
[walkSchematicOnce] child tag='symbol' children=15
[handleSymbolFromClean] lib_id='(none)' tag='symbol' children=15
[walkSchematicOnce] child tag='sheet_instances' children=1
[appendRawPieceFromClean] piece_head='<sheet_instances>
  <path> attrs{page:"1" }'...
[BaselineBoard] appendRawPiece len=43 head="sheet_instances"
=== SUMMARY === junctionShapes=2 wireShapes=60 symbols=16 rawPieces=524
=== DUMP wires: count=60 ===
 wire[0] start=(48.26,35.56) end=(50.80,35.56)
 wire[1] start=(71.12,30.48) end=(48.26,30.48)
 wire[2] start=(71.12,33.02) end=(71.12,30.48)
 wire[3] start=(48.26,27.94) end=(50.80,27.94)
 wire[4] start=(48.26,124.46) end=(64.77,124.46)
 wire[5] start=(64.77,124.46) end=(64.77,125.73)
 wire[6] start=(35.56,45.72) end=(26.67,45.72)
 wire[7] start=(26.67,45.72) end=(26.67,48.26)
 wire[8] start=(48.26,48.26) end=(50.80,48.26)
 wire[9] start=(50.80,48.26) end=(50.80,45.72)
 wire[10] start=(48.26,38.10) end=(50.80,38.10)
 wire[11] start=(64.77,109.22) end=(64.77,110.49)
 wire[12] start=(48.26,93.98) end=(50.80,93.98)
 wire[13] start=(48.26,43.18) end=(65.40,43.18)
 wire[14] start=(65.40,43.18) end=(65.40,39.37)
 wire[15] start=(25.40,25.40) end=(25.40,27.94)
 wire[16] start=(25.40,93.98) end=(34.92,93.98)
 wire[17] start=(48.26,40.64) end=(59.06,40.64)
 wire[18] start=(59.06,40.64) end=(59.06,39.37)
 wire[19] start=(25.40,96.52) end=(34.92,96.52)
 wire[20] start=(25.40,96.52) end=(25.40,99.06)
 wire[21] start=(35.56,63.50) end=(26.67,63.50)
 wire[22] start=(64.77,109.22) end=(48.26,109.22)
 wire[23] start=(25.40,27.94) end=(35.56,27.94)
 wire[24] start=(26.67,60.96) end=(26.67,63.50)
 wire[25] start=(25.40,91.44) end=(25.40,93.98)
 wire[26] start=(48.26,50.80) end=(50.80,50.80)
 wire[27] start=(48.26,45.72) end=(50.80,45.72)
 wire[28] start=(50.80,45.72) end=(64.77,45.72)
 wire[29] start=(64.77,45.72) end=(64.77,48.26)
 wire[30] start=(48.26,35.56) end=(50.80,35.56)
 wire[31] start=(71.12,30.48) end=(48.26,30.48)
 wire[32] start=(71.12,33.02) end=(71.12,30.48)
 wire[33] start=(48.26,27.94) end=(50.80,27.94)
 wire[34] start=(48.26,124.46) end=(64.77,124.46)
 wire[35] start=(64.77,124.46) end=(64.77,125.73)
 wire[36] start=(35.56,45.72) end=(26.67,45.72)
 wire[37] start=(26.67,45.72) end=(26.67,48.26)
 wire[38] start=(48.26,48.26) end=(50.80,48.26)
 wire[39] start=(50.80,48.26) end=(50.80,45.72)
 wire[40] start=(48.26,38.10) end=(50.80,38.10)
 wire[41] start=(64.77,109.22) end=(64.77,110.49)
 wire[42] start=(48.26,93.98) end=(50.80,93.98)
 wire[43] start=(48.26,43.18) end=(65.40,43.18)
 wire[44] start=(65.40,43.18) end=(65.40,39.37)
 wire[45] start=(25.40,25.40) end=(25.40,27.94)
 wire[46] start=(25.40,93.98) end=(34.92,93.98)
 wire[47] start=(48.26,40.64) end=(59.06,40.64)
 wire[48] start=(59.06,40.64) end=(59.06,39.37)
 wire[49] start=(25.40,96.52) end=(34.92,96.52)
 wire[50] start=(25.40,96.52) end=(25.40,99.06)
 wire[51] start=(35.56,63.50) end=(26.67,63.50)
 wire[52] start=(64.77,109.22) end=(48.26,109.22)
 wire[53] start=(25.40,27.94) end=(35.56,27.94)
 wire[54] start=(26.67,60.96) end=(26.67,63.50)
 wire[55] start=(25.40,91.44) end=(25.40,93.98)
 wire[56] start=(48.26,50.80) end=(50.80,50.80)
 wire[57] start=(48.26,45.72) end=(50.80,45.72)
 wire[58] start=(50.80,45.72) end=(64.77,45.72)
 wire[59] start=(64.77,45.72) end=(64.77,48.26)
[main] writing KiCad S-expr via b->dumpKiCad(std::cout)
[dumpKiCad] dumping board...
[dumpKiCad] done.
[main] writing KiCad S-expr via b->dumpKiCad(std::cout)
[dumpKiCad] dumping board...
[dumpKiCad] done.
[main] writing KiCad S-expr via b->dumpKiCad(std::cout)
[dumpKiCad] dumping board...
[dumpKiCad] done.
[main] writing KiCad S-expr via b->dumpKiCad(std::cout)
[dumpKiCad] dumping board...
[dumpKiCad] done.
[main] writing KiCad S-expr via b->dumpKiCad(std::cout)
[dumpKiCad] dumping board...
[dumpKiCad] done.
[main] writing KiCad S-expr via b->dumpKiCad(std::cout)
[dumpKiCad] dumping board...
[dumpKiCad] done.
