[DEBUG] Root children: 92
  child 0 (non-list or no head)
  child 1 tag="version"
  child 2 tag="generator"
  child 3 tag="generator_version"
  child 4 tag="uuid"
  child 5 tag="paper"
  child 6 tag="title_block"
  child 7 tag="lib_symbols"
  child 8 tag="junction"
  child 9 tag="junction"
  child 10 tag="junction"
  child 11 tag="junction"
  child 12 tag="junction"
  child 13 tag="junction"
  child 14 tag="junction"
  child 15 tag="no_connect"
  child 16 tag="no_connect"
  child 17 tag="wire"
  child 18 tag="wire"
  child 19 tag="wire"
  child 20 tag="wire"
  child 21 tag="wire"
  child 22 tag="wire"
  child 23 tag="wire"
  child 24 tag="wire"
  child 25 tag="wire"
  child 26 tag="wire"
  child 27 tag="wire"
  child 28 tag="wire"
  child 29 tag="wire"
  child 30 tag="wire"
  child 31 tag="wire"
  child 32 tag="wire"
  child 33 tag="wire"
  child 34 tag="wire"
  child 35 tag="wire"
  child 36 tag="wire"
  child 37 tag="wire"
  child 38 tag="wire"
  child 39 tag="wire"
  child 40 tag="wire"
  child 41 tag="wire"
  child 42 tag="wire"
  child 43 tag="wire"
  child 44 tag="wire"
  child 45 tag="wire"
  child 46 tag="wire"
  child 47 tag="wire"
  child 48 tag="wire"
  child 49 tag="wire"
  child 50 tag="wire"
  child 51 tag="wire"
  child 52 tag="wire"
  child 53 tag="wire"
  child 54 tag="wire"
  child 55 tag="wire"
  child 56 tag="wire"
  child 57 tag="wire"
  child 58 tag="wire"
  child 59 tag="wire"
  child 60 tag="wire"
  child 61 tag="label"
  child 62 tag="symbol"
  child 63 tag="symbol"
  child 64 tag="symbol"
  child 65 tag="symbol"
  child 66 tag="symbol"
  child 67 tag="symbol"
  child 68 tag="symbol"
  child 69 tag="symbol"
  child 70 tag="symbol"
  child 71 tag="symbol"
  child 72 tag="symbol"
  child 73 tag="symbol"
  child 74 tag="symbol"
  child 75 tag="symbol"
  child 76 tag="symbol"
  child 77 tag="symbol"
  child 78 tag="symbol"
  child 79 tag="symbol"
  child 80 tag="symbol"
  child 81 tag="symbol"
  child 82 tag="symbol"
  child 83 tag="symbol"
  child 84 tag="symbol"
  child 85 tag="symbol"
  child 86 tag="symbol"
  child 87 tag="symbol"
  child 88 tag="symbol"
  child 89 tag="sheet"
  child 90 tag="sheet"
  child 91 tag="sheet_instances"
[BaselineBoard] appendRawPiece len=48065
kicad_sch  (children=92)
[UNHANDLED-PCB] tag="kicad_sch"
[BaselineBoard] appendRawPiece len=18
  version  (children=2)
[BaselineBoard] appendRawPiece len=22
  generator  (children=2)
[BaselineBoard] appendRawPiece len=25
  generator_version  (children=2)
[BaselineBoard] appendRawPiece len=45
  uuid  (children=2)
[BaselineBoard] appendRawPiece len=12
  paper  (children=2)
[BaselineBoard] appendRawPiece len=67
  title_block  (children=3)
[BaselineBoard] appendRawPiece len=13670
  lib_symbols  (children=12)
[traverseAst] LIB_SYMBOLS depth=1 raw_len=13670
[BaselineBoard] setLibSymbolsRaw len=13670
[BaselineBoard] appendRawPiece len=13670
AstCleaner: handling lib_symbols at 0x7ffc3ac3c350
[UNHANDLED] cleanInner:exclude_from_sim addr=0x5ccdcb2988c0 -> (exclude_from_sim no )
  children details (child_index: addr type extra):
    [0] addr=0x5ccdcb2ae6f0 atom="exclude_from_sim"
    [1] addr=0x5ccdcb2ae730 atom="no"
[UNHANDLED] cleanInner:exclude_from_sim addr=0x5ccdcb2b9180 -> (exclude_from_sim no )
  children details (child_index: addr type extra):
    [0] addr=0x5ccdcb2b9530 atom="exclude_from_sim"
    [1] addr=0x5ccdcb2b9570 atom="no"
[UNHANDLED] cleanInner:exclude_from_sim addr=0x5ccdcb2bc930 -> (exclude_from_sim no )
  children details (child_index: addr type extra):
    [0] addr=0x5ccdcb2bcbf0 atom="exclude_from_sim"
    [1] addr=0x5ccdcb2bcc30 atom="no"
[UNHANDLED] cleanInner:exclude_from_sim addr=0x5ccdcb298530 -> (exclude_from_sim no )
  children details (child_index: addr type extra):
    [0] addr=0x5ccdcb2c08b0 atom="exclude_from_sim"
    [1] addr=0x5ccdcb2c08f0 atom="no"
[UNHANDLED] cleanInner:exclude_from_sim addr=0x5ccdcb296a60 -> (exclude_from_sim no )
  children details (child_index: addr type extra):
    [0] addr=0x5ccdcb2c3c90 atom="exclude_from_sim"
    [1] addr=0x5ccdcb2c3cd0 atom="no"
[UNHANDLED] cleanInner:exclude_from_sim addr=0x5ccdcb2c9bd0 -> (exclude_from_sim no )
  children details (child_index: addr type extra):
    [0] addr=0x5ccdcb2ca0c0 atom="exclude_from_sim"
    [1] addr=0x5ccdcb2ca100 atom="no"
[UNHANDLED] cleanInner:exclude_from_sim addr=0x5ccdcb2ce450 -> (exclude_from_sim no )
  children details (child_index: addr type extra):
    [0] addr=0x5ccdcb2ce880 atom="exclude_from_sim"
    [1] addr=0x5ccdcb2ce8c0 atom="no"
[UNHANDLED] cleanInner:exclude_from_sim addr=0x5ccdcb2d1830 -> (exclude_from_sim no )
  children details (child_index: addr type extra):
    [0] addr=0x5ccdcb2d1c60 atom="exclude_from_sim"
    [1] addr=0x5ccdcb2d1ca0 atom="no"
[UNHANDLED] cleanInner:exclude_from_sim addr=0x5ccdcb2d53b0 -> (exclude_from_sim no )
  children details (child_index: addr type extra):
    [0] addr=0x5ccdcb2d5790 atom="exclude_from_sim"
    [1] addr=0x5ccdcb2d57d0 atom="no"
[UNHANDLED] cleanInner:exclude_from_sim addr=0x5ccdcb2dba60 -> (exclude_from_sim no )
  children details (child_index: addr type extra):
    [0] addr=0x5ccdcb2dbf60 atom="exclude_from_sim"
    [1] addr=0x5ccdcb2dbfa0 atom="no"
[UNHANDLED] cleanInner:exclude_from_sim addr=0x5ccdcb2deed0 -> (exclude_from_sim no )
  children details (child_index: addr type extra):
    [0] addr=0x5ccdcb2df300 atom="exclude_from_sim"
    [1] addr=0x5ccdcb2df340 atom="no"
[handleLibSymbolsCleanNode] called, children=11
[WARNING] Duplicate lib_symbols differs; keeping first.
[traverseAst] LIB_SYMBOLS -> handleLibSymbolsCleanNode() called; libSymbolsRaw_len=13670
[BaselineBoard] appendRawPiece len=1072
    symbol  (children=14)
[BaselineBoard] appendRawPiece len=1076
    symbol  (children=14)
[BaselineBoard] appendRawPiece len=1190
    symbol  (children=12)
[BaselineBoard] appendRawPiece len=1069
    symbol  (children=13)
[BaselineBoard] appendRawPiece len=1939
    symbol  (children=15)
[BaselineBoard] appendRawPiece len=1429
    symbol  (children=15)
[BaselineBoard] appendRawPiece len=934
    symbol  (children=14)
[BaselineBoard] appendRawPiece len=1039
    symbol  (children=14)
[BaselineBoard] appendRawPiece len=1984
    symbol  (children=13)
[BaselineBoard] appendRawPiece len=966
    symbol  (children=15)
[BaselineBoard] appendRawPiece len=948
    symbol  (children=14)
[BaselineBoard] appendRawPiece len=117
  junction  (children=5)
[traverseAst] JUNCTION depth=1 raw_len=117
[BaselineBoard] appendRawPiece len=117
[UNHANDLED] cleanInner:diameter addr=0x5ccdcb2b9790 -> (diameter 1.016000 )
  children details (child_index: addr type extra):
    [0] addr=0x5ccdcb2ae8a0 atom="diameter"
    [1] addr=0x5ccdcb2ae8e0 atom="1.016000"
[handleJunctionFromClean] called for tag='junction'
[handleJunction] saved junction shape (x=55.88, y=33.02)
[traverseAst] JUNCTION -> handleJunctionFromClean() called; board junctionCount=1
[BaselineBoard] appendRawPiece len=24
    at  (children=3)
    [UNHANDLED-PCB] tag="at"
[BaselineBoard] appendRawPiece len=9
[BaselineBoard] appendRawPiece len=9
[BaselineBoard] appendRawPiece len=19
    diameter  (children=2)
    [UNHANDLED-PCB] tag="diameter"
[BaselineBoard] appendRawPiece len=8
[BaselineBoard] appendRawPiece len=15
    color  (children=5)
    [UNHANDLED-PCB] tag="color"
[BaselineBoard] appendRawPiece len=1
[BaselineBoard] appendRawPiece len=1
[BaselineBoard] appendRawPiece len=1
[BaselineBoard] appendRawPiece len=1
[BaselineBoard] appendRawPiece len=45
    uuid  (children=2)
[BaselineBoard] appendRawPiece len=117
  junction  (children=5)
[traverseAst] JUNCTION depth=1 raw_len=117
[BaselineBoard] appendRawPiece len=117
[UNHANDLED] cleanInner:diameter addr=0x5ccdcb2b9790 -> (diameter 1.016000 )
  children details (child_index: addr type extra):
    [0] addr=0x5ccdcb2ae810 atom="diameter"
    [1] addr=0x5ccdcb2ae850 atom="1.016000"
[handleJunctionFromClean] called for tag='junction'
[handleJunction] saved junction shape (x=81.28, y=63.50)
[traverseAst] JUNCTION -> handleJunctionFromClean() called; board junctionCount=2
[BaselineBoard] appendRawPiece len=24
    at  (children=3)
    [UNHANDLED-PCB] tag="at"
[BaselineBoard] appendRawPiece len=9
[BaselineBoard] appendRawPiece len=9
[BaselineBoard] appendRawPiece len=19
    diameter  (children=2)
    [UNHANDLED-PCB] tag="diameter"
[BaselineBoard] appendRawPiece len=8
[BaselineBoard] appendRawPiece len=15
    color  (children=5)
    [UNHANDLED-PCB] tag="color"
[BaselineBoard] appendRawPiece len=1
[BaselineBoard] appendRawPiece len=1
[BaselineBoard] appendRawPiece len=1
[BaselineBoard] appendRawPiece len=1
[BaselineBoard] appendRawPiece len=45
    uuid  (children=2)
[BaselineBoard] appendRawPiece len=118
  junction  (children=5)
[traverseAst] JUNCTION depth=1 raw_len=118
[BaselineBoard] appendRawPiece len=118
[UNHANDLED] cleanInner:diameter addr=0x5ccdcb2b9790 -> (diameter 1.016000 )
  children details (child_index: addr type extra):
    [0] addr=0x5ccdcb2ae8a0 atom="diameter"
    [1] addr=0x5ccdcb2ae8e0 atom="1.016000"
[handleJunctionFromClean] called for tag='junction'
[handleJunction] saved junction shape (x=233.68, y=33.02)
[traverseAst] JUNCTION -> handleJunctionFromClean() called; board junctionCount=3
[BaselineBoard] appendRawPiece len=25
    at  (children=3)
    [UNHANDLED-PCB] tag="at"
[BaselineBoard] appendRawPiece len=10
[BaselineBoard] appendRawPiece len=9
[BaselineBoard] appendRawPiece len=19
    diameter  (children=2)
    [UNHANDLED-PCB] tag="diameter"
[BaselineBoard] appendRawPiece len=8
[BaselineBoard] appendRawPiece len=15
    color  (children=5)
    [UNHANDLED-PCB] tag="color"
[BaselineBoard] appendRawPiece len=1
[BaselineBoard] appendRawPiece len=1
[BaselineBoard] appendRawPiece len=1
[BaselineBoard] appendRawPiece len=1
[BaselineBoard] appendRawPiece len=45
    uuid  (children=2)
[BaselineBoard] appendRawPiece len=118
  junction  (children=5)
[traverseAst] JUNCTION depth=1 raw_len=118
[BaselineBoard] appendRawPiece len=118
[UNHANDLED] cleanInner:diameter addr=0x5ccdcb2b9790 -> (diameter 1.016000 )
  children details (child_index: addr type extra):
    [0] addr=0x5ccdcb2ae810 atom="diameter"
    [1] addr=0x5ccdcb2ae850 atom="1.016000"
[handleJunctionFromClean] called for tag='junction'
[handleJunction] saved junction shape (x=233.68, y=69.85)
[traverseAst] JUNCTION -> handleJunctionFromClean() called; board junctionCount=4
[BaselineBoard] appendRawPiece len=25
    at  (children=3)
    [UNHANDLED-PCB] tag="at"
[BaselineBoard] appendRawPiece len=10
[BaselineBoard] appendRawPiece len=9
[BaselineBoard] appendRawPiece len=19
    diameter  (children=2)
    [UNHANDLED-PCB] tag="diameter"
[BaselineBoard] appendRawPiece len=8
[BaselineBoard] appendRawPiece len=15
    color  (children=5)
    [UNHANDLED-PCB] tag="color"
[BaselineBoard] appendRawPiece len=1
[BaselineBoard] appendRawPiece len=1
[BaselineBoard] appendRawPiece len=1
[BaselineBoard] appendRawPiece len=1
[BaselineBoard] appendRawPiece len=45
    uuid  (children=2)
[BaselineBoard] appendRawPiece len=117
  junction  (children=5)
[traverseAst] JUNCTION depth=1 raw_len=117
[BaselineBoard] appendRawPiece len=117
[UNHANDLED] cleanInner:diameter addr=0x5ccdcb2b9790 -> (diameter 1.016000 )
  children details (child_index: addr type extra):
    [0] addr=0x5ccdcb2ae810 atom="diameter"
    [1] addr=0x5ccdcb2ae850 atom="1.016000"
[handleJunctionFromClean] called for tag='junction'
[handleJunction] saved junction shape (x=55.88, y=43.18)
[traverseAst] JUNCTION -> handleJunctionFromClean() called; board junctionCount=5
[BaselineBoard] appendRawPiece len=24
    at  (children=3)
    [UNHANDLED-PCB] tag="at"
[BaselineBoard] appendRawPiece len=9
[BaselineBoard] appendRawPiece len=9
[BaselineBoard] appendRawPiece len=19
    diameter  (children=2)
    [UNHANDLED-PCB] tag="diameter"
[BaselineBoard] appendRawPiece len=8
[BaselineBoard] appendRawPiece len=15
    color  (children=5)
    [UNHANDLED-PCB] tag="color"
[BaselineBoard] appendRawPiece len=1
[BaselineBoard] appendRawPiece len=1
[BaselineBoard] appendRawPiece len=1
[BaselineBoard] appendRawPiece len=1
[BaselineBoard] appendRawPiece len=45
    uuid  (children=2)
[BaselineBoard] appendRawPiece len=117
  junction  (children=5)
[traverseAst] JUNCTION depth=1 raw_len=117
[BaselineBoard] appendRawPiece len=117
[UNHANDLED] cleanInner:diameter addr=0x5ccdcb2b9790 -> (diameter 1.016000 )
  children details (child_index: addr type extra):
    [0] addr=0x5ccdcb2ae6f0 atom="diameter"
    [1] addr=0x5ccdcb2ae730 atom="1.016000"
[handleJunctionFromClean] called for tag='junction'
[handleJunction] saved junction shape (x=63.50, y=33.02)
[traverseAst] JUNCTION -> handleJunctionFromClean() called; board junctionCount=6
[BaselineBoard] appendRawPiece len=24
    at  (children=3)
    [UNHANDLED-PCB] tag="at"
[BaselineBoard] appendRawPiece len=9
[BaselineBoard] appendRawPiece len=9
[BaselineBoard] appendRawPiece len=19
    diameter  (children=2)
    [UNHANDLED-PCB] tag="diameter"
[BaselineBoard] appendRawPiece len=8
[BaselineBoard] appendRawPiece len=15
    color  (children=5)
    [UNHANDLED-PCB] tag="color"
[BaselineBoard] appendRawPiece len=1
[BaselineBoard] appendRawPiece len=1
[BaselineBoard] appendRawPiece len=1
[BaselineBoard] appendRawPiece len=1
[BaselineBoard] appendRawPiece len=45
    uuid  (children=2)
[BaselineBoard] appendRawPiece len=117
  junction  (children=5)
[traverseAst] JUNCTION depth=1 raw_len=117
[BaselineBoard] appendRawPiece len=117
[UNHANDLED] cleanInner:diameter addr=0x5ccdcb2b9790 -> (diameter 1.016000 )
  children details (child_index: addr type extra):
    [0] addr=0x5ccdcb2ae810 atom="diameter"
    [1] addr=0x5ccdcb2ae850 atom="1.016000"
[handleJunctionFromClean] called for tag='junction'
[handleJunction] saved junction shape (x=76.20, y=63.50)
[traverseAst] JUNCTION -> handleJunctionFromClean() called; board junctionCount=7
[BaselineBoard] appendRawPiece len=24
    at  (children=3)
    [UNHANDLED-PCB] tag="at"
[BaselineBoard] appendRawPiece len=9
[BaselineBoard] appendRawPiece len=9
[BaselineBoard] appendRawPiece len=19
    diameter  (children=2)
    [UNHANDLED-PCB] tag="diameter"
[BaselineBoard] appendRawPiece len=8
[BaselineBoard] appendRawPiece len=15
    color  (children=5)
    [UNHANDLED-PCB] tag="color"
[BaselineBoard] appendRawPiece len=1
[BaselineBoard] appendRawPiece len=1
[BaselineBoard] appendRawPiece len=1
[BaselineBoard] appendRawPiece len=1
[BaselineBoard] appendRawPiece len=45
    uuid  (children=2)
[BaselineBoard] appendRawPiece len=84
  no_connect  (children=3)
[BaselineBoard] appendRawPiece len=84
  no_connect  (children=3)
[BaselineBoard] appendRawPiece len=142
  wire  (children=4)
[traverseAst] WIRE depth=1 raw_len=142
[BaselineBoard] appendRawPiece len=142
[handleWireFromClean] called for tag='wire'
[handleWire] PUSH (pts.node.pts) 229.869995,57.150002->229.869995,58.419998 ; added=1
[handleWire] saved 1 wire(s) from pts-children (deduped)
[traverseAst] WIRE -> handleWireFromClean() called; board wireCount=1
[BaselineBoard] appendRawPiece len=57
    pts  (children=3)
[BaselineBoard] appendRawPiece len=25
      xy  (children=3)
[BaselineBoard] appendRawPiece len=10
[BaselineBoard] appendRawPiece len=9
[BaselineBoard] appendRawPiece len=25
      xy  (children=3)
[BaselineBoard] appendRawPiece len=10
[BaselineBoard] appendRawPiece len=9
[BaselineBoard] appendRawPiece len=31
    stroke  (children=3)
    [UNHANDLED-PCB] tag="stroke"
[BaselineBoard] appendRawPiece len=9
      width  (children=2)
      [UNHANDLED-PCB] tag="width"
[BaselineBoard] appendRawPiece len=1
[BaselineBoard] appendRawPiece len=12
      type  (children=2)
      [UNHANDLED-PCB] tag="type"
[BaselineBoard] appendRawPiece len=5
[BaselineBoard] appendRawPiece len=45
    uuid  (children=2)
[BaselineBoard] appendRawPiece len=142
  wire  (children=4)
[traverseAst] WIRE depth=1 raw_len=142
[BaselineBoard] appendRawPiece len=142
[handleWireFromClean] called for tag='wire'
[handleWire] PUSH (pts.node.pts) 223.520004,69.849998->233.679993,69.849998 ; added=1
[handleWire] saved 1 wire(s) from pts-children (deduped)
[traverseAst] WIRE -> handleWireFromClean() called; board wireCount=2
[BaselineBoard] appendRawPiece len=57
    pts  (children=3)
[BaselineBoard] appendRawPiece len=25
      xy  (children=3)
[BaselineBoard] appendRawPiece len=10
[BaselineBoard] appendRawPiece len=9
[BaselineBoard] appendRawPiece len=25
      xy  (children=3)
[BaselineBoard] appendRawPiece len=10
[BaselineBoard] appendRawPiece len=9
[BaselineBoard] appendRawPiece len=31
    stroke  (children=3)
    [UNHANDLED-PCB] tag="stroke"
[BaselineBoard] appendRawPiece len=9
      width  (children=2)
      [UNHANDLED-PCB] tag="width"
[BaselineBoard] appendRawPiece len=1
[BaselineBoard] appendRawPiece len=12
      type  (children=2)
      [UNHANDLED-PCB] tag="type"
[BaselineBoard] appendRawPiece len=5
[BaselineBoard] appendRawPiece len=45
    uuid  (children=2)
[BaselineBoard] appendRawPiece len=142
  wire  (children=4)
[traverseAst] WIRE depth=1 raw_len=142
[BaselineBoard] appendRawPiece len=142
[handleWireFromClean] called for tag='wire'
[handleWire] PUSH (pts.node.pts) 233.679993,57.150002->233.679993,59.689999 ; added=1
[handleWire] saved 1 wire(s) from pts-children (deduped)
[traverseAst] WIRE -> handleWireFromClean() called; board wireCount=3
[BaselineBoard] appendRawPiece len=57
    pts  (children=3)
[BaselineBoard] appendRawPiece len=25
      xy  (children=3)
[BaselineBoard] appendRawPiece len=10
[BaselineBoard] appendRawPiece len=9
[BaselineBoard] appendRawPiece len=25
      xy  (children=3)
[BaselineBoard] appendRawPiece len=10
[BaselineBoard] appendRawPiece len=9
[BaselineBoard] appendRawPiece len=31
    stroke  (children=3)
    [UNHANDLED-PCB] tag="stroke"
[BaselineBoard] appendRawPiece len=9
      width  (children=2)
      [UNHANDLED-PCB] tag="width"
[BaselineBoard] appendRawPiece len=1
[BaselineBoard] appendRawPiece len=12
      type  (children=2)
      [UNHANDLED-PCB] tag="type"
[BaselineBoard] appendRawPiece len=5
[BaselineBoard] appendRawPiece len=45
    uuid  (children=2)
[BaselineBoard] appendRawPiece len=142
  wire  (children=4)
[traverseAst] WIRE depth=1 raw_len=142
[BaselineBoard] appendRawPiece len=142
[handleWireFromClean] called for tag='wire'
[handleWire] PUSH (pts.node.pts) 168.910004,63.500000->168.910004,66.040001 ; added=1
[handleWire] saved 1 wire(s) from pts-children (deduped)
[traverseAst] WIRE -> handleWireFromClean() called; board wireCount=4
[BaselineBoard] appendRawPiece len=57
    pts  (children=3)
[BaselineBoard] appendRawPiece len=25
      xy  (children=3)
[BaselineBoard] appendRawPiece len=10
[BaselineBoard] appendRawPiece len=9
[BaselineBoard] appendRawPiece len=25
      xy  (children=3)
[BaselineBoard] appendRawPiece len=10
[BaselineBoard] appendRawPiece len=9
[BaselineBoard] appendRawPiece len=31
    stroke  (children=3)
    [UNHANDLED-PCB] tag="stroke"
[BaselineBoard] appendRawPiece len=9
      width  (children=2)
      [UNHANDLED-PCB] tag="width"
[BaselineBoard] appendRawPiece len=1
[BaselineBoard] appendRawPiece len=12
      type  (children=2)
      [UNHANDLED-PCB] tag="type"
[BaselineBoard] appendRawPiece len=5
[BaselineBoard] appendRawPiece len=45
    uuid  (children=2)
[BaselineBoard] appendRawPiece len=142
  wire  (children=4)
[traverseAst] WIRE depth=1 raw_len=142
[BaselineBoard] appendRawPiece len=142
[handleWireFromClean] called for tag='wire'
[handleWire] PUSH (pts.node.pts) 233.679993,67.309998->233.679993,69.849998 ; added=1
[handleWire] saved 1 wire(s) from pts-children (deduped)
[traverseAst] WIRE -> handleWireFromClean() called; board wireCount=5
[BaselineBoard] appendRawPiece len=57
    pts  (children=3)
[BaselineBoard] appendRawPiece len=25
      xy  (children=3)
[BaselineBoard] appendRawPiece len=10
[BaselineBoard] appendRawPiece len=9
[BaselineBoard] appendRawPiece len=25
      xy  (children=3)
[BaselineBoard] appendRawPiece len=10
[BaselineBoard] appendRawPiece len=9
[BaselineBoard] appendRawPiece len=31
    stroke  (children=3)
    [UNHANDLED-PCB] tag="stroke"
[BaselineBoard] appendRawPiece len=9
      width  (children=2)
      [UNHANDLED-PCB] tag="width"
[BaselineBoard] appendRawPiece len=1
[BaselineBoard] appendRawPiece len=12
      type  (children=2)
      [UNHANDLED-PCB] tag="type"
[BaselineBoard] appendRawPiece len=5
[BaselineBoard] appendRawPiece len=45
    uuid  (children=2)
[BaselineBoard] appendRawPiece len=140
  wire  (children=4)
[traverseAst] WIRE depth=1 raw_len=140
[BaselineBoard] appendRawPiece len=140
[handleWireFromClean] called for tag='wire'
[handleWire] PUSH (pts.node.pts) 76.199997,62.230000->76.199997,63.500000 ; added=1
[handleWire] saved 1 wire(s) from pts-children (deduped)
[traverseAst] WIRE -> handleWireFromClean() called; board wireCount=6
[BaselineBoard] appendRawPiece len=55
    pts  (children=3)
[BaselineBoard] appendRawPiece len=24
      xy  (children=3)
[BaselineBoard] appendRawPiece len=9
[BaselineBoard] appendRawPiece len=9
[BaselineBoard] appendRawPiece len=24
      xy  (children=3)
[BaselineBoard] appendRawPiece len=9
[BaselineBoard] appendRawPiece len=9
[BaselineBoard] appendRawPiece len=31
    stroke  (children=3)
    [UNHANDLED-PCB] tag="stroke"
[BaselineBoard] appendRawPiece len=9
      width  (children=2)
      [UNHANDLED-PCB] tag="width"
[BaselineBoard] appendRawPiece len=1
[BaselineBoard] appendRawPiece len=12
      type  (children=2)
      [UNHANDLED-PCB] tag="type"
[BaselineBoard] appendRawPiece len=5
[BaselineBoard] appendRawPiece len=45
    uuid  (children=2)
[BaselineBoard] appendRawPiece len=140
  wire  (children=4)
[traverseAst] WIRE depth=1 raw_len=140
[BaselineBoard] appendRawPiece len=140
[handleWireFromClean] called for tag='wire'
[handleWire] PUSH (pts.node.pts) 50.799999,68.580002->53.340000,68.580002 ; added=1
[handleWire] saved 1 wire(s) from pts-children (deduped)
[traverseAst] WIRE -> handleWireFromClean() called; board wireCount=7
[BaselineBoard] appendRawPiece len=55
    pts  (children=3)
[BaselineBoard] appendRawPiece len=24
      xy  (children=3)
[BaselineBoard] appendRawPiece len=9
[BaselineBoard] appendRawPiece len=9
[BaselineBoard] appendRawPiece len=24
      xy  (children=3)
[BaselineBoard] appendRawPiece len=9
[BaselineBoard] appendRawPiece len=9
[BaselineBoard] appendRawPiece len=31
    stroke  (children=3)
    [UNHANDLED-PCB] tag="stroke"
[BaselineBoard] appendRawPiece len=9
      width  (children=2)
      [UNHANDLED-PCB] tag="width"
[BaselineBoard] appendRawPiece len=1
[BaselineBoard] appendRawPiece len=12
      type  (children=2)
      [UNHANDLED-PCB] tag="type"
[BaselineBoard] appendRawPiece len=5
[BaselineBoard] appendRawPiece len=45
    uuid  (children=2)
[BaselineBoard] appendRawPiece len=142
  wire  (children=4)
[traverseAst] WIRE depth=1 raw_len=142
[BaselineBoard] appendRawPiece len=142
[handleWireFromClean] called for tag='wire'
[handleWire] PUSH (pts.node.pts) 179.070007,72.389999->180.339996,72.389999 ; added=1
[handleWire] saved 1 wire(s) from pts-children (deduped)
[traverseAst] WIRE -> handleWireFromClean() called; board wireCount=8
[BaselineBoard] appendRawPiece len=57
    pts  (children=3)
[BaselineBoard] appendRawPiece len=25
      xy  (children=3)
[BaselineBoard] appendRawPiece len=10
[BaselineBoard] appendRawPiece len=9
[BaselineBoard] appendRawPiece len=25
      xy  (children=3)
[BaselineBoard] appendRawPiece len=10
[BaselineBoard] appendRawPiece len=9
[BaselineBoard] appendRawPiece len=31
    stroke  (children=3)
    [UNHANDLED-PCB] tag="stroke"
[BaselineBoard] appendRawPiece len=9
      width  (children=2)
      [UNHANDLED-PCB] tag="width"
[BaselineBoard] appendRawPiece len=1
[BaselineBoard] appendRawPiece len=12
      type  (children=2)
      [UNHANDLED-PCB] tag="type"
[BaselineBoard] appendRawPiece len=5
[BaselineBoard] appendRawPiece len=45
    uuid  (children=2)
[BaselineBoard] appendRawPiece len=140
  wire  (children=4)
[traverseAst] WIRE depth=1 raw_len=140
[BaselineBoard] appendRawPiece len=140
[handleWireFromClean] called for tag='wire'
[handleWire] PUSH (pts.node.pts) 53.340000,38.099998->53.340000,43.180000 ; added=1
[handleWire] saved 1 wire(s) from pts-children (deduped)
[traverseAst] WIRE -> handleWireFromClean() called; board wireCount=9
[BaselineBoard] appendRawPiece len=55
    pts  (children=3)
[BaselineBoard] appendRawPiece len=24
      xy  (children=3)
[BaselineBoard] appendRawPiece len=9
[BaselineBoard] appendRawPiece len=9
[BaselineBoard] appendRawPiece len=24
      xy  (children=3)
[BaselineBoard] appendRawPiece len=9
[BaselineBoard] appendRawPiece len=9
[BaselineBoard] appendRawPiece len=31
    stroke  (children=3)
    [UNHANDLED-PCB] tag="stroke"
[BaselineBoard] appendRawPiece len=9
      width  (children=2)
      [UNHANDLED-PCB] tag="width"
[BaselineBoard] appendRawPiece len=1
[BaselineBoard] appendRawPiece len=12
      type  (children=2)
      [UNHANDLED-PCB] tag="type"
[BaselineBoard] appendRawPiece len=5
[BaselineBoard] appendRawPiece len=45
    uuid  (children=2)
[BaselineBoard] appendRawPiece len=142
  wire  (children=4)
[traverseAst] WIRE depth=1 raw_len=142
[BaselineBoard] appendRawPiece len=142
[handleWireFromClean] called for tag='wire'
[handleWire] PUSH (pts.node.pts) 168.910004,63.500000->179.070007,63.500000 ; added=1
[handleWire] saved 1 wire(s) from pts-children (deduped)
[traverseAst] WIRE -> handleWireFromClean() called; board wireCount=10
[BaselineBoard] appendRawPiece len=57
    pts  (children=3)
[BaselineBoard] appendRawPiece len=25
      xy  (children=3)
[BaselineBoard] appendRawPiece len=10
[BaselineBoard] appendRawPiece len=9
[BaselineBoard] appendRawPiece len=25
      xy  (children=3)
[BaselineBoard] appendRawPiece len=10
[BaselineBoard] appendRawPiece len=9
[BaselineBoard] appendRawPiece len=31
    stroke  (children=3)
    [UNHANDLED-PCB] tag="stroke"
[BaselineBoard] appendRawPiece len=9
      width  (children=2)
      [UNHANDLED-PCB] tag="width"
[BaselineBoard] appendRawPiece len=1
[BaselineBoard] appendRawPiece len=12
      type  (children=2)
      [UNHANDLED-PCB] tag="type"
[BaselineBoard] appendRawPiece len=5
[BaselineBoard] appendRawPiece len=45
    uuid  (children=2)
[BaselineBoard] appendRawPiece len=140
  wire  (children=4)
[traverseAst] WIRE depth=1 raw_len=140
[BaselineBoard] appendRawPiece len=140
[handleWireFromClean] called for tag='wire'
[handleWire] PUSH (pts.node.pts) 90.169998,62.230000->90.169998,63.500000 ; added=1
[handleWire] saved 1 wire(s) from pts-children (deduped)
[traverseAst] WIRE -> handleWireFromClean() called; board wireCount=11
[BaselineBoard] appendRawPiece len=55
    pts  (children=3)
[BaselineBoard] appendRawPiece len=24
      xy  (children=3)
[BaselineBoard] appendRawPiece len=9
[BaselineBoard] appendRawPiece len=9
[BaselineBoard] appendRawPiece len=24
      xy  (children=3)
[BaselineBoard] appendRawPiece len=9
[BaselineBoard] appendRawPiece len=9
[BaselineBoard] appendRawPiece len=31
    stroke  (children=3)
    [UNHANDLED-PCB] tag="stroke"
[BaselineBoard] appendRawPiece len=9
      width  (children=2)
      [UNHANDLED-PCB] tag="width"
[BaselineBoard] appendRawPiece len=1
[BaselineBoard] appendRawPiece len=12
      type  (children=2)
      [UNHANDLED-PCB] tag="type"
[BaselineBoard] appendRawPiece len=5
[BaselineBoard] appendRawPiece len=45
    uuid  (children=2)
[BaselineBoard] appendRawPiece len=140
  wire  (children=4)
[traverseAst] WIRE depth=1 raw_len=140
[BaselineBoard] appendRawPiece len=140
[handleWireFromClean] called for tag='wire'
[handleWire] PUSH (pts.node.pts) 81.279999,73.660004->81.279999,76.199997 ; added=1
[handleWire] saved 1 wire(s) from pts-children (deduped)
[traverseAst] WIRE -> handleWireFromClean() called; board wireCount=12
[BaselineBoard] appendRawPiece len=55
    pts  (children=3)
[BaselineBoard] appendRawPiece len=24
      xy  (children=3)
[BaselineBoard] appendRawPiece len=9
[BaselineBoard] appendRawPiece len=9
[BaselineBoard] appendRawPiece len=24
      xy  (children=3)
[BaselineBoard] appendRawPiece len=9
[BaselineBoard] appendRawPiece len=9
[BaselineBoard] appendRawPiece len=31
    stroke  (children=3)
    [UNHANDLED-PCB] tag="stroke"
[BaselineBoard] appendRawPiece len=9
      width  (children=2)
      [UNHANDLED-PCB] tag="width"
[BaselineBoard] appendRawPiece len=1
[BaselineBoard] appendRawPiece len=12
      type  (children=2)
      [UNHANDLED-PCB] tag="type"
[BaselineBoard] appendRawPiece len=5
[BaselineBoard] appendRawPiece len=45
    uuid  (children=2)
[BaselineBoard] appendRawPiece len=140
  wire  (children=4)
[traverseAst] WIRE depth=1 raw_len=140
[BaselineBoard] appendRawPiece len=140
[handleWireFromClean] called for tag='wire'
[handleWire] PUSH (pts.node.pts) 71.120003,63.500000->76.199997,63.500000 ; added=1
[handleWire] saved 1 wire(s) from pts-children (deduped)
[traverseAst] WIRE -> handleWireFromClean() called; board wireCount=13
[BaselineBoard] appendRawPiece len=55
    pts  (children=3)
[BaselineBoard] appendRawPiece len=24
      xy  (children=3)
[BaselineBoard] appendRawPiece len=9
[BaselineBoard] appendRawPiece len=9
[BaselineBoard] appendRawPiece len=24
      xy  (children=3)
[BaselineBoard] appendRawPiece len=9
[BaselineBoard] appendRawPiece len=9
[BaselineBoard] appendRawPiece len=31
    stroke  (children=3)
    [UNHANDLED-PCB] tag="stroke"
[BaselineBoard] appendRawPiece len=9
      width  (children=2)
      [UNHANDLED-PCB] tag="width"
[BaselineBoard] appendRawPiece len=1
[BaselineBoard] appendRawPiece len=12
      type  (children=2)
      [UNHANDLED-PCB] tag="type"
[BaselineBoard] appendRawPiece len=5
[BaselineBoard] appendRawPiece len=45
    uuid  (children=2)
[BaselineBoard] appendRawPiece len=142
  wire  (children=4)
[traverseAst] WIRE depth=1 raw_len=142
[BaselineBoard] appendRawPiece len=142
[handleWireFromClean] called for tag='wire'
[handleWire] PUSH (pts.node.pts) 187.960007,33.020000->190.500000,33.020000 ; added=1
[handleWire] saved 1 wire(s) from pts-children (deduped)
[traverseAst] WIRE -> handleWireFromClean() called; board wireCount=14
[BaselineBoard] appendRawPiece len=57
    pts  (children=3)
[BaselineBoard] appendRawPiece len=25
      xy  (children=3)
[BaselineBoard] appendRawPiece len=10
[BaselineBoard] appendRawPiece len=9
[BaselineBoard] appendRawPiece len=25
      xy  (children=3)
[BaselineBoard] appendRawPiece len=10
[BaselineBoard] appendRawPiece len=9
[BaselineBoard] appendRawPiece len=31
    stroke  (children=3)
    [UNHANDLED-PCB] tag="stroke"
[BaselineBoard] appendRawPiece len=9
      width  (children=2)
      [UNHANDLED-PCB] tag="width"
[BaselineBoard] appendRawPiece len=1
[BaselineBoard] appendRawPiece len=12
      type  (children=2)
      [UNHANDLED-PCB] tag="type"
[BaselineBoard] appendRawPiece len=5
[BaselineBoard] appendRawPiece len=45
    uuid  (children=2)
[BaselineBoard] appendRawPiece len=140
  wire  (children=4)
[traverseAst] WIRE depth=1 raw_len=140
[BaselineBoard] appendRawPiece len=140
[handleWireFromClean] called for tag='wire'
[handleWire] PUSH (pts.node.pts) 63.500000,33.020000->63.500000,34.290001 ; added=1
[handleWire] saved 1 wire(s) from pts-children (deduped)
[traverseAst] WIRE -> handleWireFromClean() called; board wireCount=15
[BaselineBoard] appendRawPiece len=55
    pts  (children=3)
[BaselineBoard] appendRawPiece len=24
      xy  (children=3)
[BaselineBoard] appendRawPiece len=9
[BaselineBoard] appendRawPiece len=9
[BaselineBoard] appendRawPiece len=24
      xy  (children=3)
[BaselineBoard] appendRawPiece len=9
[BaselineBoard] appendRawPiece len=9
[BaselineBoard] appendRawPiece len=31
    stroke  (children=3)
    [UNHANDLED-PCB] tag="stroke"
[BaselineBoard] appendRawPiece len=9
      width  (children=2)
      [UNHANDLED-PCB] tag="width"
[BaselineBoard] appendRawPiece len=1
[BaselineBoard] appendRawPiece len=12
      type  (children=2)
      [UNHANDLED-PCB] tag="type"
[BaselineBoard] appendRawPiece len=5
[BaselineBoard] appendRawPiece len=45
    uuid  (children=2)
[BaselineBoard] appendRawPiece len=142
  wire  (children=4)
[traverseAst] WIRE depth=1 raw_len=142
[BaselineBoard] appendRawPiece len=142
[handleWireFromClean] called for tag='wire'
[handleWire] PUSH (pts.node.pts) 179.070007,67.309998->180.339996,67.309998 ; added=1
[handleWire] saved 1 wire(s) from pts-children (deduped)
[traverseAst] WIRE -> handleWireFromClean() called; board wireCount=16
[BaselineBoard] appendRawPiece len=57
    pts  (children=3)
[BaselineBoard] appendRawPiece len=25
      xy  (children=3)
[BaselineBoard] appendRawPiece len=10
[BaselineBoard] appendRawPiece len=9
[BaselineBoard] appendRawPiece len=25
      xy  (children=3)
[BaselineBoard] appendRawPiece len=10
[BaselineBoard] appendRawPiece len=9
[BaselineBoard] appendRawPiece len=31
    stroke  (children=3)
    [UNHANDLED-PCB] tag="stroke"
[BaselineBoard] appendRawPiece len=9
      width  (children=2)
      [UNHANDLED-PCB] tag="width"
[BaselineBoard] appendRawPiece len=1
[BaselineBoard] appendRawPiece len=12
      type  (children=2)
      [UNHANDLED-PCB] tag="type"
[BaselineBoard] appendRawPiece len=5
[BaselineBoard] appendRawPiece len=45
    uuid  (children=2)
[BaselineBoard] appendRawPiece len=142
  wire  (children=4)
[traverseAst] WIRE depth=1 raw_len=142
[BaselineBoard] appendRawPiece len=142
[handleWireFromClean] called for tag='wire'
[handleWire] PUSH (pts.node.pts) 168.910004,73.660004->168.910004,76.199997 ; added=1
[handleWire] saved 1 wire(s) from pts-children (deduped)
[traverseAst] WIRE -> handleWireFromClean() called; board wireCount=17
[BaselineBoard] appendRawPiece len=57
    pts  (children=3)
[BaselineBoard] appendRawPiece len=25
      xy  (children=3)
[BaselineBoard] appendRawPiece len=10
[BaselineBoard] appendRawPiece len=9
[BaselineBoard] appendRawPiece len=25
      xy  (children=3)
[BaselineBoard] appendRawPiece len=10
[BaselineBoard] appendRawPiece len=9
[BaselineBoard] appendRawPiece len=31
    stroke  (children=3)
    [UNHANDLED-PCB] tag="stroke"
[BaselineBoard] appendRawPiece len=9
      width  (children=2)
      [UNHANDLED-PCB] tag="width"
[BaselineBoard] appendRawPiece len=1
[BaselineBoard] appendRawPiece len=12
      type  (children=2)
      [UNHANDLED-PCB] tag="type"
[BaselineBoard] appendRawPiece len=5
[BaselineBoard] appendRawPiece len=45
    uuid  (children=2)
[BaselineBoard] appendRawPiece len=140
  wire  (children=4)
[traverseAst] WIRE depth=1 raw_len=140
[BaselineBoard] appendRawPiece len=140
[handleWireFromClean] called for tag='wire'
[handleWire] PUSH (pts.node.pts) 50.799999,38.099998->53.340000,38.099998 ; added=1
[handleWire] saved 1 wire(s) from pts-children (deduped)
[traverseAst] WIRE -> handleWireFromClean() called; board wireCount=18
[BaselineBoard] appendRawPiece len=55
    pts  (children=3)
[BaselineBoard] appendRawPiece len=24
      xy  (children=3)
[BaselineBoard] appendRawPiece len=9
[BaselineBoard] appendRawPiece len=9
[BaselineBoard] appendRawPiece len=24
      xy  (children=3)
[BaselineBoard] appendRawPiece len=9
[BaselineBoard] appendRawPiece len=9
[BaselineBoard] appendRawPiece len=31
    stroke  (children=3)
    [UNHANDLED-PCB] tag="stroke"
[BaselineBoard] appendRawPiece len=9
      width  (children=2)
      [UNHANDLED-PCB] tag="width"
[BaselineBoard] appendRawPiece len=1
[BaselineBoard] appendRawPiece len=12
      type  (children=2)
      [UNHANDLED-PCB] tag="type"
[BaselineBoard] appendRawPiece len=5
[BaselineBoard] appendRawPiece len=45
    uuid  (children=2)
[BaselineBoard] appendRawPiece len=142
  wire  (children=4)
[traverseAst] WIRE depth=1 raw_len=142
[BaselineBoard] appendRawPiece len=142
[handleWireFromClean] called for tag='wire'
[handleWire] PUSH (pts.node.pts) 179.070007,72.389999->179.070007,76.199997 ; added=1
[handleWire] saved 1 wire(s) from pts-children (deduped)
[traverseAst] WIRE -> handleWireFromClean() called; board wireCount=19
[BaselineBoard] appendRawPiece len=57
    pts  (children=3)
[BaselineBoard] appendRawPiece len=25
      xy  (children=3)
[BaselineBoard] appendRawPiece len=10
[BaselineBoard] appendRawPiece len=9
[BaselineBoard] appendRawPiece len=25
      xy  (children=3)
[BaselineBoard] appendRawPiece len=10
[BaselineBoard] appendRawPiece len=9
[BaselineBoard] appendRawPiece len=31
    stroke  (children=3)
    [UNHANDLED-PCB] tag="stroke"
[BaselineBoard] appendRawPiece len=9
      width  (children=2)
      [UNHANDLED-PCB] tag="width"
[BaselineBoard] appendRawPiece len=1
[BaselineBoard] appendRawPiece len=12
      type  (children=2)
      [UNHANDLED-PCB] tag="type"
[BaselineBoard] appendRawPiece len=5
[BaselineBoard] appendRawPiece len=45
    uuid  (children=2)
[BaselineBoard] appendRawPiece len=140
  wire  (children=4)
[traverseAst] WIRE depth=1 raw_len=140
[BaselineBoard] appendRawPiece len=140
[handleWireFromClean] called for tag='wire'
[handleWire] PUSH (pts.node.pts) 53.340000,43.180000->55.880001,43.180000 ; added=1
[handleWire] saved 1 wire(s) from pts-children (deduped)
[traverseAst] WIRE -> handleWireFromClean() called; board wireCount=20
[BaselineBoard] appendRawPiece len=55
    pts  (children=3)
[BaselineBoard] appendRawPiece len=24
      xy  (children=3)
[BaselineBoard] appendRawPiece len=9
[BaselineBoard] appendRawPiece len=9
[BaselineBoard] appendRawPiece len=24
      xy  (children=3)
[BaselineBoard] appendRawPiece len=9
[BaselineBoard] appendRawPiece len=9
[BaselineBoard] appendRawPiece len=31
    stroke  (children=3)
    [UNHANDLED-PCB] tag="stroke"
[BaselineBoard] appendRawPiece len=9
      width  (children=2)
      [UNHANDLED-PCB] tag="width"
[BaselineBoard] appendRawPiece len=1
[BaselineBoard] appendRawPiece len=12
      type  (children=2)
      [UNHANDLED-PCB] tag="type"
[BaselineBoard] appendRawPiece len=5
[BaselineBoard] appendRawPiece len=45
    uuid  (children=2)
[BaselineBoard] appendRawPiece len=142
  wire  (children=4)
[traverseAst] WIRE depth=1 raw_len=142
[BaselineBoard] appendRawPiece len=142
[handleWireFromClean] called for tag='wire'
[handleWire] PUSH (pts.node.pts) 179.070007,63.500000->179.070007,67.309998 ; added=1
[handleWire] saved 1 wire(s) from pts-children (deduped)
[traverseAst] WIRE -> handleWireFromClean() called; board wireCount=21
[BaselineBoard] appendRawPiece len=57
    pts  (children=3)
[BaselineBoard] appendRawPiece len=25
      xy  (children=3)
[BaselineBoard] appendRawPiece len=10
[BaselineBoard] appendRawPiece len=9
[BaselineBoard] appendRawPiece len=25
      xy  (children=3)
[BaselineBoard] appendRawPiece len=10
[BaselineBoard] appendRawPiece len=9
[BaselineBoard] appendRawPiece len=31
    stroke  (children=3)
    [UNHANDLED-PCB] tag="stroke"
[BaselineBoard] appendRawPiece len=9
      width  (children=2)
      [UNHANDLED-PCB] tag="width"
[BaselineBoard] appendRawPiece len=1
[BaselineBoard] appendRawPiece len=12
      type  (children=2)
      [UNHANDLED-PCB] tag="type"
[BaselineBoard] appendRawPiece len=5
[BaselineBoard] appendRawPiece len=45
    uuid  (children=2)
[BaselineBoard] appendRawPiece len=142
  wire  (children=4)
[traverseAst] WIRE depth=1 raw_len=142
[BaselineBoard] appendRawPiece len=142
[handleWireFromClean] called for tag='wire'
[handleWire] PUSH (pts.node.pts) 233.679993,44.450001->233.679993,45.720001 ; added=1
[handleWire] saved 1 wire(s) from pts-children (deduped)
[traverseAst] WIRE -> handleWireFromClean() called; board wireCount=22
[BaselineBoard] appendRawPiece len=57
    pts  (children=3)
[BaselineBoard] appendRawPiece len=25
      xy  (children=3)
[BaselineBoard] appendRawPiece len=10
[BaselineBoard] appendRawPiece len=9
[BaselineBoard] appendRawPiece len=25
      xy  (children=3)
[BaselineBoard] appendRawPiece len=10
[BaselineBoard] appendRawPiece len=9
[BaselineBoard] appendRawPiece len=31
    stroke  (children=3)
    [UNHANDLED-PCB] tag="stroke"
[BaselineBoard] appendRawPiece len=9
      width  (children=2)
      [UNHANDLED-PCB] tag="width"
[BaselineBoard] appendRawPiece len=1
[BaselineBoard] appendRawPiece len=12
      type  (children=2)
      [UNHANDLED-PCB] tag="type"
[BaselineBoard] appendRawPiece len=5
[BaselineBoard] appendRawPiece len=45
    uuid  (children=2)
[BaselineBoard] appendRawPiece len=140
  wire  (children=4)
[traverseAst] WIRE depth=1 raw_len=140
[BaselineBoard] appendRawPiece len=140
[handleWireFromClean] called for tag='wire'
[handleWire] PUSH (pts.node.pts) 55.880001,41.910000->55.880001,43.180000 ; added=1
[handleWire] saved 1 wire(s) from pts-children (deduped)
[traverseAst] WIRE -> handleWireFromClean() called; board wireCount=23
[BaselineBoard] appendRawPiece len=55
    pts  (children=3)
[BaselineBoard] appendRawPiece len=24
      xy  (children=3)
[BaselineBoard] appendRawPiece len=9
[BaselineBoard] appendRawPiece len=9
[BaselineBoard] appendRawPiece len=24
      xy  (children=3)
[BaselineBoard] appendRawPiece len=9
[BaselineBoard] appendRawPiece len=9
[BaselineBoard] appendRawPiece len=31
    stroke  (children=3)
    [UNHANDLED-PCB] tag="stroke"
[BaselineBoard] appendRawPiece len=9
      width  (children=2)
      [UNHANDLED-PCB] tag="width"
[BaselineBoard] appendRawPiece len=1
[BaselineBoard] appendRawPiece len=12
      type  (children=2)
      [UNHANDLED-PCB] tag="type"
[BaselineBoard] appendRawPiece len=5
[BaselineBoard] appendRawPiece len=45
    uuid  (children=2)
[BaselineBoard] appendRawPiece len=142
  wire  (children=4)
[traverseAst] WIRE depth=1 raw_len=142
[BaselineBoard] appendRawPiece len=142
[handleWireFromClean] called for tag='wire'
[handleWire] PUSH (pts.node.pts) 200.660004,55.880001->200.660004,57.150002 ; added=1
[handleWire] saved 1 wire(s) from pts-children (deduped)
[traverseAst] WIRE -> handleWireFromClean() called; board wireCount=24
[BaselineBoard] appendRawPiece len=57
    pts  (children=3)
[BaselineBoard] appendRawPiece len=25
      xy  (children=3)
[BaselineBoard] appendRawPiece len=10
[BaselineBoard] appendRawPiece len=9
[BaselineBoard] appendRawPiece len=25
      xy  (children=3)
[BaselineBoard] appendRawPiece len=10
[BaselineBoard] appendRawPiece len=9
[BaselineBoard] appendRawPiece len=31
    stroke  (children=3)
    [UNHANDLED-PCB] tag="stroke"
[BaselineBoard] appendRawPiece len=9
      width  (children=2)
      [UNHANDLED-PCB] tag="width"
[BaselineBoard] appendRawPiece len=1
[BaselineBoard] appendRawPiece len=12
      type  (children=2)
      [UNHANDLED-PCB] tag="type"
[BaselineBoard] appendRawPiece len=5
[BaselineBoard] appendRawPiece len=45
    uuid  (children=2)
[BaselineBoard] appendRawPiece len=140
  wire  (children=4)
[traverseAst] WIRE depth=1 raw_len=140
[BaselineBoard] appendRawPiece len=140
[handleWireFromClean] called for tag='wire'
[handleWire] PUSH (pts.node.pts) 50.799999,63.500000->66.040001,63.500000 ; added=1
[handleWire] saved 1 wire(s) from pts-children (deduped)
[traverseAst] WIRE -> handleWireFromClean() called; board wireCount=25
[BaselineBoard] appendRawPiece len=55
    pts  (children=3)
[BaselineBoard] appendRawPiece len=24
      xy  (children=3)
[BaselineBoard] appendRawPiece len=9
[BaselineBoard] appendRawPiece len=9
[BaselineBoard] appendRawPiece len=24
      xy  (children=3)
[BaselineBoard] appendRawPiece len=9
[BaselineBoard] appendRawPiece len=9
[BaselineBoard] appendRawPiece len=31
    stroke  (children=3)
    [UNHANDLED-PCB] tag="stroke"
[BaselineBoard] appendRawPiece len=9
      width  (children=2)
      [UNHANDLED-PCB] tag="width"
[BaselineBoard] appendRawPiece len=1
[BaselineBoard] appendRawPiece len=12
      type  (children=2)
      [UNHANDLED-PCB] tag="type"
[BaselineBoard] appendRawPiece len=5
[BaselineBoard] appendRawPiece len=45
    uuid  (children=2)
[BaselineBoard] appendRawPiece len=140
  wire  (children=4)
[traverseAst] WIRE depth=1 raw_len=140
[BaselineBoard] appendRawPiece len=140
[handleWireFromClean] called for tag='wire'
[handleWire] PUSH (pts.node.pts) 55.880001,31.750000->55.880001,33.020000 ; added=1
[handleWire] saved 1 wire(s) from pts-children (deduped)
[traverseAst] WIRE -> handleWireFromClean() called; board wireCount=26
[BaselineBoard] appendRawPiece len=55
    pts  (children=3)
[BaselineBoard] appendRawPiece len=24
      xy  (children=3)
[BaselineBoard] appendRawPiece len=9
[BaselineBoard] appendRawPiece len=9
[BaselineBoard] appendRawPiece len=24
      xy  (children=3)
[BaselineBoard] appendRawPiece len=9
[BaselineBoard] appendRawPiece len=9
[BaselineBoard] appendRawPiece len=31
    stroke  (children=3)
    [UNHANDLED-PCB] tag="stroke"
[BaselineBoard] appendRawPiece len=9
      width  (children=2)
      [UNHANDLED-PCB] tag="width"
[BaselineBoard] appendRawPiece len=1
[BaselineBoard] appendRawPiece len=12
      type  (children=2)
      [UNHANDLED-PCB] tag="type"
[BaselineBoard] appendRawPiece len=5
[BaselineBoard] appendRawPiece len=45
    uuid  (children=2)
[BaselineBoard] appendRawPiece len=142
  wire  (children=4)
[traverseAst] WIRE depth=1 raw_len=142
[BaselineBoard] appendRawPiece len=142
[handleWireFromClean] called for tag='wire'
[handleWire] PUSH (pts.node.pts) 233.679993,69.849998->237.490005,69.849998 ; added=1
[handleWire] saved 1 wire(s) from pts-children (deduped)
[traverseAst] WIRE -> handleWireFromClean() called; board wireCount=27
[BaselineBoard] appendRawPiece len=57
    pts  (children=3)
[BaselineBoard] appendRawPiece len=25
      xy  (children=3)
[BaselineBoard] appendRawPiece len=10
[BaselineBoard] appendRawPiece len=9
[BaselineBoard] appendRawPiece len=25
      xy  (children=3)
[BaselineBoard] appendRawPiece len=10
[BaselineBoard] appendRawPiece len=9
[BaselineBoard] appendRawPiece len=31
    stroke  (children=3)
    [UNHANDLED-PCB] tag="stroke"
[BaselineBoard] appendRawPiece len=9
      width  (children=2)
      [UNHANDLED-PCB] tag="width"
[BaselineBoard] appendRawPiece len=1
[BaselineBoard] appendRawPiece len=12
      type  (children=2)
      [UNHANDLED-PCB] tag="type"
[BaselineBoard] appendRawPiece len=5
[BaselineBoard] appendRawPiece len=45
    uuid  (children=2)
[BaselineBoard] appendRawPiece len=140
  wire  (children=4)
[traverseAst] WIRE depth=1 raw_len=140
[BaselineBoard] appendRawPiece len=140
[handleWireFromClean] called for tag='wire'
[handleWire] PUSH (pts.node.pts) 76.199997,63.500000->81.279999,63.500000 ; added=1
[handleWire] saved 1 wire(s) from pts-children (deduped)
[traverseAst] WIRE -> handleWireFromClean() called; board wireCount=28
[BaselineBoard] appendRawPiece len=55
    pts  (children=3)
[BaselineBoard] appendRawPiece len=24
      xy  (children=3)
[BaselineBoard] appendRawPiece len=9
[BaselineBoard] appendRawPiece len=9
[BaselineBoard] appendRawPiece len=24
      xy  (children=3)
[BaselineBoard] appendRawPiece len=9
[BaselineBoard] appendRawPiece len=9
[BaselineBoard] appendRawPiece len=31
    stroke  (children=3)
    [UNHANDLED-PCB] tag="stroke"
[BaselineBoard] appendRawPiece len=9
      width  (children=2)
      [UNHANDLED-PCB] tag="width"
[BaselineBoard] appendRawPiece len=1
[BaselineBoard] appendRawPiece len=12
      type  (children=2)
      [UNHANDLED-PCB] tag="type"
[BaselineBoard] appendRawPiece len=5
[BaselineBoard] appendRawPiece len=45
    uuid  (children=2)
[BaselineBoard] appendRawPiece len=140
  wire  (children=4)
[traverseAst] WIRE depth=1 raw_len=140
[BaselineBoard] appendRawPiece len=140
[handleWireFromClean] called for tag='wire'
[handleWire] PUSH (pts.node.pts) 81.279999,63.500000->81.279999,66.040001 ; added=1
[handleWire] saved 1 wire(s) from pts-children (deduped)
[traverseAst] WIRE -> handleWireFromClean() called; board wireCount=29
[BaselineBoard] appendRawPiece len=55
    pts  (children=3)
[BaselineBoard] appendRawPiece len=24
      xy  (children=3)
[BaselineBoard] appendRawPiece len=9
[BaselineBoard] appendRawPiece len=9
[BaselineBoard] appendRawPiece len=24
      xy  (children=3)
[BaselineBoard] appendRawPiece len=9
[BaselineBoard] appendRawPiece len=9
[BaselineBoard] appendRawPiece len=31
    stroke  (children=3)
    [UNHANDLED-PCB] tag="stroke"
[BaselineBoard] appendRawPiece len=9
      width  (children=2)
      [UNHANDLED-PCB] tag="width"
[BaselineBoard] appendRawPiece len=1
[BaselineBoard] appendRawPiece len=12
      type  (children=2)
      [UNHANDLED-PCB] tag="type"
[BaselineBoard] appendRawPiece len=5
[BaselineBoard] appendRawPiece len=45
    uuid  (children=2)
[BaselineBoard] appendRawPiece len=140
  wire  (children=4)
[traverseAst] WIRE depth=1 raw_len=140
[BaselineBoard] appendRawPiece len=140
[handleWireFromClean] called for tag='wire'
[handleWire] PUSH (pts.node.pts) 81.279999,63.500000->90.169998,63.500000 ; added=1
[handleWire] saved 1 wire(s) from pts-children (deduped)
[traverseAst] WIRE -> handleWireFromClean() called; board wireCount=30
[BaselineBoard] appendRawPiece len=55
    pts  (children=3)
[BaselineBoard] appendRawPiece len=24
      xy  (children=3)
[BaselineBoard] appendRawPiece len=9
[BaselineBoard] appendRawPiece len=9
[BaselineBoard] appendRawPiece len=24
      xy  (children=3)
[BaselineBoard] appendRawPiece len=9
[BaselineBoard] appendRawPiece len=9
[BaselineBoard] appendRawPiece len=31
    stroke  (children=3)
    [UNHANDLED-PCB] tag="stroke"
[BaselineBoard] appendRawPiece len=9
      width  (children=2)
      [UNHANDLED-PCB] tag="width"
[BaselineBoard] appendRawPiece len=1
[BaselineBoard] appendRawPiece len=12
      type  (children=2)
      [UNHANDLED-PCB] tag="type"
[BaselineBoard] appendRawPiece len=5
[BaselineBoard] appendRawPiece len=45
    uuid  (children=2)
[BaselineBoard] appendRawPiece len=142
  wire  (children=4)
[traverseAst] WIRE depth=1 raw_len=142
[BaselineBoard] appendRawPiece len=142
[handleWireFromClean] called for tag='wire'
[handleWire] PUSH (pts.node.pts) 229.869995,57.150002->233.679993,57.150002 ; added=1
[handleWire] saved 1 wire(s) from pts-children (deduped)
[traverseAst] WIRE -> handleWireFromClean() called; board wireCount=31
[BaselineBoard] appendRawPiece len=57
    pts  (children=3)
[BaselineBoard] appendRawPiece len=25
      xy  (children=3)
[BaselineBoard] appendRawPiece len=10
[BaselineBoard] appendRawPiece len=9
[BaselineBoard] appendRawPiece len=25
      xy  (children=3)
[BaselineBoard] appendRawPiece len=10
[BaselineBoard] appendRawPiece len=9
[BaselineBoard] appendRawPiece len=31
    stroke  (children=3)
    [UNHANDLED-PCB] tag="stroke"
[BaselineBoard] appendRawPiece len=9
      width  (children=2)
      [UNHANDLED-PCB] tag="width"
[BaselineBoard] appendRawPiece len=1
[BaselineBoard] appendRawPiece len=12
      type  (children=2)
      [UNHANDLED-PCB] tag="type"
[BaselineBoard] appendRawPiece len=5
[BaselineBoard] appendRawPiece len=45
    uuid  (children=2)
[BaselineBoard] appendRawPiece len=140
  wire  (children=4)
[traverseAst] WIRE depth=1 raw_len=140
[BaselineBoard] appendRawPiece len=140
[handleWireFromClean] called for tag='wire'
[handleWire] PUSH (pts.node.pts) 63.500000,41.910000->63.500000,43.180000 ; added=1
[handleWire] saved 1 wire(s) from pts-children (deduped)
[traverseAst] WIRE -> handleWireFromClean() called; board wireCount=32
[BaselineBoard] appendRawPiece len=55
    pts  (children=3)
[BaselineBoard] appendRawPiece len=24
      xy  (children=3)
[BaselineBoard] appendRawPiece len=9
[BaselineBoard] appendRawPiece len=9
[BaselineBoard] appendRawPiece len=24
      xy  (children=3)
[BaselineBoard] appendRawPiece len=9
[BaselineBoard] appendRawPiece len=9
[BaselineBoard] appendRawPiece len=31
    stroke  (children=3)
    [UNHANDLED-PCB] tag="stroke"
[BaselineBoard] appendRawPiece len=9
      width  (children=2)
      [UNHANDLED-PCB] tag="width"
[BaselineBoard] appendRawPiece len=1
[BaselineBoard] appendRawPiece len=12
      type  (children=2)
      [UNHANDLED-PCB] tag="type"
[BaselineBoard] appendRawPiece len=5
[BaselineBoard] appendRawPiece len=45
    uuid  (children=2)
[BaselineBoard] appendRawPiece len=140
  wire  (children=4)
[traverseAst] WIRE depth=1 raw_len=140
[BaselineBoard] appendRawPiece len=140
[handleWireFromClean] called for tag='wire'
[handleWire] PUSH (pts.node.pts) 55.880001,43.180000->55.880001,44.450001 ; added=1
[handleWire] saved 1 wire(s) from pts-children (deduped)
[traverseAst] WIRE -> handleWireFromClean() called; board wireCount=33
[BaselineBoard] appendRawPiece len=55
    pts  (children=3)
[BaselineBoard] appendRawPiece len=24
      xy  (children=3)
[BaselineBoard] appendRawPiece len=9
[BaselineBoard] appendRawPiece len=9
[BaselineBoard] appendRawPiece len=24
      xy  (children=3)
[BaselineBoard] appendRawPiece len=9
[BaselineBoard] appendRawPiece len=9
[BaselineBoard] appendRawPiece len=31
    stroke  (children=3)
    [UNHANDLED-PCB] tag="stroke"
[BaselineBoard] appendRawPiece len=9
      width  (children=2)
      [UNHANDLED-PCB] tag="width"
[BaselineBoard] appendRawPiece len=1
[BaselineBoard] appendRawPiece len=12
      type  (children=2)
      [UNHANDLED-PCB] tag="type"
[BaselineBoard] appendRawPiece len=5
[BaselineBoard] appendRawPiece len=45
    uuid  (children=2)
[BaselineBoard] appendRawPiece len=140
  wire  (children=4)
[traverseAst] WIRE depth=1 raw_len=140
[BaselineBoard] appendRawPiece len=140
[handleWireFromClean] called for tag='wire'
[handleWire] PUSH (pts.node.pts) 55.880001,33.020000->63.500000,33.020000 ; added=1
[handleWire] saved 1 wire(s) from pts-children (deduped)
[traverseAst] WIRE -> handleWireFromClean() called; board wireCount=34
[BaselineBoard] appendRawPiece len=55
    pts  (children=3)
[BaselineBoard] appendRawPiece len=24
      xy  (children=3)
[BaselineBoard] appendRawPiece len=9
[BaselineBoard] appendRawPiece len=9
[BaselineBoard] appendRawPiece len=24
      xy  (children=3)
[BaselineBoard] appendRawPiece len=9
[BaselineBoard] appendRawPiece len=9
[BaselineBoard] appendRawPiece len=31
    stroke  (children=3)
    [UNHANDLED-PCB] tag="stroke"
[BaselineBoard] appendRawPiece len=9
      width  (children=2)
      [UNHANDLED-PCB] tag="width"
[BaselineBoard] appendRawPiece len=1
[BaselineBoard] appendRawPiece len=12
      type  (children=2)
      [UNHANDLED-PCB] tag="type"
[BaselineBoard] appendRawPiece len=5
[BaselineBoard] appendRawPiece len=45
    uuid  (children=2)
[BaselineBoard] appendRawPiece len=142
  wire  (children=4)
[traverseAst] WIRE depth=1 raw_len=142
[BaselineBoard] appendRawPiece len=142
[handleWireFromClean] called for tag='wire'
[handleWire] PUSH (pts.node.pts) 168.910004,76.199997->179.070007,76.199997 ; added=1
[handleWire] saved 1 wire(s) from pts-children (deduped)
[traverseAst] WIRE -> handleWireFromClean() called; board wireCount=35
[BaselineBoard] appendRawPiece len=57
    pts  (children=3)
[BaselineBoard] appendRawPiece len=25
      xy  (children=3)
[BaselineBoard] appendRawPiece len=10
[BaselineBoard] appendRawPiece len=9
[BaselineBoard] appendRawPiece len=25
      xy  (children=3)
[BaselineBoard] appendRawPiece len=10
[BaselineBoard] appendRawPiece len=9
[BaselineBoard] appendRawPiece len=31
    stroke  (children=3)
    [UNHANDLED-PCB] tag="stroke"
[BaselineBoard] appendRawPiece len=9
      width  (children=2)
      [UNHANDLED-PCB] tag="width"
[BaselineBoard] appendRawPiece len=1
[BaselineBoard] appendRawPiece len=12
      type  (children=2)
      [UNHANDLED-PCB] tag="type"
[BaselineBoard] appendRawPiece len=5
[BaselineBoard] appendRawPiece len=45
    uuid  (children=2)
[BaselineBoard] appendRawPiece len=142
  wire  (children=4)
[traverseAst] WIRE depth=1 raw_len=142
[BaselineBoard] appendRawPiece len=142
[handleWireFromClean] called for tag='wire'
[handleWire] PUSH (pts.node.pts) 200.660004,90.169998->200.660004,91.440002 ; added=1
[handleWire] saved 1 wire(s) from pts-children (deduped)
[traverseAst] WIRE -> handleWireFromClean() called; board wireCount=36
[BaselineBoard] appendRawPiece len=57
    pts  (children=3)
[BaselineBoard] appendRawPiece len=25
      xy  (children=3)
[BaselineBoard] appendRawPiece len=10
[BaselineBoard] appendRawPiece len=9
[BaselineBoard] appendRawPiece len=25
      xy  (children=3)
[BaselineBoard] appendRawPiece len=10
[BaselineBoard] appendRawPiece len=9
[BaselineBoard] appendRawPiece len=31
    stroke  (children=3)
    [UNHANDLED-PCB] tag="stroke"
[BaselineBoard] appendRawPiece len=9
      width  (children=2)
      [UNHANDLED-PCB] tag="width"
[BaselineBoard] appendRawPiece len=1
[BaselineBoard] appendRawPiece len=12
      type  (children=2)
      [UNHANDLED-PCB] tag="type"
[BaselineBoard] appendRawPiece len=5
[BaselineBoard] appendRawPiece len=45
    uuid  (children=2)
[BaselineBoard] appendRawPiece len=142
  wire  (children=4)
[traverseAst] WIRE depth=1 raw_len=142
[BaselineBoard] appendRawPiece len=142
[handleWireFromClean] called for tag='wire'
[handleWire] PUSH (pts.node.pts) 200.660004,40.639999->200.660004,41.910000 ; added=1
[handleWire] saved 1 wire(s) from pts-children (deduped)
[traverseAst] WIRE -> handleWireFromClean() called; board wireCount=37
[BaselineBoard] appendRawPiece len=57
    pts  (children=3)
[BaselineBoard] appendRawPiece len=25
      xy  (children=3)
[BaselineBoard] appendRawPiece len=10
[BaselineBoard] appendRawPiece len=9
[BaselineBoard] appendRawPiece len=25
      xy  (children=3)
[BaselineBoard] appendRawPiece len=10
[BaselineBoard] appendRawPiece len=9
[BaselineBoard] appendRawPiece len=31
    stroke  (children=3)
    [UNHANDLED-PCB] tag="stroke"
[BaselineBoard] appendRawPiece len=9
      width  (children=2)
      [UNHANDLED-PCB] tag="width"
[BaselineBoard] appendRawPiece len=1
[BaselineBoard] appendRawPiece len=12
      type  (children=2)
      [UNHANDLED-PCB] tag="type"
[BaselineBoard] appendRawPiece len=5
[BaselineBoard] appendRawPiece len=45
    uuid  (children=2)
[BaselineBoard] appendRawPiece len=142
  wire  (children=4)
[traverseAst] WIRE depth=1 raw_len=142
[BaselineBoard] appendRawPiece len=142
[handleWireFromClean] called for tag='wire'
[handleWire] PUSH (pts.node.pts) 210.820007,33.020000->233.679993,33.020000 ; added=1
[handleWire] saved 1 wire(s) from pts-children (deduped)
[traverseAst] WIRE -> handleWireFromClean() called; board wireCount=38
[BaselineBoard] appendRawPiece len=57
    pts  (children=3)
[BaselineBoard] appendRawPiece len=25
      xy  (children=3)
[BaselineBoard] appendRawPiece len=10
[BaselineBoard] appendRawPiece len=9
[BaselineBoard] appendRawPiece len=25
      xy  (children=3)
[BaselineBoard] appendRawPiece len=10
[BaselineBoard] appendRawPiece len=9
[BaselineBoard] appendRawPiece len=31
    stroke  (children=3)
    [UNHANDLED-PCB] tag="stroke"
[BaselineBoard] appendRawPiece len=9
      width  (children=2)
      [UNHANDLED-PCB] tag="width"
[BaselineBoard] appendRawPiece len=1
[BaselineBoard] appendRawPiece len=12
      type  (children=2)
      [UNHANDLED-PCB] tag="type"
[BaselineBoard] appendRawPiece len=5
[BaselineBoard] appendRawPiece len=45
    uuid  (children=2)
[BaselineBoard] appendRawPiece len=140
  wire  (children=4)
[traverseAst] WIRE depth=1 raw_len=140
[BaselineBoard] appendRawPiece len=140
[handleWireFromClean] called for tag='wire'
[handleWire] PUSH (pts.node.pts) 50.799999,33.020000->55.880001,33.020000 ; added=1
[handleWire] saved 1 wire(s) from pts-children (deduped)
[traverseAst] WIRE -> handleWireFromClean() called; board wireCount=39
[BaselineBoard] appendRawPiece len=55
    pts  (children=3)
[BaselineBoard] appendRawPiece len=24
      xy  (children=3)
[BaselineBoard] appendRawPiece len=9
[BaselineBoard] appendRawPiece len=9
[BaselineBoard] appendRawPiece len=24
      xy  (children=3)
[BaselineBoard] appendRawPiece len=9
[BaselineBoard] appendRawPiece len=9
[BaselineBoard] appendRawPiece len=31
    stroke  (children=3)
    [UNHANDLED-PCB] tag="stroke"
[BaselineBoard] appendRawPiece len=9
      width  (children=2)
      [UNHANDLED-PCB] tag="width"
[BaselineBoard] appendRawPiece len=1
[BaselineBoard] appendRawPiece len=12
      type  (children=2)
      [UNHANDLED-PCB] tag="type"
[BaselineBoard] appendRawPiece len=5
[BaselineBoard] appendRawPiece len=45
    uuid  (children=2)
[BaselineBoard] appendRawPiece len=142
  wire  (children=4)
[traverseAst] WIRE depth=1 raw_len=142
[BaselineBoard] appendRawPiece len=142
[handleWireFromClean] called for tag='wire'
[handleWire] PUSH (pts.node.pts) 187.960007,31.750000->187.960007,33.020000 ; added=1
[handleWire] saved 1 wire(s) from pts-children (deduped)
[traverseAst] WIRE -> handleWireFromClean() called; board wireCount=40
[BaselineBoard] appendRawPiece len=57
    pts  (children=3)
[BaselineBoard] appendRawPiece len=25
      xy  (children=3)
[BaselineBoard] appendRawPiece len=10
[BaselineBoard] appendRawPiece len=9
[BaselineBoard] appendRawPiece len=25
      xy  (children=3)
[BaselineBoard] appendRawPiece len=10
[BaselineBoard] appendRawPiece len=9
[BaselineBoard] appendRawPiece len=31
    stroke  (children=3)
    [UNHANDLED-PCB] tag="stroke"
[BaselineBoard] appendRawPiece len=9
      width  (children=2)
      [UNHANDLED-PCB] tag="width"
[BaselineBoard] appendRawPiece len=1
[BaselineBoard] appendRawPiece len=12
      type  (children=2)
      [UNHANDLED-PCB] tag="type"
[BaselineBoard] appendRawPiece len=5
[BaselineBoard] appendRawPiece len=45
    uuid  (children=2)
[BaselineBoard] appendRawPiece len=140
  wire  (children=4)
[traverseAst] WIRE depth=1 raw_len=140
[BaselineBoard] appendRawPiece len=140
[handleWireFromClean] called for tag='wire'
[handleWire] PUSH (pts.node.pts) 63.500000,31.750000->63.500000,33.020000 ; added=1
[handleWire] saved 1 wire(s) from pts-children (deduped)
[traverseAst] WIRE -> handleWireFromClean() called; board wireCount=41
[BaselineBoard] appendRawPiece len=55
    pts  (children=3)
[BaselineBoard] appendRawPiece len=24
      xy  (children=3)
[BaselineBoard] appendRawPiece len=9
[BaselineBoard] appendRawPiece len=9
[BaselineBoard] appendRawPiece len=24
      xy  (children=3)
[BaselineBoard] appendRawPiece len=9
[BaselineBoard] appendRawPiece len=9
[BaselineBoard] appendRawPiece len=31
    stroke  (children=3)
    [UNHANDLED-PCB] tag="stroke"
[BaselineBoard] appendRawPiece len=9
      width  (children=2)
      [UNHANDLED-PCB] tag="width"
[BaselineBoard] appendRawPiece len=1
[BaselineBoard] appendRawPiece len=12
      type  (children=2)
      [UNHANDLED-PCB] tag="type"
[BaselineBoard] appendRawPiece len=5
[BaselineBoard] appendRawPiece len=45
    uuid  (children=2)
[BaselineBoard] appendRawPiece len=142
  wire  (children=4)
[traverseAst] WIRE depth=1 raw_len=142
[BaselineBoard] appendRawPiece len=142
[handleWireFromClean] called for tag='wire'
[handleWire] PUSH (pts.node.pts) 233.679993,33.020000->233.679993,36.830002 ; added=1
[handleWire] saved 1 wire(s) from pts-children (deduped)
[traverseAst] WIRE -> handleWireFromClean() called; board wireCount=42
[BaselineBoard] appendRawPiece len=57
    pts  (children=3)
[BaselineBoard] appendRawPiece len=25
      xy  (children=3)
[BaselineBoard] appendRawPiece len=10
[BaselineBoard] appendRawPiece len=9
[BaselineBoard] appendRawPiece len=25
      xy  (children=3)
[BaselineBoard] appendRawPiece len=10
[BaselineBoard] appendRawPiece len=9
[BaselineBoard] appendRawPiece len=31
    stroke  (children=3)
    [UNHANDLED-PCB] tag="stroke"
[BaselineBoard] appendRawPiece len=9
      width  (children=2)
      [UNHANDLED-PCB] tag="width"
[BaselineBoard] appendRawPiece len=1
[BaselineBoard] appendRawPiece len=12
      type  (children=2)
      [UNHANDLED-PCB] tag="type"
[BaselineBoard] appendRawPiece len=5
[BaselineBoard] appendRawPiece len=45
    uuid  (children=2)
[BaselineBoard] appendRawPiece len=140
  wire  (children=4)
[traverseAst] WIRE depth=1 raw_len=140
[BaselineBoard] appendRawPiece len=140
[handleWireFromClean] called for tag='wire'
[handleWire] PUSH (pts.node.pts) 53.340000,68.580002->53.340000,71.120003 ; added=1
[handleWire] saved 1 wire(s) from pts-children (deduped)
[traverseAst] WIRE -> handleWireFromClean() called; board wireCount=43
[BaselineBoard] appendRawPiece len=55
    pts  (children=3)
[BaselineBoard] appendRawPiece len=24
      xy  (children=3)
[BaselineBoard] appendRawPiece len=9
[BaselineBoard] appendRawPiece len=9
[BaselineBoard] appendRawPiece len=24
      xy  (children=3)
[BaselineBoard] appendRawPiece len=9
[BaselineBoard] appendRawPiece len=9
[BaselineBoard] appendRawPiece len=31
    stroke  (children=3)
    [UNHANDLED-PCB] tag="stroke"
[BaselineBoard] appendRawPiece len=9
      width  (children=2)
      [UNHANDLED-PCB] tag="width"
[BaselineBoard] appendRawPiece len=1
[BaselineBoard] appendRawPiece len=12
      type  (children=2)
      [UNHANDLED-PCB] tag="type"
[BaselineBoard] appendRawPiece len=5
[BaselineBoard] appendRawPiece len=45
    uuid  (children=2)
[BaselineBoard] appendRawPiece len=142
  wire  (children=4)
[traverseAst] WIRE depth=1 raw_len=142
[BaselineBoard] appendRawPiece len=142
[handleWireFromClean] called for tag='wire'
[handleWire] PUSH (pts.node.pts) 233.679993,31.750000->233.679993,33.020000 ; added=1
[handleWire] saved 1 wire(s) from pts-children (deduped)
[traverseAst] WIRE -> handleWireFromClean() called; board wireCount=44
[BaselineBoard] appendRawPiece len=57
    pts  (children=3)
[BaselineBoard] appendRawPiece len=25
      xy  (children=3)
[BaselineBoard] appendRawPiece len=10
[BaselineBoard] appendRawPiece len=9
[BaselineBoard] appendRawPiece len=25
      xy  (children=3)
[BaselineBoard] appendRawPiece len=10
[BaselineBoard] appendRawPiece len=9
[BaselineBoard] appendRawPiece len=31
    stroke  (children=3)
    [UNHANDLED-PCB] tag="stroke"
[BaselineBoard] appendRawPiece len=9
      width  (children=2)
      [UNHANDLED-PCB] tag="width"
[BaselineBoard] appendRawPiece len=1
[BaselineBoard] appendRawPiece len=12
      type  (children=2)
      [UNHANDLED-PCB] tag="type"
[BaselineBoard] appendRawPiece len=5
[BaselineBoard] appendRawPiece len=45
    uuid  (children=2)
[BaselineBoard] appendRawPiece len=177
  label  (children=6)
[BaselineBoard] appendRawPiece len=991
  symbol  (children=18)
[BaselineBoard] appendRawPiece len=903
  symbol  (children=16)
[BaselineBoard] appendRawPiece len=977
  symbol  (children=18)
[BaselineBoard] appendRawPiece len=1011
  symbol  (children=17)
[BaselineBoard] appendRawPiece len=903
  symbol  (children=16)
[BaselineBoard] appendRawPiece len=890
  symbol  (children=16)
[BaselineBoard] appendRawPiece len=898
  symbol  (children=16)
[BaselineBoard] appendRawPiece len=898
  symbol  (children=16)
[BaselineBoard] appendRawPiece len=898
  symbol  (children=16)
[BaselineBoard] appendRawPiece len=909
  symbol  (children=16)
[BaselineBoard] appendRawPiece len=907
  symbol  (children=16)
[BaselineBoard] appendRawPiece len=1013
  symbol  (children=17)
[BaselineBoard] appendRawPiece len=888
  symbol  (children=16)
[BaselineBoard] appendRawPiece len=991
  symbol  (children=18)
[BaselineBoard] appendRawPiece len=901
  symbol  (children=16)
[BaselineBoard] appendRawPiece len=901
  symbol  (children=16)
[BaselineBoard] appendRawPiece len=1011
  symbol  (children=17)
[BaselineBoard] appendRawPiece len=1275
  symbol  (children=22)
[BaselineBoard] appendRawPiece len=907
  symbol  (children=16)
[BaselineBoard] appendRawPiece len=896
  symbol  (children=16)
[BaselineBoard] appendRawPiece len=896
  symbol  (children=16)
[BaselineBoard] appendRawPiece len=1016
  symbol  (children=18)
[BaselineBoard] appendRawPiece len=901
  symbol  (children=16)
[BaselineBoard] appendRawPiece len=1015
  symbol  (children=17)
[BaselineBoard] appendRawPiece len=907
  symbol  (children=16)
[BaselineBoard] appendRawPiece len=1015
  symbol  (children=17)
[BaselineBoard] appendRawPiece len=898
  symbol  (children=16)
[BaselineBoard] appendRawPiece len=536
  sheet  (children=9)
[BaselineBoard] appendRawPiece len=541
  sheet  (children=9)
[BaselineBoard] appendRawPiece len=39
  sheet_instances  (children=2)
  [UNHANDLED-PCB] tag="sheet_instances"
[BaselineBoard] appendRawPiece len=21
    path  (children=3)
    [UNHANDLED-PCB] tag="path"
[BaselineBoard] appendRawPiece len=3
[BaselineBoard] appendRawPiece len=10
      page  (children=2)
[UNHANDLED] cleanInner:generator_version addr=0x5ccdcb2cbd00 -> (generator_version "8.0" )
  children details (child_index: addr type extra):
    [0] addr=0x5ccdcb2ae810 atom="generator_version"
    [1] addr=0x5ccdcb2ae850 atom=""8.0""
AstCleaner: handling lib_symbols at 0x5ccdcb2cbe00
[UNHANDLED] cleanInner:exclude_from_sim addr=0x5ccdcb305090 -> (exclude_from_sim no )
  children details (child_index: addr type extra):
    [0] addr=0x5ccdcb2bf000 atom="exclude_from_sim"
    [1] addr=0x5ccdcb2bf040 atom="no"
[UNHANDLED] cleanInner:exclude_from_sim addr=0x5ccdcb2d6270 -> (exclude_from_sim no )
  children details (child_index: addr type extra):
    [0] addr=0x5ccdcb2d6620 atom="exclude_from_sim"
    [1] addr=0x5ccdcb2d6660 atom="no"
[UNHANDLED] cleanInner:exclude_from_sim addr=0x5ccdcb2bc930 -> (exclude_from_sim no )
  children details (child_index: addr type extra):
    [0] addr=0x5ccdcb2c5320 atom="exclude_from_sim"
    [1] addr=0x5ccdcb2c5360 atom="no"
[UNHANDLED] cleanInner:exclude_from_sim addr=0x5ccdcb2d53b0 -> (exclude_from_sim no )
  children details (child_index: addr type extra):
    [0] addr=0x5ccdcb2e3f40 atom="exclude_from_sim"
    [1] addr=0x5ccdcb2e3f80 atom="no"
[UNHANDLED] cleanInner:exclude_from_sim addr=0x5ccdcb2c9bd0 -> (exclude_from_sim no )
  children details (child_index: addr type extra):
    [0] addr=0x5ccdcb2c68e0 atom="exclude_from_sim"
    [1] addr=0x5ccdcb2c6920 atom="no"
[UNHANDLED] cleanInner:exclude_from_sim addr=0x5ccdcb296a60 -> (exclude_from_sim no )
  children details (child_index: addr type extra):
    [0] addr=0x5ccdcb2cf400 atom="exclude_from_sim"
    [1] addr=0x5ccdcb2cf440 atom="no"
[UNHANDLED] cleanInner:exclude_from_sim addr=0x5ccdcb2fbe10 -> (exclude_from_sim no )
  children details (child_index: addr type extra):
    [0] addr=0x5ccdcb2fc1c0 atom="exclude_from_sim"
    [1] addr=0x5ccdcb2fc200 atom="no"
[UNHANDLED] cleanInner:exclude_from_sim addr=0x5ccdcb2bbab0 -> (exclude_from_sim no )
  children details (child_index: addr type extra):
    [0] addr=0x5ccdcb2bbe60 atom="exclude_from_sim"
    [1] addr=0x5ccdcb2bbea0 atom="no"
[UNHANDLED] cleanInner:exclude_from_sim addr=0x5ccdcb298530 -> (exclude_from_sim no )
  children details (child_index: addr type extra):
    [0] addr=0x5ccdcb2de740 atom="exclude_from_sim"
    [1] addr=0x5ccdcb2de780 atom="no"
[UNHANDLED] cleanInner:exclude_from_sim addr=0x5ccdcb2d4280 -> (exclude_from_sim no )
  children details (child_index: addr type extra):
    [0] addr=0x5ccdcb2d4700 atom="exclude_from_sim"
    [1] addr=0x5ccdcb2d4740 atom="no"
[UNHANDLED] cleanInner:exclude_from_sim addr=0x5ccdcb2d9de0 -> (exclude_from_sim no )
  children details (child_index: addr type extra):
    [0] addr=0x5ccdcb2da190 atom="exclude_from_sim"
    [1] addr=0x5ccdcb2da1d0 atom="no"
[UNHANDLED] cleanInner:no_connect addr=0x5ccdcb2cc000 -> (no_connect (at) (uuid) )
  children details (child_index: addr type extra):
    [0] addr=0x5ccdcb2b29d0 atom="no_connect"
    [1] addr=0x5ccdcb2b2a10 list_size=3 head="at"
    [2] addr=0x5ccdcb2b2a50 list_size=2 head="uuid"
[UNHANDLED] cleanInner:no_connect addr=0x5ccdcb2cc040 -> (no_connect (at) (uuid) )
  children details (child_index: addr type extra):
    [0] addr=0x5ccdcb2b2c00 atom="no_connect"
    [1] addr=0x5ccdcb2b2c40 list_size=3 head="at"
    [2] addr=0x5ccdcb2b2c80 list_size=2 head="uuid"
[appendRawPieceFromClean] piece_head='<kicad_sch>
  <version> attrs{value:20231120 }
  <generator> attrs{value:"eeschema" }
  <generator_version> attrs{value:"8.0" }
  <paper> attrs{value:"A4" }
  <'...
[BaselineBoard] appendRawPiece len=58851 head="kicad_sch"
[walkSchematicOnce] cleanedRoot children=90
[walkSchematicOnce] child tag='version' children=0
[appendRawPieceFromClean] piece_head='<version> attrs{value:20231120 }'...
[BaselineBoard] appendRawPiece len=32 head="version"
[walkSchematicOnce] child tag='generator' children=0
[appendRawPieceFromClean] piece_head='<generator> attrs{value:"eeschema" }'...
[BaselineBoard] appendRawPiece len=36 head="generator"
[walkSchematicOnce] child tag='generator_version' children=0
[appendRawPieceFromClean] piece_head='<generator_version> attrs{value:"8.0" }'...
[BaselineBoard] appendRawPiece len=39 head="generator_version"
[walkSchematicOnce] child tag='paper' children=0
[appendRawPieceFromClean] piece_head='<paper> attrs{value:"A4" }'...
[BaselineBoard] appendRawPiece len=26 head="paper"
[walkSchematicOnce] child tag='title_block' children=2
[appendRawPieceFromClean] piece_head='<title_block>
  <title> attrs{value:"Complex hierarchy: demo" }
  <date> attrs{value:"2017-01-15" }'...
[BaselineBoard] appendRawPiece len=99 head="title_block"
[walkSchematicOnce] child tag='lib_symbols' children=11
[handleLibSymbolsCleanNode] called, children=11
[WARNING] Duplicate lib_symbols differs; keeping first.
[walkSchematicOnce] child tag='junction' children=0
[handleJunctionFromClean] called for tag='junction'
[handleJunction] saved junction shape (x=55.88, y=33.02)
[walkSchematicOnce] child tag='junction' children=0
[handleJunctionFromClean] called for tag='junction'
[handleJunction] saved junction shape (x=81.28, y=63.50)
[walkSchematicOnce] child tag='junction' children=0
[handleJunctionFromClean] called for tag='junction'
[handleJunction] saved junction shape (x=233.68, y=33.02)
[walkSchematicOnce] child tag='junction' children=0
[handleJunctionFromClean] called for tag='junction'
[handleJunction] saved junction shape (x=233.68, y=69.85)
[walkSchematicOnce] child tag='junction' children=0
[handleJunctionFromClean] called for tag='junction'
[handleJunction] saved junction shape (x=55.88, y=43.18)
[walkSchematicOnce] child tag='junction' children=0
[handleJunctionFromClean] called for tag='junction'
[handleJunction] saved junction shape (x=63.50, y=33.02)
[walkSchematicOnce] child tag='junction' children=0
[handleJunctionFromClean] called for tag='junction'
[handleJunction] saved junction shape (x=76.20, y=63.50)
[walkSchematicOnce] child tag='no_connect' children=0
[appendRawPieceFromClean] piece_head='<no_connect> at=(223.520,77.470,0.000)'...
[BaselineBoard] appendRawPiece len=38 head="no_connect"
[walkSchematicOnce] child tag='no_connect' children=0
[appendRawPieceFromClean] piece_head='<no_connect> at=(180.340,77.470,0.000)'...
[BaselineBoard] appendRawPiece len=38 head="no_connect"
[walkSchematicOnce] child tag='wire' children=1
[handleWireFromClean] called for tag='wire'
[handleWire] saved 1 wire(s) from clean.pts
[walkSchematicOnce] child tag='wire' children=1
[handleWireFromClean] called for tag='wire'
[handleWire] saved 1 wire(s) from clean.pts
[walkSchematicOnce] child tag='wire' children=1
[handleWireFromClean] called for tag='wire'
[handleWire] saved 1 wire(s) from clean.pts
[walkSchematicOnce] child tag='wire' children=1
[handleWireFromClean] called for tag='wire'
[handleWire] saved 1 wire(s) from clean.pts
[walkSchematicOnce] child tag='wire' children=1
[handleWireFromClean] called for tag='wire'
[handleWire] saved 1 wire(s) from clean.pts
[walkSchematicOnce] child tag='wire' children=1
[handleWireFromClean] called for tag='wire'
[handleWire] saved 1 wire(s) from clean.pts
[walkSchematicOnce] child tag='wire' children=1
[handleWireFromClean] called for tag='wire'
[handleWire] saved 1 wire(s) from clean.pts
[walkSchematicOnce] child tag='wire' children=1
[handleWireFromClean] called for tag='wire'
[handleWire] saved 1 wire(s) from clean.pts
[walkSchematicOnce] child tag='wire' children=1
[handleWireFromClean] called for tag='wire'
[handleWire] saved 1 wire(s) from clean.pts
[walkSchematicOnce] child tag='wire' children=1
[handleWireFromClean] called for tag='wire'
[handleWire] saved 1 wire(s) from clean.pts
[walkSchematicOnce] child tag='wire' children=1
[handleWireFromClean] called for tag='wire'
[handleWire] saved 1 wire(s) from clean.pts
[walkSchematicOnce] child tag='wire' children=1
[handleWireFromClean] called for tag='wire'
[handleWire] saved 1 wire(s) from clean.pts
[walkSchematicOnce] child tag='wire' children=1
[handleWireFromClean] called for tag='wire'
[handleWire] saved 1 wire(s) from clean.pts
[walkSchematicOnce] child tag='wire' children=1
[handleWireFromClean] called for tag='wire'
[handleWire] saved 1 wire(s) from clean.pts
[walkSchematicOnce] child tag='wire' children=1
[handleWireFromClean] called for tag='wire'
[handleWire] saved 1 wire(s) from clean.pts
[walkSchematicOnce] child tag='wire' children=1
[handleWireFromClean] called for tag='wire'
[handleWire] saved 1 wire(s) from clean.pts
[walkSchematicOnce] child tag='wire' children=1
[handleWireFromClean] called for tag='wire'
[handleWire] saved 1 wire(s) from clean.pts
[walkSchematicOnce] child tag='wire' children=1
[handleWireFromClean] called for tag='wire'
[handleWire] saved 1 wire(s) from clean.pts
[walkSchematicOnce] child tag='wire' children=1
[handleWireFromClean] called for tag='wire'
[handleWire] saved 1 wire(s) from clean.pts
[walkSchematicOnce] child tag='wire' children=1
[handleWireFromClean] called for tag='wire'
[handleWire] saved 1 wire(s) from clean.pts
[walkSchematicOnce] child tag='wire' children=1
[handleWireFromClean] called for tag='wire'
[handleWire] saved 1 wire(s) from clean.pts
[walkSchematicOnce] child tag='wire' children=1
[handleWireFromClean] called for tag='wire'
[handleWire] saved 1 wire(s) from clean.pts
[walkSchematicOnce] child tag='wire' children=1
[handleWireFromClean] called for tag='wire'
[handleWire] saved 1 wire(s) from clean.pts
[walkSchematicOnce] child tag='wire' children=1
[handleWireFromClean] called for tag='wire'
[handleWire] saved 1 wire(s) from clean.pts
[walkSchematicOnce] child tag='wire' children=1
[handleWireFromClean] called for tag='wire'
[handleWire] saved 1 wire(s) from clean.pts
[walkSchematicOnce] child tag='wire' children=1
[handleWireFromClean] called for tag='wire'
[handleWire] saved 1 wire(s) from clean.pts
[walkSchematicOnce] child tag='wire' children=1
[handleWireFromClean] called for tag='wire'
[handleWire] saved 1 wire(s) from clean.pts
[walkSchematicOnce] child tag='wire' children=1
[handleWireFromClean] called for tag='wire'
[handleWire] saved 1 wire(s) from clean.pts
[walkSchematicOnce] child tag='wire' children=1
[handleWireFromClean] called for tag='wire'
[handleWire] saved 1 wire(s) from clean.pts
[walkSchematicOnce] child tag='wire' children=1
[handleWireFromClean] called for tag='wire'
[handleWire] saved 1 wire(s) from clean.pts
[walkSchematicOnce] child tag='wire' children=1
[handleWireFromClean] called for tag='wire'
[handleWire] saved 1 wire(s) from clean.pts
[walkSchematicOnce] child tag='wire' children=1
[handleWireFromClean] called for tag='wire'
[handleWire] saved 1 wire(s) from clean.pts
[walkSchematicOnce] child tag='wire' children=1
[handleWireFromClean] called for tag='wire'
[handleWire] saved 1 wire(s) from clean.pts
[walkSchematicOnce] child tag='wire' children=1
[handleWireFromClean] called for tag='wire'
[handleWire] saved 1 wire(s) from clean.pts
[walkSchematicOnce] child tag='wire' children=1
[handleWireFromClean] called for tag='wire'
[handleWire] saved 1 wire(s) from clean.pts
[walkSchematicOnce] child tag='wire' children=1
[handleWireFromClean] called for tag='wire'
[handleWire] saved 1 wire(s) from clean.pts
[walkSchematicOnce] child tag='wire' children=1
[handleWireFromClean] called for tag='wire'
[handleWire] saved 1 wire(s) from clean.pts
[walkSchematicOnce] child tag='wire' children=1
[handleWireFromClean] called for tag='wire'
[handleWire] saved 1 wire(s) from clean.pts
[walkSchematicOnce] child tag='wire' children=1
[handleWireFromClean] called for tag='wire'
[handleWire] saved 1 wire(s) from clean.pts
[walkSchematicOnce] child tag='wire' children=1
[handleWireFromClean] called for tag='wire'
[handleWire] saved 1 wire(s) from clean.pts
[walkSchematicOnce] child tag='wire' children=1
[handleWireFromClean] called for tag='wire'
[handleWire] saved 1 wire(s) from clean.pts
[walkSchematicOnce] child tag='wire' children=1
[handleWireFromClean] called for tag='wire'
[handleWire] saved 1 wire(s) from clean.pts
[walkSchematicOnce] child tag='wire' children=1
[handleWireFromClean] called for tag='wire'
[handleWire] saved 1 wire(s) from clean.pts
[walkSchematicOnce] child tag='wire' children=1
[handleWireFromClean] called for tag='wire'
[handleWire] saved 1 wire(s) from clean.pts
[walkSchematicOnce] child tag='label' children=4
[handleTextFromClean] called for tag='label'
[handleText] failed to convert text to shape
[walkSchematicOnce] child tag='symbol' children=16
[handleSymbolFromClean] lib_id='(none)' tag='symbol' children=16
[walkSchematicOnce] child tag='symbol' children=14
[handleSymbolFromClean] lib_id='(none)' tag='symbol' children=14
[walkSchematicOnce] child tag='symbol' children=16
[handleSymbolFromClean] lib_id='(none)' tag='symbol' children=16
[walkSchematicOnce] child tag='symbol' children=15
[handleSymbolFromClean] lib_id='(none)' tag='symbol' children=15
[walkSchematicOnce] child tag='symbol' children=14
[handleSymbolFromClean] lib_id='(none)' tag='symbol' children=14
[walkSchematicOnce] child tag='symbol' children=14
[handleSymbolFromClean] lib_id='(none)' tag='symbol' children=14
[walkSchematicOnce] child tag='symbol' children=14
[handleSymbolFromClean] lib_id='(none)' tag='symbol' children=14
[walkSchematicOnce] child tag='symbol' children=14
[handleSymbolFromClean] lib_id='(none)' tag='symbol' children=14
[walkSchematicOnce] child tag='symbol' children=14
[handleSymbolFromClean] lib_id='(none)' tag='symbol' children=14
[walkSchematicOnce] child tag='symbol' children=14
[handleSymbolFromClean] lib_id='(none)' tag='symbol' children=14
[walkSchematicOnce] child tag='symbol' children=14
[handleSymbolFromClean] lib_id='(none)' tag='symbol' children=14
[walkSchematicOnce] child tag='symbol' children=15
[handleSymbolFromClean] lib_id='(none)' tag='symbol' children=15
[walkSchematicOnce] child tag='symbol' children=14
[handleSymbolFromClean] lib_id='(none)' tag='symbol' children=14
[walkSchematicOnce] child tag='symbol' children=16
[handleSymbolFromClean] lib_id='(none)' tag='symbol' children=16
[walkSchematicOnce] child tag='symbol' children=14
[handleSymbolFromClean] lib_id='(none)' tag='symbol' children=14
[walkSchematicOnce] child tag='symbol' children=14
[handleSymbolFromClean] lib_id='(none)' tag='symbol' children=14
[walkSchematicOnce] child tag='symbol' children=15
[handleSymbolFromClean] lib_id='(none)' tag='symbol' children=15
[walkSchematicOnce] child tag='symbol' children=20
[handleSymbolFromClean] lib_id='(none)' tag='symbol' children=20
[walkSchematicOnce] child tag='symbol' children=14
[handleSymbolFromClean] lib_id='(none)' tag='symbol' children=14
[walkSchematicOnce] child tag='symbol' children=14
[handleSymbolFromClean] lib_id='(none)' tag='symbol' children=14
[walkSchematicOnce] child tag='symbol' children=14
[handleSymbolFromClean] lib_id='(none)' tag='symbol' children=14
[walkSchematicOnce] child tag='symbol' children=16
[handleSymbolFromClean] lib_id='(none)' tag='symbol' children=16
[walkSchematicOnce] child tag='symbol' children=14
[handleSymbolFromClean] lib_id='(none)' tag='symbol' children=14
[walkSchematicOnce] child tag='symbol' children=15
[handleSymbolFromClean] lib_id='(none)' tag='symbol' children=15
[walkSchematicOnce] child tag='symbol' children=14
[handleSymbolFromClean] lib_id='(none)' tag='symbol' children=14
[walkSchematicOnce] child tag='symbol' children=15
[handleSymbolFromClean] lib_id='(none)' tag='symbol' children=15
[walkSchematicOnce] child tag='symbol' children=14
[handleSymbolFromClean] lib_id='(none)' tag='symbol' children=14
[walkSchematicOnce] child tag='sheet' children=7
[appendRawPieceFromClean] piece_head='<sheet> attrs{fill_color:0,0,0,0.000000 }
  <at> attrs{name:111.760000 value:71.120000 }
  <size> attrs{name:36.830000 value:50.800000 }
  <stroke>
  <width> at'...
[BaselineBoard] appendRawPiece len=686 head="sheet"
[walkSchematicOnce] child tag='sheet' children=7
[appendRawPieceFromClean] piece_head='<sheet> attrs{fill_color:0,0,0,0.000000 }
  <at> attrs{name:111.760000 value:154.940000 }
  <size> attrs{name:36.830000 value:50.800000 }
  <stroke>
  <width> a'...
[BaselineBoard] appendRawPiece len=691 head="sheet"
[walkSchematicOnce] child tag='sheet_instances' children=1
[appendRawPieceFromClean] piece_head='<sheet_instances>
  <path> attrs{page:"1" }'...
[BaselineBoard] appendRawPiece len=43 head="sheet_instances"
=== SUMMARY === junctionShapes=14 wireShapes=88 symbols=27 rawPieces=833
=== DUMP wires: count=88 ===
 wire[0] start=(229.87,58.42) end=(229.87,57.15)
 wire[1] start=(223.52,69.85) end=(233.68,69.85)
 wire[2] start=(233.68,59.69) end=(233.68,57.15)
 wire[3] start=(168.91,66.04) end=(168.91,63.50)
 wire[4] start=(233.68,67.31) end=(233.68,69.85)
 wire[5] start=(76.20,63.50) end=(76.20,62.23)
 wire[6] start=(53.34,68.58) end=(50.80,68.58)
 wire[7] start=(179.07,72.39) end=(180.34,72.39)
 wire[8] start=(53.34,38.10) end=(53.34,43.18)
 wire[9] start=(168.91,63.50) end=(179.07,63.50)
 wire[10] start=(90.17,62.23) end=(90.17,63.50)
 wire[11] start=(81.28,73.66) end=(81.28,76.20)
 wire[12] start=(71.12,63.50) end=(76.20,63.50)
 wire[13] start=(187.96,33.02) end=(190.50,33.02)
 wire[14] start=(63.50,33.02) end=(63.50,34.29)
 wire[15] start=(179.07,67.31) end=(180.34,67.31)
 wire[16] start=(168.91,73.66) end=(168.91,76.20)
 wire[17] start=(50.80,38.10) end=(53.34,38.10)
 wire[18] start=(179.07,76.20) end=(179.07,72.39)
 wire[19] start=(53.34,43.18) end=(55.88,43.18)
 wire[20] start=(179.07,63.50) end=(179.07,67.31)
 wire[21] start=(233.68,44.45) end=(233.68,45.72)
 wire[22] start=(55.88,41.91) end=(55.88,43.18)
 wire[23] start=(200.66,55.88) end=(200.66,57.15)
 wire[24] start=(50.80,63.50) end=(66.04,63.50)
 wire[25] start=(55.88,31.75) end=(55.88,33.02)
 wire[26] start=(233.68,69.85) end=(237.49,69.85)
 wire[27] start=(76.20,63.50) end=(81.28,63.50)
 wire[28] start=(81.28,63.50) end=(81.28,66.04)
 wire[29] start=(81.28,63.50) end=(90.17,63.50)
 wire[30] start=(229.87,57.15) end=(233.68,57.15)
 wire[31] start=(63.50,41.91) end=(63.50,43.18)
 wire[32] start=(55.88,43.18) end=(55.88,44.45)
 wire[33] start=(55.88,33.02) end=(63.50,33.02)
 wire[34] start=(168.91,76.20) end=(179.07,76.20)
 wire[35] start=(200.66,91.44) end=(200.66,90.17)
 wire[36] start=(200.66,41.91) end=(200.66,40.64)
 wire[37] start=(210.82,33.02) end=(233.68,33.02)
 wire[38] start=(50.80,33.02) end=(55.88,33.02)
 wire[39] start=(187.96,31.75) end=(187.96,33.02)
 wire[40] start=(63.50,31.75) end=(63.50,33.02)
 wire[41] start=(233.68,33.02) end=(233.68,36.83)
 wire[42] start=(53.34,71.12) end=(53.34,68.58)
 wire[43] start=(233.68,31.75) end=(233.68,33.02)
 wire[44] start=(229.87,58.42) end=(229.87,57.15)
 wire[45] start=(223.52,69.85) end=(233.68,69.85)
 wire[46] start=(233.68,59.69) end=(233.68,57.15)
 wire[47] start=(168.91,66.04) end=(168.91,63.50)
 wire[48] start=(233.68,67.31) end=(233.68,69.85)
 wire[49] start=(76.20,63.50) end=(76.20,62.23)
 wire[50] start=(53.34,68.58) end=(50.80,68.58)
 wire[51] start=(179.07,72.39) end=(180.34,72.39)
 wire[52] start=(53.34,38.10) end=(53.34,43.18)
 wire[53] start=(168.91,63.50) end=(179.07,63.50)
 wire[54] start=(90.17,62.23) end=(90.17,63.50)
 wire[55] start=(81.28,73.66) end=(81.28,76.20)
 wire[56] start=(71.12,63.50) end=(76.20,63.50)
 wire[57] start=(187.96,33.02) end=(190.50,33.02)
 wire[58] start=(63.50,33.02) end=(63.50,34.29)
 wire[59] start=(179.07,67.31) end=(180.34,67.31)
 wire[60] start=(168.91,73.66) end=(168.91,76.20)
 wire[61] start=(50.80,38.10) end=(53.34,38.10)
 wire[62] start=(179.07,76.20) end=(179.07,72.39)
 wire[63] start=(53.34,43.18) end=(55.88,43.18)
 wire[64] start=(179.07,63.50) end=(179.07,67.31)
 wire[65] start=(233.68,44.45) end=(233.68,45.72)
 wire[66] start=(55.88,41.91) end=(55.88,43.18)
 wire[67] start=(200.66,55.88) end=(200.66,57.15)
 wire[68] start=(50.80,63.50) end=(66.04,63.50)
 wire[69] start=(55.88,31.75) end=(55.88,33.02)
 wire[70] start=(233.68,69.85) end=(237.49,69.85)
 wire[71] start=(76.20,63.50) end=(81.28,63.50)
 wire[72] start=(81.28,63.50) end=(81.28,66.04)
 wire[73] start=(81.28,63.50) end=(90.17,63.50)
 wire[74] start=(229.87,57.15) end=(233.68,57.15)
 wire[75] start=(63.50,41.91) end=(63.50,43.18)
 wire[76] start=(55.88,43.18) end=(55.88,44.45)
 wire[77] start=(55.88,33.02) end=(63.50,33.02)
 wire[78] start=(168.91,76.20) end=(179.07,76.20)
 wire[79] start=(200.66,91.44) end=(200.66,90.17)
 wire[80] start=(200.66,41.91) end=(200.66,40.64)
 wire[81] start=(210.82,33.02) end=(233.68,33.02)
 wire[82] start=(50.80,33.02) end=(55.88,33.02)
 wire[83] start=(187.96,31.75) end=(187.96,33.02)
 wire[84] start=(63.50,31.75) end=(63.50,33.02)
 wire[85] start=(233.68,33.02) end=(233.68,36.83)
 wire[86] start=(53.34,71.12) end=(53.34,68.58)
 wire[87] start=(233.68,31.75) end=(233.68,33.02)
[main] writing KiCad S-expr via b->dumpKiCad(std::cout)
[dumpKiCad] dumping board...
[dumpKiCad] done.
[main] writing KiCad S-expr via b->dumpKiCad(std::cout)
[dumpKiCad] dumping board...
[dumpKiCad] done.
[main] writing KiCad S-expr via b->dumpKiCad(std::cout)
[dumpKiCad] dumping board...
[dumpKiCad] done.
[main] writing KiCad S-expr via b->dumpKiCad(std::cout)
[dumpKiCad] dumping board...
[dumpKiCad] done.
[main] writing KiCad S-expr via b->dumpKiCad(std::cout)
[dumpKiCad] dumping board...
[dumpKiCad] done.
[main] writing KiCad S-expr via b->dumpKiCad(std::cout)
[dumpKiCad] dumping board...
[dumpKiCad] done.
