[DEBUG] Root children: 84
  child 0 (non-list or no head)
  child 1 tag="version"
  child 2 tag="generator"
  child 3 tag="generator_version"
  child 4 tag="uuid"
  child 5 tag="paper"
  child 6 tag="title_block"
  child 7 tag="lib_symbols"
  child 8 tag="junction"
  child 9 tag="no_connect"
  child 10 tag="wire"
  child 11 tag="wire"
  child 12 tag="wire"
  child 13 tag="wire"
  child 14 tag="wire"
  child 15 tag="wire"
  child 16 tag="wire"
  child 17 tag="wire"
  child 18 tag="wire"
  child 19 tag="wire"
  child 20 tag="wire"
  child 21 tag="wire"
  child 22 tag="wire"
  child 23 tag="wire"
  child 24 tag="wire"
  child 25 tag="wire"
  child 26 tag="wire"
  child 27 tag="wire"
  child 28 tag="wire"
  child 29 tag="wire"
  child 30 tag="wire"
  child 31 tag="wire"
  child 32 tag="wire"
  child 33 tag="wire"
  child 34 tag="wire"
  child 35 tag="wire"
  child 36 tag="wire"
  child 37 tag="wire"
  child 38 tag="wire"
  child 39 tag="wire"
  child 40 tag="wire"
  child 41 tag="wire"
  child 42 tag="wire"
  child 43 tag="wire"
  child 44 tag="wire"
  child 45 tag="wire"
  child 46 tag="wire"
  child 47 tag="text"
  child 48 tag="label"
  child 49 tag="label"
  child 50 tag="label"
  child 51 tag="label"
  child 52 tag="label"
  child 53 tag="label"
  child 54 tag="label"
  child 55 tag="label"
  child 56 tag="label"
  child 57 tag="label"
  child 58 tag="label"
  child 59 tag="label"
  child 60 tag="label"
  child 61 tag="label"
  child 62 tag="label"
  child 63 tag="label"
  child 64 tag="label"
  child 65 tag="label"
  child 66 tag="label"
  child 67 tag="label"
  child 68 tag="label"
  child 69 tag="label"
  child 70 tag="label"
  child 71 tag="label"
  child 72 tag="label"
  child 73 tag="label"
  child 74 tag="symbol"
  child 75 tag="symbol"
  child 76 tag="symbol"
  child 77 tag="symbol"
  child 78 tag="symbol"
  child 79 tag="symbol"
  child 80 tag="symbol"
  child 81 tag="symbol"
  child 82 tag="symbol"
  child 83 tag="sheet_instances"
[BaselineBoard] appendRawPiece len=35028
kicad_sch  (children=84)
[UNHANDLED-PCB] tag="kicad_sch"
[BaselineBoard] appendRawPiece len=18
  version  (children=2)
[BaselineBoard] appendRawPiece len=22
  generator  (children=2)
[BaselineBoard] appendRawPiece len=25
  generator_version  (children=2)
[BaselineBoard] appendRawPiece len=45
  uuid  (children=2)
[BaselineBoard] appendRawPiece len=12
  paper  (children=2)
[BaselineBoard] appendRawPiece len=40
  title_block  (children=2)
[BaselineBoard] appendRawPiece len=14973
  lib_symbols  (children=8)
[traverseAst] LIB_SYMBOLS depth=1 raw_len=14973
[BaselineBoard] setLibSymbolsRaw len=14973
[BaselineBoard] appendRawPiece len=14973
AstCleaner: handling lib_symbols at 0x7ffd25bca7e0
[UNHANDLED] cleanInner:exclude_from_sim addr=0x555e0c3e54c0 -> (exclude_from_sim no )
  children details (child_index: addr type extra):
    [0] addr=0x555e0c3d3560 atom="exclude_from_sim"
    [1] addr=0x555e0c3d35a0 atom="no"
[UNHANDLED] cleanInner:exclude_from_sim addr=0x555e0c3f69b0 -> (exclude_from_sim no )
  children details (child_index: addr type extra):
    [0] addr=0x555e0c3f6de0 atom="exclude_from_sim"
    [1] addr=0x555e0c3f6e20 atom="no"
[UNHANDLED] cleanInner:exclude_from_sim addr=0x555e0c4015f0 -> (exclude_from_sim no )
  children details (child_index: addr type extra):
    [0] addr=0x555e0c401a50 atom="exclude_from_sim"
    [1] addr=0x555e0c401a90 atom="no"
[UNHANDLED] cleanInner:exclude_from_sim addr=0x555e0c40e180 -> (exclude_from_sim no )
  children details (child_index: addr type extra):
    [0] addr=0x555e0c40e570 atom="exclude_from_sim"
    [1] addr=0x555e0c40e5b0 atom="no"
[UNHANDLED] cleanInner:exclude_from_sim addr=0x555e0c412330 -> (exclude_from_sim no )
  children details (child_index: addr type extra):
    [0] addr=0x555e0c412770 atom="exclude_from_sim"
    [1] addr=0x555e0c4127b0 atom="no"
[UNHANDLED] cleanInner:exclude_from_sim addr=0x555e0c416740 -> (exclude_from_sim no )
  children details (child_index: addr type extra):
    [0] addr=0x555e0c416b80 atom="exclude_from_sim"
    [1] addr=0x555e0c416bc0 atom="no"
[UNHANDLED] cleanInner:exclude_from_sim addr=0x555e0c41a240 -> (exclude_from_sim no )
  children details (child_index: addr type extra):
    [0] addr=0x555e0c41a680 atom="exclude_from_sim"
    [1] addr=0x555e0c41a6c0 atom="no"
[handleLibSymbolsCleanNode] called, children=7
[WARNING] Duplicate lib_symbols differs; keeping first.
[traverseAst] LIB_SYMBOLS -> handleLibSymbolsCleanNode() called; libSymbolsRaw_len=14973
[BaselineBoard] appendRawPiece len=2799
    symbol  (children=14)
[BaselineBoard] appendRawPiece len=3389
    symbol  (children=14)
[BaselineBoard] appendRawPiece len=3983
    symbol  (children=14)
[BaselineBoard] appendRawPiece len=1231
    symbol  (children=15)
[BaselineBoard] appendRawPiece len=1225
    symbol  (children=15)
[BaselineBoard] appendRawPiece len=1101
    symbol  (children=15)
[BaselineBoard] appendRawPiece len=1225
    symbol  (children=15)
[BaselineBoard] appendRawPiece len=117
  junction  (children=5)
[traverseAst] JUNCTION depth=1 raw_len=117
[BaselineBoard] appendRawPiece len=117
[UNHANDLED] cleanInner:diameter addr=0x555e0c3e73f0 -> (diameter 1.016000 )
  children details (child_index: addr type extra):
    [0] addr=0x555e0c3e5940 atom="diameter"
    [1] addr=0x555e0c3e5980 atom="1.016000"
[handleJunctionFromClean] called for tag='junction'
[handleJunction] saved junction shape (x=31.75, y=46.99)
[traverseAst] JUNCTION -> handleJunctionFromClean() called; board junctionCount=1
[BaselineBoard] appendRawPiece len=24
    at  (children=3)
    [UNHANDLED-PCB] tag="at"
[BaselineBoard] appendRawPiece len=9
[BaselineBoard] appendRawPiece len=9
[BaselineBoard] appendRawPiece len=19
    diameter  (children=2)
    [UNHANDLED-PCB] tag="diameter"
[BaselineBoard] appendRawPiece len=8
[BaselineBoard] appendRawPiece len=15
    color  (children=5)
    [UNHANDLED-PCB] tag="color"
[BaselineBoard] appendRawPiece len=1
[BaselineBoard] appendRawPiece len=1
[BaselineBoard] appendRawPiece len=1
[BaselineBoard] appendRawPiece len=1
[BaselineBoard] appendRawPiece len=45
    uuid  (children=2)
[BaselineBoard] appendRawPiece len=83
  no_connect  (children=3)
[BaselineBoard] appendRawPiece len=140
  wire  (children=4)
[traverseAst] WIRE depth=1 raw_len=140
[BaselineBoard] appendRawPiece len=140
[handleWireFromClean] called for tag='wire'
[handleWire] PUSH (pts.node.pts) 62.230000,77.470001->74.930000,77.470001 ; added=1
[handleWire] saved 1 wire(s) from pts-children (deduped)
[traverseAst] WIRE -> handleWireFromClean() called; board wireCount=1
[BaselineBoard] appendRawPiece len=55
    pts  (children=3)
[BaselineBoard] appendRawPiece len=24
      xy  (children=3)
[BaselineBoard] appendRawPiece len=9
[BaselineBoard] appendRawPiece len=9
[BaselineBoard] appendRawPiece len=24
      xy  (children=3)
[BaselineBoard] appendRawPiece len=9
[BaselineBoard] appendRawPiece len=9
[BaselineBoard] appendRawPiece len=31
    stroke  (children=3)
    [UNHANDLED-PCB] tag="stroke"
[BaselineBoard] appendRawPiece len=9
      width  (children=2)
      [UNHANDLED-PCB] tag="width"
[BaselineBoard] appendRawPiece len=1
[BaselineBoard] appendRawPiece len=12
      type  (children=2)
      [UNHANDLED-PCB] tag="type"
[BaselineBoard] appendRawPiece len=5
[BaselineBoard] appendRawPiece len=45
    uuid  (children=2)
[BaselineBoard] appendRawPiece len=140
  wire  (children=4)
[traverseAst] WIRE depth=1 raw_len=140
[BaselineBoard] appendRawPiece len=140
[handleWireFromClean] called for tag='wire'
[handleWire] PUSH (pts.node.pts) 62.230000,44.450001->74.930000,44.450001 ; added=1
[handleWire] saved 1 wire(s) from pts-children (deduped)
[traverseAst] WIRE -> handleWireFromClean() called; board wireCount=2
[BaselineBoard] appendRawPiece len=55
    pts  (children=3)
[BaselineBoard] appendRawPiece len=24
      xy  (children=3)
[BaselineBoard] appendRawPiece len=9
[BaselineBoard] appendRawPiece len=9
[BaselineBoard] appendRawPiece len=24
      xy  (children=3)
[BaselineBoard] appendRawPiece len=9
[BaselineBoard] appendRawPiece len=9
[BaselineBoard] appendRawPiece len=31
    stroke  (children=3)
    [UNHANDLED-PCB] tag="stroke"
[BaselineBoard] appendRawPiece len=9
      width  (children=2)
      [UNHANDLED-PCB] tag="width"
[BaselineBoard] appendRawPiece len=1
[BaselineBoard] appendRawPiece len=12
      type  (children=2)
      [UNHANDLED-PCB] tag="type"
[BaselineBoard] appendRawPiece len=5
[BaselineBoard] appendRawPiece len=45
    uuid  (children=2)
[BaselineBoard] appendRawPiece len=140
  wire  (children=4)
[traverseAst] WIRE depth=1 raw_len=140
[BaselineBoard] appendRawPiece len=140
[handleWireFromClean] called for tag='wire'
[handleWire] PUSH (pts.node.pts) 62.230000,26.670000->74.930000,26.670000 ; added=1
[handleWire] saved 1 wire(s) from pts-children (deduped)
[traverseAst] WIRE -> handleWireFromClean() called; board wireCount=3
[BaselineBoard] appendRawPiece len=55
    pts  (children=3)
[BaselineBoard] appendRawPiece len=24
      xy  (children=3)
[BaselineBoard] appendRawPiece len=9
[BaselineBoard] appendRawPiece len=9
[BaselineBoard] appendRawPiece len=24
      xy  (children=3)
[BaselineBoard] appendRawPiece len=9
[BaselineBoard] appendRawPiece len=9
[BaselineBoard] appendRawPiece len=31
    stroke  (children=3)
    [UNHANDLED-PCB] tag="stroke"
[BaselineBoard] appendRawPiece len=9
      width  (children=2)
      [UNHANDLED-PCB] tag="width"
[BaselineBoard] appendRawPiece len=1
[BaselineBoard] appendRawPiece len=12
      type  (children=2)
      [UNHANDLED-PCB] tag="type"
[BaselineBoard] appendRawPiece len=5
[BaselineBoard] appendRawPiece len=45
    uuid  (children=2)
[BaselineBoard] appendRawPiece len=140
  wire  (children=4)
[traverseAst] WIRE depth=1 raw_len=140
[BaselineBoard] appendRawPiece len=140
[handleWireFromClean] called for tag='wire'
[handleWire] PUSH (pts.node.pts) 31.750000,44.450001->31.750000,46.990002 ; added=1
[handleWire] saved 1 wire(s) from pts-children (deduped)
[traverseAst] WIRE -> handleWireFromClean() called; board wireCount=4
[BaselineBoard] appendRawPiece len=55
    pts  (children=3)
[BaselineBoard] appendRawPiece len=24
      xy  (children=3)
[BaselineBoard] appendRawPiece len=9
[BaselineBoard] appendRawPiece len=9
[BaselineBoard] appendRawPiece len=24
      xy  (children=3)
[BaselineBoard] appendRawPiece len=9
[BaselineBoard] appendRawPiece len=9
[BaselineBoard] appendRawPiece len=31
    stroke  (children=3)
    [UNHANDLED-PCB] tag="stroke"
[BaselineBoard] appendRawPiece len=9
      width  (children=2)
      [UNHANDLED-PCB] tag="width"
[BaselineBoard] appendRawPiece len=1
[BaselineBoard] appendRawPiece len=12
      type  (children=2)
      [UNHANDLED-PCB] tag="type"
[BaselineBoard] appendRawPiece len=5
[BaselineBoard] appendRawPiece len=45
    uuid  (children=2)
[BaselineBoard] appendRawPiece len=140
  wire  (children=4)
[traverseAst] WIRE depth=1 raw_len=140
[BaselineBoard] appendRawPiece len=140
[handleWireFromClean] called for tag='wire'
[handleWire] PUSH (pts.node.pts) 21.590000,72.389999->34.290001,72.389999 ; added=1
[handleWire] saved 1 wire(s) from pts-children (deduped)
[traverseAst] WIRE -> handleWireFromClean() called; board wireCount=5
[BaselineBoard] appendRawPiece len=55
    pts  (children=3)
[BaselineBoard] appendRawPiece len=24
      xy  (children=3)
[BaselineBoard] appendRawPiece len=9
[BaselineBoard] appendRawPiece len=9
[BaselineBoard] appendRawPiece len=24
      xy  (children=3)
[BaselineBoard] appendRawPiece len=9
[BaselineBoard] appendRawPiece len=9
[BaselineBoard] appendRawPiece len=31
    stroke  (children=3)
    [UNHANDLED-PCB] tag="stroke"
[BaselineBoard] appendRawPiece len=9
      width  (children=2)
      [UNHANDLED-PCB] tag="width"
[BaselineBoard] appendRawPiece len=1
[BaselineBoard] appendRawPiece len=12
      type  (children=2)
      [UNHANDLED-PCB] tag="type"
[BaselineBoard] appendRawPiece len=5
[BaselineBoard] appendRawPiece len=45
    uuid  (children=2)
[BaselineBoard] appendRawPiece len=140
  wire  (children=4)
[traverseAst] WIRE depth=1 raw_len=140
[BaselineBoard] appendRawPiece len=140
[handleWireFromClean] called for tag='wire'
[handleWire] PUSH (pts.node.pts) 31.750000,46.990002->31.750000,52.070000 ; added=1
[handleWire] saved 1 wire(s) from pts-children (deduped)
[traverseAst] WIRE -> handleWireFromClean() called; board wireCount=6
[BaselineBoard] appendRawPiece len=55
    pts  (children=3)
[BaselineBoard] appendRawPiece len=24
      xy  (children=3)
[BaselineBoard] appendRawPiece len=9
[BaselineBoard] appendRawPiece len=9
[BaselineBoard] appendRawPiece len=24
      xy  (children=3)
[BaselineBoard] appendRawPiece len=9
[BaselineBoard] appendRawPiece len=9
[BaselineBoard] appendRawPiece len=31
    stroke  (children=3)
    [UNHANDLED-PCB] tag="stroke"
[BaselineBoard] appendRawPiece len=9
      width  (children=2)
      [UNHANDLED-PCB] tag="width"
[BaselineBoard] appendRawPiece len=1
[BaselineBoard] appendRawPiece len=12
      type  (children=2)
      [UNHANDLED-PCB] tag="type"
[BaselineBoard] appendRawPiece len=5
[BaselineBoard] appendRawPiece len=45
    uuid  (children=2)
[BaselineBoard] appendRawPiece len=140
  wire  (children=4)
[traverseAst] WIRE depth=1 raw_len=140
[BaselineBoard] appendRawPiece len=140
[handleWireFromClean] called for tag='wire'
[handleWire] PUSH (pts.node.pts) 31.750000,39.369999->34.290001,39.369999 ; added=1
[handleWire] saved 1 wire(s) from pts-children (deduped)
[traverseAst] WIRE -> handleWireFromClean() called; board wireCount=7
[BaselineBoard] appendRawPiece len=55
    pts  (children=3)
[BaselineBoard] appendRawPiece len=24
      xy  (children=3)
[BaselineBoard] appendRawPiece len=9
[BaselineBoard] appendRawPiece len=9
[BaselineBoard] appendRawPiece len=24
      xy  (children=3)
[BaselineBoard] appendRawPiece len=9
[BaselineBoard] appendRawPiece len=9
[BaselineBoard] appendRawPiece len=31
    stroke  (children=3)
    [UNHANDLED-PCB] tag="stroke"
[BaselineBoard] appendRawPiece len=9
      width  (children=2)
      [UNHANDLED-PCB] tag="width"
[BaselineBoard] appendRawPiece len=1
[BaselineBoard] appendRawPiece len=12
      type  (children=2)
      [UNHANDLED-PCB] tag="type"
[BaselineBoard] appendRawPiece len=5
[BaselineBoard] appendRawPiece len=45
    uuid  (children=2)
[BaselineBoard] appendRawPiece len=140
  wire  (children=4)
[traverseAst] WIRE depth=1 raw_len=140
[BaselineBoard] appendRawPiece len=140
[handleWireFromClean] called for tag='wire'
[handleWire] PUSH (pts.node.pts) 29.209999,41.910000->34.290001,41.910000 ; added=1
[handleWire] saved 1 wire(s) from pts-children (deduped)
[traverseAst] WIRE -> handleWireFromClean() called; board wireCount=8
[BaselineBoard] appendRawPiece len=55
    pts  (children=3)
[BaselineBoard] appendRawPiece len=24
      xy  (children=3)
[BaselineBoard] appendRawPiece len=9
[BaselineBoard] appendRawPiece len=9
[BaselineBoard] appendRawPiece len=24
      xy  (children=3)
[BaselineBoard] appendRawPiece len=9
[BaselineBoard] appendRawPiece len=9
[BaselineBoard] appendRawPiece len=31
    stroke  (children=3)
    [UNHANDLED-PCB] tag="stroke"
[BaselineBoard] appendRawPiece len=9
      width  (children=2)
      [UNHANDLED-PCB] tag="width"
[BaselineBoard] appendRawPiece len=1
[BaselineBoard] appendRawPiece len=12
      type  (children=2)
      [UNHANDLED-PCB] tag="type"
[BaselineBoard] appendRawPiece len=5
[BaselineBoard] appendRawPiece len=45
    uuid  (children=2)
[BaselineBoard] appendRawPiece len=140
  wire  (children=4)
[traverseAst] WIRE depth=1 raw_len=140
[BaselineBoard] appendRawPiece len=140
[handleWireFromClean] called for tag='wire'
[handleWire] PUSH (pts.node.pts) 29.209999,26.670000->29.209999,41.910000 ; added=1
[handleWire] saved 1 wire(s) from pts-children (deduped)
[traverseAst] WIRE -> handleWireFromClean() called; board wireCount=9
[BaselineBoard] appendRawPiece len=55
    pts  (children=3)
[BaselineBoard] appendRawPiece len=24
      xy  (children=3)
[BaselineBoard] appendRawPiece len=9
[BaselineBoard] appendRawPiece len=9
[BaselineBoard] appendRawPiece len=24
      xy  (children=3)
[BaselineBoard] appendRawPiece len=9
[BaselineBoard] appendRawPiece len=9
[BaselineBoard] appendRawPiece len=31
    stroke  (children=3)
    [UNHANDLED-PCB] tag="stroke"
[BaselineBoard] appendRawPiece len=9
      width  (children=2)
      [UNHANDLED-PCB] tag="width"
[BaselineBoard] appendRawPiece len=1
[BaselineBoard] appendRawPiece len=12
      type  (children=2)
      [UNHANDLED-PCB] tag="type"
[BaselineBoard] appendRawPiece len=5
[BaselineBoard] appendRawPiece len=45
    uuid  (children=2)
[BaselineBoard] appendRawPiece len=140
  wire  (children=4)
[traverseAst] WIRE depth=1 raw_len=140
[BaselineBoard] appendRawPiece len=140
[handleWireFromClean] called for tag='wire'
[handleWire] PUSH (pts.node.pts) 62.230000,36.830002->74.930000,36.830002 ; added=1
[handleWire] saved 1 wire(s) from pts-children (deduped)
[traverseAst] WIRE -> handleWireFromClean() called; board wireCount=10
[BaselineBoard] appendRawPiece len=55
    pts  (children=3)
[BaselineBoard] appendRawPiece len=24
      xy  (children=3)
[BaselineBoard] appendRawPiece len=9
[BaselineBoard] appendRawPiece len=9
[BaselineBoard] appendRawPiece len=24
      xy  (children=3)
[BaselineBoard] appendRawPiece len=9
[BaselineBoard] appendRawPiece len=9
[BaselineBoard] appendRawPiece len=31
    stroke  (children=3)
    [UNHANDLED-PCB] tag="stroke"
[BaselineBoard] appendRawPiece len=9
      width  (children=2)
      [UNHANDLED-PCB] tag="width"
[BaselineBoard] appendRawPiece len=1
[BaselineBoard] appendRawPiece len=12
      type  (children=2)
      [UNHANDLED-PCB] tag="type"
[BaselineBoard] appendRawPiece len=5
[BaselineBoard] appendRawPiece len=45
    uuid  (children=2)
[BaselineBoard] appendRawPiece len=140
  wire  (children=4)
[traverseAst] WIRE depth=1 raw_len=140
[BaselineBoard] appendRawPiece len=140
[handleWireFromClean] called for tag='wire'
[handleWire] PUSH (pts.node.pts) 31.750000,26.670000->31.750000,39.369999 ; added=1
[handleWire] saved 1 wire(s) from pts-children (deduped)
[traverseAst] WIRE -> handleWireFromClean() called; board wireCount=11
[BaselineBoard] appendRawPiece len=55
    pts  (children=3)
[BaselineBoard] appendRawPiece len=24
      xy  (children=3)
[BaselineBoard] appendRawPiece len=9
[BaselineBoard] appendRawPiece len=9
[BaselineBoard] appendRawPiece len=24
      xy  (children=3)
[BaselineBoard] appendRawPiece len=9
[BaselineBoard] appendRawPiece len=9
[BaselineBoard] appendRawPiece len=31
    stroke  (children=3)
    [UNHANDLED-PCB] tag="stroke"
[BaselineBoard] appendRawPiece len=9
      width  (children=2)
      [UNHANDLED-PCB] tag="width"
[BaselineBoard] appendRawPiece len=1
[BaselineBoard] appendRawPiece len=12
      type  (children=2)
      [UNHANDLED-PCB] tag="type"
[BaselineBoard] appendRawPiece len=5
[BaselineBoard] appendRawPiece len=45
    uuid  (children=2)
[BaselineBoard] appendRawPiece len=140
  wire  (children=4)
[traverseAst] WIRE depth=1 raw_len=140
[BaselineBoard] appendRawPiece len=140
[handleWireFromClean] called for tag='wire'
[handleWire] PUSH (pts.node.pts) 62.230000,59.689999->74.930000,59.689999 ; added=1
[handleWire] saved 1 wire(s) from pts-children (deduped)
[traverseAst] WIRE -> handleWireFromClean() called; board wireCount=12
[BaselineBoard] appendRawPiece len=55
    pts  (children=3)
[BaselineBoard] appendRawPiece len=24
      xy  (children=3)
[BaselineBoard] appendRawPiece len=9
[BaselineBoard] appendRawPiece len=9
[BaselineBoard] appendRawPiece len=24
      xy  (children=3)
[BaselineBoard] appendRawPiece len=9
[BaselineBoard] appendRawPiece len=9
[BaselineBoard] appendRawPiece len=31
    stroke  (children=3)
    [UNHANDLED-PCB] tag="stroke"
[BaselineBoard] appendRawPiece len=9
      width  (children=2)
      [UNHANDLED-PCB] tag="width"
[BaselineBoard] appendRawPiece len=1
[BaselineBoard] appendRawPiece len=12
      type  (children=2)
      [UNHANDLED-PCB] tag="type"
[BaselineBoard] appendRawPiece len=5
[BaselineBoard] appendRawPiece len=45
    uuid  (children=2)
[BaselineBoard] appendRawPiece len=140
  wire  (children=4)
[traverseAst] WIRE depth=1 raw_len=140
[BaselineBoard] appendRawPiece len=140
[handleWireFromClean] called for tag='wire'
[handleWire] PUSH (pts.node.pts) 21.590000,59.689999->34.290001,59.689999 ; added=1
[handleWire] saved 1 wire(s) from pts-children (deduped)
[traverseAst] WIRE -> handleWireFromClean() called; board wireCount=13
[BaselineBoard] appendRawPiece len=55
    pts  (children=3)
[BaselineBoard] appendRawPiece len=24
      xy  (children=3)
[BaselineBoard] appendRawPiece len=9
[BaselineBoard] appendRawPiece len=9
[BaselineBoard] appendRawPiece len=24
      xy  (children=3)
[BaselineBoard] appendRawPiece len=9
[BaselineBoard] appendRawPiece len=9
[BaselineBoard] appendRawPiece len=31
    stroke  (children=3)
    [UNHANDLED-PCB] tag="stroke"
[BaselineBoard] appendRawPiece len=9
      width  (children=2)
      [UNHANDLED-PCB] tag="width"
[BaselineBoard] appendRawPiece len=1
[BaselineBoard] appendRawPiece len=12
      type  (children=2)
      [UNHANDLED-PCB] tag="type"
[BaselineBoard] appendRawPiece len=5
[BaselineBoard] appendRawPiece len=45
    uuid  (children=2)
[BaselineBoard] appendRawPiece len=140
  wire  (children=4)
[traverseAst] WIRE depth=1 raw_len=140
[BaselineBoard] appendRawPiece len=140
[handleWireFromClean] called for tag='wire'
[handleWire] PUSH (pts.node.pts) 62.230000,39.369999->74.930000,39.369999 ; added=1
[handleWire] saved 1 wire(s) from pts-children (deduped)
[traverseAst] WIRE -> handleWireFromClean() called; board wireCount=14
[BaselineBoard] appendRawPiece len=55
    pts  (children=3)
[BaselineBoard] appendRawPiece len=24
      xy  (children=3)
[BaselineBoard] appendRawPiece len=9
[BaselineBoard] appendRawPiece len=9
[BaselineBoard] appendRawPiece len=24
      xy  (children=3)
[BaselineBoard] appendRawPiece len=9
[BaselineBoard] appendRawPiece len=9
[BaselineBoard] appendRawPiece len=31
    stroke  (children=3)
    [UNHANDLED-PCB] tag="stroke"
[BaselineBoard] appendRawPiece len=9
      width  (children=2)
      [UNHANDLED-PCB] tag="width"
[BaselineBoard] appendRawPiece len=1
[BaselineBoard] appendRawPiece len=12
      type  (children=2)
      [UNHANDLED-PCB] tag="type"
[BaselineBoard] appendRawPiece len=5
[BaselineBoard] appendRawPiece len=45
    uuid  (children=2)
[BaselineBoard] appendRawPiece len=140
  wire  (children=4)
[traverseAst] WIRE depth=1 raw_len=140
[BaselineBoard] appendRawPiece len=140
[handleWireFromClean] called for tag='wire'
[handleWire] PUSH (pts.node.pts) 62.230000,62.230000->74.930000,62.230000 ; added=1
[handleWire] saved 1 wire(s) from pts-children (deduped)
[traverseAst] WIRE -> handleWireFromClean() called; board wireCount=15
[BaselineBoard] appendRawPiece len=55
    pts  (children=3)
[BaselineBoard] appendRawPiece len=24
      xy  (children=3)
[BaselineBoard] appendRawPiece len=9
[BaselineBoard] appendRawPiece len=9
[BaselineBoard] appendRawPiece len=24
      xy  (children=3)
[BaselineBoard] appendRawPiece len=9
[BaselineBoard] appendRawPiece len=9
[BaselineBoard] appendRawPiece len=31
    stroke  (children=3)
    [UNHANDLED-PCB] tag="stroke"
[BaselineBoard] appendRawPiece len=9
      width  (children=2)
      [UNHANDLED-PCB] tag="width"
[BaselineBoard] appendRawPiece len=1
[BaselineBoard] appendRawPiece len=12
      type  (children=2)
      [UNHANDLED-PCB] tag="type"
[BaselineBoard] appendRawPiece len=5
[BaselineBoard] appendRawPiece len=45
    uuid  (children=2)
[BaselineBoard] appendRawPiece len=140
  wire  (children=4)
[traverseAst] WIRE depth=1 raw_len=140
[BaselineBoard] appendRawPiece len=140
[handleWireFromClean] called for tag='wire'
[handleWire] PUSH (pts.node.pts) 62.230000,46.990002->74.930000,46.990002 ; added=1
[handleWire] saved 1 wire(s) from pts-children (deduped)
[traverseAst] WIRE -> handleWireFromClean() called; board wireCount=16
[BaselineBoard] appendRawPiece len=55
    pts  (children=3)
[BaselineBoard] appendRawPiece len=24
      xy  (children=3)
[BaselineBoard] appendRawPiece len=9
[BaselineBoard] appendRawPiece len=9
[BaselineBoard] appendRawPiece len=24
      xy  (children=3)
[BaselineBoard] appendRawPiece len=9
[BaselineBoard] appendRawPiece len=9
[BaselineBoard] appendRawPiece len=31
    stroke  (children=3)
    [UNHANDLED-PCB] tag="stroke"
[BaselineBoard] appendRawPiece len=9
      width  (children=2)
      [UNHANDLED-PCB] tag="width"
[BaselineBoard] appendRawPiece len=1
[BaselineBoard] appendRawPiece len=12
      type  (children=2)
      [UNHANDLED-PCB] tag="type"
[BaselineBoard] appendRawPiece len=5
[BaselineBoard] appendRawPiece len=45
    uuid  (children=2)
[BaselineBoard] appendRawPiece len=140
  wire  (children=4)
[traverseAst] WIRE depth=1 raw_len=140
[BaselineBoard] appendRawPiece len=140
[handleWireFromClean] called for tag='wire'
[handleWire] PUSH (pts.node.pts) 62.230000,67.309998->74.930000,67.309998 ; added=1
[handleWire] saved 1 wire(s) from pts-children (deduped)
[traverseAst] WIRE -> handleWireFromClean() called; board wireCount=17
[BaselineBoard] appendRawPiece len=55
    pts  (children=3)
[BaselineBoard] appendRawPiece len=24
      xy  (children=3)
[BaselineBoard] appendRawPiece len=9
[BaselineBoard] appendRawPiece len=9
[BaselineBoard] appendRawPiece len=24
      xy  (children=3)
[BaselineBoard] appendRawPiece len=9
[BaselineBoard] appendRawPiece len=9
[BaselineBoard] appendRawPiece len=31
    stroke  (children=3)
    [UNHANDLED-PCB] tag="stroke"
[BaselineBoard] appendRawPiece len=9
      width  (children=2)
      [UNHANDLED-PCB] tag="width"
[BaselineBoard] appendRawPiece len=1
[BaselineBoard] appendRawPiece len=12
      type  (children=2)
      [UNHANDLED-PCB] tag="type"
[BaselineBoard] appendRawPiece len=5
[BaselineBoard] appendRawPiece len=45
    uuid  (children=2)
[BaselineBoard] appendRawPiece len=140
  wire  (children=4)
[traverseAst] WIRE depth=1 raw_len=140
[BaselineBoard] appendRawPiece len=140
[handleWireFromClean] called for tag='wire'
[handleWire] PUSH (pts.node.pts) 19.049999,34.290001->34.290001,34.290001 ; added=1
[handleWire] saved 1 wire(s) from pts-children (deduped)
[traverseAst] WIRE -> handleWireFromClean() called; board wireCount=18
[BaselineBoard] appendRawPiece len=55
    pts  (children=3)
[BaselineBoard] appendRawPiece len=24
      xy  (children=3)
[BaselineBoard] appendRawPiece len=9
[BaselineBoard] appendRawPiece len=9
[BaselineBoard] appendRawPiece len=24
      xy  (children=3)
[BaselineBoard] appendRawPiece len=9
[BaselineBoard] appendRawPiece len=9
[BaselineBoard] appendRawPiece len=31
    stroke  (children=3)
    [UNHANDLED-PCB] tag="stroke"
[BaselineBoard] appendRawPiece len=9
      width  (children=2)
      [UNHANDLED-PCB] tag="width"
[BaselineBoard] appendRawPiece len=1
[BaselineBoard] appendRawPiece len=12
      type  (children=2)
      [UNHANDLED-PCB] tag="type"
[BaselineBoard] appendRawPiece len=5
[BaselineBoard] appendRawPiece len=45
    uuid  (children=2)
[BaselineBoard] appendRawPiece len=140
  wire  (children=4)
[traverseAst] WIRE depth=1 raw_len=140
[BaselineBoard] appendRawPiece len=140
[handleWireFromClean] called for tag='wire'
[handleWire] PUSH (pts.node.pts) 64.769997,34.290001->64.769997,52.070000 ; added=1
[handleWire] saved 1 wire(s) from pts-children (deduped)
[traverseAst] WIRE -> handleWireFromClean() called; board wireCount=19
[BaselineBoard] appendRawPiece len=55
    pts  (children=3)
[BaselineBoard] appendRawPiece len=24
      xy  (children=3)
[BaselineBoard] appendRawPiece len=9
[BaselineBoard] appendRawPiece len=9
[BaselineBoard] appendRawPiece len=24
      xy  (children=3)
[BaselineBoard] appendRawPiece len=9
[BaselineBoard] appendRawPiece len=9
[BaselineBoard] appendRawPiece len=31
    stroke  (children=3)
    [UNHANDLED-PCB] tag="stroke"
[BaselineBoard] appendRawPiece len=9
      width  (children=2)
      [UNHANDLED-PCB] tag="width"
[BaselineBoard] appendRawPiece len=1
[BaselineBoard] appendRawPiece len=12
      type  (children=2)
      [UNHANDLED-PCB] tag="type"
[BaselineBoard] appendRawPiece len=5
[BaselineBoard] appendRawPiece len=45
    uuid  (children=2)
[BaselineBoard] appendRawPiece len=140
  wire  (children=4)
[traverseAst] WIRE depth=1 raw_len=140
[BaselineBoard] appendRawPiece len=140
[handleWireFromClean] called for tag='wire'
[handleWire] PUSH (pts.node.pts) 62.230000,31.750000->74.930000,31.750000 ; added=1
[handleWire] saved 1 wire(s) from pts-children (deduped)
[traverseAst] WIRE -> handleWireFromClean() called; board wireCount=20
[BaselineBoard] appendRawPiece len=55
    pts  (children=3)
[BaselineBoard] appendRawPiece len=24
      xy  (children=3)
[BaselineBoard] appendRawPiece len=9
[BaselineBoard] appendRawPiece len=9
[BaselineBoard] appendRawPiece len=24
      xy  (children=3)
[BaselineBoard] appendRawPiece len=9
[BaselineBoard] appendRawPiece len=9
[BaselineBoard] appendRawPiece len=31
    stroke  (children=3)
    [UNHANDLED-PCB] tag="stroke"
[BaselineBoard] appendRawPiece len=9
      width  (children=2)
      [UNHANDLED-PCB] tag="width"
[BaselineBoard] appendRawPiece len=1
[BaselineBoard] appendRawPiece len=12
      type  (children=2)
      [UNHANDLED-PCB] tag="type"
[BaselineBoard] appendRawPiece len=5
[BaselineBoard] appendRawPiece len=45
    uuid  (children=2)
[BaselineBoard] appendRawPiece len=140
  wire  (children=4)
[traverseAst] WIRE depth=1 raw_len=140
[BaselineBoard] appendRawPiece len=140
[handleWireFromClean] called for tag='wire'
[handleWire] PUSH (pts.node.pts) 21.590000,64.769997->34.290001,64.769997 ; added=1
[handleWire] saved 1 wire(s) from pts-children (deduped)
[traverseAst] WIRE -> handleWireFromClean() called; board wireCount=21
[BaselineBoard] appendRawPiece len=55
    pts  (children=3)
[BaselineBoard] appendRawPiece len=24
      xy  (children=3)
[BaselineBoard] appendRawPiece len=9
[BaselineBoard] appendRawPiece len=9
[BaselineBoard] appendRawPiece len=24
      xy  (children=3)
[BaselineBoard] appendRawPiece len=9
[BaselineBoard] appendRawPiece len=9
[BaselineBoard] appendRawPiece len=31
    stroke  (children=3)
    [UNHANDLED-PCB] tag="stroke"
[BaselineBoard] appendRawPiece len=9
      width  (children=2)
      [UNHANDLED-PCB] tag="width"
[BaselineBoard] appendRawPiece len=1
[BaselineBoard] appendRawPiece len=12
      type  (children=2)
      [UNHANDLED-PCB] tag="type"
[BaselineBoard] appendRawPiece len=5
[BaselineBoard] appendRawPiece len=45
    uuid  (children=2)
[BaselineBoard] appendRawPiece len=140
  wire  (children=4)
[traverseAst] WIRE depth=1 raw_len=140
[BaselineBoard] appendRawPiece len=140
[handleWireFromClean] called for tag='wire'
[handleWire] PUSH (pts.node.pts) 19.049999,36.830002->34.290001,36.830002 ; added=1
[handleWire] saved 1 wire(s) from pts-children (deduped)
[traverseAst] WIRE -> handleWireFromClean() called; board wireCount=22
[BaselineBoard] appendRawPiece len=55
    pts  (children=3)
[BaselineBoard] appendRawPiece len=24
      xy  (children=3)
[BaselineBoard] appendRawPiece len=9
[BaselineBoard] appendRawPiece len=9
[BaselineBoard] appendRawPiece len=24
      xy  (children=3)
[BaselineBoard] appendRawPiece len=9
[BaselineBoard] appendRawPiece len=9
[BaselineBoard] appendRawPiece len=31
    stroke  (children=3)
    [UNHANDLED-PCB] tag="stroke"
[BaselineBoard] appendRawPiece len=9
      width  (children=2)
      [UNHANDLED-PCB] tag="width"
[BaselineBoard] appendRawPiece len=1
[BaselineBoard] appendRawPiece len=12
      type  (children=2)
      [UNHANDLED-PCB] tag="type"
[BaselineBoard] appendRawPiece len=5
[BaselineBoard] appendRawPiece len=45
    uuid  (children=2)
[BaselineBoard] appendRawPiece len=140
  wire  (children=4)
[traverseAst] WIRE depth=1 raw_len=140
[BaselineBoard] appendRawPiece len=140
[handleWireFromClean] called for tag='wire'
[handleWire] PUSH (pts.node.pts) 31.750000,46.990002->34.290001,46.990002 ; added=1
[handleWire] saved 1 wire(s) from pts-children (deduped)
[traverseAst] WIRE -> handleWireFromClean() called; board wireCount=23
[BaselineBoard] appendRawPiece len=55
    pts  (children=3)
[BaselineBoard] appendRawPiece len=24
      xy  (children=3)
[BaselineBoard] appendRawPiece len=9
[BaselineBoard] appendRawPiece len=9
[BaselineBoard] appendRawPiece len=24
      xy  (children=3)
[BaselineBoard] appendRawPiece len=9
[BaselineBoard] appendRawPiece len=9
[BaselineBoard] appendRawPiece len=31
    stroke  (children=3)
    [UNHANDLED-PCB] tag="stroke"
[BaselineBoard] appendRawPiece len=9
      width  (children=2)
      [UNHANDLED-PCB] tag="width"
[BaselineBoard] appendRawPiece len=1
[BaselineBoard] appendRawPiece len=12
      type  (children=2)
      [UNHANDLED-PCB] tag="type"
[BaselineBoard] appendRawPiece len=5
[BaselineBoard] appendRawPiece len=45
    uuid  (children=2)
[BaselineBoard] appendRawPiece len=140
  wire  (children=4)
[traverseAst] WIRE depth=1 raw_len=140
[BaselineBoard] appendRawPiece len=140
[handleWireFromClean] called for tag='wire'
[handleWire] PUSH (pts.node.pts) 26.670000,49.529999->34.290001,49.529999 ; added=1
[handleWire] saved 1 wire(s) from pts-children (deduped)
[traverseAst] WIRE -> handleWireFromClean() called; board wireCount=24
[BaselineBoard] appendRawPiece len=55
    pts  (children=3)
[BaselineBoard] appendRawPiece len=24
      xy  (children=3)
[BaselineBoard] appendRawPiece len=9
[BaselineBoard] appendRawPiece len=9
[BaselineBoard] appendRawPiece len=24
      xy  (children=3)
[BaselineBoard] appendRawPiece len=9
[BaselineBoard] appendRawPiece len=9
[BaselineBoard] appendRawPiece len=31
    stroke  (children=3)
    [UNHANDLED-PCB] tag="stroke"
[BaselineBoard] appendRawPiece len=9
      width  (children=2)
      [UNHANDLED-PCB] tag="width"
[BaselineBoard] appendRawPiece len=1
[BaselineBoard] appendRawPiece len=12
      type  (children=2)
      [UNHANDLED-PCB] tag="type"
[BaselineBoard] appendRawPiece len=5
[BaselineBoard] appendRawPiece len=45
    uuid  (children=2)
[BaselineBoard] appendRawPiece len=140
  wire  (children=4)
[traverseAst] WIRE depth=1 raw_len=140
[BaselineBoard] appendRawPiece len=140
[handleWireFromClean] called for tag='wire'
[handleWire] PUSH (pts.node.pts) 21.590000,62.230000->34.290001,62.230000 ; added=1
[handleWire] saved 1 wire(s) from pts-children (deduped)
[traverseAst] WIRE -> handleWireFromClean() called; board wireCount=25
[BaselineBoard] appendRawPiece len=55
    pts  (children=3)
[BaselineBoard] appendRawPiece len=24
      xy  (children=3)
[BaselineBoard] appendRawPiece len=9
[BaselineBoard] appendRawPiece len=9
[BaselineBoard] appendRawPiece len=24
      xy  (children=3)
[BaselineBoard] appendRawPiece len=9
[BaselineBoard] appendRawPiece len=9
[BaselineBoard] appendRawPiece len=31
    stroke  (children=3)
    [UNHANDLED-PCB] tag="stroke"
[BaselineBoard] appendRawPiece len=9
      width  (children=2)
      [UNHANDLED-PCB] tag="width"
[BaselineBoard] appendRawPiece len=1
[BaselineBoard] appendRawPiece len=12
      type  (children=2)
      [UNHANDLED-PCB] tag="type"
[BaselineBoard] appendRawPiece len=5
[BaselineBoard] appendRawPiece len=45
    uuid  (children=2)
[BaselineBoard] appendRawPiece len=140
  wire  (children=4)
[traverseAst] WIRE depth=1 raw_len=140
[BaselineBoard] appendRawPiece len=140
[handleWireFromClean] called for tag='wire'
[handleWire] PUSH (pts.node.pts) 62.230000,34.290001->64.769997,34.290001 ; added=1
[handleWire] saved 1 wire(s) from pts-children (deduped)
[traverseAst] WIRE -> handleWireFromClean() called; board wireCount=26
[BaselineBoard] appendRawPiece len=55
    pts  (children=3)
[BaselineBoard] appendRawPiece len=24
      xy  (children=3)
[BaselineBoard] appendRawPiece len=9
[BaselineBoard] appendRawPiece len=9
[BaselineBoard] appendRawPiece len=24
      xy  (children=3)
[BaselineBoard] appendRawPiece len=9
[BaselineBoard] appendRawPiece len=9
[BaselineBoard] appendRawPiece len=31
    stroke  (children=3)
    [UNHANDLED-PCB] tag="stroke"
[BaselineBoard] appendRawPiece len=9
      width  (children=2)
      [UNHANDLED-PCB] tag="width"
[BaselineBoard] appendRawPiece len=1
[BaselineBoard] appendRawPiece len=12
      type  (children=2)
      [UNHANDLED-PCB] tag="type"
[BaselineBoard] appendRawPiece len=5
[BaselineBoard] appendRawPiece len=45
    uuid  (children=2)
[BaselineBoard] appendRawPiece len=140
  wire  (children=4)
[traverseAst] WIRE depth=1 raw_len=140
[BaselineBoard] appendRawPiece len=140
[handleWireFromClean] called for tag='wire'
[handleWire] PUSH (pts.node.pts) 31.750000,44.450001->34.290001,44.450001 ; added=1
[handleWire] saved 1 wire(s) from pts-children (deduped)
[traverseAst] WIRE -> handleWireFromClean() called; board wireCount=27
[BaselineBoard] appendRawPiece len=55
    pts  (children=3)
[BaselineBoard] appendRawPiece len=24
      xy  (children=3)
[BaselineBoard] appendRawPiece len=9
[BaselineBoard] appendRawPiece len=9
[BaselineBoard] appendRawPiece len=24
      xy  (children=3)
[BaselineBoard] appendRawPiece len=9
[BaselineBoard] appendRawPiece len=9
[BaselineBoard] appendRawPiece len=31
    stroke  (children=3)
    [UNHANDLED-PCB] tag="stroke"
[BaselineBoard] appendRawPiece len=9
      width  (children=2)
      [UNHANDLED-PCB] tag="width"
[BaselineBoard] appendRawPiece len=1
[BaselineBoard] appendRawPiece len=12
      type  (children=2)
      [UNHANDLED-PCB] tag="type"
[BaselineBoard] appendRawPiece len=5
[BaselineBoard] appendRawPiece len=45
    uuid  (children=2)
[BaselineBoard] appendRawPiece len=140
  wire  (children=4)
[traverseAst] WIRE depth=1 raw_len=140
[BaselineBoard] appendRawPiece len=140
[handleWireFromClean] called for tag='wire'
[handleWire] PUSH (pts.node.pts) 62.230000,41.910000->74.930000,41.910000 ; added=1
[handleWire] saved 1 wire(s) from pts-children (deduped)
[traverseAst] WIRE -> handleWireFromClean() called; board wireCount=28
[BaselineBoard] appendRawPiece len=55
    pts  (children=3)
[BaselineBoard] appendRawPiece len=24
      xy  (children=3)
[BaselineBoard] appendRawPiece len=9
[BaselineBoard] appendRawPiece len=9
[BaselineBoard] appendRawPiece len=24
      xy  (children=3)
[BaselineBoard] appendRawPiece len=9
[BaselineBoard] appendRawPiece len=9
[BaselineBoard] appendRawPiece len=31
    stroke  (children=3)
    [UNHANDLED-PCB] tag="stroke"
[BaselineBoard] appendRawPiece len=9
      width  (children=2)
      [UNHANDLED-PCB] tag="width"
[BaselineBoard] appendRawPiece len=1
[BaselineBoard] appendRawPiece len=12
      type  (children=2)
      [UNHANDLED-PCB] tag="type"
[BaselineBoard] appendRawPiece len=5
[BaselineBoard] appendRawPiece len=45
    uuid  (children=2)
[BaselineBoard] appendRawPiece len=140
  wire  (children=4)
[traverseAst] WIRE depth=1 raw_len=140
[BaselineBoard] appendRawPiece len=140
[handleWireFromClean] called for tag='wire'
[handleWire] PUSH (pts.node.pts) 62.230000,64.769997->74.930000,64.769997 ; added=1
[handleWire] saved 1 wire(s) from pts-children (deduped)
[traverseAst] WIRE -> handleWireFromClean() called; board wireCount=29
[BaselineBoard] appendRawPiece len=55
    pts  (children=3)
[BaselineBoard] appendRawPiece len=24
      xy  (children=3)
[BaselineBoard] appendRawPiece len=9
[BaselineBoard] appendRawPiece len=9
[BaselineBoard] appendRawPiece len=24
      xy  (children=3)
[BaselineBoard] appendRawPiece len=9
[BaselineBoard] appendRawPiece len=9
[BaselineBoard] appendRawPiece len=31
    stroke  (children=3)
    [UNHANDLED-PCB] tag="stroke"
[BaselineBoard] appendRawPiece len=9
      width  (children=2)
      [UNHANDLED-PCB] tag="width"
[BaselineBoard] appendRawPiece len=1
[BaselineBoard] appendRawPiece len=12
      type  (children=2)
      [UNHANDLED-PCB] tag="type"
[BaselineBoard] appendRawPiece len=5
[BaselineBoard] appendRawPiece len=45
    uuid  (children=2)
[BaselineBoard] appendRawPiece len=140
  wire  (children=4)
[traverseAst] WIRE depth=1 raw_len=140
[BaselineBoard] appendRawPiece len=140
[handleWireFromClean] called for tag='wire'
[handleWire] PUSH (pts.node.pts) 21.590000,67.309998->34.290001,67.309998 ; added=1
[handleWire] saved 1 wire(s) from pts-children (deduped)
[traverseAst] WIRE -> handleWireFromClean() called; board wireCount=30
[BaselineBoard] appendRawPiece len=55
    pts  (children=3)
[BaselineBoard] appendRawPiece len=24
      xy  (children=3)
[BaselineBoard] appendRawPiece len=9
[BaselineBoard] appendRawPiece len=9
[BaselineBoard] appendRawPiece len=24
      xy  (children=3)
[BaselineBoard] appendRawPiece len=9
[BaselineBoard] appendRawPiece len=9
[BaselineBoard] appendRawPiece len=31
    stroke  (children=3)
    [UNHANDLED-PCB] tag="stroke"
[BaselineBoard] appendRawPiece len=9
      width  (children=2)
      [UNHANDLED-PCB] tag="width"
[BaselineBoard] appendRawPiece len=1
[BaselineBoard] appendRawPiece len=12
      type  (children=2)
      [UNHANDLED-PCB] tag="type"
[BaselineBoard] appendRawPiece len=5
[BaselineBoard] appendRawPiece len=45
    uuid  (children=2)
[BaselineBoard] appendRawPiece len=140
  wire  (children=4)
[traverseAst] WIRE depth=1 raw_len=140
[BaselineBoard] appendRawPiece len=140
[handleWireFromClean] called for tag='wire'
[handleWire] PUSH (pts.node.pts) 62.230000,29.209999->74.930000,29.209999 ; added=1
[handleWire] saved 1 wire(s) from pts-children (deduped)
[traverseAst] WIRE -> handleWireFromClean() called; board wireCount=31
[BaselineBoard] appendRawPiece len=55
    pts  (children=3)
[BaselineBoard] appendRawPiece len=24
      xy  (children=3)
[BaselineBoard] appendRawPiece len=9
[BaselineBoard] appendRawPiece len=9
[BaselineBoard] appendRawPiece len=24
      xy  (children=3)
[BaselineBoard] appendRawPiece len=9
[BaselineBoard] appendRawPiece len=9
[BaselineBoard] appendRawPiece len=31
    stroke  (children=3)
    [UNHANDLED-PCB] tag="stroke"
[BaselineBoard] appendRawPiece len=9
      width  (children=2)
      [UNHANDLED-PCB] tag="width"
[BaselineBoard] appendRawPiece len=1
[BaselineBoard] appendRawPiece len=12
      type  (children=2)
      [UNHANDLED-PCB] tag="type"
[BaselineBoard] appendRawPiece len=5
[BaselineBoard] appendRawPiece len=45
    uuid  (children=2)
[BaselineBoard] appendRawPiece len=140
  wire  (children=4)
[traverseAst] WIRE depth=1 raw_len=140
[BaselineBoard] appendRawPiece len=140
[handleWireFromClean] called for tag='wire'
[handleWire] PUSH (pts.node.pts) 62.230000,72.389999->74.930000,72.389999 ; added=1
[handleWire] saved 1 wire(s) from pts-children (deduped)
[traverseAst] WIRE -> handleWireFromClean() called; board wireCount=32
[BaselineBoard] appendRawPiece len=55
    pts  (children=3)
[BaselineBoard] appendRawPiece len=24
      xy  (children=3)
[BaselineBoard] appendRawPiece len=9
[BaselineBoard] appendRawPiece len=9
[BaselineBoard] appendRawPiece len=24
      xy  (children=3)
[BaselineBoard] appendRawPiece len=9
[BaselineBoard] appendRawPiece len=9
[BaselineBoard] appendRawPiece len=31
    stroke  (children=3)
    [UNHANDLED-PCB] tag="stroke"
[BaselineBoard] appendRawPiece len=9
      width  (children=2)
      [UNHANDLED-PCB] tag="width"
[BaselineBoard] appendRawPiece len=1
[BaselineBoard] appendRawPiece len=12
      type  (children=2)
      [UNHANDLED-PCB] tag="type"
[BaselineBoard] appendRawPiece len=5
[BaselineBoard] appendRawPiece len=45
    uuid  (children=2)
[BaselineBoard] appendRawPiece len=140
  wire  (children=4)
[traverseAst] WIRE depth=1 raw_len=140
[BaselineBoard] appendRawPiece len=140
[handleWireFromClean] called for tag='wire'
[handleWire] PUSH (pts.node.pts) 62.230000,69.849998->74.930000,69.849998 ; added=1
[handleWire] saved 1 wire(s) from pts-children (deduped)
[traverseAst] WIRE -> handleWireFromClean() called; board wireCount=33
[BaselineBoard] appendRawPiece len=55
    pts  (children=3)
[BaselineBoard] appendRawPiece len=24
      xy  (children=3)
[BaselineBoard] appendRawPiece len=9
[BaselineBoard] appendRawPiece len=9
[BaselineBoard] appendRawPiece len=24
      xy  (children=3)
[BaselineBoard] appendRawPiece len=9
[BaselineBoard] appendRawPiece len=9
[BaselineBoard] appendRawPiece len=31
    stroke  (children=3)
    [UNHANDLED-PCB] tag="stroke"
[BaselineBoard] appendRawPiece len=9
      width  (children=2)
      [UNHANDLED-PCB] tag="width"
[BaselineBoard] appendRawPiece len=1
[BaselineBoard] appendRawPiece len=12
      type  (children=2)
      [UNHANDLED-PCB] tag="type"
[BaselineBoard] appendRawPiece len=5
[BaselineBoard] appendRawPiece len=45
    uuid  (children=2)
[BaselineBoard] appendRawPiece len=140
  wire  (children=4)
[traverseAst] WIRE depth=1 raw_len=140
[BaselineBoard] appendRawPiece len=140
[handleWireFromClean] called for tag='wire'
[handleWire] PUSH (pts.node.pts) 62.230000,74.930000->74.930000,74.930000 ; added=1
[handleWire] saved 1 wire(s) from pts-children (deduped)
[traverseAst] WIRE -> handleWireFromClean() called; board wireCount=34
[BaselineBoard] appendRawPiece len=55
    pts  (children=3)
[BaselineBoard] appendRawPiece len=24
      xy  (children=3)
[BaselineBoard] appendRawPiece len=9
[BaselineBoard] appendRawPiece len=9
[BaselineBoard] appendRawPiece len=24
      xy  (children=3)
[BaselineBoard] appendRawPiece len=9
[BaselineBoard] appendRawPiece len=9
[BaselineBoard] appendRawPiece len=31
    stroke  (children=3)
    [UNHANDLED-PCB] tag="stroke"
[BaselineBoard] appendRawPiece len=9
      width  (children=2)
      [UNHANDLED-PCB] tag="width"
[BaselineBoard] appendRawPiece len=1
[BaselineBoard] appendRawPiece len=12
      type  (children=2)
      [UNHANDLED-PCB] tag="type"
[BaselineBoard] appendRawPiece len=5
[BaselineBoard] appendRawPiece len=45
    uuid  (children=2)
[BaselineBoard] appendRawPiece len=140
  wire  (children=4)
[traverseAst] WIRE depth=1 raw_len=140
[BaselineBoard] appendRawPiece len=140
[handleWireFromClean] called for tag='wire'
[handleWire] PUSH (pts.node.pts) 26.670000,26.670000->26.670000,49.529999 ; added=1
[handleWire] saved 1 wire(s) from pts-children (deduped)
[traverseAst] WIRE -> handleWireFromClean() called; board wireCount=35
[BaselineBoard] appendRawPiece len=55
    pts  (children=3)
[BaselineBoard] appendRawPiece len=24
      xy  (children=3)
[BaselineBoard] appendRawPiece len=9
[BaselineBoard] appendRawPiece len=9
[BaselineBoard] appendRawPiece len=24
      xy  (children=3)
[BaselineBoard] appendRawPiece len=9
[BaselineBoard] appendRawPiece len=9
[BaselineBoard] appendRawPiece len=31
    stroke  (children=3)
    [UNHANDLED-PCB] tag="stroke"
[BaselineBoard] appendRawPiece len=9
      width  (children=2)
      [UNHANDLED-PCB] tag="width"
[BaselineBoard] appendRawPiece len=1
[BaselineBoard] appendRawPiece len=12
      type  (children=2)
      [UNHANDLED-PCB] tag="type"
[BaselineBoard] appendRawPiece len=5
[BaselineBoard] appendRawPiece len=45
    uuid  (children=2)
[BaselineBoard] appendRawPiece len=140
  wire  (children=4)
[traverseAst] WIRE depth=1 raw_len=140
[BaselineBoard] appendRawPiece len=140
[handleWireFromClean] called for tag='wire'
[handleWire] PUSH (pts.node.pts) 21.590000,69.849998->34.290001,69.849998 ; added=1
[handleWire] saved 1 wire(s) from pts-children (deduped)
[traverseAst] WIRE -> handleWireFromClean() called; board wireCount=36
[BaselineBoard] appendRawPiece len=55
    pts  (children=3)
[BaselineBoard] appendRawPiece len=24
      xy  (children=3)
[BaselineBoard] appendRawPiece len=9
[BaselineBoard] appendRawPiece len=9
[BaselineBoard] appendRawPiece len=24
      xy  (children=3)
[BaselineBoard] appendRawPiece len=9
[BaselineBoard] appendRawPiece len=9
[BaselineBoard] appendRawPiece len=31
    stroke  (children=3)
    [UNHANDLED-PCB] tag="stroke"
[BaselineBoard] appendRawPiece len=9
      width  (children=2)
      [UNHANDLED-PCB] tag="width"
[BaselineBoard] appendRawPiece len=1
[BaselineBoard] appendRawPiece len=12
      type  (children=2)
      [UNHANDLED-PCB] tag="type"
[BaselineBoard] appendRawPiece len=5
[BaselineBoard] appendRawPiece len=45
    uuid  (children=2)
[BaselineBoard] appendRawPiece len=140
  wire  (children=4)
[traverseAst] WIRE depth=1 raw_len=140
[BaselineBoard] appendRawPiece len=140
[handleWireFromClean] called for tag='wire'
[handleWire] PUSH (pts.node.pts) 62.230000,49.529999->74.930000,49.529999 ; added=1
[handleWire] saved 1 wire(s) from pts-children (deduped)
[traverseAst] WIRE -> handleWireFromClean() called; board wireCount=37
[BaselineBoard] appendRawPiece len=55
    pts  (children=3)
[BaselineBoard] appendRawPiece len=24
      xy  (children=3)
[BaselineBoard] appendRawPiece len=9
[BaselineBoard] appendRawPiece len=9
[BaselineBoard] appendRawPiece len=24
      xy  (children=3)
[BaselineBoard] appendRawPiece len=9
[BaselineBoard] appendRawPiece len=9
[BaselineBoard] appendRawPiece len=31
    stroke  (children=3)
    [UNHANDLED-PCB] tag="stroke"
[BaselineBoard] appendRawPiece len=9
      width  (children=2)
      [UNHANDLED-PCB] tag="width"
[BaselineBoard] appendRawPiece len=1
[BaselineBoard] appendRawPiece len=12
      type  (children=2)
      [UNHANDLED-PCB] tag="type"
[BaselineBoard] appendRawPiece len=5
[BaselineBoard] appendRawPiece len=45
    uuid  (children=2)
[BaselineBoard] appendRawPiece len=199
  text  (children=6)
[BaselineBoard] appendRawPiece len=184
  label  (children=6)
[BaselineBoard] appendRawPiece len=173
  label  (children=6)
[BaselineBoard] appendRawPiece len=175
  label  (children=6)
[BaselineBoard] appendRawPiece len=175
  label  (children=6)
[BaselineBoard] appendRawPiece len=173
  label  (children=6)
[BaselineBoard] appendRawPiece len=176
  label  (children=6)
[BaselineBoard] appendRawPiece len=176
  label  (children=6)
[BaselineBoard] appendRawPiece len=179
  label  (children=6)
[BaselineBoard] appendRawPiece len=177
  label  (children=6)
[BaselineBoard] appendRawPiece len=175
  label  (children=6)
[BaselineBoard] appendRawPiece len=186
  label  (children=6)
[BaselineBoard] appendRawPiece len=175
  label  (children=6)
[BaselineBoard] appendRawPiece len=177
  label  (children=6)
[BaselineBoard] appendRawPiece len=176
  label  (children=6)
[BaselineBoard] appendRawPiece len=173
  label  (children=6)
[BaselineBoard] appendRawPiece len=184
  label  (children=6)
[BaselineBoard] appendRawPiece len=173
  label  (children=6)
[BaselineBoard] appendRawPiece len=178
  label  (children=6)
[BaselineBoard] appendRawPiece len=177
  label  (children=6)
[BaselineBoard] appendRawPiece len=176
  label  (children=6)
[BaselineBoard] appendRawPiece len=186
  label  (children=6)
[BaselineBoard] appendRawPiece len=176
  label  (children=6)
[BaselineBoard] appendRawPiece len=176
  label  (children=6)
[BaselineBoard] appendRawPiece len=176
  label  (children=6)
[BaselineBoard] appendRawPiece len=183
  label  (children=6)
[BaselineBoard] appendRawPiece len=183
  label  (children=6)
[BaselineBoard] appendRawPiece len=1307
  symbol  (children=23)
[BaselineBoard] appendRawPiece len=861
  symbol  (children=16)
[BaselineBoard] appendRawPiece len=859
  symbol  (children=16)
[BaselineBoard] appendRawPiece len=843
  symbol  (children=16)
[BaselineBoard] appendRawPiece len=1437
  symbol  (children=26)
[BaselineBoard] appendRawPiece len=843
  symbol  (children=16)
[BaselineBoard] appendRawPiece len=1208
  symbol  (children=21)
[BaselineBoard] appendRawPiece len=1324
  symbol  (children=24)
[BaselineBoard] appendRawPiece len=881
  symbol  (children=16)
[BaselineBoard] appendRawPiece len=39
  sheet_instances  (children=2)
  [UNHANDLED-PCB] tag="sheet_instances"
[BaselineBoard] appendRawPiece len=21
    path  (children=3)
    [UNHANDLED-PCB] tag="path"
[BaselineBoard] appendRawPiece len=3
[BaselineBoard] appendRawPiece len=10
      page  (children=2)
[UNHANDLED] cleanInner:generator_version addr=0x555e0c420660 -> (generator_version "8.0" )
  children details (child_index: addr type extra):
    [0] addr=0x555e0c3e58b0 atom="generator_version"
    [1] addr=0x555e0c3e58f0 atom=""8.0""
AstCleaner: handling lib_symbols at 0x555e0c420760
[UNHANDLED] cleanInner:exclude_from_sim addr=0x555e0c4015f0 -> (exclude_from_sim no )
  children details (child_index: addr type extra):
    [0] addr=0x555e0c41c940 atom="exclude_from_sim"
    [1] addr=0x555e0c41c980 atom="no"
[UNHANDLED] cleanInner:exclude_from_sim addr=0x555e0c3f69b0 -> (exclude_from_sim no )
  children details (child_index: addr type extra):
    [0] addr=0x555e0c3f2df0 atom="exclude_from_sim"
    [1] addr=0x555e0c3f2e30 atom="no"
[UNHANDLED] cleanInner:exclude_from_sim addr=0x555e0c3e54c0 -> (exclude_from_sim no )
  children details (child_index: addr type extra):
    [0] addr=0x555e0c44ff70 atom="exclude_from_sim"
    [1] addr=0x555e0c44ffb0 atom="no"
[UNHANDLED] cleanInner:exclude_from_sim addr=0x555e0c416740 -> (exclude_from_sim no )
  children details (child_index: addr type extra):
    [0] addr=0x555e0c40f750 atom="exclude_from_sim"
    [1] addr=0x555e0c40f790 atom="no"
[UNHANDLED] cleanInner:exclude_from_sim addr=0x555e0c412330 -> (exclude_from_sim no )
  children details (child_index: addr type extra):
    [0] addr=0x555e0c3fe0d0 atom="exclude_from_sim"
    [1] addr=0x555e0c3fe110 atom="no"
[UNHANDLED] cleanInner:exclude_from_sim addr=0x555e0c40e180 -> (exclude_from_sim no )
  children details (child_index: addr type extra):
    [0] addr=0x555e0c3f8e10 atom="exclude_from_sim"
    [1] addr=0x555e0c3f8e50 atom="no"
[UNHANDLED] cleanInner:exclude_from_sim addr=0x555e0c3d0970 -> (exclude_from_sim no )
  children details (child_index: addr type extra):
    [0] addr=0x555e0c3fc260 atom="exclude_from_sim"
    [1] addr=0x555e0c3fc2a0 atom="no"
[UNHANDLED] cleanInner:no_connect addr=0x555e0c4207e0 -> (no_connect (at) (uuid) )
  children details (child_index: addr type extra):
    [0] addr=0x555e0c3eb720 atom="no_connect"
    [1] addr=0x555e0c3eb760 list_size=3 head="at"
    [2] addr=0x555e0c3eb7a0 list_size=2 head="uuid"
[appendRawPieceFromClean] piece_head='<kicad_sch>
  <version> attrs{value:20231120 }
  <generator> attrs{value:"eeschema" }
  <generator_version> attrs{value:"8.0" }
  <paper> attrs{value:"A4" }
  <'...
[BaselineBoard] appendRawPiece len=43889 head="kicad_sch"
[walkSchematicOnce] cleanedRoot children=82
[walkSchematicOnce] child tag='version' children=0
[appendRawPieceFromClean] piece_head='<version> attrs{value:20231120 }'...
[BaselineBoard] appendRawPiece len=32 head="version"
[walkSchematicOnce] child tag='generator' children=0
[appendRawPieceFromClean] piece_head='<generator> attrs{value:"eeschema" }'...
[BaselineBoard] appendRawPiece len=36 head="generator"
[walkSchematicOnce] child tag='generator_version' children=0
[appendRawPieceFromClean] piece_head='<generator_version> attrs{value:"8.0" }'...
[BaselineBoard] appendRawPiece len=39 head="generator_version"
[walkSchematicOnce] child tag='paper' children=0
[appendRawPieceFromClean] piece_head='<paper> attrs{value:"A4" }'...
[BaselineBoard] appendRawPiece len=26 head="paper"
[walkSchematicOnce] child tag='title_block' children=1
[appendRawPieceFromClean] piece_head='<title_block>
  <date> attrs{value:"mar. 31 mars 2015" }'...
[BaselineBoard] appendRawPiece len=56 head="title_block"
[walkSchematicOnce] child tag='lib_symbols' children=7
[handleLibSymbolsCleanNode] called, children=7
[WARNING] Duplicate lib_symbols differs; keeping first.
[walkSchematicOnce] child tag='junction' children=0
[handleJunctionFromClean] called for tag='junction'
[handleJunction] saved junction shape (x=31.75, y=46.99)
[walkSchematicOnce] child tag='no_connect' children=0
[appendRawPieceFromClean] piece_head='<no_connect> at=(34.290,31.750,0.000)'...
[BaselineBoard] appendRawPiece len=37 head="no_connect"
[walkSchematicOnce] child tag='wire' children=1
[handleWireFromClean] called for tag='wire'
[handleWire] saved 1 wire(s) from clean.pts
[walkSchematicOnce] child tag='wire' children=1
[handleWireFromClean] called for tag='wire'
[handleWire] saved 1 wire(s) from clean.pts
[walkSchematicOnce] child tag='wire' children=1
[handleWireFromClean] called for tag='wire'
[handleWire] saved 1 wire(s) from clean.pts
[walkSchematicOnce] child tag='wire' children=1
[handleWireFromClean] called for tag='wire'
[handleWire] saved 1 wire(s) from clean.pts
[walkSchematicOnce] child tag='wire' children=1
[handleWireFromClean] called for tag='wire'
[handleWire] saved 1 wire(s) from clean.pts
[walkSchematicOnce] child tag='wire' children=1
[handleWireFromClean] called for tag='wire'
[handleWire] saved 1 wire(s) from clean.pts
[walkSchematicOnce] child tag='wire' children=1
[handleWireFromClean] called for tag='wire'
[handleWire] saved 1 wire(s) from clean.pts
[walkSchematicOnce] child tag='wire' children=1
[handleWireFromClean] called for tag='wire'
[handleWire] saved 1 wire(s) from clean.pts
[walkSchematicOnce] child tag='wire' children=1
[handleWireFromClean] called for tag='wire'
[handleWire] saved 1 wire(s) from clean.pts
[walkSchematicOnce] child tag='wire' children=1
[handleWireFromClean] called for tag='wire'
[handleWire] saved 1 wire(s) from clean.pts
[walkSchematicOnce] child tag='wire' children=1
[handleWireFromClean] called for tag='wire'
[handleWire] saved 1 wire(s) from clean.pts
[walkSchematicOnce] child tag='wire' children=1
[handleWireFromClean] called for tag='wire'
[handleWire] saved 1 wire(s) from clean.pts
[walkSchematicOnce] child tag='wire' children=1
[handleWireFromClean] called for tag='wire'
[handleWire] saved 1 wire(s) from clean.pts
[walkSchematicOnce] child tag='wire' children=1
[handleWireFromClean] called for tag='wire'
[handleWire] saved 1 wire(s) from clean.pts
[walkSchematicOnce] child tag='wire' children=1
[handleWireFromClean] called for tag='wire'
[handleWire] saved 1 wire(s) from clean.pts
[walkSchematicOnce] child tag='wire' children=1
[handleWireFromClean] called for tag='wire'
[handleWire] saved 1 wire(s) from clean.pts
[walkSchematicOnce] child tag='wire' children=1
[handleWireFromClean] called for tag='wire'
[handleWire] saved 1 wire(s) from clean.pts
[walkSchematicOnce] child tag='wire' children=1
[handleWireFromClean] called for tag='wire'
[handleWire] saved 1 wire(s) from clean.pts
[walkSchematicOnce] child tag='wire' children=1
[handleWireFromClean] called for tag='wire'
[handleWire] saved 1 wire(s) from clean.pts
[walkSchematicOnce] child tag='wire' children=1
[handleWireFromClean] called for tag='wire'
[handleWire] saved 1 wire(s) from clean.pts
[walkSchematicOnce] child tag='wire' children=1
[handleWireFromClean] called for tag='wire'
[handleWire] saved 1 wire(s) from clean.pts
[walkSchematicOnce] child tag='wire' children=1
[handleWireFromClean] called for tag='wire'
[handleWire] saved 1 wire(s) from clean.pts
[walkSchematicOnce] child tag='wire' children=1
[handleWireFromClean] called for tag='wire'
[handleWire] saved 1 wire(s) from clean.pts
[walkSchematicOnce] child tag='wire' children=1
[handleWireFromClean] called for tag='wire'
[handleWire] saved 1 wire(s) from clean.pts
[walkSchematicOnce] child tag='wire' children=1
[handleWireFromClean] called for tag='wire'
[handleWire] saved 1 wire(s) from clean.pts
[walkSchematicOnce] child tag='wire' children=1
[handleWireFromClean] called for tag='wire'
[handleWire] saved 1 wire(s) from clean.pts
[walkSchematicOnce] child tag='wire' children=1
[handleWireFromClean] called for tag='wire'
[handleWire] saved 1 wire(s) from clean.pts
[walkSchematicOnce] child tag='wire' children=1
[handleWireFromClean] called for tag='wire'
[handleWire] saved 1 wire(s) from clean.pts
[walkSchematicOnce] child tag='wire' children=1
[handleWireFromClean] called for tag='wire'
[handleWire] saved 1 wire(s) from clean.pts
[walkSchematicOnce] child tag='wire' children=1
[handleWireFromClean] called for tag='wire'
[handleWire] saved 1 wire(s) from clean.pts
[walkSchematicOnce] child tag='wire' children=1
[handleWireFromClean] called for tag='wire'
[handleWire] saved 1 wire(s) from clean.pts
[walkSchematicOnce] child tag='wire' children=1
[handleWireFromClean] called for tag='wire'
[handleWire] saved 1 wire(s) from clean.pts
[walkSchematicOnce] child tag='wire' children=1
[handleWireFromClean] called for tag='wire'
[handleWire] saved 1 wire(s) from clean.pts
[walkSchematicOnce] child tag='wire' children=1
[handleWireFromClean] called for tag='wire'
[handleWire] saved 1 wire(s) from clean.pts
[walkSchematicOnce] child tag='wire' children=1
[handleWireFromClean] called for tag='wire'
[handleWire] saved 1 wire(s) from clean.pts
[walkSchematicOnce] child tag='wire' children=1
[handleWireFromClean] called for tag='wire'
[handleWire] saved 1 wire(s) from clean.pts
[walkSchematicOnce] child tag='wire' children=1
[handleWireFromClean] called for tag='wire'
[handleWire] saved 1 wire(s) from clean.pts
[walkSchematicOnce] child tag='text' children=4
[handleTextFromClean] called for tag='text'
[handleText] failed to convert text to shape
[walkSchematicOnce] child tag='label' children=4
[handleTextFromClean] called for tag='label'
[handleText] failed to convert text to shape
[walkSchematicOnce] child tag='label' children=4
[handleTextFromClean] called for tag='label'
[handleText] failed to convert text to shape
[walkSchematicOnce] child tag='label' children=4
[handleTextFromClean] called for tag='label'
[handleText] failed to convert text to shape
[walkSchematicOnce] child tag='label' children=4
[handleTextFromClean] called for tag='label'
[handleText] failed to convert text to shape
[walkSchematicOnce] child tag='label' children=4
[handleTextFromClean] called for tag='label'
[handleText] failed to convert text to shape
[walkSchematicOnce] child tag='label' children=4
[handleTextFromClean] called for tag='label'
[handleText] failed to convert text to shape
[walkSchematicOnce] child tag='label' children=4
[handleTextFromClean] called for tag='label'
[handleText] failed to convert text to shape
[walkSchematicOnce] child tag='label' children=4
[handleTextFromClean] called for tag='label'
[handleText] failed to convert text to shape
[walkSchematicOnce] child tag='label' children=4
[handleTextFromClean] called for tag='label'
[handleText] failed to convert text to shape
[walkSchematicOnce] child tag='label' children=4
[handleTextFromClean] called for tag='label'
[handleText] failed to convert text to shape
[walkSchematicOnce] child tag='label' children=4
[handleTextFromClean] called for tag='label'
[handleText] failed to convert text to shape
[walkSchematicOnce] child tag='label' children=4
[handleTextFromClean] called for tag='label'
[handleText] failed to convert text to shape
[walkSchematicOnce] child tag='label' children=4
[handleTextFromClean] called for tag='label'
[handleText] failed to convert text to shape
[walkSchematicOnce] child tag='label' children=4
[handleTextFromClean] called for tag='label'
[handleText] failed to convert text to shape
[walkSchematicOnce] child tag='label' children=4
[handleTextFromClean] called for tag='label'
[handleText] failed to convert text to shape
[walkSchematicOnce] child tag='label' children=4
[handleTextFromClean] called for tag='label'
[handleText] failed to convert text to shape
[walkSchematicOnce] child tag='label' children=4
[handleTextFromClean] called for tag='label'
[handleText] failed to convert text to shape
[walkSchematicOnce] child tag='label' children=4
[handleTextFromClean] called for tag='label'
[handleText] failed to convert text to shape
[walkSchematicOnce] child tag='label' children=4
[handleTextFromClean] called for tag='label'
[handleText] failed to convert text to shape
[walkSchematicOnce] child tag='label' children=4
[handleTextFromClean] called for tag='label'
[handleText] failed to convert text to shape
[walkSchematicOnce] child tag='label' children=4
[handleTextFromClean] called for tag='label'
[handleText] failed to convert text to shape
[walkSchematicOnce] child tag='label' children=4
[handleTextFromClean] called for tag='label'
[handleText] failed to convert text to shape
[walkSchematicOnce] child tag='label' children=4
[handleTextFromClean] called for tag='label'
[handleText] failed to convert text to shape
[walkSchematicOnce] child tag='label' children=4
[handleTextFromClean] called for tag='label'
[handleText] failed to convert text to shape
[walkSchematicOnce] child tag='label' children=4
[handleTextFromClean] called for tag='label'
[handleText] failed to convert text to shape
[walkSchematicOnce] child tag='label' children=4
[handleTextFromClean] called for tag='label'
[handleText] failed to convert text to shape
[walkSchematicOnce] child tag='symbol' children=21
[handleSymbolFromClean] lib_id='(none)' tag='symbol' children=21
[walkSchematicOnce] child tag='symbol' children=14
[handleSymbolFromClean] lib_id='(none)' tag='symbol' children=14
[walkSchematicOnce] child tag='symbol' children=14
[handleSymbolFromClean] lib_id='(none)' tag='symbol' children=14
[walkSchematicOnce] child tag='symbol' children=14
[handleSymbolFromClean] lib_id='(none)' tag='symbol' children=14
[walkSchematicOnce] child tag='symbol' children=24
[handleSymbolFromClean] lib_id='(none)' tag='symbol' children=24
[walkSchematicOnce] child tag='symbol' children=14
[handleSymbolFromClean] lib_id='(none)' tag='symbol' children=14
[walkSchematicOnce] child tag='symbol' children=19
[handleSymbolFromClean] lib_id='(none)' tag='symbol' children=19
[walkSchematicOnce] child tag='symbol' children=22
[handleSymbolFromClean] lib_id='(none)' tag='symbol' children=22
[walkSchematicOnce] child tag='symbol' children=14
[handleSymbolFromClean] lib_id='(none)' tag='symbol' children=14
[walkSchematicOnce] child tag='sheet_instances' children=1
[appendRawPieceFromClean] piece_head='<sheet_instances>
  <path> attrs{page:"1" }'...
[BaselineBoard] appendRawPiece len=43 head="sheet_instances"
=== SUMMARY === junctionShapes=2 wireShapes=74 symbols=9 rawPieces=662
=== DUMP wires: count=74 ===
 wire[0] start=(62.23,77.47) end=(74.93,77.47)
 wire[1] start=(62.23,44.45) end=(74.93,44.45)
 wire[2] start=(62.23,26.67) end=(74.93,26.67)
 wire[3] start=(31.75,44.45) end=(31.75,46.99)
 wire[4] start=(21.59,72.39) end=(34.29,72.39)
 wire[5] start=(31.75,46.99) end=(31.75,52.07)
 wire[6] start=(31.75,39.37) end=(34.29,39.37)
 wire[7] start=(29.21,41.91) end=(34.29,41.91)
 wire[8] start=(29.21,26.67) end=(29.21,41.91)
 wire[9] start=(62.23,36.83) end=(74.93,36.83)
 wire[10] start=(31.75,26.67) end=(31.75,39.37)
 wire[11] start=(62.23,59.69) end=(74.93,59.69)
 wire[12] start=(34.29,59.69) end=(21.59,59.69)
 wire[13] start=(62.23,39.37) end=(74.93,39.37)
 wire[14] start=(62.23,62.23) end=(74.93,62.23)
 wire[15] start=(62.23,46.99) end=(74.93,46.99)
 wire[16] start=(62.23,67.31) end=(74.93,67.31)
 wire[17] start=(19.05,34.29) end=(34.29,34.29)
 wire[18] start=(64.77,34.29) end=(64.77,52.07)
 wire[19] start=(62.23,31.75) end=(74.93,31.75)
 wire[20] start=(34.29,64.77) end=(21.59,64.77)
 wire[21] start=(19.05,36.83) end=(34.29,36.83)
 wire[22] start=(34.29,46.99) end=(31.75,46.99)
 wire[23] start=(34.29,49.53) end=(26.67,49.53)
 wire[24] start=(21.59,62.23) end=(34.29,62.23)
 wire[25] start=(62.23,34.29) end=(64.77,34.29)
 wire[26] start=(34.29,44.45) end=(31.75,44.45)
 wire[27] start=(62.23,41.91) end=(74.93,41.91)
 wire[28] start=(62.23,64.77) end=(74.93,64.77)
 wire[29] start=(21.59,67.31) end=(34.29,67.31)
 wire[30] start=(62.23,29.21) end=(74.93,29.21)
 wire[31] start=(62.23,72.39) end=(74.93,72.39)
 wire[32] start=(62.23,69.85) end=(74.93,69.85)
 wire[33] start=(62.23,74.93) end=(74.93,74.93)
 wire[34] start=(26.67,49.53) end=(26.67,26.67)
 wire[35] start=(34.29,69.85) end=(21.59,69.85)
 wire[36] start=(62.23,49.53) end=(74.93,49.53)
 wire[37] start=(62.23,77.47) end=(74.93,77.47)
 wire[38] start=(62.23,44.45) end=(74.93,44.45)
 wire[39] start=(62.23,26.67) end=(74.93,26.67)
 wire[40] start=(31.75,44.45) end=(31.75,46.99)
 wire[41] start=(21.59,72.39) end=(34.29,72.39)
 wire[42] start=(31.75,46.99) end=(31.75,52.07)
 wire[43] start=(31.75,39.37) end=(34.29,39.37)
 wire[44] start=(29.21,41.91) end=(34.29,41.91)
 wire[45] start=(29.21,26.67) end=(29.21,41.91)
 wire[46] start=(62.23,36.83) end=(74.93,36.83)
 wire[47] start=(31.75,26.67) end=(31.75,39.37)
 wire[48] start=(62.23,59.69) end=(74.93,59.69)
 wire[49] start=(34.29,59.69) end=(21.59,59.69)
 wire[50] start=(62.23,39.37) end=(74.93,39.37)
 wire[51] start=(62.23,62.23) end=(74.93,62.23)
 wire[52] start=(62.23,46.99) end=(74.93,46.99)
 wire[53] start=(62.23,67.31) end=(74.93,67.31)
 wire[54] start=(19.05,34.29) end=(34.29,34.29)
 wire[55] start=(64.77,34.29) end=(64.77,52.07)
 wire[56] start=(62.23,31.75) end=(74.93,31.75)
 wire[57] start=(34.29,64.77) end=(21.59,64.77)
 wire[58] start=(19.05,36.83) end=(34.29,36.83)
 wire[59] start=(34.29,46.99) end=(31.75,46.99)
 wire[60] start=(34.29,49.53) end=(26.67,49.53)
 wire[61] start=(21.59,62.23) end=(34.29,62.23)
 wire[62] start=(62.23,34.29) end=(64.77,34.29)
 wire[63] start=(34.29,44.45) end=(31.75,44.45)
 wire[64] start=(62.23,41.91) end=(74.93,41.91)
 wire[65] start=(62.23,64.77) end=(74.93,64.77)
 wire[66] start=(21.59,67.31) end=(34.29,67.31)
 wire[67] start=(62.23,29.21) end=(74.93,29.21)
 wire[68] start=(62.23,72.39) end=(74.93,72.39)
 wire[69] start=(62.23,69.85) end=(74.93,69.85)
 wire[70] start=(62.23,74.93) end=(74.93,74.93)
 wire[71] start=(26.67,49.53) end=(26.67,26.67)
 wire[72] start=(34.29,69.85) end=(21.59,69.85)
 wire[73] start=(62.23,49.53) end=(74.93,49.53)
[main] writing KiCad S-expr via b->dumpKiCad(std::cout)
[dumpKiCad] dumping board...
[dumpKiCad] done.
[main] writing KiCad S-expr via b->dumpKiCad(std::cout)
[dumpKiCad] dumping board...
[dumpKiCad] done.
[main] writing KiCad S-expr via b->dumpKiCad(std::cout)
[dumpKiCad] dumping board...
[dumpKiCad] done.
[main] writing KiCad S-expr via b->dumpKiCad(std::cout)
[dumpKiCad] dumping board...
[dumpKiCad] done.
[main] writing KiCad S-expr via b->dumpKiCad(std::cout)
[dumpKiCad] dumping board...
[dumpKiCad] done.
[main] writing KiCad S-expr via b->dumpKiCad(std::cout)
[dumpKiCad] dumping board...
[dumpKiCad] done.
