[DEBUG] Root children: 11
  child 0 (non-list or no head)
  child 1 tag="version"
  child 2 tag="generator"
  child 3 tag="generator_version"
  child 4 tag="uuid"
  child 5 tag="paper"
  child 6 tag="lib_symbols"
  child 7 tag="no_connect"
  child 8 tag="wire"
  child 9 tag="global_label"
  child 10 tag="symbol"
[BaselineBoard] appendRawPiece len=3062
kicad_sch  (children=11)
[UNHANDLED-PCB] tag="kicad_sch"
[BaselineBoard] appendRawPiece len=18
  version  (children=2)
[BaselineBoard] appendRawPiece len=22
  generator  (children=2)
[BaselineBoard] appendRawPiece len=26
  generator_version  (children=2)
[BaselineBoard] appendRawPiece len=45
  uuid  (children=2)
[BaselineBoard] appendRawPiece len=12
  paper  (children=2)
[BaselineBoard] appendRawPiece len=1271
  lib_symbols  (children=2)
[traverseAst] LIB_SYMBOLS depth=1 raw_len=1271
[BaselineBoard] setLibSymbolsRaw len=1271
[BaselineBoard] appendRawPiece len=1271
AstCleaner: handling lib_symbols at 0x7ffdf271e590
[UNHANDLED] cleanInner:exclude_from_sim addr=0x63c449a13ea0 -> (exclude_from_sim no )
  children details (child_index: addr type extra):
    [0] addr=0x63c449a169d0 atom="exclude_from_sim"
    [1] addr=0x63c449a16a10 atom="no"
[handleLibSymbolsCleanNode] called, children=1
[WARNING] Duplicate lib_symbols differs; keeping first.
[traverseAst] LIB_SYMBOLS -> handleLibSymbolsCleanNode() called; libSymbolsRaw_len=1271
[BaselineBoard] appendRawPiece len=1257
    symbol  (children=16)
[BaselineBoard] appendRawPiece len=83
  no_connect  (children=3)
[BaselineBoard] appendRawPiece len=142
  wire  (children=4)
[traverseAst] WIRE depth=1 raw_len=142
[BaselineBoard] appendRawPiece len=142
[handleWireFromClean] called for tag='wire'
[handleWire] PUSH (pts.node.pts) 80.010002,54.610001->83.820000,54.610001 ; added=1
[handleWire] saved 1 wire(s) from pts-children (deduped)
[traverseAst] WIRE -> handleWireFromClean() called; board wireCount=1
[BaselineBoard] appendRawPiece len=55
    pts  (children=3)
[BaselineBoard] appendRawPiece len=24
      xy  (children=3)
[BaselineBoard] appendRawPiece len=9
[BaselineBoard] appendRawPiece len=9
[BaselineBoard] appendRawPiece len=24
      xy  (children=3)
[BaselineBoard] appendRawPiece len=9
[BaselineBoard] appendRawPiece len=9
[BaselineBoard] appendRawPiece len=33
    stroke  (children=3)
    [UNHANDLED-PCB] tag="stroke"
[BaselineBoard] appendRawPiece len=9
      width  (children=2)
      [UNHANDLED-PCB] tag="width"
[BaselineBoard] appendRawPiece len=1
[BaselineBoard] appendRawPiece len=14
      type  (children=2)
      [UNHANDLED-PCB] tag="type"
[BaselineBoard] appendRawPiece len=7
[BaselineBoard] appendRawPiece len=45
    uuid  (children=2)
[BaselineBoard] appendRawPiece len=340
  global_label  (children=8)
[BaselineBoard] appendRawPiece len=1082
  symbol  (children=18)
[UNHANDLED] cleanInner:generator_version addr=0x63c449a1df30 -> (generator_version "8.99" )
  children details (child_index: addr type extra):
    [0] addr=0x63c449a16a60 atom="generator_version"
    [1] addr=0x63c449a16aa0 atom=""8.99""
AstCleaner: handling lib_symbols at 0x63c449a1dff0
[UNHANDLED] cleanInner:exclude_from_sim addr=0x63c449a13ea0 -> (exclude_from_sim no )
  children details (child_index: addr type extra):
    [0] addr=0x63c449a18600 atom="exclude_from_sim"
    [1] addr=0x63c449a18640 atom="no"
[UNHANDLED] cleanInner:no_connect addr=0x63c449a1e030 -> (no_connect (at) (uuid) )
  children details (child_index: addr type extra):
    [0] addr=0x63c449a20460 atom="no_connect"
    [1] addr=0x63c449a204a0 list_size=3 head="at"
    [2] addr=0x63c449a204e0 list_size=2 head="uuid"
[UNHANDLED] cleanInner:global_label addr=0x63c449a1e0b0 -> (global_label "LABEL_4" (shape) (at) (fields_autoplaced) (effects) (uuid) (property) )
  children details (child_index: addr type extra):
    [0] addr=0x63c449a138c0 atom="global_label"
    [1] addr=0x63c449a13900 atom=""LABEL_4""
    [2] addr=0x63c449a13940 list_size=2 head="shape"
    [3] addr=0x63c449a13980 list_size=4 head="at"
    [4] addr=0x63c449a139c0 list_size=2 head="fields_autoplaced"
    [5] addr=0x63c449a13a00 list_size=3 head="effects"
    [6] addr=0x63c449a13a40 list_size=2 head="uuid"
    [7] addr=0x63c449a13a80 list_size=5 head="property"
[UNHANDLED] cleanInner:shape addr=0x63c449a13940 -> (shape input )
  children details (child_index: addr type extra):
    [0] addr=0x63c449a19330 atom="shape"
    [1] addr=0x63c449a19370 atom="input"
[UNHANDLED] cleanInner:fields_autoplaced addr=0x63c449a139c0 -> (fields_autoplaced yes )
  children details (child_index: addr type extra):
    [0] addr=0x63c449a194d0 atom="fields_autoplaced"
    [1] addr=0x63c449a19510 atom="yes"
[appendRawPieceFromClean] piece_head='<kicad_sch>
  <version> attrs{value:20240101 }
  <generator> attrs{value:"eeschema" }
  <generator_version> attrs{value:"8.99" }
  <paper> attrs{value:"A4" }
  '...
[BaselineBoard] appendRawPiece len=3546 head="kicad_sch"
[walkSchematicOnce] cleanedRoot children=9
[walkSchematicOnce] child tag='version' children=0
[appendRawPieceFromClean] piece_head='<version> attrs{value:20240101 }'...
[BaselineBoard] appendRawPiece len=32 head="version"
[walkSchematicOnce] child tag='generator' children=0
[appendRawPieceFromClean] piece_head='<generator> attrs{value:"eeschema" }'...
[BaselineBoard] appendRawPiece len=36 head="generator"
[walkSchematicOnce] child tag='generator_version' children=0
[appendRawPieceFromClean] piece_head='<generator_version> attrs{value:"8.99" }'...
[BaselineBoard] appendRawPiece len=40 head="generator_version"
[walkSchematicOnce] child tag='paper' children=0
[appendRawPieceFromClean] piece_head='<paper> attrs{value:"A4" }'...
[BaselineBoard] appendRawPiece len=26 head="paper"
[walkSchematicOnce] child tag='lib_symbols' children=1
[handleLibSymbolsCleanNode] called, children=1
[WARNING] Duplicate lib_symbols differs; keeping first.
[walkSchematicOnce] child tag='no_connect' children=0
[appendRawPieceFromClean] piece_head='<no_connect> at=(91.440,54.610,0.000)'...
[BaselineBoard] appendRawPiece len=37 head="no_connect"
[walkSchematicOnce] child tag='wire' children=1
[handleWireFromClean] called for tag='wire'
[handleWire] saved 1 wire(s) from clean.pts
[walkSchematicOnce] child tag='global_label' children=4
[appendRawPieceFromClean] piece_head='<global_label> at=(80.010,54.610,180.000) property{"Intersheetrefs"="${INTERSHEET_REFS}"} attrs{value:"LABEL_4" }
  <shape> attrs{value:input }
  <fields_autopl'...
[BaselineBoard] appendRawPiece len=408 head="global_label"
[walkSchematicOnce] child tag='symbol' children=16
[handleSymbolFromClean] lib_id='(none)' tag='symbol' children=16
=== SUMMARY === junctionShapes=0 wireShapes=2 symbols=1 rawPieces=34
=== DUMP wires: count=2 ===
 wire[0] start=(80.01,54.61) end=(83.82,54.61)
 wire[1] start=(80.01,54.61) end=(83.82,54.61)
[main] writing KiCad S-expr via b->dumpKiCad(std::cout)
[dumpKiCad] dumping board...
[dumpKiCad] done.
[main] writing KiCad S-expr via b->dumpKiCad(std::cout)
[dumpKiCad] dumping board...
[dumpKiCad] done.
[main] writing KiCad S-expr via b->dumpKiCad(std::cout)
[dumpKiCad] dumping board...
[dumpKiCad] done.
[main] writing KiCad S-expr via b->dumpKiCad(std::cout)
[dumpKiCad] dumping board...
[dumpKiCad] done.
[main] writing KiCad S-expr via b->dumpKiCad(std::cout)
[dumpKiCad] dumping board...
[dumpKiCad] done.
[main] writing KiCad S-expr via b->dumpKiCad(std::cout)
[dumpKiCad] dumping board...
[dumpKiCad] done.
