[DEBUG] Root children: 13
  child 0 (non-list or no head)
  child 1 tag="version"
  child 2 tag="generator"
  child 3 tag="uuid"
  child 4 tag="paper"
  child 5 tag="lib_symbols"
  child 6 tag="wire"
  child 7 tag="wire"
  child 8 tag="label"
  child 9 tag="label"
  child 10 tag="hierarchical_label"
  child 11 tag="hierarchical_label"
  child 12 tag="symbol"
[BaselineBoard] appendRawPiece len=3217
kicad_sch  (children=13)
[UNHANDLED-PCB] tag="kicad_sch"
[BaselineBoard] appendRawPiece len=18
  version  (children=2)
[BaselineBoard] appendRawPiece len=20
  generator  (children=2)
[BaselineBoard] appendRawPiece len=43
  uuid  (children=2)
[BaselineBoard] appendRawPiece len=12
  paper  (children=2)
[BaselineBoard] appendRawPiece len=1222
  lib_symbols  (children=2)
[traverseAst] LIB_SYMBOLS depth=1 raw_len=1222
[BaselineBoard] setLibSymbolsRaw len=1222
[BaselineBoard] appendRawPiece len=1222
AstCleaner: handling lib_symbols at 0x7ffc0a497890
[handleLibSymbolsCleanNode] called, children=1
[WARNING] Duplicate lib_symbols differs; keeping first.
[traverseAst] LIB_SYMBOLS -> handleLibSymbolsCleanNode() called; libSymbolsRaw_len=1222
[BaselineBoard] appendRawPiece len=1208
    symbol  (children=15)
[BaselineBoard] appendRawPiece len=144
  wire  (children=4)
[traverseAst] WIRE depth=1 raw_len=144
[BaselineBoard] appendRawPiece len=144
[handleWireFromClean] called for tag='wire'
[handleWire] PUSH (pts.node.pts) 190.500000,104.139999->201.929993,104.139999 ; added=1
[handleWire] saved 1 wire(s) from pts-children (deduped)
[traverseAst] WIRE -> handleWireFromClean() called; board wireCount=1
[BaselineBoard] appendRawPiece len=59
    pts  (children=3)
[BaselineBoard] appendRawPiece len=26
      xy  (children=3)
[BaselineBoard] appendRawPiece len=10
[BaselineBoard] appendRawPiece len=10
[BaselineBoard] appendRawPiece len=26
      xy  (children=3)
[BaselineBoard] appendRawPiece len=10
[BaselineBoard] appendRawPiece len=10
[BaselineBoard] appendRawPiece len=33
    stroke  (children=3)
    [UNHANDLED-PCB] tag="stroke"
[BaselineBoard] appendRawPiece len=9
      width  (children=2)
      [UNHANDLED-PCB] tag="width"
[BaselineBoard] appendRawPiece len=1
[BaselineBoard] appendRawPiece len=14
      type  (children=2)
      [UNHANDLED-PCB] tag="type"
[BaselineBoard] appendRawPiece len=7
[BaselineBoard] appendRawPiece len=43
    uuid  (children=2)
[BaselineBoard] appendRawPiece len=144
  wire  (children=4)
[traverseAst] WIRE depth=1 raw_len=144
[BaselineBoard] appendRawPiece len=144
[handleWireFromClean] called for tag='wire'
[handleWire] PUSH (pts.node.pts) 190.500000,111.760002->201.929993,111.760002 ; added=1
[handleWire] saved 1 wire(s) from pts-children (deduped)
[traverseAst] WIRE -> handleWireFromClean() called; board wireCount=2
[BaselineBoard] appendRawPiece len=59
    pts  (children=3)
[BaselineBoard] appendRawPiece len=26
      xy  (children=3)
[BaselineBoard] appendRawPiece len=10
[BaselineBoard] appendRawPiece len=10
[BaselineBoard] appendRawPiece len=26
      xy  (children=3)
[BaselineBoard] appendRawPiece len=10
[BaselineBoard] appendRawPiece len=10
[BaselineBoard] appendRawPiece len=33
    stroke  (children=3)
    [UNHANDLED-PCB] tag="stroke"
[BaselineBoard] appendRawPiece len=9
      width  (children=2)
      [UNHANDLED-PCB] tag="width"
[BaselineBoard] appendRawPiece len=1
[BaselineBoard] appendRawPiece len=14
      type  (children=2)
      [UNHANDLED-PCB] tag="type"
[BaselineBoard] appendRawPiece len=7
[BaselineBoard] appendRawPiece len=43
    uuid  (children=2)
[BaselineBoard] appendRawPiece len=173
  label  (children=6)
[BaselineBoard] appendRawPiece len=175
  label  (children=6)
[BaselineBoard] appendRawPiece len=198
  hierarchical_label  (children=7)
[BaselineBoard] appendRawPiece len=196
  hierarchical_label  (children=7)
[BaselineBoard] appendRawPiece len=849
  symbol  (children=16)
AstCleaner: handling lib_symbols at 0x55e69c50f370
[UNHANDLED] cleanInner:hierarchical_label addr=0x55e69c50f4b0 -> (hierarchical_label "DEV_CLRn" (shape) (at) (fields_autoplaced) (effects) (uuid) )
  children details (child_index: addr type extra):
    [0] addr=0x55e69c513450 atom="hierarchical_label"
    [1] addr=0x55e69c513490 atom=""DEV_CLRn""
    [2] addr=0x55e69c5134d0 list_size=2 head="shape"
    [3] addr=0x55e69c513510 list_size=4 head="at"
    [4] addr=0x55e69c513550 list_size=1 head="fields_autoplaced"
    [5] addr=0x55e69c513590 list_size=3 head="effects"
    [6] addr=0x55e69c5135d0 list_size=2 head="uuid"
[UNHANDLED] cleanInner:shape addr=0x55e69c5134d0 -> (shape input )
  children details (child_index: addr type extra):
    [0] addr=0x55e69c513620 atom="shape"
    [1] addr=0x55e69c513660 atom="input"
[UNHANDLED] cleanInner:fields_autoplaced addr=0x55e69c513550 -> (fields_autoplaced )
  children details (child_index: addr type extra):
    [0] addr=0x55e69c50a170 atom="fields_autoplaced"
[UNHANDLED] cleanInner:hierarchical_label addr=0x55e69c50f4f0 -> (hierarchical_label "DEV_OE" (shape) (at) (fields_autoplaced) (effects) (uuid) )
  children details (child_index: addr type extra):
    [0] addr=0x55e69c515240 atom="hierarchical_label"
    [1] addr=0x55e69c515280 atom=""DEV_OE""
    [2] addr=0x55e69c5152c0 list_size=2 head="shape"
    [3] addr=0x55e69c515300 list_size=4 head="at"
    [4] addr=0x55e69c515340 list_size=1 head="fields_autoplaced"
    [5] addr=0x55e69c515380 list_size=3 head="effects"
    [6] addr=0x55e69c5153c0 list_size=2 head="uuid"
[UNHANDLED] cleanInner:shape addr=0x55e69c5152c0 -> (shape input )
  children details (child_index: addr type extra):
    [0] addr=0x55e69c515440 atom="shape"
    [1] addr=0x55e69c515480 atom="input"
[UNHANDLED] cleanInner:fields_autoplaced addr=0x55e69c515340 -> (fields_autoplaced )
  children details (child_index: addr type extra):
    [0] addr=0x55e69c510b20 atom="fields_autoplaced"
[appendRawPieceFromClean] piece_head='<kicad_sch>
  <version> attrs{value:20230121 }
  <generator> attrs{value:eeschema }
  <paper> attrs{value:"A4" }
  <lib_symbols>
  <symbol> property{"Reference"'...
[BaselineBoard] appendRawPiece len=3990 head="kicad_sch"
[walkSchematicOnce] cleanedRoot children=11
[walkSchematicOnce] child tag='version' children=0
[appendRawPieceFromClean] piece_head='<version> attrs{value:20230121 }'...
[BaselineBoard] appendRawPiece len=32 head="version"
[walkSchematicOnce] child tag='generator' children=0
[appendRawPieceFromClean] piece_head='<generator> attrs{value:eeschema }'...
[BaselineBoard] appendRawPiece len=34 head="generator"
[walkSchematicOnce] child tag='paper' children=0
[appendRawPieceFromClean] piece_head='<paper> attrs{value:"A4" }'...
[BaselineBoard] appendRawPiece len=26 head="paper"
[walkSchematicOnce] child tag='lib_symbols' children=1
[handleLibSymbolsCleanNode] called, children=1
[WARNING] Duplicate lib_symbols differs; keeping first.
[walkSchematicOnce] child tag='wire' children=1
[handleWireFromClean] called for tag='wire'
[handleWire] saved 1 wire(s) from clean.pts
[walkSchematicOnce] child tag='wire' children=1
[handleWireFromClean] called for tag='wire'
[handleWire] saved 1 wire(s) from clean.pts
[walkSchematicOnce] child tag='label' children=4
[handleTextFromClean] called for tag='label'
[handleText] failed to convert text to shape
[walkSchematicOnce] child tag='label' children=4
[handleTextFromClean] called for tag='label'
[handleText] failed to convert text to shape
[walkSchematicOnce] child tag='hierarchical_label' children=3
[handleTextFromClean] called for tag='hierarchical_label'
[handleText] failed to convert text to shape
[walkSchematicOnce] child tag='hierarchical_label' children=3
[handleTextFromClean] called for tag='hierarchical_label'
[handleText] failed to convert text to shape
[walkSchematicOnce] child tag='symbol' children=14
[handleSymbolFromClean] lib_id='(none)' tag='symbol' children=14
=== SUMMARY === junctionShapes=0 wireShapes=4 symbols=1 rawPieces=51
=== DUMP wires: count=4 ===
 wire[0] start=(190.50,104.14) end=(201.93,104.14)
 wire[1] start=(190.50,111.76) end=(201.93,111.76)
 wire[2] start=(190.50,104.14) end=(201.93,104.14)
 wire[3] start=(190.50,111.76) end=(201.93,111.76)
[main] writing KiCad S-expr via b->dumpKiCad(std::cout)
[dumpKiCad] dumping board...
[dumpKiCad] done.
[main] writing KiCad S-expr via b->dumpKiCad(std::cout)
[dumpKiCad] dumping board...
[dumpKiCad] done.
[main] writing KiCad S-expr via b->dumpKiCad(std::cout)
[dumpKiCad] dumping board...
[dumpKiCad] done.
[main] writing KiCad S-expr via b->dumpKiCad(std::cout)
[dumpKiCad] dumping board...
[dumpKiCad] done.
[main] writing KiCad S-expr via b->dumpKiCad(std::cout)
[dumpKiCad] dumping board...
[dumpKiCad] done.
[main] writing KiCad S-expr via b->dumpKiCad(std::cout)
[dumpKiCad] dumping board...
[dumpKiCad] done.
