[DEBUG] Root children: 12
  child 0 (non-list or no head)
  child 1 tag="version"
  child 2 tag="generator"
  child 3 tag="uuid"
  child 4 tag="paper"
  child 5 tag="lib_symbols"
  child 6 tag="wire"
  child 7 tag="text_box"
  child 8 tag="label"
  child 9 tag="symbol"
  child 10 tag="sheet_instances"
  child 11 tag="symbol_instances"
[BaselineBoard] appendRawPiece len=4026
kicad_sch  (children=12)
[UNHANDLED-PCB] tag="kicad_sch"
[BaselineBoard] appendRawPiece len=18
  version  (children=2)
[BaselineBoard] appendRawPiece len=20
  generator  (children=2)
[BaselineBoard] appendRawPiece len=43
  uuid  (children=2)
[BaselineBoard] appendRawPiece len=12
  paper  (children=2)
[BaselineBoard] appendRawPiece len=2011
  lib_symbols  (children=2)
[traverseAst] LIB_SYMBOLS depth=1 raw_len=2011
[BaselineBoard] setLibSymbolsRaw len=2011
[BaselineBoard] appendRawPiece len=2011
AstCleaner: handling lib_symbols at 0x7ffebf8703e0
[handleLibSymbolsCleanNode] called, children=1
[WARNING] Duplicate lib_symbols differs; keeping first.
[traverseAst] LIB_SYMBOLS -> handleLibSymbolsCleanNode() called; libSymbolsRaw_len=2011
[BaselineBoard] appendRawPiece len=1997
    symbol  (children=13)
[BaselineBoard] appendRawPiece len=141
  wire  (children=4)
[traverseAst] WIRE depth=1 raw_len=141
[BaselineBoard] appendRawPiece len=141
[handleWireFromClean] called for tag='wire'
[handleWire] PUSH (pts.node.pts) 110.489998,81.279999->85.089996,81.279999 ; added=1
[handleWire] saved 1 wire(s) from pts-children (deduped)
[traverseAst] WIRE -> handleWireFromClean() called; board wireCount=1
[BaselineBoard] appendRawPiece len=56
    pts  (children=3)
[BaselineBoard] appendRawPiece len=24
      xy  (children=3)
[BaselineBoard] appendRawPiece len=9
[BaselineBoard] appendRawPiece len=9
[BaselineBoard] appendRawPiece len=25
      xy  (children=3)
[BaselineBoard] appendRawPiece len=10
[BaselineBoard] appendRawPiece len=9
[BaselineBoard] appendRawPiece len=33
    stroke  (children=3)
    [UNHANDLED-PCB] tag="stroke"
[BaselineBoard] appendRawPiece len=9
      width  (children=2)
      [UNHANDLED-PCB] tag="width"
[BaselineBoard] appendRawPiece len=1
[BaselineBoard] appendRawPiece len=14
      type  (children=2)
      [UNHANDLED-PCB] tag="type"
[BaselineBoard] appendRawPiece len=7
[BaselineBoard] appendRawPiece len=43
    uuid  (children=2)
[BaselineBoard] appendRawPiece len=340
  text_box  (children=8)
[BaselineBoard] appendRawPiece len=176
  label  (children=6)
[BaselineBoard] appendRawPiece len=1053
  symbol  (children=18)
[BaselineBoard] appendRawPiece len=39
  sheet_instances  (children=2)
  [UNHANDLED-PCB] tag="sheet_instances"
[BaselineBoard] appendRawPiece len=21
    path  (children=3)
    [UNHANDLED-PCB] tag="path"
[BaselineBoard] appendRawPiece len=3
[BaselineBoard] appendRawPiece len=10
      page  (children=2)
[BaselineBoard] appendRawPiece len=151
  symbol_instances  (children=2)
  [UNHANDLED-PCB] tag="symbol_instances"
[BaselineBoard] appendRawPiece len=132
    path  (children=6)
    [UNHANDLED-PCB] tag="path"
[BaselineBoard] appendRawPiece len=39
[BaselineBoard] appendRawPiece len=16
      reference  (children=2)
      [UNHANDLED-PCB] tag="reference"
[BaselineBoard] appendRawPiece len=4
[BaselineBoard] appendRawPiece len=8
      unit  (children=2)
      [UNHANDLED-PCB] tag="unit"
[BaselineBoard] appendRawPiece len=1
[BaselineBoard] appendRawPiece len=17
      value  (children=2)
      [UNHANDLED-PCB] tag="value"
[BaselineBoard] appendRawPiece len=9
[BaselineBoard] appendRawPiece len=41
      footprint  (children=2)
      [UNHANDLED-PCB] tag="footprint"
[BaselineBoard] appendRawPiece len=29
AstCleaner: handling lib_symbols at 0x64c3cc08b2c0
[UNHANDLED] cleanInner:text_box addr=0x64c3cc08b340 -> (text_box "There should be 8 errors here:\n4x Pin not connected\n3x Input Pin not connected to output\n1x Label not connected" (at) (size) (stroke) (fill) (effects) (uuid) )
  children details (child_index: addr type extra):
    [0] addr=0x64c3cc08a2d0 atom="text_box"
    [1] addr=0x64c3cc08a310 atom=""There should be 8 errors here:\n4x Pin not connected\n3x Input Pin not connected to output\n1x Label not connected""
    [2] addr=0x64c3cc08a350 list_size=4 head="at"
    [3] addr=0x64c3cc08a390 list_size=3 head="size"
    [4] addr=0x64c3cc08a3d0 list_size=3 head="stroke"
    [5] addr=0x64c3cc08a410 list_size=2 head="fill"
    [6] addr=0x64c3cc08a450 list_size=3 head="effects"
    [7] addr=0x64c3cc08a490 list_size=2 head="uuid"
[UNHANDLED] cleanInner:value addr=0x64c3cc092580 -> (value "AP2161W" )
  children details (child_index: addr type extra):
    [0] addr=0x64c3cc09af50 atom="value"
    [1] addr=0x64c3cc09af90 atom=""AP2161W""
[UNHANDLED] cleanInner:value addr=0x64c3cc09d660 -> (value "AP2161W" )
  children details (child_index: addr type extra):
    [0] addr=0x64c3cc09d810 atom="value"
    [1] addr=0x64c3cc09d850 atom=""AP2161W""
[appendRawPieceFromClean] piece_head='<kicad_sch>
  <version> attrs{value:20220904 }
  <generator> attrs{value:eeschema }
  <paper> attrs{value:"A4" }
  <lib_symbols>
  <symbol> property{"Reference"'...
[BaselineBoard] appendRawPiece len=4539 head="kicad_sch"
[walkSchematicOnce] cleanedRoot children=10
[walkSchematicOnce] child tag='version' children=0
[appendRawPieceFromClean] piece_head='<version> attrs{value:20220904 }'...
[BaselineBoard] appendRawPiece len=32 head="version"
[walkSchematicOnce] child tag='generator' children=0
[appendRawPieceFromClean] piece_head='<generator> attrs{value:eeschema }'...
[BaselineBoard] appendRawPiece len=34 head="generator"
[walkSchematicOnce] child tag='paper' children=0
[appendRawPieceFromClean] piece_head='<paper> attrs{value:"A4" }'...
[BaselineBoard] appendRawPiece len=26 head="paper"
[walkSchematicOnce] child tag='lib_symbols' children=1
[handleLibSymbolsCleanNode] called, children=1
[WARNING] Duplicate lib_symbols differs; keeping first.
[walkSchematicOnce] child tag='wire' children=1
[handleWireFromClean] called for tag='wire'
[handleWire] saved 1 wire(s) from clean.pts
[walkSchematicOnce] child tag='text_box' children=4
[appendRawPieceFromClean] piece_head='<text_box> at=(143.510,71.120,0.000) attrs{value:"There should be 8 errors here:\n4x Pin not connected\n3x Input Pin not connected to output\n1x Label not conne'...
[BaselineBoard] appendRawPiece len=385 head="text_box"
[walkSchematicOnce] child tag='label' children=4
[handleTextFromClean] called for tag='label'
[handleText] failed to convert text to shape
[walkSchematicOnce] child tag='symbol' children=16
[handleSymbolFromClean] lib_id='(none)' tag='symbol' children=16
[walkSchematicOnce] child tag='sheet_instances' children=1
[appendRawPieceFromClean] piece_head='<sheet_instances>
  <path> attrs{page:"1" }'...
[BaselineBoard] appendRawPiece len=43 head="sheet_instances"
[walkSchematicOnce] child tag='symbol_instances' children=1
[appendRawPieceFromClean] piece_head='<symbol_instances>
  <path> attrs{value:"/e7a1845d-9baf-4d49-988c-c34cdb7edbfb" }
  <reference> attrs{value:"U1" }
  <unit> attrs{value:1 }
  <value> attrs{valu'...
[BaselineBoard] appendRawPiece len=187 head="symbol_instances"
=== SUMMARY === junctionShapes=0 wireShapes=2 symbols=1 rawPieces=49
=== DUMP wires: count=2 ===
 wire[0] start=(85.09,81.28) end=(110.49,81.28)
 wire[1] start=(85.09,81.28) end=(110.49,81.28)
[main] writing KiCad S-expr via b->dumpKiCad(std::cout)
[dumpKiCad] dumping board...
[dumpKiCad] done.
[main] writing KiCad S-expr via b->dumpKiCad(std::cout)
[dumpKiCad] dumping board...
[dumpKiCad] done.
[main] writing KiCad S-expr via b->dumpKiCad(std::cout)
[dumpKiCad] dumping board...
[dumpKiCad] done.
[main] writing KiCad S-expr via b->dumpKiCad(std::cout)
[dumpKiCad] dumping board...
[dumpKiCad] done.
[main] writing KiCad S-expr via b->dumpKiCad(std::cout)
[dumpKiCad] dumping board...
[dumpKiCad] done.
[main] writing KiCad S-expr via b->dumpKiCad(std::cout)
[dumpKiCad] dumping board...
[dumpKiCad] done.
