[DEBUG] Root children: 44
  child 0 (non-list or no head)
  child 1 tag="version"
  child 2 tag="generator"
  child 3 tag="uuid"
  child 4 tag="paper"
  child 5 tag="lib_symbols"
  child 6 tag="junction"
  child 7 tag="junction"
  child 8 tag="wire"
  child 9 tag="wire"
  child 10 tag="wire"
  child 11 tag="wire"
  child 12 tag="wire"
  child 13 tag="wire"
  child 14 tag="wire"
  child 15 tag="wire"
  child 16 tag="wire"
  child 17 tag="wire"
  child 18 tag="wire"
  child 19 tag="wire"
  child 20 tag="wire"
  child 21 tag="wire"
  child 22 tag="wire"
  child 23 tag="wire"
  child 24 tag="wire"
  child 25 tag="text"
  child 26 tag="text"
  child 27 tag="label"
  child 28 tag="label"
  child 29 tag="label"
  child 30 tag="label"
  child 31 tag="netclass_flag"
  child 32 tag="netclass_flag"
  child 33 tag="netclass_flag"
  child 34 tag="netclass_flag"
  child 35 tag="symbol"
  child 36 tag="symbol"
  child 37 tag="symbol"
  child 38 tag="symbol"
  child 39 tag="symbol"
  child 40 tag="symbol"
  child 41 tag="symbol"
  child 42 tag="symbol"
  child 43 tag="sheet_instances"
[BaselineBoard] appendRawPiece len=17347
kicad_sch  (children=44)
[UNHANDLED-PCB] tag="kicad_sch"
[BaselineBoard] appendRawPiece len=18
  version  (children=2)
[BaselineBoard] appendRawPiece len=20
  generator  (children=2)
[BaselineBoard] appendRawPiece len=43
  uuid  (children=2)
[BaselineBoard] appendRawPiece len=12
  paper  (children=2)
[BaselineBoard] appendRawPiece len=4825
  lib_symbols  (children=4)
[traverseAst] LIB_SYMBOLS depth=1 raw_len=4825
[BaselineBoard] setLibSymbolsRaw len=4825
[BaselineBoard] appendRawPiece len=4825
AstCleaner: handling lib_symbols at 0x7fff825dc350
[handleLibSymbolsCleanNode] called, children=3
[WARNING] Duplicate lib_symbols differs; keeping first.
[traverseAst] LIB_SYMBOLS -> handleLibSymbolsCleanNode() called; libSymbolsRaw_len=4825
[BaselineBoard] appendRawPiece len=1696
    symbol  (children=14)
[BaselineBoard] appendRawPiece len=2061
    symbol  (children=18)
[BaselineBoard] appendRawPiece len=1052
    symbol  (children=14)
[BaselineBoard] appendRawPiece len=102
  junction  (children=5)
[traverseAst] JUNCTION depth=1 raw_len=102
[BaselineBoard] appendRawPiece len=102
[UNHANDLED] cleanInner:diameter addr=0x635fb4471770 -> (diameter 0 )
  children details (child_index: addr type extra):
    [0] addr=0x635fb4475610 atom="diameter"
    [1] addr=0x635fb4475650 atom="0"
[handleJunctionFromClean] called for tag='junction'
[handleJunction] saved junction shape (x=127.00, y=50.80)
[traverseAst] JUNCTION -> handleJunctionFromClean() called; board junctionCount=1
[BaselineBoard] appendRawPiece len=18
    at  (children=3)
    [UNHANDLED-PCB] tag="at"
[BaselineBoard] appendRawPiece len=3
[BaselineBoard] appendRawPiece len=9
[BaselineBoard] appendRawPiece len=12
    diameter  (children=2)
    [UNHANDLED-PCB] tag="diameter"
[BaselineBoard] appendRawPiece len=1
[BaselineBoard] appendRawPiece len=15
    color  (children=5)
    [UNHANDLED-PCB] tag="color"
[BaselineBoard] appendRawPiece len=1
[BaselineBoard] appendRawPiece len=1
[BaselineBoard] appendRawPiece len=1
[BaselineBoard] appendRawPiece len=1
[BaselineBoard] appendRawPiece len=43
    uuid  (children=2)
[BaselineBoard] appendRawPiece len=102
  junction  (children=5)
[traverseAst] JUNCTION depth=1 raw_len=102
[BaselineBoard] appendRawPiece len=102
[UNHANDLED] cleanInner:diameter addr=0x635fb4471770 -> (diameter 0 )
  children details (child_index: addr type extra):
    [0] addr=0x635fb44756a0 atom="diameter"
    [1] addr=0x635fb44756e0 atom="0"
[handleJunctionFromClean] called for tag='junction'
[handleJunction] saved junction shape (x=127.00, y=88.90)
[traverseAst] JUNCTION -> handleJunctionFromClean() called; board junctionCount=2
[BaselineBoard] appendRawPiece len=18
    at  (children=3)
    [UNHANDLED-PCB] tag="at"
[BaselineBoard] appendRawPiece len=3
[BaselineBoard] appendRawPiece len=9
[BaselineBoard] appendRawPiece len=12
    diameter  (children=2)
    [UNHANDLED-PCB] tag="diameter"
[BaselineBoard] appendRawPiece len=1
[BaselineBoard] appendRawPiece len=15
    color  (children=5)
    [UNHANDLED-PCB] tag="color"
[BaselineBoard] appendRawPiece len=1
[BaselineBoard] appendRawPiece len=1
[BaselineBoard] appendRawPiece len=1
[BaselineBoard] appendRawPiece len=1
[BaselineBoard] appendRawPiece len=43
    uuid  (children=2)
[BaselineBoard] appendRawPiece len=142
  wire  (children=4)
[traverseAst] WIRE depth=1 raw_len=142
[BaselineBoard] appendRawPiece len=142
[handleWireFromClean] called for tag='wire'
[handleWire] PUSH (pts.node.pts) 114.300003,62.230000->114.300003,63.500000 ; added=1
[handleWire] saved 1 wire(s) from pts-children (deduped)
[traverseAst] WIRE -> handleWireFromClean() called; board wireCount=1
[BaselineBoard] appendRawPiece len=57
    pts  (children=3)
[BaselineBoard] appendRawPiece len=25
      xy  (children=3)
[BaselineBoard] appendRawPiece len=10
[BaselineBoard] appendRawPiece len=9
[BaselineBoard] appendRawPiece len=25
      xy  (children=3)
[BaselineBoard] appendRawPiece len=10
[BaselineBoard] appendRawPiece len=9
[BaselineBoard] appendRawPiece len=33
    stroke  (children=3)
    [UNHANDLED-PCB] tag="stroke"
[BaselineBoard] appendRawPiece len=9
      width  (children=2)
      [UNHANDLED-PCB] tag="width"
[BaselineBoard] appendRawPiece len=1
[BaselineBoard] appendRawPiece len=14
      type  (children=2)
      [UNHANDLED-PCB] tag="type"
[BaselineBoard] appendRawPiece len=7
[BaselineBoard] appendRawPiece len=43
    uuid  (children=2)
[BaselineBoard] appendRawPiece len=122
  wire  (children=4)
[traverseAst] WIRE depth=1 raw_len=122
[BaselineBoard] appendRawPiece len=122
[handleWireFromClean] called for tag='wire'
[handleWire] PUSH (pts.node.pts) 127.000000,127.000000->127.000000,88.900002 ; added=1
[handleWire] saved 1 wire(s) from pts-children (deduped)
[traverseAst] WIRE -> handleWireFromClean() called; board wireCount=2
[BaselineBoard] appendRawPiece len=37
    pts  (children=3)
[BaselineBoard] appendRawPiece len=18
      xy  (children=3)
[BaselineBoard] appendRawPiece len=3
[BaselineBoard] appendRawPiece len=9
[BaselineBoard] appendRawPiece len=12
      xy  (children=3)
[BaselineBoard] appendRawPiece len=3
[BaselineBoard] appendRawPiece len=3
[BaselineBoard] appendRawPiece len=33
    stroke  (children=3)
    [UNHANDLED-PCB] tag="stroke"
[BaselineBoard] appendRawPiece len=9
      width  (children=2)
      [UNHANDLED-PCB] tag="width"
[BaselineBoard] appendRawPiece len=1
[BaselineBoard] appendRawPiece len=14
      type  (children=2)
      [UNHANDLED-PCB] tag="type"
[BaselineBoard] appendRawPiece len=7
[BaselineBoard] appendRawPiece len=43
    uuid  (children=2)
[BaselineBoard] appendRawPiece len=142
  wire  (children=4)
[traverseAst] WIRE depth=1 raw_len=142
[BaselineBoard] appendRawPiece len=142
[handleWireFromClean] called for tag='wire'
[handleWire] PUSH (pts.node.pts) 152.399994,88.900002->152.399994,91.440002 ; added=1
[handleWire] saved 1 wire(s) from pts-children (deduped)
[traverseAst] WIRE -> handleWireFromClean() called; board wireCount=3
[BaselineBoard] appendRawPiece len=57
    pts  (children=3)
[BaselineBoard] appendRawPiece len=25
      xy  (children=3)
[BaselineBoard] appendRawPiece len=10
[BaselineBoard] appendRawPiece len=9
[BaselineBoard] appendRawPiece len=25
      xy  (children=3)
[BaselineBoard] appendRawPiece len=10
[BaselineBoard] appendRawPiece len=9
[BaselineBoard] appendRawPiece len=33
    stroke  (children=3)
    [UNHANDLED-PCB] tag="stroke"
[BaselineBoard] appendRawPiece len=9
      width  (children=2)
      [UNHANDLED-PCB] tag="width"
[BaselineBoard] appendRawPiece len=1
[BaselineBoard] appendRawPiece len=14
      type  (children=2)
      [UNHANDLED-PCB] tag="type"
[BaselineBoard] appendRawPiece len=7
[BaselineBoard] appendRawPiece len=43
    uuid  (children=2)
[BaselineBoard] appendRawPiece len=142
  wire  (children=4)
[traverseAst] WIRE depth=1 raw_len=142
[BaselineBoard] appendRawPiece len=142
[handleWireFromClean] called for tag='wire'
[handleWire] PUSH (pts.node.pts) 114.300003,50.799999->114.300003,52.070000 ; added=1
[handleWire] saved 1 wire(s) from pts-children (deduped)
[traverseAst] WIRE -> handleWireFromClean() called; board wireCount=4
[BaselineBoard] appendRawPiece len=57
    pts  (children=3)
[BaselineBoard] appendRawPiece len=25
      xy  (children=3)
[BaselineBoard] appendRawPiece len=10
[BaselineBoard] appendRawPiece len=9
[BaselineBoard] appendRawPiece len=25
      xy  (children=3)
[BaselineBoard] appendRawPiece len=10
[BaselineBoard] appendRawPiece len=9
[BaselineBoard] appendRawPiece len=33
    stroke  (children=3)
    [UNHANDLED-PCB] tag="stroke"
[BaselineBoard] appendRawPiece len=9
      width  (children=2)
      [UNHANDLED-PCB] tag="width"
[BaselineBoard] appendRawPiece len=1
[BaselineBoard] appendRawPiece len=14
      type  (children=2)
      [UNHANDLED-PCB] tag="type"
[BaselineBoard] appendRawPiece len=7
[BaselineBoard] appendRawPiece len=43
    uuid  (children=2)
[BaselineBoard] appendRawPiece len=123
  wire  (children=4)
[traverseAst] WIRE depth=1 raw_len=123
[BaselineBoard] appendRawPiece len=123
[handleWireFromClean] called for tag='wire'
[handleWire] PUSH (pts.node.pts) 127.000000,127.000000->152.399994,127.000000 ; added=1
[handleWire] saved 1 wire(s) from pts-children (deduped)
[traverseAst] WIRE -> handleWireFromClean() called; board wireCount=5
[BaselineBoard] appendRawPiece len=38
    pts  (children=3)
[BaselineBoard] appendRawPiece len=12
      xy  (children=3)
[BaselineBoard] appendRawPiece len=3
[BaselineBoard] appendRawPiece len=3
[BaselineBoard] appendRawPiece len=19
      xy  (children=3)
[BaselineBoard] appendRawPiece len=10
[BaselineBoard] appendRawPiece len=3
[BaselineBoard] appendRawPiece len=33
    stroke  (children=3)
    [UNHANDLED-PCB] tag="stroke"
[BaselineBoard] appendRawPiece len=9
      width  (children=2)
      [UNHANDLED-PCB] tag="width"
[BaselineBoard] appendRawPiece len=1
[BaselineBoard] appendRawPiece len=14
      type  (children=2)
      [UNHANDLED-PCB] tag="type"
[BaselineBoard] appendRawPiece len=7
[BaselineBoard] appendRawPiece len=43
    uuid  (children=2)
[BaselineBoard] appendRawPiece len=137
  wire  (children=4)
[traverseAst] WIRE depth=1 raw_len=137
[BaselineBoard] appendRawPiece len=137
[handleWireFromClean] called for tag='wire'
[handleWire] PUSH (pts.node.pts) 152.399994,127.000000->152.399994,129.539993 ; added=1
[handleWire] saved 1 wire(s) from pts-children (deduped)
[traverseAst] WIRE -> handleWireFromClean() called; board wireCount=6
[BaselineBoard] appendRawPiece len=52
    pts  (children=3)
[BaselineBoard] appendRawPiece len=19
      xy  (children=3)
[BaselineBoard] appendRawPiece len=10
[BaselineBoard] appendRawPiece len=3
[BaselineBoard] appendRawPiece len=26
      xy  (children=3)
[BaselineBoard] appendRawPiece len=10
[BaselineBoard] appendRawPiece len=10
[BaselineBoard] appendRawPiece len=33
    stroke  (children=3)
    [UNHANDLED-PCB] tag="stroke"
[BaselineBoard] appendRawPiece len=9
      width  (children=2)
      [UNHANDLED-PCB] tag="width"
[BaselineBoard] appendRawPiece len=1
[BaselineBoard] appendRawPiece len=14
      type  (children=2)
      [UNHANDLED-PCB] tag="type"
[BaselineBoard] appendRawPiece len=7
[BaselineBoard] appendRawPiece len=43
    uuid  (children=2)
[BaselineBoard] appendRawPiece len=144
  wire  (children=4)
[traverseAst] WIRE depth=1 raw_len=144
[BaselineBoard] appendRawPiece len=144
[handleWireFromClean] called for tag='wire'
[handleWire] PUSH (pts.node.pts) 152.399994,137.160004->152.399994,139.699997 ; added=1
[handleWire] saved 1 wire(s) from pts-children (deduped)
[traverseAst] WIRE -> handleWireFromClean() called; board wireCount=7
[BaselineBoard] appendRawPiece len=59
    pts  (children=3)
[BaselineBoard] appendRawPiece len=26
      xy  (children=3)
[BaselineBoard] appendRawPiece len=10
[BaselineBoard] appendRawPiece len=10
[BaselineBoard] appendRawPiece len=26
      xy  (children=3)
[BaselineBoard] appendRawPiece len=10
[BaselineBoard] appendRawPiece len=10
[BaselineBoard] appendRawPiece len=33
    stroke  (children=3)
    [UNHANDLED-PCB] tag="stroke"
[BaselineBoard] appendRawPiece len=9
      width  (children=2)
      [UNHANDLED-PCB] tag="width"
[BaselineBoard] appendRawPiece len=1
[BaselineBoard] appendRawPiece len=14
      type  (children=2)
      [UNHANDLED-PCB] tag="type"
[BaselineBoard] appendRawPiece len=7
[BaselineBoard] appendRawPiece len=43
    uuid  (children=2)
[BaselineBoard] appendRawPiece len=135
  wire  (children=4)
[traverseAst] WIRE depth=1 raw_len=135
[BaselineBoard] appendRawPiece len=135
[handleWireFromClean] called for tag='wire'
[handleWire] PUSH (pts.node.pts) 127.000000,50.799999->152.399994,50.799999 ; added=1
[handleWire] saved 1 wire(s) from pts-children (deduped)
[traverseAst] WIRE -> handleWireFromClean() called; board wireCount=8
[BaselineBoard] appendRawPiece len=50
    pts  (children=3)
[BaselineBoard] appendRawPiece len=18
      xy  (children=3)
[BaselineBoard] appendRawPiece len=3
[BaselineBoard] appendRawPiece len=9
[BaselineBoard] appendRawPiece len=25
      xy  (children=3)
[BaselineBoard] appendRawPiece len=10
[BaselineBoard] appendRawPiece len=9
[BaselineBoard] appendRawPiece len=33
    stroke  (children=3)
    [UNHANDLED-PCB] tag="stroke"
[BaselineBoard] appendRawPiece len=9
      width  (children=2)
      [UNHANDLED-PCB] tag="width"
[BaselineBoard] appendRawPiece len=1
[BaselineBoard] appendRawPiece len=14
      type  (children=2)
      [UNHANDLED-PCB] tag="type"
[BaselineBoard] appendRawPiece len=7
[BaselineBoard] appendRawPiece len=43
    uuid  (children=2)
[BaselineBoard] appendRawPiece len=143
  wire  (children=4)
[traverseAst] WIRE depth=1 raw_len=143
[BaselineBoard] appendRawPiece len=143
[handleWireFromClean] called for tag='wire'
[handleWire] PUSH (pts.node.pts) 152.399994,101.599998->152.399994,99.059998 ; added=1
[handleWire] saved 1 wire(s) from pts-children (deduped)
[traverseAst] WIRE -> handleWireFromClean() called; board wireCount=9
[BaselineBoard] appendRawPiece len=58
    pts  (children=3)
[BaselineBoard] appendRawPiece len=26
      xy  (children=3)
[BaselineBoard] appendRawPiece len=10
[BaselineBoard] appendRawPiece len=10
[BaselineBoard] appendRawPiece len=25
      xy  (children=3)
[BaselineBoard] appendRawPiece len=10
[BaselineBoard] appendRawPiece len=9
[BaselineBoard] appendRawPiece len=33
    stroke  (children=3)
    [UNHANDLED-PCB] tag="stroke"
[BaselineBoard] appendRawPiece len=9
      width  (children=2)
      [UNHANDLED-PCB] tag="width"
[BaselineBoard] appendRawPiece len=1
[BaselineBoard] appendRawPiece len=14
      type  (children=2)
      [UNHANDLED-PCB] tag="type"
[BaselineBoard] appendRawPiece len=7
[BaselineBoard] appendRawPiece len=43
    uuid  (children=2)
[BaselineBoard] appendRawPiece len=128
  wire  (children=4)
[traverseAst] WIRE depth=1 raw_len=128
[BaselineBoard] appendRawPiece len=128
[handleWireFromClean] called for tag='wire'
[handleWire] PUSH (pts.node.pts) 127.000000,50.799999->127.000000,88.900002 ; added=1
[handleWire] saved 1 wire(s) from pts-children (deduped)
[traverseAst] WIRE -> handleWireFromClean() called; board wireCount=10
[BaselineBoard] appendRawPiece len=43
    pts  (children=3)
[BaselineBoard] appendRawPiece len=18
      xy  (children=3)
[BaselineBoard] appendRawPiece len=3
[BaselineBoard] appendRawPiece len=9
[BaselineBoard] appendRawPiece len=18
      xy  (children=3)
[BaselineBoard] appendRawPiece len=3
[BaselineBoard] appendRawPiece len=9
[BaselineBoard] appendRawPiece len=33
    stroke  (children=3)
    [UNHANDLED-PCB] tag="stroke"
[BaselineBoard] appendRawPiece len=9
      width  (children=2)
      [UNHANDLED-PCB] tag="width"
[BaselineBoard] appendRawPiece len=1
[BaselineBoard] appendRawPiece len=14
      type  (children=2)
      [UNHANDLED-PCB] tag="type"
[BaselineBoard] appendRawPiece len=7
[BaselineBoard] appendRawPiece len=43
    uuid  (children=2)
[BaselineBoard] appendRawPiece len=135
  wire  (children=4)
[traverseAst] WIRE depth=1 raw_len=135
[BaselineBoard] appendRawPiece len=135
[handleWireFromClean] called for tag='wire'
[handleWire] PUSH (pts.node.pts) 114.300003,50.799999->127.000000,50.799999 ; added=1
[handleWire] saved 1 wire(s) from pts-children (deduped)
[traverseAst] WIRE -> handleWireFromClean() called; board wireCount=11
[BaselineBoard] appendRawPiece len=50
    pts  (children=3)
[BaselineBoard] appendRawPiece len=25
      xy  (children=3)
[BaselineBoard] appendRawPiece len=10
[BaselineBoard] appendRawPiece len=9
[BaselineBoard] appendRawPiece len=18
      xy  (children=3)
[BaselineBoard] appendRawPiece len=3
[BaselineBoard] appendRawPiece len=9
[BaselineBoard] appendRawPiece len=33
    stroke  (children=3)
    [UNHANDLED-PCB] tag="stroke"
[BaselineBoard] appendRawPiece len=9
      width  (children=2)
      [UNHANDLED-PCB] tag="width"
[BaselineBoard] appendRawPiece len=1
[BaselineBoard] appendRawPiece len=14
      type  (children=2)
      [UNHANDLED-PCB] tag="type"
[BaselineBoard] appendRawPiece len=7
[BaselineBoard] appendRawPiece len=43
    uuid  (children=2)
[BaselineBoard] appendRawPiece len=135
  wire  (children=4)
[traverseAst] WIRE depth=1 raw_len=135
[BaselineBoard] appendRawPiece len=135
[handleWireFromClean] called for tag='wire'
[handleWire] PUSH (pts.node.pts) 127.000000,88.900002->152.399994,88.900002 ; added=1
[handleWire] saved 1 wire(s) from pts-children (deduped)
[traverseAst] WIRE -> handleWireFromClean() called; board wireCount=12
[BaselineBoard] appendRawPiece len=50
    pts  (children=3)
[BaselineBoard] appendRawPiece len=18
      xy  (children=3)
[BaselineBoard] appendRawPiece len=3
[BaselineBoard] appendRawPiece len=9
[BaselineBoard] appendRawPiece len=25
      xy  (children=3)
[BaselineBoard] appendRawPiece len=10
[BaselineBoard] appendRawPiece len=9
[BaselineBoard] appendRawPiece len=33
    stroke  (children=3)
    [UNHANDLED-PCB] tag="stroke"
[BaselineBoard] appendRawPiece len=9
      width  (children=2)
      [UNHANDLED-PCB] tag="width"
[BaselineBoard] appendRawPiece len=1
[BaselineBoard] appendRawPiece len=14
      type  (children=2)
      [UNHANDLED-PCB] tag="type"
[BaselineBoard] appendRawPiece len=7
[BaselineBoard] appendRawPiece len=43
    uuid  (children=2)
[BaselineBoard] appendRawPiece len=142
  wire  (children=4)
[traverseAst] WIRE depth=1 raw_len=142
[BaselineBoard] appendRawPiece len=142
[handleWireFromClean] called for tag='wire'
[handleWire] PUSH (pts.node.pts) 152.399994,60.959999->152.399994,63.500000 ; added=1
[handleWire] saved 1 wire(s) from pts-children (deduped)
[traverseAst] WIRE -> handleWireFromClean() called; board wireCount=13
[BaselineBoard] appendRawPiece len=57
    pts  (children=3)
[BaselineBoard] appendRawPiece len=25
      xy  (children=3)
[BaselineBoard] appendRawPiece len=10
[BaselineBoard] appendRawPiece len=9
[BaselineBoard] appendRawPiece len=25
      xy  (children=3)
[BaselineBoard] appendRawPiece len=10
[BaselineBoard] appendRawPiece len=9
[BaselineBoard] appendRawPiece len=33
    stroke  (children=3)
    [UNHANDLED-PCB] tag="stroke"
[BaselineBoard] appendRawPiece len=9
      width  (children=2)
      [UNHANDLED-PCB] tag="width"
[BaselineBoard] appendRawPiece len=1
[BaselineBoard] appendRawPiece len=14
      type  (children=2)
      [UNHANDLED-PCB] tag="type"
[BaselineBoard] appendRawPiece len=7
[BaselineBoard] appendRawPiece len=43
    uuid  (children=2)
[BaselineBoard] appendRawPiece len=142
  wire  (children=4)
[traverseAst] WIRE depth=1 raw_len=142
[BaselineBoard] appendRawPiece len=142
[handleWireFromClean] called for tag='wire'
[handleWire] PUSH (pts.node.pts) 156.210007,95.250000->165.100006,95.250000 ; added=1
[handleWire] saved 1 wire(s) from pts-children (deduped)
[traverseAst] WIRE -> handleWireFromClean() called; board wireCount=14
[BaselineBoard] appendRawPiece len=57
    pts  (children=3)
[BaselineBoard] appendRawPiece len=25
      xy  (children=3)
[BaselineBoard] appendRawPiece len=10
[BaselineBoard] appendRawPiece len=9
[BaselineBoard] appendRawPiece len=25
      xy  (children=3)
[BaselineBoard] appendRawPiece len=10
[BaselineBoard] appendRawPiece len=9
[BaselineBoard] appendRawPiece len=33
    stroke  (children=3)
    [UNHANDLED-PCB] tag="stroke"
[BaselineBoard] appendRawPiece len=9
      width  (children=2)
      [UNHANDLED-PCB] tag="width"
[BaselineBoard] appendRawPiece len=1
[BaselineBoard] appendRawPiece len=14
      type  (children=2)
      [UNHANDLED-PCB] tag="type"
[BaselineBoard] appendRawPiece len=7
[BaselineBoard] appendRawPiece len=43
    uuid  (children=2)
[BaselineBoard] appendRawPiece len=142
  wire  (children=4)
[traverseAst] WIRE depth=1 raw_len=142
[BaselineBoard] appendRawPiece len=142
[handleWireFromClean] called for tag='wire'
[handleWire] PUSH (pts.node.pts) 152.399994,50.799999->152.399994,53.340000 ; added=1
[handleWire] saved 1 wire(s) from pts-children (deduped)
[traverseAst] WIRE -> handleWireFromClean() called; board wireCount=15
[BaselineBoard] appendRawPiece len=57
    pts  (children=3)
[BaselineBoard] appendRawPiece len=25
      xy  (children=3)
[BaselineBoard] appendRawPiece len=10
[BaselineBoard] appendRawPiece len=9
[BaselineBoard] appendRawPiece len=25
      xy  (children=3)
[BaselineBoard] appendRawPiece len=10
[BaselineBoard] appendRawPiece len=9
[BaselineBoard] appendRawPiece len=33
    stroke  (children=3)
    [UNHANDLED-PCB] tag="stroke"
[BaselineBoard] appendRawPiece len=9
      width  (children=2)
      [UNHANDLED-PCB] tag="width"
[BaselineBoard] appendRawPiece len=1
[BaselineBoard] appendRawPiece len=14
      type  (children=2)
      [UNHANDLED-PCB] tag="type"
[BaselineBoard] appendRawPiece len=7
[BaselineBoard] appendRawPiece len=43
    uuid  (children=2)
[BaselineBoard] appendRawPiece len=144
  wire  (children=4)
[traverseAst] WIRE depth=1 raw_len=144
[BaselineBoard] appendRawPiece len=144
[handleWireFromClean] called for tag='wire'
[handleWire] PUSH (pts.node.pts) 156.210007,133.350006->165.100006,133.350006 ; added=1
[handleWire] saved 1 wire(s) from pts-children (deduped)
[traverseAst] WIRE -> handleWireFromClean() called; board wireCount=16
[BaselineBoard] appendRawPiece len=59
    pts  (children=3)
[BaselineBoard] appendRawPiece len=26
      xy  (children=3)
[BaselineBoard] appendRawPiece len=10
[BaselineBoard] appendRawPiece len=10
[BaselineBoard] appendRawPiece len=26
      xy  (children=3)
[BaselineBoard] appendRawPiece len=10
[BaselineBoard] appendRawPiece len=10
[BaselineBoard] appendRawPiece len=33
    stroke  (children=3)
    [UNHANDLED-PCB] tag="stroke"
[BaselineBoard] appendRawPiece len=9
      width  (children=2)
      [UNHANDLED-PCB] tag="width"
[BaselineBoard] appendRawPiece len=1
[BaselineBoard] appendRawPiece len=14
      type  (children=2)
      [UNHANDLED-PCB] tag="type"
[BaselineBoard] appendRawPiece len=7
[BaselineBoard] appendRawPiece len=43
    uuid  (children=2)
[BaselineBoard] appendRawPiece len=142
  wire  (children=4)
[traverseAst] WIRE depth=1 raw_len=142
[BaselineBoard] appendRawPiece len=142
[handleWireFromClean] called for tag='wire'
[handleWire] PUSH (pts.node.pts) 156.210007,57.150002->165.100006,57.150002 ; added=1
[handleWire] saved 1 wire(s) from pts-children (deduped)
[traverseAst] WIRE -> handleWireFromClean() called; board wireCount=17
[BaselineBoard] appendRawPiece len=57
    pts  (children=3)
[BaselineBoard] appendRawPiece len=25
      xy  (children=3)
[BaselineBoard] appendRawPiece len=10
[BaselineBoard] appendRawPiece len=9
[BaselineBoard] appendRawPiece len=25
      xy  (children=3)
[BaselineBoard] appendRawPiece len=10
[BaselineBoard] appendRawPiece len=9
[BaselineBoard] appendRawPiece len=33
    stroke  (children=3)
    [UNHANDLED-PCB] tag="stroke"
[BaselineBoard] appendRawPiece len=9
      width  (children=2)
      [UNHANDLED-PCB] tag="width"
[BaselineBoard] appendRawPiece len=1
[BaselineBoard] appendRawPiece len=14
      type  (children=2)
      [UNHANDLED-PCB] tag="type"
[BaselineBoard] appendRawPiece len=7
[BaselineBoard] appendRawPiece len=43
    uuid  (children=2)
[BaselineBoard] appendRawPiece len=157
  text  (children=5)
[BaselineBoard] appendRawPiece len=148
  text  (children=5)
[BaselineBoard] appendRawPiece len=170
  label  (children=6)
[BaselineBoard] appendRawPiece len=171
  label  (children=6)
[BaselineBoard] appendRawPiece len=168
  label  (children=6)
[BaselineBoard] appendRawPiece len=170
  label  (children=6)
[BaselineBoard] appendRawPiece len=322
  netclass_flag  (children=9)
[BaselineBoard] appendRawPiece len=325
  netclass_flag  (children=9)
[BaselineBoard] appendRawPiece len=326
  netclass_flag  (children=9)
[BaselineBoard] appendRawPiece len=324
  netclass_flag  (children=9)
[BaselineBoard] appendRawPiece len=745
  symbol  (children=15)
[BaselineBoard] appendRawPiece len=1181
  symbol  (children=19)
[BaselineBoard] appendRawPiece len=1089
  symbol  (children=19)
[BaselineBoard] appendRawPiece len=750
  symbol  (children=15)
[BaselineBoard] appendRawPiece len=991
  symbol  (children=16)
[BaselineBoard] appendRawPiece len=745
  symbol  (children=15)
[BaselineBoard] appendRawPiece len=1260
  symbol  (children=19)
[BaselineBoard] appendRawPiece len=750
  symbol  (children=15)
[BaselineBoard] appendRawPiece len=39
  sheet_instances  (children=2)
  [UNHANDLED-PCB] tag="sheet_instances"
[BaselineBoard] appendRawPiece len=21
    path  (children=3)
    [UNHANDLED-PCB] tag="path"
[BaselineBoard] appendRawPiece len=3
[BaselineBoard] appendRawPiece len=10
      page  (children=2)
AstCleaner: handling lib_symbols at 0x635fb447b030
[UNHANDLED] cleanInner:netclass_flag addr=0x635fb447b6b0 -> (netclass_flag "" (length) (shape) (at) (fields_autoplaced) (effects) (uuid) (property) )
  children details (child_index: addr type extra):
    [0] addr=0x635fb447bc50 atom="netclass_flag"
    [1] addr=0x635fb447bc90 atom=""""
    [2] addr=0x635fb447bcd0 list_size=2 head="length"
    [3] addr=0x635fb447bd10 list_size=2 head="shape"
    [4] addr=0x635fb447bd50 list_size=4 head="at"
    [5] addr=0x635fb447bd90 list_size=1 head="fields_autoplaced"
    [6] addr=0x635fb447bdd0 list_size=3 head="effects"
    [7] addr=0x635fb447be10 list_size=2 head="uuid"
    [8] addr=0x635fb447be50 list_size=5 head="property"
[UNHANDLED] cleanInner:shape addr=0x635fb447bd10 -> (shape round )
  children details (child_index: addr type extra):
    [0] addr=0x635fb44a0220 atom="shape"
    [1] addr=0x635fb44a0260 atom="round"
[UNHANDLED] cleanInner:fields_autoplaced addr=0x635fb447bd90 -> (fields_autoplaced )
  children details (child_index: addr type extra):
    [0] addr=0x635fb44804b0 atom="fields_autoplaced"
[UNHANDLED] cleanInner:netclass_flag addr=0x635fb447b6f0 -> (netclass_flag "" (length) (shape) (at) (fields_autoplaced) (effects) (uuid) (property) )
  children details (child_index: addr type extra):
    [0] addr=0x635fb44a0cb0 atom="netclass_flag"
    [1] addr=0x635fb44a0cf0 atom=""""
    [2] addr=0x635fb44a0d30 list_size=2 head="length"
    [3] addr=0x635fb44a0d70 list_size=2 head="shape"
    [4] addr=0x635fb44a0db0 list_size=4 head="at"
    [5] addr=0x635fb44a0df0 list_size=1 head="fields_autoplaced"
    [6] addr=0x635fb44a0e30 list_size=3 head="effects"
    [7] addr=0x635fb44a0e70 list_size=2 head="uuid"
    [8] addr=0x635fb44a0eb0 list_size=5 head="property"
[UNHANDLED] cleanInner:shape addr=0x635fb44a0d70 -> (shape round )
  children details (child_index: addr type extra):
    [0] addr=0x635fb44a0f90 atom="shape"
    [1] addr=0x635fb44a0fd0 atom="round"
[UNHANDLED] cleanInner:fields_autoplaced addr=0x635fb44a0df0 -> (fields_autoplaced )
  children details (child_index: addr type extra):
    [0] addr=0x635fb4487170 atom="fields_autoplaced"
[UNHANDLED] cleanInner:netclass_flag addr=0x635fb447b730 -> (netclass_flag "" (length) (shape) (at) (fields_autoplaced) (effects) (uuid) (property) )
  children details (child_index: addr type extra):
    [0] addr=0x635fb44a1a20 atom="netclass_flag"
    [1] addr=0x635fb44a1a60 atom=""""
    [2] addr=0x635fb44a1aa0 list_size=2 head="length"
    [3] addr=0x635fb44a1ae0 list_size=2 head="shape"
    [4] addr=0x635fb44a1b20 list_size=4 head="at"
    [5] addr=0x635fb44a1b60 list_size=1 head="fields_autoplaced"
    [6] addr=0x635fb44a1ba0 list_size=3 head="effects"
    [7] addr=0x635fb44a1be0 list_size=2 head="uuid"
    [8] addr=0x635fb44a1c20 list_size=5 head="property"
[UNHANDLED] cleanInner:shape addr=0x635fb44a1ae0 -> (shape round )
  children details (child_index: addr type extra):
    [0] addr=0x635fb44a1d00 atom="shape"
    [1] addr=0x635fb44a1d40 atom="round"
[UNHANDLED] cleanInner:fields_autoplaced addr=0x635fb44a1b60 -> (fields_autoplaced )
  children details (child_index: addr type extra):
    [0] addr=0x635fb4489ed0 atom="fields_autoplaced"
[UNHANDLED] cleanInner:netclass_flag addr=0x635fb447b770 -> (netclass_flag "" (length) (shape) (at) (fields_autoplaced) (effects) (uuid) (property) )
  children details (child_index: addr type extra):
    [0] addr=0x635fb44a2790 atom="netclass_flag"
    [1] addr=0x635fb44a27d0 atom=""""
    [2] addr=0x635fb44a2810 list_size=2 head="length"
    [3] addr=0x635fb44a2850 list_size=2 head="shape"
    [4] addr=0x635fb44a2890 list_size=4 head="at"
    [5] addr=0x635fb44a28d0 list_size=1 head="fields_autoplaced"
    [6] addr=0x635fb44a2910 list_size=3 head="effects"
    [7] addr=0x635fb44a2950 list_size=2 head="uuid"
    [8] addr=0x635fb44a2990 list_size=5 head="property"
[UNHANDLED] cleanInner:shape addr=0x635fb44a2850 -> (shape round )
  children details (child_index: addr type extra):
    [0] addr=0x635fb44a2a70 atom="shape"
    [1] addr=0x635fb44a2ab0 atom="round"
[UNHANDLED] cleanInner:fields_autoplaced addr=0x635fb44a28d0 -> (fields_autoplaced )
  children details (child_index: addr type extra):
    [0] addr=0x635fb447ad60 atom="fields_autoplaced"
[appendRawPieceFromClean] piece_head='<kicad_sch>
  <version> attrs{value:20230121 }
  <generator> attrs{value:eeschema }
  <paper> attrs{value:"A4" }
  <lib_symbols>
  <symbol> property{"Reference"'...
[BaselineBoard] appendRawPiece len=21506 head="kicad_sch"
[walkSchematicOnce] cleanedRoot children=42
[walkSchematicOnce] child tag='version' children=0
[appendRawPieceFromClean] piece_head='<version> attrs{value:20230121 }'...
[BaselineBoard] appendRawPiece len=32 head="version"
[walkSchematicOnce] child tag='generator' children=0
[appendRawPieceFromClean] piece_head='<generator> attrs{value:eeschema }'...
[BaselineBoard] appendRawPiece len=34 head="generator"
[walkSchematicOnce] child tag='paper' children=0
[appendRawPieceFromClean] piece_head='<paper> attrs{value:"A4" }'...
[BaselineBoard] appendRawPiece len=26 head="paper"
[walkSchematicOnce] child tag='lib_symbols' children=3
[handleLibSymbolsCleanNode] called, children=3
[WARNING] Duplicate lib_symbols differs; keeping first.
[walkSchematicOnce] child tag='junction' children=0
[handleJunctionFromClean] called for tag='junction'
[handleJunction] saved junction shape (x=127.00, y=50.80)
[walkSchematicOnce] child tag='junction' children=0
[handleJunctionFromClean] called for tag='junction'
[handleJunction] saved junction shape (x=127.00, y=88.90)
[walkSchematicOnce] child tag='wire' children=1
[handleWireFromClean] called for tag='wire'
[handleWire] saved 1 wire(s) from clean.pts
[walkSchematicOnce] child tag='wire' children=1
[handleWireFromClean] called for tag='wire'
[handleWire] saved 1 wire(s) from clean.pts
[walkSchematicOnce] child tag='wire' children=1
[handleWireFromClean] called for tag='wire'
[handleWire] saved 1 wire(s) from clean.pts
[walkSchematicOnce] child tag='wire' children=1
[handleWireFromClean] called for tag='wire'
[handleWire] saved 1 wire(s) from clean.pts
[walkSchematicOnce] child tag='wire' children=1
[handleWireFromClean] called for tag='wire'
[handleWire] saved 1 wire(s) from clean.pts
[walkSchematicOnce] child tag='wire' children=1
[handleWireFromClean] called for tag='wire'
[handleWire] saved 1 wire(s) from clean.pts
[walkSchematicOnce] child tag='wire' children=1
[handleWireFromClean] called for tag='wire'
[handleWire] saved 1 wire(s) from clean.pts
[walkSchematicOnce] child tag='wire' children=1
[handleWireFromClean] called for tag='wire'
[handleWire] saved 1 wire(s) from clean.pts
[walkSchematicOnce] child tag='wire' children=1
[handleWireFromClean] called for tag='wire'
[handleWire] saved 1 wire(s) from clean.pts
[walkSchematicOnce] child tag='wire' children=1
[handleWireFromClean] called for tag='wire'
[handleWire] saved 1 wire(s) from clean.pts
[walkSchematicOnce] child tag='wire' children=1
[handleWireFromClean] called for tag='wire'
[handleWire] saved 1 wire(s) from clean.pts
[walkSchematicOnce] child tag='wire' children=1
[handleWireFromClean] called for tag='wire'
[handleWire] saved 1 wire(s) from clean.pts
[walkSchematicOnce] child tag='wire' children=1
[handleWireFromClean] called for tag='wire'
[handleWire] saved 1 wire(s) from clean.pts
[walkSchematicOnce] child tag='wire' children=1
[handleWireFromClean] called for tag='wire'
[handleWire] saved 1 wire(s) from clean.pts
[walkSchematicOnce] child tag='wire' children=1
[handleWireFromClean] called for tag='wire'
[handleWire] saved 1 wire(s) from clean.pts
[walkSchematicOnce] child tag='wire' children=1
[handleWireFromClean] called for tag='wire'
[handleWire] saved 1 wire(s) from clean.pts
[walkSchematicOnce] child tag='wire' children=1
[handleWireFromClean] called for tag='wire'
[handleWire] saved 1 wire(s) from clean.pts
[walkSchematicOnce] child tag='text' children=3
[handleTextFromClean] called for tag='text'
[handleText] failed to convert text to shape
[walkSchematicOnce] child tag='text' children=3
[handleTextFromClean] called for tag='text'
[handleText] failed to convert text to shape
[walkSchematicOnce] child tag='label' children=4
[handleTextFromClean] called for tag='label'
[handleText] failed to convert text to shape
[walkSchematicOnce] child tag='label' children=4
[handleTextFromClean] called for tag='label'
[handleText] failed to convert text to shape
[walkSchematicOnce] child tag='label' children=4
[handleTextFromClean] called for tag='label'
[handleText] failed to convert text to shape
[walkSchematicOnce] child tag='label' children=4
[handleTextFromClean] called for tag='label'
[handleText] failed to convert text to shape
[walkSchematicOnce] child tag='netclass_flag' children=5
[appendRawPieceFromClean] piece_head='<netclass_flag> at=(134.620,50.800,0.000) property{"op"="${OP}"} attrs{value:"" }
  <length> attrs{value:2.540000 }
  <shape> attrs{value:round }
  <fields_auto'...
[BaselineBoard] appendRawPiece len=367 head="netclass_flag"
[walkSchematicOnce] child tag='netclass_flag' children=5
[appendRawPieceFromClean] piece_head='<netclass_flag> at=(158.750,95.250,0.000) property{"op"="${OP.2V}"} attrs{value:"" }
  <length> attrs{value:2.540000 }
  <shape> attrs{value:round }
  <fields_a'...
[BaselineBoard] appendRawPiece len=373 head="netclass_flag"
[walkSchematicOnce] child tag='netclass_flag' children=5
[appendRawPieceFromClean] piece_head='<netclass_flag> at=(158.750,57.150,0.000) property{"op"="${OP.3mV}"} attrs{value:"" }
  <length> attrs{value:2.540000 }
  <shape> attrs{value:round }
  <fields_'...
[BaselineBoard] appendRawPiece len=375 head="netclass_flag"
[walkSchematicOnce] child tag='netclass_flag' children=5
[appendRawPieceFromClean] piece_head='<netclass_flag> at=(160.020,133.350,0.000) property{"op"="${OP}"} attrs{value:"" }
  <length> attrs{value:2.540000 }
  <shape> attrs{value:round }
  <fields_aut'...
[BaselineBoard] appendRawPiece len=369 head="netclass_flag"
[walkSchematicOnce] child tag='symbol' children=13
[handleSymbolFromClean] lib_id='(none)' tag='symbol' children=13
[walkSchematicOnce] child tag='symbol' children=17
[handleSymbolFromClean] lib_id='(none)' tag='symbol' children=17
[walkSchematicOnce] child tag='symbol' children=17
[handleSymbolFromClean] lib_id='(none)' tag='symbol' children=17
[walkSchematicOnce] child tag='symbol' children=13
[handleSymbolFromClean] lib_id='(none)' tag='symbol' children=13
[walkSchematicOnce] child tag='symbol' children=14
[handleSymbolFromClean] lib_id='(none)' tag='symbol' children=14
[walkSchematicOnce] child tag='symbol' children=13
[handleSymbolFromClean] lib_id='(none)' tag='symbol' children=13
[walkSchematicOnce] child tag='symbol' children=17
[handleSymbolFromClean] lib_id='(none)' tag='symbol' children=17
[walkSchematicOnce] child tag='symbol' children=13
[handleSymbolFromClean] lib_id='(none)' tag='symbol' children=13
[walkSchematicOnce] child tag='sheet_instances' children=1
[appendRawPieceFromClean] piece_head='<sheet_instances>
  <path> attrs{page:"1" }'...
[BaselineBoard] appendRawPiece len=43 head="sheet_instances"
=== SUMMARY === junctionShapes=4 wireShapes=34 symbols=8 rawPieces=332
=== DUMP wires: count=34 ===
 wire[0] start=(114.30,62.23) end=(114.30,63.50)
 wire[1] start=(127.00,88.90) end=(127.00,127.00)
 wire[2] start=(152.40,88.90) end=(152.40,91.44)
 wire[3] start=(114.30,50.80) end=(114.30,52.07)
 wire[4] start=(127.00,127.00) end=(152.40,127.00)
 wire[5] start=(152.40,127.00) end=(152.40,129.54)
 wire[6] start=(152.40,139.70) end=(152.40,137.16)
 wire[7] start=(127.00,50.80) end=(152.40,50.80)
 wire[8] start=(152.40,101.60) end=(152.40,99.06)
 wire[9] start=(127.00,50.80) end=(127.00,88.90)
 wire[10] start=(114.30,50.80) end=(127.00,50.80)
 wire[11] start=(127.00,88.90) end=(152.40,88.90)
 wire[12] start=(152.40,63.50) end=(152.40,60.96)
 wire[13] start=(156.21,95.25) end=(165.10,95.25)
 wire[14] start=(152.40,50.80) end=(152.40,53.34)
 wire[15] start=(156.21,133.35) end=(165.10,133.35)
 wire[16] start=(156.21,57.15) end=(165.10,57.15)
 wire[17] start=(114.30,62.23) end=(114.30,63.50)
 wire[18] start=(127.00,88.90) end=(127.00,127.00)
 wire[19] start=(152.40,88.90) end=(152.40,91.44)
 wire[20] start=(114.30,50.80) end=(114.30,52.07)
 wire[21] start=(127.00,127.00) end=(152.40,127.00)
 wire[22] start=(152.40,127.00) end=(152.40,129.54)
 wire[23] start=(152.40,139.70) end=(152.40,137.16)
 wire[24] start=(127.00,50.80) end=(152.40,50.80)
 wire[25] start=(152.40,101.60) end=(152.40,99.06)
 wire[26] start=(127.00,50.80) end=(127.00,88.90)
 wire[27] start=(114.30,50.80) end=(127.00,50.80)
 wire[28] start=(127.00,88.90) end=(152.40,88.90)
 wire[29] start=(152.40,63.50) end=(152.40,60.96)
 wire[30] start=(156.21,95.25) end=(165.10,95.25)
 wire[31] start=(152.40,50.80) end=(152.40,53.34)
 wire[32] start=(156.21,133.35) end=(165.10,133.35)
 wire[33] start=(156.21,57.15) end=(165.10,57.15)
[main] writing KiCad S-expr via b->dumpKiCad(std::cout)
[dumpKiCad] dumping board...
[dumpKiCad] done.
[main] writing KiCad S-expr via b->dumpKiCad(std::cout)
[dumpKiCad] dumping board...
[dumpKiCad] done.
[main] writing KiCad S-expr via b->dumpKiCad(std::cout)
[dumpKiCad] dumping board...
[dumpKiCad] done.
[main] writing KiCad S-expr via b->dumpKiCad(std::cout)
[dumpKiCad] dumping board...
[dumpKiCad] done.
[main] writing KiCad S-expr via b->dumpKiCad(std::cout)
[dumpKiCad] dumping board...
[dumpKiCad] done.
[main] writing KiCad S-expr via b->dumpKiCad(std::cout)
[dumpKiCad] dumping board...
[dumpKiCad] done.
