[DEBUG] Root children: 26
  child 0 (non-list or no head)
  child 1 tag="version"
  child 2 tag="generator"
  child 3 tag="uuid"
  child 4 tag="paper"
  child 5 tag="lib_symbols"
  child 6 tag="text"
  child 7 tag="junction"
  child 8 tag="wire"
  child 9 tag="wire"
  child 10 tag="wire"
  child 11 tag="wire"
  child 12 tag="wire"
  child 13 tag="wire"
  child 14 tag="wire"
  child 15 tag="wire"
  child 16 tag="wire"
  child 17 tag="symbol"
  child 18 tag="symbol"
  child 19 tag="symbol"
  child 20 tag="symbol"
  child 21 tag="symbol"
  child 22 tag="symbol"
  child 23 tag="symbol"
  child 24 tag="sheet_instances"
  child 25 tag="symbol_instances"
[BaselineBoard] appendRawPiece len=14078
kicad_sch  (children=26)
[UNHANDLED-PCB] tag="kicad_sch"
[BaselineBoard] appendRawPiece len=18
  version  (children=2)
[BaselineBoard] appendRawPiece len=20
  generator  (children=2)
[BaselineBoard] appendRawPiece len=43
  uuid  (children=2)
[BaselineBoard] appendRawPiece len=12
  paper  (children=2)
[BaselineBoard] appendRawPiece len=5910
  lib_symbols  (children=5)
[traverseAst] LIB_SYMBOLS depth=1 raw_len=5910
[BaselineBoard] setLibSymbolsRaw len=5910
[BaselineBoard] appendRawPiece len=5910
AstCleaner: handling lib_symbols at 0x7fff3aeb05b0
[handleLibSymbolsCleanNode] called, children=4
[WARNING] Duplicate lib_symbols differs; keeping first.
[traverseAst] LIB_SYMBOLS -> handleLibSymbolsCleanNode() called; libSymbolsRaw_len=5910
[BaselineBoard] appendRawPiece len=1602
    symbol  (children=15)
[BaselineBoard] appendRawPiece len=1273
    symbol  (children=15)
[BaselineBoard] appendRawPiece len=1985
    symbol  (children=18)
[BaselineBoard] appendRawPiece len=1033
    symbol  (children=14)
[BaselineBoard] appendRawPiece len=158
  text  (children=5)
[BaselineBoard] appendRawPiece len=108
  junction  (children=5)
[traverseAst] JUNCTION depth=1 raw_len=108
[BaselineBoard] appendRawPiece len=108
[UNHANDLED] cleanInner:diameter addr=0x57929c9865c0 -> (diameter 0 )
  children details (child_index: addr type extra):
    [0] addr=0x57929c97b6c0 atom="diameter"
    [1] addr=0x57929c97b700 atom="0"
[handleJunctionFromClean] called for tag='junction'
[handleJunction] saved junction shape (x=96.52, y=63.50)
[traverseAst] JUNCTION -> handleJunctionFromClean() called; board junctionCount=1
[BaselineBoard] appendRawPiece len=24
    at  (children=3)
    [UNHANDLED-PCB] tag="at"
[BaselineBoard] appendRawPiece len=9
[BaselineBoard] appendRawPiece len=9
[BaselineBoard] appendRawPiece len=12
    diameter  (children=2)
    [UNHANDLED-PCB] tag="diameter"
[BaselineBoard] appendRawPiece len=1
[BaselineBoard] appendRawPiece len=15
    color  (children=5)
    [UNHANDLED-PCB] tag="color"
[BaselineBoard] appendRawPiece len=1
[BaselineBoard] appendRawPiece len=1
[BaselineBoard] appendRawPiece len=1
[BaselineBoard] appendRawPiece len=1
[BaselineBoard] appendRawPiece len=43
    uuid  (children=2)
[BaselineBoard] appendRawPiece len=156
  wire  (children=4)
[traverseAst] WIRE depth=1 raw_len=156
[BaselineBoard] appendRawPiece len=156
[handleWireFromClean] called for tag='wire'
[handleWire] PUSH (pts.node.pts) 76.199997,63.500000->96.519997,63.500000 ; added=1
[handleWire] saved 1 wire(s) from pts-children (deduped)
[traverseAst] WIRE -> handleWireFromClean() called; board wireCount=1
[BaselineBoard] appendRawPiece len=55
    pts  (children=3)
[BaselineBoard] appendRawPiece len=24
      xy  (children=3)
[BaselineBoard] appendRawPiece len=9
[BaselineBoard] appendRawPiece len=9
[BaselineBoard] appendRawPiece len=24
      xy  (children=3)
[BaselineBoard] appendRawPiece len=9
[BaselineBoard] appendRawPiece len=9
[BaselineBoard] appendRawPiece len=49
    stroke  (children=4)
    [UNHANDLED-PCB] tag="stroke"
[BaselineBoard] appendRawPiece len=9
      width  (children=2)
      [UNHANDLED-PCB] tag="width"
[BaselineBoard] appendRawPiece len=1
[BaselineBoard] appendRawPiece len=14
      type  (children=2)
      [UNHANDLED-PCB] tag="type"
[BaselineBoard] appendRawPiece len=7
[BaselineBoard] appendRawPiece len=15
      color  (children=5)
      [UNHANDLED-PCB] tag="color"
[BaselineBoard] appendRawPiece len=1
[BaselineBoard] appendRawPiece len=1
[BaselineBoard] appendRawPiece len=1
[BaselineBoard] appendRawPiece len=1
[BaselineBoard] appendRawPiece len=43
    uuid  (children=2)
[BaselineBoard] appendRawPiece len=156
  wire  (children=4)
[traverseAst] WIRE depth=1 raw_len=156
[BaselineBoard] appendRawPiece len=156
[handleWireFromClean] called for tag='wire'
[handleWire] PUSH (pts.node.pts) 49.529999,63.500000->68.580002,63.500000 ; added=1
[handleWire] saved 1 wire(s) from pts-children (deduped)
[traverseAst] WIRE -> handleWireFromClean() called; board wireCount=2
[BaselineBoard] appendRawPiece len=55
    pts  (children=3)
[BaselineBoard] appendRawPiece len=24
      xy  (children=3)
[BaselineBoard] appendRawPiece len=9
[BaselineBoard] appendRawPiece len=9
[BaselineBoard] appendRawPiece len=24
      xy  (children=3)
[BaselineBoard] appendRawPiece len=9
[BaselineBoard] appendRawPiece len=9
[BaselineBoard] appendRawPiece len=49
    stroke  (children=4)
    [UNHANDLED-PCB] tag="stroke"
[BaselineBoard] appendRawPiece len=9
      width  (children=2)
      [UNHANDLED-PCB] tag="width"
[BaselineBoard] appendRawPiece len=1
[BaselineBoard] appendRawPiece len=14
      type  (children=2)
      [UNHANDLED-PCB] tag="type"
[BaselineBoard] appendRawPiece len=7
[BaselineBoard] appendRawPiece len=15
      color  (children=5)
      [UNHANDLED-PCB] tag="color"
[BaselineBoard] appendRawPiece len=1
[BaselineBoard] appendRawPiece len=1
[BaselineBoard] appendRawPiece len=1
[BaselineBoard] appendRawPiece len=1
[BaselineBoard] appendRawPiece len=43
    uuid  (children=2)
[BaselineBoard] appendRawPiece len=158
  wire  (children=4)
[traverseAst] WIRE depth=1 raw_len=158
[BaselineBoard] appendRawPiece len=158
[handleWireFromClean] called for tag='wire'
[handleWire] PUSH (pts.node.pts) 110.489998,63.500000->110.489998,73.660004 ; added=1
[handleWire] saved 1 wire(s) from pts-children (deduped)
[traverseAst] WIRE -> handleWireFromClean() called; board wireCount=3
[BaselineBoard] appendRawPiece len=57
    pts  (children=3)
[BaselineBoard] appendRawPiece len=25
      xy  (children=3)
[BaselineBoard] appendRawPiece len=10
[BaselineBoard] appendRawPiece len=9
[BaselineBoard] appendRawPiece len=25
      xy  (children=3)
[BaselineBoard] appendRawPiece len=10
[BaselineBoard] appendRawPiece len=9
[BaselineBoard] appendRawPiece len=49
    stroke  (children=4)
    [UNHANDLED-PCB] tag="stroke"
[BaselineBoard] appendRawPiece len=9
      width  (children=2)
      [UNHANDLED-PCB] tag="width"
[BaselineBoard] appendRawPiece len=1
[BaselineBoard] appendRawPiece len=14
      type  (children=2)
      [UNHANDLED-PCB] tag="type"
[BaselineBoard] appendRawPiece len=7
[BaselineBoard] appendRawPiece len=15
      color  (children=5)
      [UNHANDLED-PCB] tag="color"
[BaselineBoard] appendRawPiece len=1
[BaselineBoard] appendRawPiece len=1
[BaselineBoard] appendRawPiece len=1
[BaselineBoard] appendRawPiece len=1
[BaselineBoard] appendRawPiece len=43
    uuid  (children=2)
[BaselineBoard] appendRawPiece len=156
  wire  (children=4)
[traverseAst] WIRE depth=1 raw_len=156
[BaselineBoard] appendRawPiece len=156
[handleWireFromClean] called for tag='wire'
[handleWire] PUSH (pts.node.pts) 96.519997,81.279999->96.519997,91.440002 ; added=1
[handleWire] saved 1 wire(s) from pts-children (deduped)
[traverseAst] WIRE -> handleWireFromClean() called; board wireCount=4
[BaselineBoard] appendRawPiece len=55
    pts  (children=3)
[BaselineBoard] appendRawPiece len=24
      xy  (children=3)
[BaselineBoard] appendRawPiece len=9
[BaselineBoard] appendRawPiece len=9
[BaselineBoard] appendRawPiece len=24
      xy  (children=3)
[BaselineBoard] appendRawPiece len=9
[BaselineBoard] appendRawPiece len=9
[BaselineBoard] appendRawPiece len=49
    stroke  (children=4)
    [UNHANDLED-PCB] tag="stroke"
[BaselineBoard] appendRawPiece len=9
      width  (children=2)
      [UNHANDLED-PCB] tag="width"
[BaselineBoard] appendRawPiece len=1
[BaselineBoard] appendRawPiece len=14
      type  (children=2)
      [UNHANDLED-PCB] tag="type"
[BaselineBoard] appendRawPiece len=7
[BaselineBoard] appendRawPiece len=15
      color  (children=5)
      [UNHANDLED-PCB] tag="color"
[BaselineBoard] appendRawPiece len=1
[BaselineBoard] appendRawPiece len=1
[BaselineBoard] appendRawPiece len=1
[BaselineBoard] appendRawPiece len=1
[BaselineBoard] appendRawPiece len=43
    uuid  (children=2)
[BaselineBoard] appendRawPiece len=157
  wire  (children=4)
[traverseAst] WIRE depth=1 raw_len=157
[BaselineBoard] appendRawPiece len=157
[handleWireFromClean] called for tag='wire'
[handleWire] PUSH (pts.node.pts) 110.489998,63.500000->96.519997,63.500000 ; added=1
[handleWire] saved 1 wire(s) from pts-children (deduped)
[traverseAst] WIRE -> handleWireFromClean() called; board wireCount=5
[BaselineBoard] appendRawPiece len=56
    pts  (children=3)
[BaselineBoard] appendRawPiece len=25
      xy  (children=3)
[BaselineBoard] appendRawPiece len=10
[BaselineBoard] appendRawPiece len=9
[BaselineBoard] appendRawPiece len=24
      xy  (children=3)
[BaselineBoard] appendRawPiece len=9
[BaselineBoard] appendRawPiece len=9
[BaselineBoard] appendRawPiece len=49
    stroke  (children=4)
    [UNHANDLED-PCB] tag="stroke"
[BaselineBoard] appendRawPiece len=9
      width  (children=2)
      [UNHANDLED-PCB] tag="width"
[BaselineBoard] appendRawPiece len=1
[BaselineBoard] appendRawPiece len=14
      type  (children=2)
      [UNHANDLED-PCB] tag="type"
[BaselineBoard] appendRawPiece len=7
[BaselineBoard] appendRawPiece len=15
      color  (children=5)
      [UNHANDLED-PCB] tag="color"
[BaselineBoard] appendRawPiece len=1
[BaselineBoard] appendRawPiece len=1
[BaselineBoard] appendRawPiece len=1
[BaselineBoard] appendRawPiece len=1
[BaselineBoard] appendRawPiece len=43
    uuid  (children=2)
[BaselineBoard] appendRawPiece len=158
  wire  (children=4)
[traverseAst] WIRE depth=1 raw_len=158
[BaselineBoard] appendRawPiece len=158
[handleWireFromClean] called for tag='wire'
[handleWire] PUSH (pts.node.pts) 110.489998,81.279999->110.489998,91.440002 ; added=1
[handleWire] saved 1 wire(s) from pts-children (deduped)
[traverseAst] WIRE -> handleWireFromClean() called; board wireCount=6
[BaselineBoard] appendRawPiece len=57
    pts  (children=3)
[BaselineBoard] appendRawPiece len=25
      xy  (children=3)
[BaselineBoard] appendRawPiece len=10
[BaselineBoard] appendRawPiece len=9
[BaselineBoard] appendRawPiece len=25
      xy  (children=3)
[BaselineBoard] appendRawPiece len=10
[BaselineBoard] appendRawPiece len=9
[BaselineBoard] appendRawPiece len=49
    stroke  (children=4)
    [UNHANDLED-PCB] tag="stroke"
[BaselineBoard] appendRawPiece len=9
      width  (children=2)
      [UNHANDLED-PCB] tag="width"
[BaselineBoard] appendRawPiece len=1
[BaselineBoard] appendRawPiece len=14
      type  (children=2)
      [UNHANDLED-PCB] tag="type"
[BaselineBoard] appendRawPiece len=7
[BaselineBoard] appendRawPiece len=15
      color  (children=5)
      [UNHANDLED-PCB] tag="color"
[BaselineBoard] appendRawPiece len=1
[BaselineBoard] appendRawPiece len=1
[BaselineBoard] appendRawPiece len=1
[BaselineBoard] appendRawPiece len=1
[BaselineBoard] appendRawPiece len=43
    uuid  (children=2)
[BaselineBoard] appendRawPiece len=156
  wire  (children=4)
[traverseAst] WIRE depth=1 raw_len=156
[BaselineBoard] appendRawPiece len=156
[handleWireFromClean] called for tag='wire'
[handleWire] PUSH (pts.node.pts) 49.529999,81.279999->49.529999,91.440002 ; added=1
[handleWire] saved 1 wire(s) from pts-children (deduped)
[traverseAst] WIRE -> handleWireFromClean() called; board wireCount=7
[BaselineBoard] appendRawPiece len=55
    pts  (children=3)
[BaselineBoard] appendRawPiece len=24
      xy  (children=3)
[BaselineBoard] appendRawPiece len=9
[BaselineBoard] appendRawPiece len=9
[BaselineBoard] appendRawPiece len=24
      xy  (children=3)
[BaselineBoard] appendRawPiece len=9
[BaselineBoard] appendRawPiece len=9
[BaselineBoard] appendRawPiece len=49
    stroke  (children=4)
    [UNHANDLED-PCB] tag="stroke"
[BaselineBoard] appendRawPiece len=9
      width  (children=2)
      [UNHANDLED-PCB] tag="width"
[BaselineBoard] appendRawPiece len=1
[BaselineBoard] appendRawPiece len=14
      type  (children=2)
      [UNHANDLED-PCB] tag="type"
[BaselineBoard] appendRawPiece len=7
[BaselineBoard] appendRawPiece len=15
      color  (children=5)
      [UNHANDLED-PCB] tag="color"
[BaselineBoard] appendRawPiece len=1
[BaselineBoard] appendRawPiece len=1
[BaselineBoard] appendRawPiece len=1
[BaselineBoard] appendRawPiece len=1
[BaselineBoard] appendRawPiece len=43
    uuid  (children=2)
[BaselineBoard] appendRawPiece len=156
  wire  (children=4)
[traverseAst] WIRE depth=1 raw_len=156
[BaselineBoard] appendRawPiece len=156
[handleWireFromClean] called for tag='wire'
[handleWire] PUSH (pts.node.pts) 49.529999,63.500000->49.529999,71.120003 ; added=1
[handleWire] saved 1 wire(s) from pts-children (deduped)
[traverseAst] WIRE -> handleWireFromClean() called; board wireCount=8
[BaselineBoard] appendRawPiece len=55
    pts  (children=3)
[BaselineBoard] appendRawPiece len=24
      xy  (children=3)
[BaselineBoard] appendRawPiece len=9
[BaselineBoard] appendRawPiece len=9
[BaselineBoard] appendRawPiece len=24
      xy  (children=3)
[BaselineBoard] appendRawPiece len=9
[BaselineBoard] appendRawPiece len=9
[BaselineBoard] appendRawPiece len=49
    stroke  (children=4)
    [UNHANDLED-PCB] tag="stroke"
[BaselineBoard] appendRawPiece len=9
      width  (children=2)
      [UNHANDLED-PCB] tag="width"
[BaselineBoard] appendRawPiece len=1
[BaselineBoard] appendRawPiece len=14
      type  (children=2)
      [UNHANDLED-PCB] tag="type"
[BaselineBoard] appendRawPiece len=7
[BaselineBoard] appendRawPiece len=15
      color  (children=5)
      [UNHANDLED-PCB] tag="color"
[BaselineBoard] appendRawPiece len=1
[BaselineBoard] appendRawPiece len=1
[BaselineBoard] appendRawPiece len=1
[BaselineBoard] appendRawPiece len=1
[BaselineBoard] appendRawPiece len=43
    uuid  (children=2)
[BaselineBoard] appendRawPiece len=156
  wire  (children=4)
[traverseAst] WIRE depth=1 raw_len=156
[BaselineBoard] appendRawPiece len=156
[handleWireFromClean] called for tag='wire'
[handleWire] PUSH (pts.node.pts) 96.519997,63.500000->96.519997,73.660004 ; added=1
[handleWire] saved 1 wire(s) from pts-children (deduped)
[traverseAst] WIRE -> handleWireFromClean() called; board wireCount=9
[BaselineBoard] appendRawPiece len=55
    pts  (children=3)
[BaselineBoard] appendRawPiece len=24
      xy  (children=3)
[BaselineBoard] appendRawPiece len=9
[BaselineBoard] appendRawPiece len=9
[BaselineBoard] appendRawPiece len=24
      xy  (children=3)
[BaselineBoard] appendRawPiece len=9
[BaselineBoard] appendRawPiece len=9
[BaselineBoard] appendRawPiece len=49
    stroke  (children=4)
    [UNHANDLED-PCB] tag="stroke"
[BaselineBoard] appendRawPiece len=9
      width  (children=2)
      [UNHANDLED-PCB] tag="width"
[BaselineBoard] appendRawPiece len=1
[BaselineBoard] appendRawPiece len=14
      type  (children=2)
      [UNHANDLED-PCB] tag="type"
[BaselineBoard] appendRawPiece len=7
[BaselineBoard] appendRawPiece len=15
      color  (children=5)
      [UNHANDLED-PCB] tag="color"
[BaselineBoard] appendRawPiece len=1
[BaselineBoard] appendRawPiece len=1
[BaselineBoard] appendRawPiece len=1
[BaselineBoard] appendRawPiece len=1
[BaselineBoard] appendRawPiece len=43
    uuid  (children=2)
[BaselineBoard] appendRawPiece len=599
  symbol  (children=13)
[BaselineBoard] appendRawPiece len=724
  symbol  (children=14)
[BaselineBoard] appendRawPiece len=1147
  symbol  (children=17)
[BaselineBoard] appendRawPiece len=603
  symbol  (children=14)
[BaselineBoard] appendRawPiece len=1325
  symbol  (children=19)
[BaselineBoard] appendRawPiece len=595
  symbol  (children=13)
[BaselineBoard] appendRawPiece len=595
  symbol  (children=13)
[BaselineBoard] appendRawPiece len=39
  sheet_instances  (children=2)
  [UNHANDLED-PCB] tag="sheet_instances"
[BaselineBoard] appendRawPiece len=21
    path  (children=3)
    [UNHANDLED-PCB] tag="path"
[BaselineBoard] appendRawPiece len=3
[BaselineBoard] appendRawPiece len=10
      page  (children=2)
[BaselineBoard] appendRawPiece len=737
  symbol_instances  (children=8)
  [UNHANDLED-PCB] tag="symbol_instances"
[BaselineBoard] appendRawPiece len=103
    path  (children=6)
    [UNHANDLED-PCB] tag="path"
[BaselineBoard] appendRawPiece len=39
[BaselineBoard] appendRawPiece len=20
      reference  (children=2)
      [UNHANDLED-PCB] tag="reference"
[BaselineBoard] appendRawPiece len=8
[BaselineBoard] appendRawPiece len=8
      unit  (children=2)
      [UNHANDLED-PCB] tag="unit"
[BaselineBoard] appendRawPiece len=1
[BaselineBoard] appendRawPiece len=11
      value  (children=2)
      [UNHANDLED-PCB] tag="value"
[BaselineBoard] appendRawPiece len=3
[BaselineBoard] appendRawPiece len=14
      footprint  (children=2)
      [UNHANDLED-PCB] tag="footprint"
[BaselineBoard] appendRawPiece len=2
[BaselineBoard] appendRawPiece len=103
    path  (children=6)
    [UNHANDLED-PCB] tag="path"
[BaselineBoard] appendRawPiece len=39
[BaselineBoard] appendRawPiece len=20
      reference  (children=2)
      [UNHANDLED-PCB] tag="reference"
[BaselineBoard] appendRawPiece len=8
[BaselineBoard] appendRawPiece len=8
      unit  (children=2)
      [UNHANDLED-PCB] tag="unit"
[BaselineBoard] appendRawPiece len=1
[BaselineBoard] appendRawPiece len=11
      value  (children=2)
      [UNHANDLED-PCB] tag="value"
[BaselineBoard] appendRawPiece len=3
[BaselineBoard] appendRawPiece len=14
      footprint  (children=2)
      [UNHANDLED-PCB] tag="footprint"
[BaselineBoard] appendRawPiece len=2
[BaselineBoard] appendRawPiece len=102
    path  (children=6)
    [UNHANDLED-PCB] tag="path"
[BaselineBoard] appendRawPiece len=39
[BaselineBoard] appendRawPiece len=19
      reference  (children=2)
      [UNHANDLED-PCB] tag="reference"
[BaselineBoard] appendRawPiece len=7
[BaselineBoard] appendRawPiece len=8
      unit  (children=2)
      [UNHANDLED-PCB] tag="unit"
[BaselineBoard] appendRawPiece len=1
[BaselineBoard] appendRawPiece len=11
      value  (children=2)
      [UNHANDLED-PCB] tag="value"
[BaselineBoard] appendRawPiece len=3
[BaselineBoard] appendRawPiece len=14
      footprint  (children=2)
      [UNHANDLED-PCB] tag="footprint"
[BaselineBoard] appendRawPiece len=2
[BaselineBoard] appendRawPiece len=99
    path  (children=6)
    [UNHANDLED-PCB] tag="path"
[BaselineBoard] appendRawPiece len=39
[BaselineBoard] appendRawPiece len=16
      reference  (children=2)
      [UNHANDLED-PCB] tag="reference"
[BaselineBoard] appendRawPiece len=4
[BaselineBoard] appendRawPiece len=8
      unit  (children=2)
      [UNHANDLED-PCB] tag="unit"
[BaselineBoard] appendRawPiece len=1
[BaselineBoard] appendRawPiece len=11
      value  (children=2)
      [UNHANDLED-PCB] tag="value"
[BaselineBoard] appendRawPiece len=3
[BaselineBoard] appendRawPiece len=14
      footprint  (children=2)
      [UNHANDLED-PCB] tag="footprint"
[BaselineBoard] appendRawPiece len=2
[BaselineBoard] appendRawPiece len=100
    path  (children=6)
    [UNHANDLED-PCB] tag="path"
[BaselineBoard] appendRawPiece len=39
[BaselineBoard] appendRawPiece len=16
      reference  (children=2)
      [UNHANDLED-PCB] tag="reference"
[BaselineBoard] appendRawPiece len=4
[BaselineBoard] appendRawPiece len=8
      unit  (children=2)
      [UNHANDLED-PCB] tag="unit"
[BaselineBoard] appendRawPiece len=1
[BaselineBoard] appendRawPiece len=12
      value  (children=2)
      [UNHANDLED-PCB] tag="value"
[BaselineBoard] appendRawPiece len=4
[BaselineBoard] appendRawPiece len=14
      footprint  (children=2)
      [UNHANDLED-PCB] tag="footprint"
[BaselineBoard] appendRawPiece len=2
[BaselineBoard] appendRawPiece len=101
    path  (children=6)
    [UNHANDLED-PCB] tag="path"
[BaselineBoard] appendRawPiece len=39
[BaselineBoard] appendRawPiece len=16
      reference  (children=2)
      [UNHANDLED-PCB] tag="reference"
[BaselineBoard] appendRawPiece len=4
[BaselineBoard] appendRawPiece len=8
      unit  (children=2)
      [UNHANDLED-PCB] tag="unit"
[BaselineBoard] appendRawPiece len=1
[BaselineBoard] appendRawPiece len=13
      value  (children=2)
      [UNHANDLED-PCB] tag="value"
[BaselineBoard] appendRawPiece len=5
[BaselineBoard] appendRawPiece len=14
      footprint  (children=2)
      [UNHANDLED-PCB] tag="footprint"
[BaselineBoard] appendRawPiece len=2
[BaselineBoard] appendRawPiece len=104
    path  (children=6)
    [UNHANDLED-PCB] tag="path"
[BaselineBoard] appendRawPiece len=39
[BaselineBoard] appendRawPiece len=16
      reference  (children=2)
      [UNHANDLED-PCB] tag="reference"
[BaselineBoard] appendRawPiece len=4
[BaselineBoard] appendRawPiece len=8
      unit  (children=2)
      [UNHANDLED-PCB] tag="unit"
[BaselineBoard] appendRawPiece len=1
[BaselineBoard] appendRawPiece len=16
      value  (children=2)
      [UNHANDLED-PCB] tag="value"
[BaselineBoard] appendRawPiece len=8
[BaselineBoard] appendRawPiece len=14
      footprint  (children=2)
      [UNHANDLED-PCB] tag="footprint"
[BaselineBoard] appendRawPiece len=2
AstCleaner: handling lib_symbols at 0x57929c9832d0
[UNHANDLED] cleanInner:value addr=0x57929c9b4290 -> (value "0" )
  children details (child_index: addr type extra):
    [0] addr=0x57929c9b4470 atom="value"
    [1] addr=0x57929c9b44b0 atom=""0""
[UNHANDLED] cleanInner:value addr=0x57929c9b4690 -> (value "0" )
  children details (child_index: addr type extra):
    [0] addr=0x57929c9b4870 atom="value"
    [1] addr=0x57929c9b48b0 atom=""0""
[UNHANDLED] cleanInner:value addr=0x57929c9b4a90 -> (value "0" )
  children details (child_index: addr type extra):
    [0] addr=0x57929c9b4c70 atom="value"
    [1] addr=0x57929c9b4cb0 atom=""0""
[UNHANDLED] cleanInner:value addr=0x57929c9b4e90 -> (value "D" )
  children details (child_index: addr type extra):
    [0] addr=0x57929c9b5070 atom="value"
    [1] addr=0x57929c9b50b0 atom=""D""
[UNHANDLED] cleanInner:value addr=0x57929c9b5290 -> (value "1k" )
  children details (child_index: addr type extra):
    [0] addr=0x57929c9b5470 atom="value"
    [1] addr=0x57929c9b54b0 atom=""1k""
[UNHANDLED] cleanInner:value addr=0x57929c9b5690 -> (value "10k" )
  children details (child_index: addr type extra):
    [0] addr=0x57929c9b5870 atom="value"
    [1] addr=0x57929c9b58b0 atom=""10k""
[UNHANDLED] cleanInner:value addr=0x57929c9b5a90 -> (value "VPULSE" )
  children details (child_index: addr type extra):
    [0] addr=0x57929c9b5c70 atom="value"
    [1] addr=0x57929c9b5cb0 atom=""VPULSE""
[appendRawPieceFromClean] piece_head='<kicad_sch>
  <version> attrs{value:20211123 }
  <generator> attrs{value:eeschema }
  <paper> attrs{value:"A4" }
  <lib_symbols>
  <symbol> property{"Reference"'...
[BaselineBoard] appendRawPiece len=17452 head="kicad_sch"
[walkSchematicOnce] cleanedRoot children=24
[walkSchematicOnce] child tag='version' children=0
[appendRawPieceFromClean] piece_head='<version> attrs{value:20211123 }'...
[BaselineBoard] appendRawPiece len=32 head="version"
[walkSchematicOnce] child tag='generator' children=0
[appendRawPieceFromClean] piece_head='<generator> attrs{value:eeschema }'...
[BaselineBoard] appendRawPiece len=34 head="generator"
[walkSchematicOnce] child tag='paper' children=0
[appendRawPieceFromClean] piece_head='<paper> attrs{value:"A4" }'...
[BaselineBoard] appendRawPiece len=26 head="paper"
[walkSchematicOnce] child tag='lib_symbols' children=4
[handleLibSymbolsCleanNode] called, children=4
[WARNING] Duplicate lib_symbols differs; keeping first.
[walkSchematicOnce] child tag='text' children=3
[handleTextFromClean] called for tag='text'
[handleText] failed to convert text to shape
[walkSchematicOnce] child tag='junction' children=0
[handleJunctionFromClean] called for tag='junction'
[handleJunction] saved junction shape (x=96.52, y=63.50)
[walkSchematicOnce] child tag='wire' children=1
[handleWireFromClean] called for tag='wire'
[handleWire] saved 1 wire(s) from clean.pts
[walkSchematicOnce] child tag='wire' children=1
[handleWireFromClean] called for tag='wire'
[handleWire] saved 1 wire(s) from clean.pts
[walkSchematicOnce] child tag='wire' children=1
[handleWireFromClean] called for tag='wire'
[handleWire] saved 1 wire(s) from clean.pts
[walkSchematicOnce] child tag='wire' children=1
[handleWireFromClean] called for tag='wire'
[handleWire] saved 1 wire(s) from clean.pts
[walkSchematicOnce] child tag='wire' children=1
[handleWireFromClean] called for tag='wire'
[handleWire] saved 1 wire(s) from clean.pts
[walkSchematicOnce] child tag='wire' children=1
[handleWireFromClean] called for tag='wire'
[handleWire] saved 1 wire(s) from clean.pts
[walkSchematicOnce] child tag='wire' children=1
[handleWireFromClean] called for tag='wire'
[handleWire] saved 1 wire(s) from clean.pts
[walkSchematicOnce] child tag='wire' children=1
[handleWireFromClean] called for tag='wire'
[handleWire] saved 1 wire(s) from clean.pts
[walkSchematicOnce] child tag='wire' children=1
[handleWireFromClean] called for tag='wire'
[handleWire] saved 1 wire(s) from clean.pts
[walkSchematicOnce] child tag='symbol' children=11
[handleSymbolFromClean] lib_id='(none)' tag='symbol' children=11
[walkSchematicOnce] child tag='symbol' children=12
[handleSymbolFromClean] lib_id='(none)' tag='symbol' children=12
[walkSchematicOnce] child tag='symbol' children=15
[handleSymbolFromClean] lib_id='(none)' tag='symbol' children=15
[walkSchematicOnce] child tag='symbol' children=12
[handleSymbolFromClean] lib_id='(none)' tag='symbol' children=12
[walkSchematicOnce] child tag='symbol' children=17
[handleSymbolFromClean] lib_id='(none)' tag='symbol' children=17
[walkSchematicOnce] child tag='symbol' children=11
[handleSymbolFromClean] lib_id='(none)' tag='symbol' children=11
[walkSchematicOnce] child tag='symbol' children=11
[handleSymbolFromClean] lib_id='(none)' tag='symbol' children=11
[walkSchematicOnce] child tag='sheet_instances' children=1
[appendRawPieceFromClean] piece_head='<sheet_instances>
  <path> attrs{page:"1" }'...
[BaselineBoard] appendRawPiece len=43 head="sheet_instances"
[walkSchematicOnce] child tag='symbol_instances' children=7
[appendRawPieceFromClean] piece_head='<symbol_instances>
  <path> attrs{value:"/953baf45-76c0-417d-b68a-33fecdb25a10" }
  <reference> attrs{value:"#GND01" }
  <unit> attrs{value:1 }
  <value> attrs{'...
[BaselineBoard] appendRawPiece len=1178 head="symbol_instances"
=== SUMMARY === junctionShapes=2 wireShapes=18 symbols=7 rawPieces=296
=== DUMP wires: count=18 ===
 wire[0] start=(76.20,63.50) end=(96.52,63.50)
 wire[1] start=(68.58,63.50) end=(49.53,63.50)
 wire[2] start=(110.49,73.66) end=(110.49,63.50)
 wire[3] start=(96.52,91.44) end=(96.52,81.28)
 wire[4] start=(110.49,63.50) end=(96.52,63.50)
 wire[5] start=(110.49,91.44) end=(110.49,81.28)
 wire[6] start=(49.53,91.44) end=(49.53,81.28)
 wire[7] start=(49.53,63.50) end=(49.53,71.12)
 wire[8] start=(96.52,63.50) end=(96.52,73.66)
 wire[9] start=(76.20,63.50) end=(96.52,63.50)
 wire[10] start=(68.58,63.50) end=(49.53,63.50)
 wire[11] start=(110.49,73.66) end=(110.49,63.50)
 wire[12] start=(96.52,91.44) end=(96.52,81.28)
 wire[13] start=(110.49,63.50) end=(96.52,63.50)
 wire[14] start=(110.49,91.44) end=(110.49,81.28)
 wire[15] start=(49.53,91.44) end=(49.53,81.28)
 wire[16] start=(49.53,63.50) end=(49.53,71.12)
 wire[17] start=(96.52,63.50) end=(96.52,73.66)
[main] writing KiCad S-expr via b->dumpKiCad(std::cout)
[dumpKiCad] dumping board...
[dumpKiCad] done.
[main] writing KiCad S-expr via b->dumpKiCad(std::cout)
[dumpKiCad] dumping board...
[dumpKiCad] done.
[main] writing KiCad S-expr via b->dumpKiCad(std::cout)
[dumpKiCad] dumping board...
[dumpKiCad] done.
[main] writing KiCad S-expr via b->dumpKiCad(std::cout)
[dumpKiCad] dumping board...
[dumpKiCad] done.
[main] writing KiCad S-expr via b->dumpKiCad(std::cout)
[dumpKiCad] dumping board...
[dumpKiCad] done.
[main] writing KiCad S-expr via b->dumpKiCad(std::cout)
[dumpKiCad] dumping board...
[dumpKiCad] done.
