[DEBUG] Root children: 82
  child 0 (non-list or no head)
  child 1 tag="version"
  child 2 tag="generator"
  child 3 tag="generator_version"
  child 4 tag="uuid"
  child 5 tag="paper"
  child 6 tag="title_block"
  child 7 tag="lib_symbols"
  child 8 tag="no_connect"
  child 9 tag="no_connect"
  child 10 tag="wire"
  child 11 tag="wire"
  child 12 tag="wire"
  child 13 tag="wire"
  child 14 tag="wire"
  child 15 tag="wire"
  child 16 tag="wire"
  child 17 tag="wire"
  child 18 tag="wire"
  child 19 tag="wire"
  child 20 tag="wire"
  child 21 tag="wire"
  child 22 tag="wire"
  child 23 tag="wire"
  child 24 tag="wire"
  child 25 tag="wire"
  child 26 tag="wire"
  child 27 tag="wire"
  child 28 tag="wire"
  child 29 tag="wire"
  child 30 tag="wire"
  child 31 tag="wire"
  child 32 tag="wire"
  child 33 tag="wire"
  child 34 tag="wire"
  child 35 tag="wire"
  child 36 tag="wire"
  child 37 tag="wire"
  child 38 tag="wire"
  child 39 tag="wire"
  child 40 tag="wire"
  child 41 tag="wire"
  child 42 tag="wire"
  child 43 tag="wire"
  child 44 tag="wire"
  child 45 tag="wire"
  child 46 tag="wire"
  child 47 tag="label"
  child 48 tag="label"
  child 49 tag="label"
  child 50 tag="label"
  child 51 tag="label"
  child 52 tag="label"
  child 53 tag="label"
  child 54 tag="label"
  child 55 tag="label"
  child 56 tag="label"
  child 57 tag="label"
  child 58 tag="label"
  child 59 tag="label"
  child 60 tag="label"
  child 61 tag="label"
  child 62 tag="label"
  child 63 tag="label"
  child 64 tag="label"
  child 65 tag="label"
  child 66 tag="label"
  child 67 tag="label"
  child 68 tag="label"
  child 69 tag="label"
  child 70 tag="label"
  child 71 tag="label"
  child 72 tag="label"
  child 73 tag="label"
  child 74 tag="symbol"
  child 75 tag="symbol"
  child 76 tag="symbol"
  child 77 tag="symbol"
  child 78 tag="symbol"
  child 79 tag="symbol"
  child 80 tag="symbol"
  child 81 tag="sheet_instances"
[BaselineBoard] appendRawPiece len=29398
kicad_sch  (children=82)
[UNHANDLED-PCB] tag="kicad_sch"
[BaselineBoard] appendRawPiece len=18
  version  (children=2)
[BaselineBoard] appendRawPiece len=22
  generator  (children=2)
[BaselineBoard] appendRawPiece len=25
  generator_version  (children=2)
[BaselineBoard] appendRawPiece len=45
  uuid  (children=2)
[BaselineBoard] appendRawPiece len=12
  paper  (children=2)
[BaselineBoard] appendRawPiece len=41
  title_block  (children=2)
[BaselineBoard] appendRawPiece len=10869
  lib_symbols  (children=6)
[traverseAst] LIB_SYMBOLS depth=1 raw_len=10869
[BaselineBoard] setLibSymbolsRaw len=10869
[BaselineBoard] appendRawPiece len=10869
AstCleaner: handling lib_symbols at 0x7ffd7ddc54e0
[UNHANDLED] cleanInner:exclude_from_sim addr=0x5e8366c7ef50 -> (exclude_from_sim no )
  children details (child_index: addr type extra):
    [0] addr=0x5e8366c731f0 atom="exclude_from_sim"
    [1] addr=0x5e8366c73230 atom="no"
[UNHANDLED] cleanInner:exclude_from_sim addr=0x5e8366c70cd0 -> (exclude_from_sim no )
  children details (child_index: addr type extra):
    [0] addr=0x5e8366c9a480 atom="exclude_from_sim"
    [1] addr=0x5e8366c9a4c0 atom="no"
[UNHANDLED] cleanInner:exclude_from_sim addr=0x5e8366c9e210 -> (exclude_from_sim no )
  children details (child_index: addr type extra):
    [0] addr=0x5e8366c9e650 atom="exclude_from_sim"
    [1] addr=0x5e8366c9e690 atom="no"
[UNHANDLED] cleanInner:exclude_from_sim addr=0x5e8366ca23e0 -> (exclude_from_sim no )
  children details (child_index: addr type extra):
    [0] addr=0x5e8366ca2820 atom="exclude_from_sim"
    [1] addr=0x5e8366ca2860 atom="no"
[UNHANDLED] cleanInner:exclude_from_sim addr=0x5e8366ca5ee0 -> (exclude_from_sim no )
  children details (child_index: addr type extra):
    [0] addr=0x5e8366ca6320 atom="exclude_from_sim"
    [1] addr=0x5e8366ca6360 atom="no"
[handleLibSymbolsCleanNode] called, children=5
[WARNING] Duplicate lib_symbols differs; keeping first.
[traverseAst] LIB_SYMBOLS -> handleLibSymbolsCleanNode() called; libSymbolsRaw_len=10869
[BaselineBoard] appendRawPiece len=6064
    symbol  (children=14)
[BaselineBoard] appendRawPiece len=1236
    symbol  (children=15)
[BaselineBoard] appendRawPiece len=1225
    symbol  (children=15)
[BaselineBoard] appendRawPiece len=1101
    symbol  (children=15)
[BaselineBoard] appendRawPiece len=1225
    symbol  (children=15)
[BaselineBoard] appendRawPiece len=83
  no_connect  (children=3)
[BaselineBoard] appendRawPiece len=83
  no_connect  (children=3)
[BaselineBoard] appendRawPiece len=140
  wire  (children=4)
[traverseAst] WIRE depth=1 raw_len=140
[BaselineBoard] appendRawPiece len=140
[handleWireFromClean] called for tag='wire'
[handleWire] PUSH (pts.node.pts) 52.070000,59.689999->67.309998,59.689999 ; added=1
[handleWire] saved 1 wire(s) from pts-children (deduped)
[traverseAst] WIRE -> handleWireFromClean() called; board wireCount=1
[BaselineBoard] appendRawPiece len=55
    pts  (children=3)
[BaselineBoard] appendRawPiece len=24
      xy  (children=3)
[BaselineBoard] appendRawPiece len=9
[BaselineBoard] appendRawPiece len=9
[BaselineBoard] appendRawPiece len=24
      xy  (children=3)
[BaselineBoard] appendRawPiece len=9
[BaselineBoard] appendRawPiece len=9
[BaselineBoard] appendRawPiece len=31
    stroke  (children=3)
    [UNHANDLED-PCB] tag="stroke"
[BaselineBoard] appendRawPiece len=9
      width  (children=2)
      [UNHANDLED-PCB] tag="width"
[BaselineBoard] appendRawPiece len=1
[BaselineBoard] appendRawPiece len=12
      type  (children=2)
      [UNHANDLED-PCB] tag="type"
[BaselineBoard] appendRawPiece len=5
[BaselineBoard] appendRawPiece len=45
    uuid  (children=2)
[BaselineBoard] appendRawPiece len=140
  wire  (children=4)
[traverseAst] WIRE depth=1 raw_len=140
[BaselineBoard] appendRawPiece len=140
[handleWireFromClean] called for tag='wire'
[handleWire] PUSH (pts.node.pts) 29.209999,29.209999->31.750000,29.209999 ; added=1
[handleWire] saved 1 wire(s) from pts-children (deduped)
[traverseAst] WIRE -> handleWireFromClean() called; board wireCount=2
[BaselineBoard] appendRawPiece len=55
    pts  (children=3)
[BaselineBoard] appendRawPiece len=24
      xy  (children=3)
[BaselineBoard] appendRawPiece len=9
[BaselineBoard] appendRawPiece len=9
[BaselineBoard] appendRawPiece len=24
      xy  (children=3)
[BaselineBoard] appendRawPiece len=9
[BaselineBoard] appendRawPiece len=9
[BaselineBoard] appendRawPiece len=31
    stroke  (children=3)
    [UNHANDLED-PCB] tag="stroke"
[BaselineBoard] appendRawPiece len=9
      width  (children=2)
      [UNHANDLED-PCB] tag="width"
[BaselineBoard] appendRawPiece len=1
[BaselineBoard] appendRawPiece len=12
      type  (children=2)
      [UNHANDLED-PCB] tag="type"
[BaselineBoard] appendRawPiece len=5
[BaselineBoard] appendRawPiece len=45
    uuid  (children=2)
[BaselineBoard] appendRawPiece len=140
  wire  (children=4)
[traverseAst] WIRE depth=1 raw_len=140
[BaselineBoard] appendRawPiece len=140
[handleWireFromClean] called for tag='wire'
[handleWire] PUSH (pts.node.pts) 26.670000,24.129999->26.670000,54.610001 ; added=1
[handleWire] saved 1 wire(s) from pts-children (deduped)
[traverseAst] WIRE -> handleWireFromClean() called; board wireCount=3
[BaselineBoard] appendRawPiece len=55
    pts  (children=3)
[BaselineBoard] appendRawPiece len=24
      xy  (children=3)
[BaselineBoard] appendRawPiece len=9
[BaselineBoard] appendRawPiece len=9
[BaselineBoard] appendRawPiece len=24
      xy  (children=3)
[BaselineBoard] appendRawPiece len=9
[BaselineBoard] appendRawPiece len=9
[BaselineBoard] appendRawPiece len=31
    stroke  (children=3)
    [UNHANDLED-PCB] tag="stroke"
[BaselineBoard] appendRawPiece len=9
      width  (children=2)
      [UNHANDLED-PCB] tag="width"
[BaselineBoard] appendRawPiece len=1
[BaselineBoard] appendRawPiece len=12
      type  (children=2)
      [UNHANDLED-PCB] tag="type"
[BaselineBoard] appendRawPiece len=5
[BaselineBoard] appendRawPiece len=45
    uuid  (children=2)
[BaselineBoard] appendRawPiece len=140
  wire  (children=4)
[traverseAst] WIRE depth=1 raw_len=140
[BaselineBoard] appendRawPiece len=140
[handleWireFromClean] called for tag='wire'
[handleWire] PUSH (pts.node.pts) 26.670000,54.610001->31.750000,54.610001 ; added=1
[handleWire] saved 1 wire(s) from pts-children (deduped)
[traverseAst] WIRE -> handleWireFromClean() called; board wireCount=4
[BaselineBoard] appendRawPiece len=55
    pts  (children=3)
[BaselineBoard] appendRawPiece len=24
      xy  (children=3)
[BaselineBoard] appendRawPiece len=9
[BaselineBoard] appendRawPiece len=9
[BaselineBoard] appendRawPiece len=24
      xy  (children=3)
[BaselineBoard] appendRawPiece len=9
[BaselineBoard] appendRawPiece len=9
[BaselineBoard] appendRawPiece len=31
    stroke  (children=3)
    [UNHANDLED-PCB] tag="stroke"
[BaselineBoard] appendRawPiece len=9
      width  (children=2)
      [UNHANDLED-PCB] tag="width"
[BaselineBoard] appendRawPiece len=1
[BaselineBoard] appendRawPiece len=12
      type  (children=2)
      [UNHANDLED-PCB] tag="type"
[BaselineBoard] appendRawPiece len=5
[BaselineBoard] appendRawPiece len=45
    uuid  (children=2)
[BaselineBoard] appendRawPiece len=140
  wire  (children=4)
[traverseAst] WIRE depth=1 raw_len=140
[BaselineBoard] appendRawPiece len=140
[handleWireFromClean] called for tag='wire'
[handleWire] PUSH (pts.node.pts) 52.070000,31.750000->67.309998,31.750000 ; added=1
[handleWire] saved 1 wire(s) from pts-children (deduped)
[traverseAst] WIRE -> handleWireFromClean() called; board wireCount=5
[BaselineBoard] appendRawPiece len=55
    pts  (children=3)
[BaselineBoard] appendRawPiece len=24
      xy  (children=3)
[BaselineBoard] appendRawPiece len=9
[BaselineBoard] appendRawPiece len=9
[BaselineBoard] appendRawPiece len=24
      xy  (children=3)
[BaselineBoard] appendRawPiece len=9
[BaselineBoard] appendRawPiece len=9
[BaselineBoard] appendRawPiece len=31
    stroke  (children=3)
    [UNHANDLED-PCB] tag="stroke"
[BaselineBoard] appendRawPiece len=9
      width  (children=2)
      [UNHANDLED-PCB] tag="width"
[BaselineBoard] appendRawPiece len=1
[BaselineBoard] appendRawPiece len=12
      type  (children=2)
      [UNHANDLED-PCB] tag="type"
[BaselineBoard] appendRawPiece len=5
[BaselineBoard] appendRawPiece len=45
    uuid  (children=2)
[BaselineBoard] appendRawPiece len=140
  wire  (children=4)
[traverseAst] WIRE depth=1 raw_len=140
[BaselineBoard] appendRawPiece len=140
[handleWireFromClean] called for tag='wire'
[handleWire] PUSH (pts.node.pts) 52.070000,64.769997->67.309998,64.769997 ; added=1
[handleWire] saved 1 wire(s) from pts-children (deduped)
[traverseAst] WIRE -> handleWireFromClean() called; board wireCount=6
[BaselineBoard] appendRawPiece len=55
    pts  (children=3)
[BaselineBoard] appendRawPiece len=24
      xy  (children=3)
[BaselineBoard] appendRawPiece len=9
[BaselineBoard] appendRawPiece len=9
[BaselineBoard] appendRawPiece len=24
      xy  (children=3)
[BaselineBoard] appendRawPiece len=9
[BaselineBoard] appendRawPiece len=9
[BaselineBoard] appendRawPiece len=31
    stroke  (children=3)
    [UNHANDLED-PCB] tag="stroke"
[BaselineBoard] appendRawPiece len=9
      width  (children=2)
      [UNHANDLED-PCB] tag="width"
[BaselineBoard] appendRawPiece len=1
[BaselineBoard] appendRawPiece len=12
      type  (children=2)
      [UNHANDLED-PCB] tag="type"
[BaselineBoard] appendRawPiece len=5
[BaselineBoard] appendRawPiece len=45
    uuid  (children=2)
[BaselineBoard] appendRawPiece len=140
  wire  (children=4)
[traverseAst] WIRE depth=1 raw_len=140
[BaselineBoard] appendRawPiece len=140
[handleWireFromClean] called for tag='wire'
[handleWire] PUSH (pts.node.pts) 16.510000,39.369999->31.750000,39.369999 ; added=1
[handleWire] saved 1 wire(s) from pts-children (deduped)
[traverseAst] WIRE -> handleWireFromClean() called; board wireCount=7
[BaselineBoard] appendRawPiece len=55
    pts  (children=3)
[BaselineBoard] appendRawPiece len=24
      xy  (children=3)
[BaselineBoard] appendRawPiece len=9
[BaselineBoard] appendRawPiece len=9
[BaselineBoard] appendRawPiece len=24
      xy  (children=3)
[BaselineBoard] appendRawPiece len=9
[BaselineBoard] appendRawPiece len=9
[BaselineBoard] appendRawPiece len=31
    stroke  (children=3)
    [UNHANDLED-PCB] tag="stroke"
[BaselineBoard] appendRawPiece len=9
      width  (children=2)
      [UNHANDLED-PCB] tag="width"
[BaselineBoard] appendRawPiece len=1
[BaselineBoard] appendRawPiece len=12
      type  (children=2)
      [UNHANDLED-PCB] tag="type"
[BaselineBoard] appendRawPiece len=5
[BaselineBoard] appendRawPiece len=45
    uuid  (children=2)
[BaselineBoard] appendRawPiece len=140
  wire  (children=4)
[traverseAst] WIRE depth=1 raw_len=140
[BaselineBoard] appendRawPiece len=140
[handleWireFromClean] called for tag='wire'
[handleWire] PUSH (pts.node.pts) 52.070000,36.830002->67.309998,36.830002 ; added=1
[handleWire] saved 1 wire(s) from pts-children (deduped)
[traverseAst] WIRE -> handleWireFromClean() called; board wireCount=8
[BaselineBoard] appendRawPiece len=55
    pts  (children=3)
[BaselineBoard] appendRawPiece len=24
      xy  (children=3)
[BaselineBoard] appendRawPiece len=9
[BaselineBoard] appendRawPiece len=9
[BaselineBoard] appendRawPiece len=24
      xy  (children=3)
[BaselineBoard] appendRawPiece len=9
[BaselineBoard] appendRawPiece len=9
[BaselineBoard] appendRawPiece len=31
    stroke  (children=3)
    [UNHANDLED-PCB] tag="stroke"
[BaselineBoard] appendRawPiece len=9
      width  (children=2)
      [UNHANDLED-PCB] tag="width"
[BaselineBoard] appendRawPiece len=1
[BaselineBoard] appendRawPiece len=12
      type  (children=2)
      [UNHANDLED-PCB] tag="type"
[BaselineBoard] appendRawPiece len=5
[BaselineBoard] appendRawPiece len=45
    uuid  (children=2)
[BaselineBoard] appendRawPiece len=140
  wire  (children=4)
[traverseAst] WIRE depth=1 raw_len=140
[BaselineBoard] appendRawPiece len=140
[handleWireFromClean] called for tag='wire'
[handleWire] PUSH (pts.node.pts) 52.070000,39.369999->67.309998,39.369999 ; added=1
[handleWire] saved 1 wire(s) from pts-children (deduped)
[traverseAst] WIRE -> handleWireFromClean() called; board wireCount=9
[BaselineBoard] appendRawPiece len=55
    pts  (children=3)
[BaselineBoard] appendRawPiece len=24
      xy  (children=3)
[BaselineBoard] appendRawPiece len=9
[BaselineBoard] appendRawPiece len=9
[BaselineBoard] appendRawPiece len=24
      xy  (children=3)
[BaselineBoard] appendRawPiece len=9
[BaselineBoard] appendRawPiece len=9
[BaselineBoard] appendRawPiece len=31
    stroke  (children=3)
    [UNHANDLED-PCB] tag="stroke"
[BaselineBoard] appendRawPiece len=9
      width  (children=2)
      [UNHANDLED-PCB] tag="width"
[BaselineBoard] appendRawPiece len=1
[BaselineBoard] appendRawPiece len=12
      type  (children=2)
      [UNHANDLED-PCB] tag="type"
[BaselineBoard] appendRawPiece len=5
[BaselineBoard] appendRawPiece len=45
    uuid  (children=2)
[BaselineBoard] appendRawPiece len=140
  wire  (children=4)
[traverseAst] WIRE depth=1 raw_len=140
[BaselineBoard] appendRawPiece len=140
[handleWireFromClean] called for tag='wire'
[handleWire] PUSH (pts.node.pts) 52.070000,52.070000->67.309998,52.070000 ; added=1
[handleWire] saved 1 wire(s) from pts-children (deduped)
[traverseAst] WIRE -> handleWireFromClean() called; board wireCount=10
[BaselineBoard] appendRawPiece len=55
    pts  (children=3)
[BaselineBoard] appendRawPiece len=24
      xy  (children=3)
[BaselineBoard] appendRawPiece len=9
[BaselineBoard] appendRawPiece len=9
[BaselineBoard] appendRawPiece len=24
      xy  (children=3)
[BaselineBoard] appendRawPiece len=9
[BaselineBoard] appendRawPiece len=9
[BaselineBoard] appendRawPiece len=31
    stroke  (children=3)
    [UNHANDLED-PCB] tag="stroke"
[BaselineBoard] appendRawPiece len=9
      width  (children=2)
      [UNHANDLED-PCB] tag="width"
[BaselineBoard] appendRawPiece len=1
[BaselineBoard] appendRawPiece len=12
      type  (children=2)
      [UNHANDLED-PCB] tag="type"
[BaselineBoard] appendRawPiece len=5
[BaselineBoard] appendRawPiece len=45
    uuid  (children=2)
[BaselineBoard] appendRawPiece len=140
  wire  (children=4)
[traverseAst] WIRE depth=1 raw_len=140
[BaselineBoard] appendRawPiece len=140
[handleWireFromClean] called for tag='wire'
[handleWire] PUSH (pts.node.pts) 16.510000,31.750000->31.750000,31.750000 ; added=1
[handleWire] saved 1 wire(s) from pts-children (deduped)
[traverseAst] WIRE -> handleWireFromClean() called; board wireCount=11
[BaselineBoard] appendRawPiece len=55
    pts  (children=3)
[BaselineBoard] appendRawPiece len=24
      xy  (children=3)
[BaselineBoard] appendRawPiece len=9
[BaselineBoard] appendRawPiece len=9
[BaselineBoard] appendRawPiece len=24
      xy  (children=3)
[BaselineBoard] appendRawPiece len=9
[BaselineBoard] appendRawPiece len=9
[BaselineBoard] appendRawPiece len=31
    stroke  (children=3)
    [UNHANDLED-PCB] tag="stroke"
[BaselineBoard] appendRawPiece len=9
      width  (children=2)
      [UNHANDLED-PCB] tag="width"
[BaselineBoard] appendRawPiece len=1
[BaselineBoard] appendRawPiece len=12
      type  (children=2)
      [UNHANDLED-PCB] tag="type"
[BaselineBoard] appendRawPiece len=5
[BaselineBoard] appendRawPiece len=45
    uuid  (children=2)
[BaselineBoard] appendRawPiece len=140
  wire  (children=4)
[traverseAst] WIRE depth=1 raw_len=140
[BaselineBoard] appendRawPiece len=140
[handleWireFromClean] called for tag='wire'
[handleWire] PUSH (pts.node.pts) 52.070000,44.450001->67.309998,44.450001 ; added=1
[handleWire] saved 1 wire(s) from pts-children (deduped)
[traverseAst] WIRE -> handleWireFromClean() called; board wireCount=12
[BaselineBoard] appendRawPiece len=55
    pts  (children=3)
[BaselineBoard] appendRawPiece len=24
      xy  (children=3)
[BaselineBoard] appendRawPiece len=9
[BaselineBoard] appendRawPiece len=9
[BaselineBoard] appendRawPiece len=24
      xy  (children=3)
[BaselineBoard] appendRawPiece len=9
[BaselineBoard] appendRawPiece len=9
[BaselineBoard] appendRawPiece len=31
    stroke  (children=3)
    [UNHANDLED-PCB] tag="stroke"
[BaselineBoard] appendRawPiece len=9
      width  (children=2)
      [UNHANDLED-PCB] tag="width"
[BaselineBoard] appendRawPiece len=1
[BaselineBoard] appendRawPiece len=12
      type  (children=2)
      [UNHANDLED-PCB] tag="type"
[BaselineBoard] appendRawPiece len=5
[BaselineBoard] appendRawPiece len=45
    uuid  (children=2)
[BaselineBoard] appendRawPiece len=140
  wire  (children=4)
[traverseAst] WIRE depth=1 raw_len=140
[BaselineBoard] appendRawPiece len=140
[handleWireFromClean] called for tag='wire'
[handleWire] PUSH (pts.node.pts) 29.209999,24.129999->29.209999,29.209999 ; added=1
[handleWire] saved 1 wire(s) from pts-children (deduped)
[traverseAst] WIRE -> handleWireFromClean() called; board wireCount=13
[BaselineBoard] appendRawPiece len=55
    pts  (children=3)
[BaselineBoard] appendRawPiece len=24
      xy  (children=3)
[BaselineBoard] appendRawPiece len=9
[BaselineBoard] appendRawPiece len=9
[BaselineBoard] appendRawPiece len=24
      xy  (children=3)
[BaselineBoard] appendRawPiece len=9
[BaselineBoard] appendRawPiece len=9
[BaselineBoard] appendRawPiece len=31
    stroke  (children=3)
    [UNHANDLED-PCB] tag="stroke"
[BaselineBoard] appendRawPiece len=9
      width  (children=2)
      [UNHANDLED-PCB] tag="width"
[BaselineBoard] appendRawPiece len=1
[BaselineBoard] appendRawPiece len=12
      type  (children=2)
      [UNHANDLED-PCB] tag="type"
[BaselineBoard] appendRawPiece len=5
[BaselineBoard] appendRawPiece len=45
    uuid  (children=2)
[BaselineBoard] appendRawPiece len=140
  wire  (children=4)
[traverseAst] WIRE depth=1 raw_len=140
[BaselineBoard] appendRawPiece len=140
[handleWireFromClean] called for tag='wire'
[handleWire] PUSH (pts.node.pts) 52.070000,54.610001->54.610001,54.610001 ; added=1
[handleWire] saved 1 wire(s) from pts-children (deduped)
[traverseAst] WIRE -> handleWireFromClean() called; board wireCount=14
[BaselineBoard] appendRawPiece len=55
    pts  (children=3)
[BaselineBoard] appendRawPiece len=24
      xy  (children=3)
[BaselineBoard] appendRawPiece len=9
[BaselineBoard] appendRawPiece len=9
[BaselineBoard] appendRawPiece len=24
      xy  (children=3)
[BaselineBoard] appendRawPiece len=9
[BaselineBoard] appendRawPiece len=9
[BaselineBoard] appendRawPiece len=31
    stroke  (children=3)
    [UNHANDLED-PCB] tag="stroke"
[BaselineBoard] appendRawPiece len=9
      width  (children=2)
      [UNHANDLED-PCB] tag="width"
[BaselineBoard] appendRawPiece len=1
[BaselineBoard] appendRawPiece len=12
      type  (children=2)
      [UNHANDLED-PCB] tag="type"
[BaselineBoard] appendRawPiece len=5
[BaselineBoard] appendRawPiece len=45
    uuid  (children=2)
[BaselineBoard] appendRawPiece len=140
  wire  (children=4)
[traverseAst] WIRE depth=1 raw_len=140
[BaselineBoard] appendRawPiece len=140
[handleWireFromClean] called for tag='wire'
[handleWire] PUSH (pts.node.pts) 52.070000,26.670000->67.309998,26.670000 ; added=1
[handleWire] saved 1 wire(s) from pts-children (deduped)
[traverseAst] WIRE -> handleWireFromClean() called; board wireCount=15
[BaselineBoard] appendRawPiece len=55
    pts  (children=3)
[BaselineBoard] appendRawPiece len=24
      xy  (children=3)
[BaselineBoard] appendRawPiece len=9
[BaselineBoard] appendRawPiece len=9
[BaselineBoard] appendRawPiece len=24
      xy  (children=3)
[BaselineBoard] appendRawPiece len=9
[BaselineBoard] appendRawPiece len=9
[BaselineBoard] appendRawPiece len=31
    stroke  (children=3)
    [UNHANDLED-PCB] tag="stroke"
[BaselineBoard] appendRawPiece len=9
      width  (children=2)
      [UNHANDLED-PCB] tag="width"
[BaselineBoard] appendRawPiece len=1
[BaselineBoard] appendRawPiece len=12
      type  (children=2)
      [UNHANDLED-PCB] tag="type"
[BaselineBoard] appendRawPiece len=5
[BaselineBoard] appendRawPiece len=45
    uuid  (children=2)
[BaselineBoard] appendRawPiece len=140
  wire  (children=4)
[traverseAst] WIRE depth=1 raw_len=140
[BaselineBoard] appendRawPiece len=140
[handleWireFromClean] called for tag='wire'
[handleWire] PUSH (pts.node.pts) 24.129999,24.129999->24.129999,62.230000 ; added=1
[handleWire] saved 1 wire(s) from pts-children (deduped)
[traverseAst] WIRE -> handleWireFromClean() called; board wireCount=16
[BaselineBoard] appendRawPiece len=55
    pts  (children=3)
[BaselineBoard] appendRawPiece len=24
      xy  (children=3)
[BaselineBoard] appendRawPiece len=9
[BaselineBoard] appendRawPiece len=9
[BaselineBoard] appendRawPiece len=24
      xy  (children=3)
[BaselineBoard] appendRawPiece len=9
[BaselineBoard] appendRawPiece len=9
[BaselineBoard] appendRawPiece len=31
    stroke  (children=3)
    [UNHANDLED-PCB] tag="stroke"
[BaselineBoard] appendRawPiece len=9
      width  (children=2)
      [UNHANDLED-PCB] tag="width"
[BaselineBoard] appendRawPiece len=1
[BaselineBoard] appendRawPiece len=12
      type  (children=2)
      [UNHANDLED-PCB] tag="type"
[BaselineBoard] appendRawPiece len=5
[BaselineBoard] appendRawPiece len=45
    uuid  (children=2)
[BaselineBoard] appendRawPiece len=140
  wire  (children=4)
[traverseAst] WIRE depth=1 raw_len=140
[BaselineBoard] appendRawPiece len=140
[handleWireFromClean] called for tag='wire'
[handleWire] PUSH (pts.node.pts) 24.129999,62.230000->31.750000,62.230000 ; added=1
[handleWire] saved 1 wire(s) from pts-children (deduped)
[traverseAst] WIRE -> handleWireFromClean() called; board wireCount=17
[BaselineBoard] appendRawPiece len=55
    pts  (children=3)
[BaselineBoard] appendRawPiece len=24
      xy  (children=3)
[BaselineBoard] appendRawPiece len=9
[BaselineBoard] appendRawPiece len=9
[BaselineBoard] appendRawPiece len=24
      xy  (children=3)
[BaselineBoard] appendRawPiece len=9
[BaselineBoard] appendRawPiece len=9
[BaselineBoard] appendRawPiece len=31
    stroke  (children=3)
    [UNHANDLED-PCB] tag="stroke"
[BaselineBoard] appendRawPiece len=9
      width  (children=2)
      [UNHANDLED-PCB] tag="width"
[BaselineBoard] appendRawPiece len=1
[BaselineBoard] appendRawPiece len=12
      type  (children=2)
      [UNHANDLED-PCB] tag="type"
[BaselineBoard] appendRawPiece len=5
[BaselineBoard] appendRawPiece len=45
    uuid  (children=2)
[BaselineBoard] appendRawPiece len=140
  wire  (children=4)
[traverseAst] WIRE depth=1 raw_len=140
[BaselineBoard] appendRawPiece len=140
[handleWireFromClean] called for tag='wire'
[handleWire] PUSH (pts.node.pts) 16.510000,57.150002->31.750000,57.150002 ; added=1
[handleWire] saved 1 wire(s) from pts-children (deduped)
[traverseAst] WIRE -> handleWireFromClean() called; board wireCount=18
[BaselineBoard] appendRawPiece len=55
    pts  (children=3)
[BaselineBoard] appendRawPiece len=24
      xy  (children=3)
[BaselineBoard] appendRawPiece len=9
[BaselineBoard] appendRawPiece len=9
[BaselineBoard] appendRawPiece len=24
      xy  (children=3)
[BaselineBoard] appendRawPiece len=9
[BaselineBoard] appendRawPiece len=9
[BaselineBoard] appendRawPiece len=31
    stroke  (children=3)
    [UNHANDLED-PCB] tag="stroke"
[BaselineBoard] appendRawPiece len=9
      width  (children=2)
      [UNHANDLED-PCB] tag="width"
[BaselineBoard] appendRawPiece len=1
[BaselineBoard] appendRawPiece len=12
      type  (children=2)
      [UNHANDLED-PCB] tag="type"
[BaselineBoard] appendRawPiece len=5
[BaselineBoard] appendRawPiece len=45
    uuid  (children=2)
[BaselineBoard] appendRawPiece len=140
  wire  (children=4)
[traverseAst] WIRE depth=1 raw_len=140
[BaselineBoard] appendRawPiece len=140
[handleWireFromClean] called for tag='wire'
[handleWire] PUSH (pts.node.pts) 52.070000,41.910000->67.309998,41.910000 ; added=1
[handleWire] saved 1 wire(s) from pts-children (deduped)
[traverseAst] WIRE -> handleWireFromClean() called; board wireCount=19
[BaselineBoard] appendRawPiece len=55
    pts  (children=3)
[BaselineBoard] appendRawPiece len=24
      xy  (children=3)
[BaselineBoard] appendRawPiece len=9
[BaselineBoard] appendRawPiece len=9
[BaselineBoard] appendRawPiece len=24
      xy  (children=3)
[BaselineBoard] appendRawPiece len=9
[BaselineBoard] appendRawPiece len=9
[BaselineBoard] appendRawPiece len=31
    stroke  (children=3)
    [UNHANDLED-PCB] tag="stroke"
[BaselineBoard] appendRawPiece len=9
      width  (children=2)
      [UNHANDLED-PCB] tag="width"
[BaselineBoard] appendRawPiece len=1
[BaselineBoard] appendRawPiece len=12
      type  (children=2)
      [UNHANDLED-PCB] tag="type"
[BaselineBoard] appendRawPiece len=5
[BaselineBoard] appendRawPiece len=45
    uuid  (children=2)
[BaselineBoard] appendRawPiece len=140
  wire  (children=4)
[traverseAst] WIRE depth=1 raw_len=140
[BaselineBoard] appendRawPiece len=140
[handleWireFromClean] called for tag='wire'
[handleWire] PUSH (pts.node.pts) 52.070000,46.990002->67.309998,46.990002 ; added=1
[handleWire] saved 1 wire(s) from pts-children (deduped)
[traverseAst] WIRE -> handleWireFromClean() called; board wireCount=20
[BaselineBoard] appendRawPiece len=55
    pts  (children=3)
[BaselineBoard] appendRawPiece len=24
      xy  (children=3)
[BaselineBoard] appendRawPiece len=9
[BaselineBoard] appendRawPiece len=9
[BaselineBoard] appendRawPiece len=24
      xy  (children=3)
[BaselineBoard] appendRawPiece len=9
[BaselineBoard] appendRawPiece len=9
[BaselineBoard] appendRawPiece len=31
    stroke  (children=3)
    [UNHANDLED-PCB] tag="stroke"
[BaselineBoard] appendRawPiece len=9
      width  (children=2)
      [UNHANDLED-PCB] tag="width"
[BaselineBoard] appendRawPiece len=1
[BaselineBoard] appendRawPiece len=12
      type  (children=2)
      [UNHANDLED-PCB] tag="type"
[BaselineBoard] appendRawPiece len=5
[BaselineBoard] appendRawPiece len=45
    uuid  (children=2)
[BaselineBoard] appendRawPiece len=140
  wire  (children=4)
[traverseAst] WIRE depth=1 raw_len=140
[BaselineBoard] appendRawPiece len=140
[handleWireFromClean] called for tag='wire'
[handleWire] PUSH (pts.node.pts) 16.510000,34.290001->31.750000,34.290001 ; added=1
[handleWire] saved 1 wire(s) from pts-children (deduped)
[traverseAst] WIRE -> handleWireFromClean() called; board wireCount=21
[BaselineBoard] appendRawPiece len=55
    pts  (children=3)
[BaselineBoard] appendRawPiece len=24
      xy  (children=3)
[BaselineBoard] appendRawPiece len=9
[BaselineBoard] appendRawPiece len=9
[BaselineBoard] appendRawPiece len=24
      xy  (children=3)
[BaselineBoard] appendRawPiece len=9
[BaselineBoard] appendRawPiece len=9
[BaselineBoard] appendRawPiece len=31
    stroke  (children=3)
    [UNHANDLED-PCB] tag="stroke"
[BaselineBoard] appendRawPiece len=9
      width  (children=2)
      [UNHANDLED-PCB] tag="width"
[BaselineBoard] appendRawPiece len=1
[BaselineBoard] appendRawPiece len=12
      type  (children=2)
      [UNHANDLED-PCB] tag="type"
[BaselineBoard] appendRawPiece len=5
[BaselineBoard] appendRawPiece len=45
    uuid  (children=2)
[BaselineBoard] appendRawPiece len=140
  wire  (children=4)
[traverseAst] WIRE depth=1 raw_len=140
[BaselineBoard] appendRawPiece len=140
[handleWireFromClean] called for tag='wire'
[handleWire] PUSH (pts.node.pts) 16.510000,64.769997->31.750000,64.769997 ; added=1
[handleWire] saved 1 wire(s) from pts-children (deduped)
[traverseAst] WIRE -> handleWireFromClean() called; board wireCount=22
[BaselineBoard] appendRawPiece len=55
    pts  (children=3)
[BaselineBoard] appendRawPiece len=24
      xy  (children=3)
[BaselineBoard] appendRawPiece len=9
[BaselineBoard] appendRawPiece len=9
[BaselineBoard] appendRawPiece len=24
      xy  (children=3)
[BaselineBoard] appendRawPiece len=9
[BaselineBoard] appendRawPiece len=9
[BaselineBoard] appendRawPiece len=31
    stroke  (children=3)
    [UNHANDLED-PCB] tag="stroke"
[BaselineBoard] appendRawPiece len=9
      width  (children=2)
      [UNHANDLED-PCB] tag="width"
[BaselineBoard] appendRawPiece len=1
[BaselineBoard] appendRawPiece len=12
      type  (children=2)
      [UNHANDLED-PCB] tag="type"
[BaselineBoard] appendRawPiece len=5
[BaselineBoard] appendRawPiece len=45
    uuid  (children=2)
[BaselineBoard] appendRawPiece len=140
  wire  (children=4)
[traverseAst] WIRE depth=1 raw_len=140
[BaselineBoard] appendRawPiece len=140
[handleWireFromClean] called for tag='wire'
[handleWire] PUSH (pts.node.pts) 16.510000,26.670000->31.750000,26.670000 ; added=1
[handleWire] saved 1 wire(s) from pts-children (deduped)
[traverseAst] WIRE -> handleWireFromClean() called; board wireCount=23
[BaselineBoard] appendRawPiece len=55
    pts  (children=3)
[BaselineBoard] appendRawPiece len=24
      xy  (children=3)
[BaselineBoard] appendRawPiece len=9
[BaselineBoard] appendRawPiece len=9
[BaselineBoard] appendRawPiece len=24
      xy  (children=3)
[BaselineBoard] appendRawPiece len=9
[BaselineBoard] appendRawPiece len=9
[BaselineBoard] appendRawPiece len=31
    stroke  (children=3)
    [UNHANDLED-PCB] tag="stroke"
[BaselineBoard] appendRawPiece len=9
      width  (children=2)
      [UNHANDLED-PCB] tag="width"
[BaselineBoard] appendRawPiece len=1
[BaselineBoard] appendRawPiece len=12
      type  (children=2)
      [UNHANDLED-PCB] tag="type"
[BaselineBoard] appendRawPiece len=5
[BaselineBoard] appendRawPiece len=45
    uuid  (children=2)
[BaselineBoard] appendRawPiece len=140
  wire  (children=4)
[traverseAst] WIRE depth=1 raw_len=140
[BaselineBoard] appendRawPiece len=140
[handleWireFromClean] called for tag='wire'
[handleWire] PUSH (pts.node.pts) 16.510000,44.450001->31.750000,44.450001 ; added=1
[handleWire] saved 1 wire(s) from pts-children (deduped)
[traverseAst] WIRE -> handleWireFromClean() called; board wireCount=24
[BaselineBoard] appendRawPiece len=55
    pts  (children=3)
[BaselineBoard] appendRawPiece len=24
      xy  (children=3)
[BaselineBoard] appendRawPiece len=9
[BaselineBoard] appendRawPiece len=9
[BaselineBoard] appendRawPiece len=24
      xy  (children=3)
[BaselineBoard] appendRawPiece len=9
[BaselineBoard] appendRawPiece len=9
[BaselineBoard] appendRawPiece len=31
    stroke  (children=3)
    [UNHANDLED-PCB] tag="stroke"
[BaselineBoard] appendRawPiece len=9
      width  (children=2)
      [UNHANDLED-PCB] tag="width"
[BaselineBoard] appendRawPiece len=1
[BaselineBoard] appendRawPiece len=12
      type  (children=2)
      [UNHANDLED-PCB] tag="type"
[BaselineBoard] appendRawPiece len=5
[BaselineBoard] appendRawPiece len=45
    uuid  (children=2)
[BaselineBoard] appendRawPiece len=140
  wire  (children=4)
[traverseAst] WIRE depth=1 raw_len=140
[BaselineBoard] appendRawPiece len=140
[handleWireFromClean] called for tag='wire'
[handleWire] PUSH (pts.node.pts) 52.070000,49.529999->67.309998,49.529999 ; added=1
[handleWire] saved 1 wire(s) from pts-children (deduped)
[traverseAst] WIRE -> handleWireFromClean() called; board wireCount=25
[BaselineBoard] appendRawPiece len=55
    pts  (children=3)
[BaselineBoard] appendRawPiece len=24
      xy  (children=3)
[BaselineBoard] appendRawPiece len=9
[BaselineBoard] appendRawPiece len=9
[BaselineBoard] appendRawPiece len=24
      xy  (children=3)
[BaselineBoard] appendRawPiece len=9
[BaselineBoard] appendRawPiece len=9
[BaselineBoard] appendRawPiece len=31
    stroke  (children=3)
    [UNHANDLED-PCB] tag="stroke"
[BaselineBoard] appendRawPiece len=9
      width  (children=2)
      [UNHANDLED-PCB] tag="width"
[BaselineBoard] appendRawPiece len=1
[BaselineBoard] appendRawPiece len=12
      type  (children=2)
      [UNHANDLED-PCB] tag="type"
[BaselineBoard] appendRawPiece len=5
[BaselineBoard] appendRawPiece len=45
    uuid  (children=2)
[BaselineBoard] appendRawPiece len=140
  wire  (children=4)
[traverseAst] WIRE depth=1 raw_len=140
[BaselineBoard] appendRawPiece len=140
[handleWireFromClean] called for tag='wire'
[handleWire] PUSH (pts.node.pts) 16.510000,36.830002->31.750000,36.830002 ; added=1
[handleWire] saved 1 wire(s) from pts-children (deduped)
[traverseAst] WIRE -> handleWireFromClean() called; board wireCount=26
[BaselineBoard] appendRawPiece len=55
    pts  (children=3)
[BaselineBoard] appendRawPiece len=24
      xy  (children=3)
[BaselineBoard] appendRawPiece len=9
[BaselineBoard] appendRawPiece len=9
[BaselineBoard] appendRawPiece len=24
      xy  (children=3)
[BaselineBoard] appendRawPiece len=9
[BaselineBoard] appendRawPiece len=9
[BaselineBoard] appendRawPiece len=31
    stroke  (children=3)
    [UNHANDLED-PCB] tag="stroke"
[BaselineBoard] appendRawPiece len=9
      width  (children=2)
      [UNHANDLED-PCB] tag="width"
[BaselineBoard] appendRawPiece len=1
[BaselineBoard] appendRawPiece len=12
      type  (children=2)
      [UNHANDLED-PCB] tag="type"
[BaselineBoard] appendRawPiece len=5
[BaselineBoard] appendRawPiece len=45
    uuid  (children=2)
[BaselineBoard] appendRawPiece len=140
  wire  (children=4)
[traverseAst] WIRE depth=1 raw_len=140
[BaselineBoard] appendRawPiece len=140
[handleWireFromClean] called for tag='wire'
[handleWire] PUSH (pts.node.pts) 16.510000,46.990002->31.750000,46.990002 ; added=1
[handleWire] saved 1 wire(s) from pts-children (deduped)
[traverseAst] WIRE -> handleWireFromClean() called; board wireCount=27
[BaselineBoard] appendRawPiece len=55
    pts  (children=3)
[BaselineBoard] appendRawPiece len=24
      xy  (children=3)
[BaselineBoard] appendRawPiece len=9
[BaselineBoard] appendRawPiece len=9
[BaselineBoard] appendRawPiece len=24
      xy  (children=3)
[BaselineBoard] appendRawPiece len=9
[BaselineBoard] appendRawPiece len=9
[BaselineBoard] appendRawPiece len=31
    stroke  (children=3)
    [UNHANDLED-PCB] tag="stroke"
[BaselineBoard] appendRawPiece len=9
      width  (children=2)
      [UNHANDLED-PCB] tag="width"
[BaselineBoard] appendRawPiece len=1
[BaselineBoard] appendRawPiece len=12
      type  (children=2)
      [UNHANDLED-PCB] tag="type"
[BaselineBoard] appendRawPiece len=5
[BaselineBoard] appendRawPiece len=45
    uuid  (children=2)
[BaselineBoard] appendRawPiece len=140
  wire  (children=4)
[traverseAst] WIRE depth=1 raw_len=140
[BaselineBoard] appendRawPiece len=140
[handleWireFromClean] called for tag='wire'
[handleWire] PUSH (pts.node.pts) 52.070000,34.290001->67.309998,34.290001 ; added=1
[handleWire] saved 1 wire(s) from pts-children (deduped)
[traverseAst] WIRE -> handleWireFromClean() called; board wireCount=28
[BaselineBoard] appendRawPiece len=55
    pts  (children=3)
[BaselineBoard] appendRawPiece len=24
      xy  (children=3)
[BaselineBoard] appendRawPiece len=9
[BaselineBoard] appendRawPiece len=9
[BaselineBoard] appendRawPiece len=24
      xy  (children=3)
[BaselineBoard] appendRawPiece len=9
[BaselineBoard] appendRawPiece len=9
[BaselineBoard] appendRawPiece len=31
    stroke  (children=3)
    [UNHANDLED-PCB] tag="stroke"
[BaselineBoard] appendRawPiece len=9
      width  (children=2)
      [UNHANDLED-PCB] tag="width"
[BaselineBoard] appendRawPiece len=1
[BaselineBoard] appendRawPiece len=12
      type  (children=2)
      [UNHANDLED-PCB] tag="type"
[BaselineBoard] appendRawPiece len=5
[BaselineBoard] appendRawPiece len=45
    uuid  (children=2)
[BaselineBoard] appendRawPiece len=140
  wire  (children=4)
[traverseAst] WIRE depth=1 raw_len=140
[BaselineBoard] appendRawPiece len=140
[handleWireFromClean] called for tag='wire'
[handleWire] PUSH (pts.node.pts) 52.070000,67.309998->67.309998,67.309998 ; added=1
[handleWire] saved 1 wire(s) from pts-children (deduped)
[traverseAst] WIRE -> handleWireFromClean() called; board wireCount=29
[BaselineBoard] appendRawPiece len=55
    pts  (children=3)
[BaselineBoard] appendRawPiece len=24
      xy  (children=3)
[BaselineBoard] appendRawPiece len=9
[BaselineBoard] appendRawPiece len=9
[BaselineBoard] appendRawPiece len=24
      xy  (children=3)
[BaselineBoard] appendRawPiece len=9
[BaselineBoard] appendRawPiece len=9
[BaselineBoard] appendRawPiece len=31
    stroke  (children=3)
    [UNHANDLED-PCB] tag="stroke"
[BaselineBoard] appendRawPiece len=9
      width  (children=2)
      [UNHANDLED-PCB] tag="width"
[BaselineBoard] appendRawPiece len=1
[BaselineBoard] appendRawPiece len=12
      type  (children=2)
      [UNHANDLED-PCB] tag="type"
[BaselineBoard] appendRawPiece len=5
[BaselineBoard] appendRawPiece len=45
    uuid  (children=2)
[BaselineBoard] appendRawPiece len=140
  wire  (children=4)
[traverseAst] WIRE depth=1 raw_len=140
[BaselineBoard] appendRawPiece len=140
[handleWireFromClean] called for tag='wire'
[handleWire] PUSH (pts.node.pts) 52.070000,57.150002->67.309998,57.150002 ; added=1
[handleWire] saved 1 wire(s) from pts-children (deduped)
[traverseAst] WIRE -> handleWireFromClean() called; board wireCount=30
[BaselineBoard] appendRawPiece len=55
    pts  (children=3)
[BaselineBoard] appendRawPiece len=24
      xy  (children=3)
[BaselineBoard] appendRawPiece len=9
[BaselineBoard] appendRawPiece len=9
[BaselineBoard] appendRawPiece len=24
      xy  (children=3)
[BaselineBoard] appendRawPiece len=9
[BaselineBoard] appendRawPiece len=9
[BaselineBoard] appendRawPiece len=31
    stroke  (children=3)
    [UNHANDLED-PCB] tag="stroke"
[BaselineBoard] appendRawPiece len=9
      width  (children=2)
      [UNHANDLED-PCB] tag="width"
[BaselineBoard] appendRawPiece len=1
[BaselineBoard] appendRawPiece len=12
      type  (children=2)
      [UNHANDLED-PCB] tag="type"
[BaselineBoard] appendRawPiece len=5
[BaselineBoard] appendRawPiece len=45
    uuid  (children=2)
[BaselineBoard] appendRawPiece len=140
  wire  (children=4)
[traverseAst] WIRE depth=1 raw_len=140
[BaselineBoard] appendRawPiece len=140
[handleWireFromClean] called for tag='wire'
[handleWire] PUSH (pts.node.pts) 54.610001,54.610001->54.610001,72.389999 ; added=1
[handleWire] saved 1 wire(s) from pts-children (deduped)
[traverseAst] WIRE -> handleWireFromClean() called; board wireCount=31
[BaselineBoard] appendRawPiece len=55
    pts  (children=3)
[BaselineBoard] appendRawPiece len=24
      xy  (children=3)
[BaselineBoard] appendRawPiece len=9
[BaselineBoard] appendRawPiece len=9
[BaselineBoard] appendRawPiece len=24
      xy  (children=3)
[BaselineBoard] appendRawPiece len=9
[BaselineBoard] appendRawPiece len=9
[BaselineBoard] appendRawPiece len=31
    stroke  (children=3)
    [UNHANDLED-PCB] tag="stroke"
[BaselineBoard] appendRawPiece len=9
      width  (children=2)
      [UNHANDLED-PCB] tag="width"
[BaselineBoard] appendRawPiece len=1
[BaselineBoard] appendRawPiece len=12
      type  (children=2)
      [UNHANDLED-PCB] tag="type"
[BaselineBoard] appendRawPiece len=5
[BaselineBoard] appendRawPiece len=45
    uuid  (children=2)
[BaselineBoard] appendRawPiece len=140
  wire  (children=4)
[traverseAst] WIRE depth=1 raw_len=140
[BaselineBoard] appendRawPiece len=140
[handleWireFromClean] called for tag='wire'
[handleWire] PUSH (pts.node.pts) 16.510000,67.309998->31.750000,67.309998 ; added=1
[handleWire] saved 1 wire(s) from pts-children (deduped)
[traverseAst] WIRE -> handleWireFromClean() called; board wireCount=32
[BaselineBoard] appendRawPiece len=55
    pts  (children=3)
[BaselineBoard] appendRawPiece len=24
      xy  (children=3)
[BaselineBoard] appendRawPiece len=9
[BaselineBoard] appendRawPiece len=9
[BaselineBoard] appendRawPiece len=24
      xy  (children=3)
[BaselineBoard] appendRawPiece len=9
[BaselineBoard] appendRawPiece len=9
[BaselineBoard] appendRawPiece len=31
    stroke  (children=3)
    [UNHANDLED-PCB] tag="stroke"
[BaselineBoard] appendRawPiece len=9
      width  (children=2)
      [UNHANDLED-PCB] tag="width"
[BaselineBoard] appendRawPiece len=1
[BaselineBoard] appendRawPiece len=12
      type  (children=2)
      [UNHANDLED-PCB] tag="type"
[BaselineBoard] appendRawPiece len=5
[BaselineBoard] appendRawPiece len=45
    uuid  (children=2)
[BaselineBoard] appendRawPiece len=140
  wire  (children=4)
[traverseAst] WIRE depth=1 raw_len=140
[BaselineBoard] appendRawPiece len=140
[handleWireFromClean] called for tag='wire'
[handleWire] PUSH (pts.node.pts) 52.070000,62.230000->67.309998,62.230000 ; added=1
[handleWire] saved 1 wire(s) from pts-children (deduped)
[traverseAst] WIRE -> handleWireFromClean() called; board wireCount=33
[BaselineBoard] appendRawPiece len=55
    pts  (children=3)
[BaselineBoard] appendRawPiece len=24
      xy  (children=3)
[BaselineBoard] appendRawPiece len=9
[BaselineBoard] appendRawPiece len=9
[BaselineBoard] appendRawPiece len=24
      xy  (children=3)
[BaselineBoard] appendRawPiece len=9
[BaselineBoard] appendRawPiece len=9
[BaselineBoard] appendRawPiece len=31
    stroke  (children=3)
    [UNHANDLED-PCB] tag="stroke"
[BaselineBoard] appendRawPiece len=9
      width  (children=2)
      [UNHANDLED-PCB] tag="width"
[BaselineBoard] appendRawPiece len=1
[BaselineBoard] appendRawPiece len=12
      type  (children=2)
      [UNHANDLED-PCB] tag="type"
[BaselineBoard] appendRawPiece len=5
[BaselineBoard] appendRawPiece len=45
    uuid  (children=2)
[BaselineBoard] appendRawPiece len=140
  wire  (children=4)
[traverseAst] WIRE depth=1 raw_len=140
[BaselineBoard] appendRawPiece len=140
[handleWireFromClean] called for tag='wire'
[handleWire] PUSH (pts.node.pts) 29.209999,59.689999->29.209999,72.389999 ; added=1
[handleWire] saved 1 wire(s) from pts-children (deduped)
[traverseAst] WIRE -> handleWireFromClean() called; board wireCount=34
[BaselineBoard] appendRawPiece len=55
    pts  (children=3)
[BaselineBoard] appendRawPiece len=24
      xy  (children=3)
[BaselineBoard] appendRawPiece len=9
[BaselineBoard] appendRawPiece len=9
[BaselineBoard] appendRawPiece len=24
      xy  (children=3)
[BaselineBoard] appendRawPiece len=9
[BaselineBoard] appendRawPiece len=9
[BaselineBoard] appendRawPiece len=31
    stroke  (children=3)
    [UNHANDLED-PCB] tag="stroke"
[BaselineBoard] appendRawPiece len=9
      width  (children=2)
      [UNHANDLED-PCB] tag="width"
[BaselineBoard] appendRawPiece len=1
[BaselineBoard] appendRawPiece len=12
      type  (children=2)
      [UNHANDLED-PCB] tag="type"
[BaselineBoard] appendRawPiece len=5
[BaselineBoard] appendRawPiece len=45
    uuid  (children=2)
[BaselineBoard] appendRawPiece len=140
  wire  (children=4)
[traverseAst] WIRE depth=1 raw_len=140
[BaselineBoard] appendRawPiece len=140
[handleWireFromClean] called for tag='wire'
[handleWire] PUSH (pts.node.pts) 29.209999,59.689999->31.750000,59.689999 ; added=1
[handleWire] saved 1 wire(s) from pts-children (deduped)
[traverseAst] WIRE -> handleWireFromClean() called; board wireCount=35
[BaselineBoard] appendRawPiece len=55
    pts  (children=3)
[BaselineBoard] appendRawPiece len=24
      xy  (children=3)
[BaselineBoard] appendRawPiece len=9
[BaselineBoard] appendRawPiece len=9
[BaselineBoard] appendRawPiece len=24
      xy  (children=3)
[BaselineBoard] appendRawPiece len=9
[BaselineBoard] appendRawPiece len=9
[BaselineBoard] appendRawPiece len=31
    stroke  (children=3)
    [UNHANDLED-PCB] tag="stroke"
[BaselineBoard] appendRawPiece len=9
      width  (children=2)
      [UNHANDLED-PCB] tag="width"
[BaselineBoard] appendRawPiece len=1
[BaselineBoard] appendRawPiece len=12
      type  (children=2)
      [UNHANDLED-PCB] tag="type"
[BaselineBoard] appendRawPiece len=5
[BaselineBoard] appendRawPiece len=45
    uuid  (children=2)
[BaselineBoard] appendRawPiece len=140
  wire  (children=4)
[traverseAst] WIRE depth=1 raw_len=140
[BaselineBoard] appendRawPiece len=140
[handleWireFromClean] called for tag='wire'
[handleWire] PUSH (pts.node.pts) 16.510000,41.910000->31.750000,41.910000 ; added=1
[handleWire] saved 1 wire(s) from pts-children (deduped)
[traverseAst] WIRE -> handleWireFromClean() called; board wireCount=36
[BaselineBoard] appendRawPiece len=55
    pts  (children=3)
[BaselineBoard] appendRawPiece len=24
      xy  (children=3)
[BaselineBoard] appendRawPiece len=9
[BaselineBoard] appendRawPiece len=9
[BaselineBoard] appendRawPiece len=24
      xy  (children=3)
[BaselineBoard] appendRawPiece len=9
[BaselineBoard] appendRawPiece len=9
[BaselineBoard] appendRawPiece len=31
    stroke  (children=3)
    [UNHANDLED-PCB] tag="stroke"
[BaselineBoard] appendRawPiece len=9
      width  (children=2)
      [UNHANDLED-PCB] tag="width"
[BaselineBoard] appendRawPiece len=1
[BaselineBoard] appendRawPiece len=12
      type  (children=2)
      [UNHANDLED-PCB] tag="type"
[BaselineBoard] appendRawPiece len=5
[BaselineBoard] appendRawPiece len=45
    uuid  (children=2)
[BaselineBoard] appendRawPiece len=140
  wire  (children=4)
[traverseAst] WIRE depth=1 raw_len=140
[BaselineBoard] appendRawPiece len=140
[handleWireFromClean] called for tag='wire'
[handleWire] PUSH (pts.node.pts) 52.070000,29.209999->67.309998,29.209999 ; added=1
[handleWire] saved 1 wire(s) from pts-children (deduped)
[traverseAst] WIRE -> handleWireFromClean() called; board wireCount=37
[BaselineBoard] appendRawPiece len=55
    pts  (children=3)
[BaselineBoard] appendRawPiece len=24
      xy  (children=3)
[BaselineBoard] appendRawPiece len=9
[BaselineBoard] appendRawPiece len=9
[BaselineBoard] appendRawPiece len=24
      xy  (children=3)
[BaselineBoard] appendRawPiece len=9
[BaselineBoard] appendRawPiece len=9
[BaselineBoard] appendRawPiece len=31
    stroke  (children=3)
    [UNHANDLED-PCB] tag="stroke"
[BaselineBoard] appendRawPiece len=9
      width  (children=2)
      [UNHANDLED-PCB] tag="width"
[BaselineBoard] appendRawPiece len=1
[BaselineBoard] appendRawPiece len=12
      type  (children=2)
      [UNHANDLED-PCB] tag="type"
[BaselineBoard] appendRawPiece len=5
[BaselineBoard] appendRawPiece len=45
    uuid  (children=2)
[BaselineBoard] appendRawPiece len=176
  label  (children=6)
[BaselineBoard] appendRawPiece len=177
  label  (children=6)
[BaselineBoard] appendRawPiece len=173
  label  (children=6)
[BaselineBoard] appendRawPiece len=176
  label  (children=6)
[BaselineBoard] appendRawPiece len=184
  label  (children=6)
[BaselineBoard] appendRawPiece len=175
  label  (children=6)
[BaselineBoard] appendRawPiece len=188
  label  (children=6)
[BaselineBoard] appendRawPiece len=186
  label  (children=6)
[BaselineBoard] appendRawPiece len=177
  label  (children=6)
[BaselineBoard] appendRawPiece len=178
  label  (children=6)
[BaselineBoard] appendRawPiece len=173
  label  (children=6)
[BaselineBoard] appendRawPiece len=185
  label  (children=6)
[BaselineBoard] appendRawPiece len=173
  label  (children=6)
[BaselineBoard] appendRawPiece len=173
  label  (children=6)
[BaselineBoard] appendRawPiece len=173
  label  (children=6)
[BaselineBoard] appendRawPiece len=182
  label  (children=6)
[BaselineBoard] appendRawPiece len=173
  label  (children=6)
[BaselineBoard] appendRawPiece len=177
  label  (children=6)
[BaselineBoard] appendRawPiece len=187
  label  (children=6)
[BaselineBoard] appendRawPiece len=186
  label  (children=6)
[BaselineBoard] appendRawPiece len=176
  label  (children=6)
[BaselineBoard] appendRawPiece len=185
  label  (children=6)
[BaselineBoard] appendRawPiece len=185
  label  (children=6)
[BaselineBoard] appendRawPiece len=175
  label  (children=6)
[BaselineBoard] appendRawPiece len=179
  label  (children=6)
[BaselineBoard] appendRawPiece len=178
  label  (children=6)
[BaselineBoard] appendRawPiece len=177
  label  (children=6)
[BaselineBoard] appendRawPiece len=1822
  symbol  (children=32)
[BaselineBoard] appendRawPiece len=1834
  symbol  (children=33)
[BaselineBoard] appendRawPiece len=887
  symbol  (children=16)
[BaselineBoard] appendRawPiece len=890
  symbol  (children=16)
[BaselineBoard] appendRawPiece len=887
  symbol  (children=16)
[BaselineBoard] appendRawPiece len=871
  symbol  (children=16)
[BaselineBoard] appendRawPiece len=871
  symbol  (children=16)
[BaselineBoard] appendRawPiece len=39
  sheet_instances  (children=2)
  [UNHANDLED-PCB] tag="sheet_instances"
[BaselineBoard] appendRawPiece len=21
    path  (children=3)
    [UNHANDLED-PCB] tag="path"
[BaselineBoard] appendRawPiece len=3
[BaselineBoard] appendRawPiece len=10
      page  (children=2)
[UNHANDLED] cleanInner:generator_version addr=0x5e8366cb1420 -> (generator_version "8.0" )
  children details (child_index: addr type extra):
    [0] addr=0x5e8366c7c230 atom="generator_version"
    [1] addr=0x5e8366c7c270 atom=""8.0""
AstCleaner: handling lib_symbols at 0x5e8366cb1520
[UNHANDLED] cleanInner:exclude_from_sim addr=0x5e8366ccb660 -> (exclude_from_sim no )
  children details (child_index: addr type extra):
    [0] addr=0x5e8366c88630 atom="exclude_from_sim"
    [1] addr=0x5e8366c88670 atom="no"
[UNHANDLED] cleanInner:exclude_from_sim addr=0x5e8366ca5ee0 -> (exclude_from_sim no )
  children details (child_index: addr type extra):
    [0] addr=0x5e8366ccd540 atom="exclude_from_sim"
    [1] addr=0x5e8366ccd580 atom="no"
[UNHANDLED] cleanInner:exclude_from_sim addr=0x5e8366ca23e0 -> (exclude_from_sim no )
  children details (child_index: addr type extra):
    [0] addr=0x5e8366c9ee40 atom="exclude_from_sim"
    [1] addr=0x5e8366c9ee80 atom="no"
[UNHANDLED] cleanInner:exclude_from_sim addr=0x5e8366c9e210 -> (exclude_from_sim no )
  children details (child_index: addr type extra):
    [0] addr=0x5e8366cb34b0 atom="exclude_from_sim"
    [1] addr=0x5e8366cb34f0 atom="no"
[UNHANDLED] cleanInner:exclude_from_sim addr=0x5e8366c70cd0 -> (exclude_from_sim no )
  children details (child_index: addr type extra):
    [0] addr=0x5e8366cb6900 atom="exclude_from_sim"
    [1] addr=0x5e8366cb6940 atom="no"
[UNHANDLED] cleanInner:no_connect addr=0x5e8366cb1560 -> (no_connect (at) (uuid) )
  children details (child_index: addr type extra):
    [0] addr=0x5e8366c8cbe0 atom="no_connect"
    [1] addr=0x5e8366c8cc20 list_size=3 head="at"
    [2] addr=0x5e8366c8cc60 list_size=2 head="uuid"
[UNHANDLED] cleanInner:no_connect addr=0x5e8366cb15a0 -> (no_connect (at) (uuid) )
  children details (child_index: addr type extra):
    [0] addr=0x5e8366c8ce10 atom="no_connect"
    [1] addr=0x5e8366c8ce50 list_size=3 head="at"
    [2] addr=0x5e8366c8ce90 list_size=2 head="uuid"
[appendRawPieceFromClean] piece_head='<kicad_sch>
  <version> attrs{value:20231120 }
  <generator> attrs{value:"eeschema" }
  <generator_version> attrs{value:"8.0" }
  <paper> attrs{value:"A4" }
  <'...
[BaselineBoard] appendRawPiece len=36744 head="kicad_sch"
[walkSchematicOnce] cleanedRoot children=80
[walkSchematicOnce] child tag='version' children=0
[appendRawPieceFromClean] piece_head='<version> attrs{value:20231120 }'...
[BaselineBoard] appendRawPiece len=32 head="version"
[walkSchematicOnce] child tag='generator' children=0
[appendRawPieceFromClean] piece_head='<generator> attrs{value:"eeschema" }'...
[BaselineBoard] appendRawPiece len=36 head="generator"
[walkSchematicOnce] child tag='generator_version' children=0
[appendRawPieceFromClean] piece_head='<generator_version> attrs{value:"8.0" }'...
[BaselineBoard] appendRawPiece len=39 head="generator_version"
[walkSchematicOnce] child tag='paper' children=0
[appendRawPieceFromClean] piece_head='<paper> attrs{value:"A4" }'...
[BaselineBoard] appendRawPiece len=26 head="paper"
[walkSchematicOnce] child tag='title_block' children=1
[appendRawPieceFromClean] piece_head='<title_block>
  <date> attrs{value:"sam. 04 avril 2015" }'...
[BaselineBoard] appendRawPiece len=57 head="title_block"
[walkSchematicOnce] child tag='lib_symbols' children=5
[handleLibSymbolsCleanNode] called, children=5
[WARNING] Duplicate lib_symbols differs; keeping first.
[walkSchematicOnce] child tag='no_connect' children=0
[appendRawPieceFromClean] piece_head='<no_connect> at=(31.750,49.530,0.000)'...
[BaselineBoard] appendRawPiece len=37 head="no_connect"
[walkSchematicOnce] child tag='no_connect' children=0
[appendRawPieceFromClean] piece_head='<no_connect> at=(31.750,52.070,0.000)'...
[BaselineBoard] appendRawPiece len=37 head="no_connect"
[walkSchematicOnce] child tag='wire' children=1
[handleWireFromClean] called for tag='wire'
[handleWire] saved 1 wire(s) from clean.pts
[walkSchematicOnce] child tag='wire' children=1
[handleWireFromClean] called for tag='wire'
[handleWire] saved 1 wire(s) from clean.pts
[walkSchematicOnce] child tag='wire' children=1
[handleWireFromClean] called for tag='wire'
[handleWire] saved 1 wire(s) from clean.pts
[walkSchematicOnce] child tag='wire' children=1
[handleWireFromClean] called for tag='wire'
[handleWire] saved 1 wire(s) from clean.pts
[walkSchematicOnce] child tag='wire' children=1
[handleWireFromClean] called for tag='wire'
[handleWire] saved 1 wire(s) from clean.pts
[walkSchematicOnce] child tag='wire' children=1
[handleWireFromClean] called for tag='wire'
[handleWire] saved 1 wire(s) from clean.pts
[walkSchematicOnce] child tag='wire' children=1
[handleWireFromClean] called for tag='wire'
[handleWire] saved 1 wire(s) from clean.pts
[walkSchematicOnce] child tag='wire' children=1
[handleWireFromClean] called for tag='wire'
[handleWire] saved 1 wire(s) from clean.pts
[walkSchematicOnce] child tag='wire' children=1
[handleWireFromClean] called for tag='wire'
[handleWire] saved 1 wire(s) from clean.pts
[walkSchematicOnce] child tag='wire' children=1
[handleWireFromClean] called for tag='wire'
[handleWire] saved 1 wire(s) from clean.pts
[walkSchematicOnce] child tag='wire' children=1
[handleWireFromClean] called for tag='wire'
[handleWire] saved 1 wire(s) from clean.pts
[walkSchematicOnce] child tag='wire' children=1
[handleWireFromClean] called for tag='wire'
[handleWire] saved 1 wire(s) from clean.pts
[walkSchematicOnce] child tag='wire' children=1
[handleWireFromClean] called for tag='wire'
[handleWire] saved 1 wire(s) from clean.pts
[walkSchematicOnce] child tag='wire' children=1
[handleWireFromClean] called for tag='wire'
[handleWire] saved 1 wire(s) from clean.pts
[walkSchematicOnce] child tag='wire' children=1
[handleWireFromClean] called for tag='wire'
[handleWire] saved 1 wire(s) from clean.pts
[walkSchematicOnce] child tag='wire' children=1
[handleWireFromClean] called for tag='wire'
[handleWire] saved 1 wire(s) from clean.pts
[walkSchematicOnce] child tag='wire' children=1
[handleWireFromClean] called for tag='wire'
[handleWire] saved 1 wire(s) from clean.pts
[walkSchematicOnce] child tag='wire' children=1
[handleWireFromClean] called for tag='wire'
[handleWire] saved 1 wire(s) from clean.pts
[walkSchematicOnce] child tag='wire' children=1
[handleWireFromClean] called for tag='wire'
[handleWire] saved 1 wire(s) from clean.pts
[walkSchematicOnce] child tag='wire' children=1
[handleWireFromClean] called for tag='wire'
[handleWire] saved 1 wire(s) from clean.pts
[walkSchematicOnce] child tag='wire' children=1
[handleWireFromClean] called for tag='wire'
[handleWire] saved 1 wire(s) from clean.pts
[walkSchematicOnce] child tag='wire' children=1
[handleWireFromClean] called for tag='wire'
[handleWire] saved 1 wire(s) from clean.pts
[walkSchematicOnce] child tag='wire' children=1
[handleWireFromClean] called for tag='wire'
[handleWire] saved 1 wire(s) from clean.pts
[walkSchematicOnce] child tag='wire' children=1
[handleWireFromClean] called for tag='wire'
[handleWire] saved 1 wire(s) from clean.pts
[walkSchematicOnce] child tag='wire' children=1
[handleWireFromClean] called for tag='wire'
[handleWire] saved 1 wire(s) from clean.pts
[walkSchematicOnce] child tag='wire' children=1
[handleWireFromClean] called for tag='wire'
[handleWire] saved 1 wire(s) from clean.pts
[walkSchematicOnce] child tag='wire' children=1
[handleWireFromClean] called for tag='wire'
[handleWire] saved 1 wire(s) from clean.pts
[walkSchematicOnce] child tag='wire' children=1
[handleWireFromClean] called for tag='wire'
[handleWire] saved 1 wire(s) from clean.pts
[walkSchematicOnce] child tag='wire' children=1
[handleWireFromClean] called for tag='wire'
[handleWire] saved 1 wire(s) from clean.pts
[walkSchematicOnce] child tag='wire' children=1
[handleWireFromClean] called for tag='wire'
[handleWire] saved 1 wire(s) from clean.pts
[walkSchematicOnce] child tag='wire' children=1
[handleWireFromClean] called for tag='wire'
[handleWire] saved 1 wire(s) from clean.pts
[walkSchematicOnce] child tag='wire' children=1
[handleWireFromClean] called for tag='wire'
[handleWire] saved 1 wire(s) from clean.pts
[walkSchematicOnce] child tag='wire' children=1
[handleWireFromClean] called for tag='wire'
[handleWire] saved 1 wire(s) from clean.pts
[walkSchematicOnce] child tag='wire' children=1
[handleWireFromClean] called for tag='wire'
[handleWire] saved 1 wire(s) from clean.pts
[walkSchematicOnce] child tag='wire' children=1
[handleWireFromClean] called for tag='wire'
[handleWire] saved 1 wire(s) from clean.pts
[walkSchematicOnce] child tag='wire' children=1
[handleWireFromClean] called for tag='wire'
[handleWire] saved 1 wire(s) from clean.pts
[walkSchematicOnce] child tag='wire' children=1
[handleWireFromClean] called for tag='wire'
[handleWire] saved 1 wire(s) from clean.pts
[walkSchematicOnce] child tag='label' children=4
[handleTextFromClean] called for tag='label'
[handleText] failed to convert text to shape
[walkSchematicOnce] child tag='label' children=4
[handleTextFromClean] called for tag='label'
[handleText] failed to convert text to shape
[walkSchematicOnce] child tag='label' children=4
[handleTextFromClean] called for tag='label'
[handleText] failed to convert text to shape
[walkSchematicOnce] child tag='label' children=4
[handleTextFromClean] called for tag='label'
[handleText] failed to convert text to shape
[walkSchematicOnce] child tag='label' children=4
[handleTextFromClean] called for tag='label'
[handleText] failed to convert text to shape
[walkSchematicOnce] child tag='label' children=4
[handleTextFromClean] called for tag='label'
[handleText] failed to convert text to shape
[walkSchematicOnce] child tag='label' children=4
[handleTextFromClean] called for tag='label'
[handleText] failed to convert text to shape
[walkSchematicOnce] child tag='label' children=4
[handleTextFromClean] called for tag='label'
[handleText] failed to convert text to shape
[walkSchematicOnce] child tag='label' children=4
[handleTextFromClean] called for tag='label'
[handleText] failed to convert text to shape
[walkSchematicOnce] child tag='label' children=4
[handleTextFromClean] called for tag='label'
[handleText] failed to convert text to shape
[walkSchematicOnce] child tag='label' children=4
[handleTextFromClean] called for tag='label'
[handleText] failed to convert text to shape
[walkSchematicOnce] child tag='label' children=4
[handleTextFromClean] called for tag='label'
[handleText] failed to convert text to shape
[walkSchematicOnce] child tag='label' children=4
[handleTextFromClean] called for tag='label'
[handleText] failed to convert text to shape
[walkSchematicOnce] child tag='label' children=4
[handleTextFromClean] called for tag='label'
[handleText] failed to convert text to shape
[walkSchematicOnce] child tag='label' children=4
[handleTextFromClean] called for tag='label'
[handleText] failed to convert text to shape
[walkSchematicOnce] child tag='label' children=4
[handleTextFromClean] called for tag='label'
[handleText] failed to convert text to shape
[walkSchematicOnce] child tag='label' children=4
[handleTextFromClean] called for tag='label'
[handleText] failed to convert text to shape
[walkSchematicOnce] child tag='label' children=4
[handleTextFromClean] called for tag='label'
[handleText] failed to convert text to shape
[walkSchematicOnce] child tag='label' children=4
[handleTextFromClean] called for tag='label'
[handleText] failed to convert text to shape
[walkSchematicOnce] child tag='label' children=4
[handleTextFromClean] called for tag='label'
[handleText] failed to convert text to shape
[walkSchematicOnce] child tag='label' children=4
[handleTextFromClean] called for tag='label'
[handleText] failed to convert text to shape
[walkSchematicOnce] child tag='label' children=4
[handleTextFromClean] called for tag='label'
[handleText] failed to convert text to shape
[walkSchematicOnce] child tag='label' children=4
[handleTextFromClean] called for tag='label'
[handleText] failed to convert text to shape
[walkSchematicOnce] child tag='label' children=4
[handleTextFromClean] called for tag='label'
[handleText] failed to convert text to shape
[walkSchematicOnce] child tag='label' children=4
[handleTextFromClean] called for tag='label'
[handleText] failed to convert text to shape
[walkSchematicOnce] child tag='label' children=4
[handleTextFromClean] called for tag='label'
[handleText] failed to convert text to shape
[walkSchematicOnce] child tag='label' children=4
[handleTextFromClean] called for tag='label'
[handleText] failed to convert text to shape
[walkSchematicOnce] child tag='symbol' children=30
[handleSymbolFromClean] lib_id='(none)' tag='symbol' children=30
[walkSchematicOnce] child tag='symbol' children=31
[handleSymbolFromClean] lib_id='(none)' tag='symbol' children=31
[walkSchematicOnce] child tag='symbol' children=14
[handleSymbolFromClean] lib_id='(none)' tag='symbol' children=14
[walkSchematicOnce] child tag='symbol' children=14
[handleSymbolFromClean] lib_id='(none)' tag='symbol' children=14
[walkSchematicOnce] child tag='symbol' children=14
[handleSymbolFromClean] lib_id='(none)' tag='symbol' children=14
[walkSchematicOnce] child tag='symbol' children=14
[handleSymbolFromClean] lib_id='(none)' tag='symbol' children=14
[walkSchematicOnce] child tag='symbol' children=14
[handleSymbolFromClean] lib_id='(none)' tag='symbol' children=14
[walkSchematicOnce] child tag='sheet_instances' children=1
[appendRawPieceFromClean] piece_head='<sheet_instances>
  <path> attrs{page:"1" }'...
[BaselineBoard] appendRawPiece len=43 head="sheet_instances"
=== SUMMARY === junctionShapes=0 wireShapes=74 symbols=7 rawPieces=645
=== DUMP wires: count=74 ===
 wire[0] start=(52.07,59.69) end=(67.31,59.69)
 wire[1] start=(31.75,29.21) end=(29.21,29.21)
 wire[2] start=(26.67,24.13) end=(26.67,54.61)
 wire[3] start=(31.75,54.61) end=(26.67,54.61)
 wire[4] start=(52.07,31.75) end=(67.31,31.75)
 wire[5] start=(52.07,64.77) end=(67.31,64.77)
 wire[6] start=(16.51,39.37) end=(31.75,39.37)
 wire[7] start=(52.07,36.83) end=(67.31,36.83)
 wire[8] start=(52.07,39.37) end=(67.31,39.37)
 wire[9] start=(52.07,52.07) end=(67.31,52.07)
 wire[10] start=(16.51,31.75) end=(31.75,31.75)
 wire[11] start=(52.07,44.45) end=(67.31,44.45)
 wire[12] start=(29.21,24.13) end=(29.21,29.21)
 wire[13] start=(52.07,54.61) end=(54.61,54.61)
 wire[14] start=(52.07,26.67) end=(67.31,26.67)
 wire[15] start=(24.13,24.13) end=(24.13,62.23)
 wire[16] start=(31.75,62.23) end=(24.13,62.23)
 wire[17] start=(16.51,57.15) end=(31.75,57.15)
 wire[18] start=(52.07,41.91) end=(67.31,41.91)
 wire[19] start=(52.07,46.99) end=(67.31,46.99)
 wire[20] start=(16.51,34.29) end=(31.75,34.29)
 wire[21] start=(16.51,64.77) end=(31.75,64.77)
 wire[22] start=(16.51,26.67) end=(31.75,26.67)
 wire[23] start=(16.51,44.45) end=(31.75,44.45)
 wire[24] start=(52.07,49.53) end=(67.31,49.53)
 wire[25] start=(16.51,36.83) end=(31.75,36.83)
 wire[26] start=(16.51,46.99) end=(31.75,46.99)
 wire[27] start=(52.07,34.29) end=(67.31,34.29)
 wire[28] start=(52.07,67.31) end=(67.31,67.31)
 wire[29] start=(52.07,57.15) end=(67.31,57.15)
 wire[30] start=(54.61,54.61) end=(54.61,72.39)
 wire[31] start=(16.51,67.31) end=(31.75,67.31)
 wire[32] start=(52.07,62.23) end=(67.31,62.23)
 wire[33] start=(29.21,59.69) end=(29.21,72.39)
 wire[34] start=(31.75,59.69) end=(29.21,59.69)
 wire[35] start=(16.51,41.91) end=(31.75,41.91)
 wire[36] start=(52.07,29.21) end=(67.31,29.21)
 wire[37] start=(52.07,59.69) end=(67.31,59.69)
 wire[38] start=(31.75,29.21) end=(29.21,29.21)
 wire[39] start=(26.67,24.13) end=(26.67,54.61)
 wire[40] start=(31.75,54.61) end=(26.67,54.61)
 wire[41] start=(52.07,31.75) end=(67.31,31.75)
 wire[42] start=(52.07,64.77) end=(67.31,64.77)
 wire[43] start=(16.51,39.37) end=(31.75,39.37)
 wire[44] start=(52.07,36.83) end=(67.31,36.83)
 wire[45] start=(52.07,39.37) end=(67.31,39.37)
 wire[46] start=(52.07,52.07) end=(67.31,52.07)
 wire[47] start=(16.51,31.75) end=(31.75,31.75)
 wire[48] start=(52.07,44.45) end=(67.31,44.45)
 wire[49] start=(29.21,24.13) end=(29.21,29.21)
 wire[50] start=(52.07,54.61) end=(54.61,54.61)
 wire[51] start=(52.07,26.67) end=(67.31,26.67)
 wire[52] start=(24.13,24.13) end=(24.13,62.23)
 wire[53] start=(31.75,62.23) end=(24.13,62.23)
 wire[54] start=(16.51,57.15) end=(31.75,57.15)
 wire[55] start=(52.07,41.91) end=(67.31,41.91)
 wire[56] start=(52.07,46.99) end=(67.31,46.99)
 wire[57] start=(16.51,34.29) end=(31.75,34.29)
 wire[58] start=(16.51,64.77) end=(31.75,64.77)
 wire[59] start=(16.51,26.67) end=(31.75,26.67)
 wire[60] start=(16.51,44.45) end=(31.75,44.45)
 wire[61] start=(52.07,49.53) end=(67.31,49.53)
 wire[62] start=(16.51,36.83) end=(31.75,36.83)
 wire[63] start=(16.51,46.99) end=(31.75,46.99)
 wire[64] start=(52.07,34.29) end=(67.31,34.29)
 wire[65] start=(52.07,67.31) end=(67.31,67.31)
 wire[66] start=(52.07,57.15) end=(67.31,57.15)
 wire[67] start=(54.61,54.61) end=(54.61,72.39)
 wire[68] start=(16.51,67.31) end=(31.75,67.31)
 wire[69] start=(52.07,62.23) end=(67.31,62.23)
 wire[70] start=(29.21,59.69) end=(29.21,72.39)
 wire[71] start=(31.75,59.69) end=(29.21,59.69)
 wire[72] start=(16.51,41.91) end=(31.75,41.91)
 wire[73] start=(52.07,29.21) end=(67.31,29.21)
[main] writing KiCad S-expr via b->dumpKiCad(std::cout)
[dumpKiCad] dumping board...
[dumpKiCad] done.
[main] writing KiCad S-expr via b->dumpKiCad(std::cout)
[dumpKiCad] dumping board...
[dumpKiCad] done.
[main] writing KiCad S-expr via b->dumpKiCad(std::cout)
[dumpKiCad] dumping board...
[dumpKiCad] done.
[main] writing KiCad S-expr via b->dumpKiCad(std::cout)
[dumpKiCad] dumping board...
[dumpKiCad] done.
[main] writing KiCad S-expr via b->dumpKiCad(std::cout)
[dumpKiCad] dumping board...
[dumpKiCad] done.
[main] writing KiCad S-expr via b->dumpKiCad(std::cout)
[dumpKiCad] dumping board...
[dumpKiCad] done.
