[DEBUG] Root children: 16
  child 0 (non-list or no head)
  child 1 tag="version"
  child 2 tag="generator"
  child 3 tag="uuid"
  child 4 tag="paper"
  child 5 tag="lib_symbols"
  child 6 tag="wire"
  child 7 tag="wire"
  child 8 tag="wire"
  child 9 tag="wire"
  child 10 tag="text"
  child 11 tag="label"
  child 12 tag="symbol"
  child 13 tag="symbol"
  child 14 tag="sheet_instances"
  child 15 tag="symbol_instances"
[BaselineBoard] appendRawPiece len=6240
kicad_sch  (children=16)
[UNHANDLED-PCB] tag="kicad_sch"
[BaselineBoard] appendRawPiece len=18
  version  (children=2)
[BaselineBoard] appendRawPiece len=20
  generator  (children=2)
[BaselineBoard] appendRawPiece len=43
  uuid  (children=2)
[BaselineBoard] appendRawPiece len=12
  paper  (children=2)
[BaselineBoard] appendRawPiece len=2783
  lib_symbols  (children=3)
[traverseAst] LIB_SYMBOLS depth=1 raw_len=2783
[BaselineBoard] setLibSymbolsRaw len=2783
[BaselineBoard] appendRawPiece len=2783
AstCleaner: handling lib_symbols at 0x7fff40061b20
[handleLibSymbolsCleanNode] called, children=2
[WARNING] Duplicate lib_symbols differs; keeping first.
[traverseAst] LIB_SYMBOLS -> handleLibSymbolsCleanNode() called; libSymbolsRaw_len=2783
[BaselineBoard] appendRawPiece len=1257
    symbol  (children=15)
[BaselineBoard] appendRawPiece len=1511
    symbol  (children=13)
[BaselineBoard] appendRawPiece len=144
  wire  (children=4)
[traverseAst] WIRE depth=1 raw_len=144
[BaselineBoard] appendRawPiece len=144
[handleWireFromClean] called for tag='wire'
[handleWire] PUSH (pts.node.pts) 190.500000,111.760002->190.500000,115.570000 ; added=1
[handleWire] saved 1 wire(s) from pts-children (deduped)
[traverseAst] WIRE -> handleWireFromClean() called; board wireCount=1
[BaselineBoard] appendRawPiece len=59
    pts  (children=3)
[BaselineBoard] appendRawPiece len=26
      xy  (children=3)
[BaselineBoard] appendRawPiece len=10
[BaselineBoard] appendRawPiece len=10
[BaselineBoard] appendRawPiece len=26
      xy  (children=3)
[BaselineBoard] appendRawPiece len=10
[BaselineBoard] appendRawPiece len=10
[BaselineBoard] appendRawPiece len=33
    stroke  (children=3)
    [UNHANDLED-PCB] tag="stroke"
[BaselineBoard] appendRawPiece len=9
      width  (children=2)
      [UNHANDLED-PCB] tag="width"
[BaselineBoard] appendRawPiece len=1
[BaselineBoard] appendRawPiece len=14
      type  (children=2)
      [UNHANDLED-PCB] tag="type"
[BaselineBoard] appendRawPiece len=7
[BaselineBoard] appendRawPiece len=43
    uuid  (children=2)
[BaselineBoard] appendRawPiece len=130
  wire  (children=4)
[traverseAst] WIRE depth=1 raw_len=130
[BaselineBoard] appendRawPiece len=130
[handleWireFromClean] called for tag='wire'
[handleWire] PUSH (pts.node.pts) 165.100006,127.000000->190.500000,127.000000 ; added=1
[handleWire] saved 1 wire(s) from pts-children (deduped)
[traverseAst] WIRE -> handleWireFromClean() called; board wireCount=2
[BaselineBoard] appendRawPiece len=45
    pts  (children=3)
[BaselineBoard] appendRawPiece len=19
      xy  (children=3)
[BaselineBoard] appendRawPiece len=10
[BaselineBoard] appendRawPiece len=3
[BaselineBoard] appendRawPiece len=19
      xy  (children=3)
[BaselineBoard] appendRawPiece len=10
[BaselineBoard] appendRawPiece len=3
[BaselineBoard] appendRawPiece len=33
    stroke  (children=3)
    [UNHANDLED-PCB] tag="stroke"
[BaselineBoard] appendRawPiece len=9
      width  (children=2)
      [UNHANDLED-PCB] tag="width"
[BaselineBoard] appendRawPiece len=1
[BaselineBoard] appendRawPiece len=14
      type  (children=2)
      [UNHANDLED-PCB] tag="type"
[BaselineBoard] appendRawPiece len=7
[BaselineBoard] appendRawPiece len=43
    uuid  (children=2)
[BaselineBoard] appendRawPiece len=144
  wire  (children=4)
[traverseAst] WIRE depth=1 raw_len=144
[BaselineBoard] appendRawPiece len=144
[handleWireFromClean] called for tag='wire'
[handleWire] PUSH (pts.node.pts) 165.100006,111.760002->190.500000,111.760002 ; added=1
[handleWire] saved 1 wire(s) from pts-children (deduped)
[traverseAst] WIRE -> handleWireFromClean() called; board wireCount=3
[BaselineBoard] appendRawPiece len=59
    pts  (children=3)
[BaselineBoard] appendRawPiece len=26
      xy  (children=3)
[BaselineBoard] appendRawPiece len=10
[BaselineBoard] appendRawPiece len=10
[BaselineBoard] appendRawPiece len=26
      xy  (children=3)
[BaselineBoard] appendRawPiece len=10
[BaselineBoard] appendRawPiece len=10
[BaselineBoard] appendRawPiece len=33
    stroke  (children=3)
    [UNHANDLED-PCB] tag="stroke"
[BaselineBoard] appendRawPiece len=9
      width  (children=2)
      [UNHANDLED-PCB] tag="width"
[BaselineBoard] appendRawPiece len=1
[BaselineBoard] appendRawPiece len=14
      type  (children=2)
      [UNHANDLED-PCB] tag="type"
[BaselineBoard] appendRawPiece len=7
[BaselineBoard] appendRawPiece len=43
    uuid  (children=2)
[BaselineBoard] appendRawPiece len=137
  wire  (children=4)
[traverseAst] WIRE depth=1 raw_len=137
[BaselineBoard] appendRawPiece len=137
[handleWireFromClean] called for tag='wire'
[handleWire] PUSH (pts.node.pts) 190.500000,123.190002->190.500000,127.000000 ; added=1
[handleWire] saved 1 wire(s) from pts-children (deduped)
[traverseAst] WIRE -> handleWireFromClean() called; board wireCount=4
[BaselineBoard] appendRawPiece len=52
    pts  (children=3)
[BaselineBoard] appendRawPiece len=19
      xy  (children=3)
[BaselineBoard] appendRawPiece len=10
[BaselineBoard] appendRawPiece len=3
[BaselineBoard] appendRawPiece len=26
      xy  (children=3)
[BaselineBoard] appendRawPiece len=10
[BaselineBoard] appendRawPiece len=10
[BaselineBoard] appendRawPiece len=33
    stroke  (children=3)
    [UNHANDLED-PCB] tag="stroke"
[BaselineBoard] appendRawPiece len=9
      width  (children=2)
      [UNHANDLED-PCB] tag="width"
[BaselineBoard] appendRawPiece len=1
[BaselineBoard] appendRawPiece len=14
      type  (children=2)
      [UNHANDLED-PCB] tag="type"
[BaselineBoard] appendRawPiece len=7
[BaselineBoard] appendRawPiece len=43
    uuid  (children=2)
[BaselineBoard] appendRawPiece len=160
  text  (children=5)
[BaselineBoard] appendRawPiece len=170
  label  (children=6)
[BaselineBoard] appendRawPiece len=1397
  symbol  (children=20)
[BaselineBoard] appendRawPiece len=791
  symbol  (children=15)
[BaselineBoard] appendRawPiece len=39
  sheet_instances  (children=2)
  [UNHANDLED-PCB] tag="sheet_instances"
[BaselineBoard] appendRawPiece len=21
    path  (children=3)
    [UNHANDLED-PCB] tag="path"
[BaselineBoard] appendRawPiece len=3
[BaselineBoard] appendRawPiece len=10
      page  (children=2)
[BaselineBoard] appendRawPiece len=226
  symbol_instances  (children=3)
  [UNHANDLED-PCB] tag="symbol_instances"
[BaselineBoard] appendRawPiece len=101
    path  (children=6)
    [UNHANDLED-PCB] tag="path"
[BaselineBoard] appendRawPiece len=39
[BaselineBoard] appendRawPiece len=16
      reference  (children=2)
      [UNHANDLED-PCB] tag="reference"
[BaselineBoard] appendRawPiece len=4
[BaselineBoard] appendRawPiece len=8
      unit  (children=2)
      [UNHANDLED-PCB] tag="unit"
[BaselineBoard] appendRawPiece len=1
[BaselineBoard] appendRawPiece len=13
      value  (children=2)
      [UNHANDLED-PCB] tag="value"
[BaselineBoard] appendRawPiece len=5
[BaselineBoard] appendRawPiece len=14
      footprint  (children=2)
      [UNHANDLED-PCB] tag="footprint"
[BaselineBoard] appendRawPiece len=2
[BaselineBoard] appendRawPiece len=105
    path  (children=6)
    [UNHANDLED-PCB] tag="path"
[BaselineBoard] appendRawPiece len=39
[BaselineBoard] appendRawPiece len=16
      reference  (children=2)
      [UNHANDLED-PCB] tag="reference"
[BaselineBoard] appendRawPiece len=4
[BaselineBoard] appendRawPiece len=8
      unit  (children=2)
      [UNHANDLED-PCB] tag="unit"
[BaselineBoard] appendRawPiece len=1
[BaselineBoard] appendRawPiece len=17
      value  (children=2)
      [UNHANDLED-PCB] tag="value"
[BaselineBoard] appendRawPiece len=9
[BaselineBoard] appendRawPiece len=14
      footprint  (children=2)
      [UNHANDLED-PCB] tag="footprint"
[BaselineBoard] appendRawPiece len=2
AstCleaner: handling lib_symbols at 0x5c669895c750
[UNHANDLED] cleanInner:value addr=0x5c6698972ad0 -> (value "" )
  children details (child_index: addr type extra):
    [0] addr=0x5c6698972cb0 atom="value"
    [1] addr=0x5c6698972cf0 atom=""""
[UNHANDLED] cleanInner:value addr=0x5c66989783d0 -> (value "" )
  children details (child_index: addr type extra):
    [0] addr=0x5c6698978580 atom="value"
    [1] addr=0x5c66989785c0 atom=""""
[UNHANDLED] cleanInner:value addr=0x5c669897a3c0 -> (value "10k" )
  children details (child_index: addr type extra):
    [0] addr=0x5c669897a570 atom="value"
    [1] addr=0x5c669897a5b0 atom=""10k""
[UNHANDLED] cleanInner:value addr=0x5c669897a790 -> (value "VSOURCE" )
  children details (child_index: addr type extra):
    [0] addr=0x5c669897a940 atom="value"
    [1] addr=0x5c669897a980 atom=""VSOURCE""
[appendRawPieceFromClean] piece_head='<kicad_sch>
  <version> attrs{value:20220622 }
  <generator> attrs{value:eeschema }
  <paper> attrs{value:"A4" }
  <lib_symbols>
  <symbol> property{"Reference"'...
[BaselineBoard] appendRawPiece len=7912 head="kicad_sch"
[walkSchematicOnce] cleanedRoot children=14
[walkSchematicOnce] child tag='version' children=0
[appendRawPieceFromClean] piece_head='<version> attrs{value:20220622 }'...
[BaselineBoard] appendRawPiece len=32 head="version"
[walkSchematicOnce] child tag='generator' children=0
[appendRawPieceFromClean] piece_head='<generator> attrs{value:eeschema }'...
[BaselineBoard] appendRawPiece len=34 head="generator"
[walkSchematicOnce] child tag='paper' children=0
[appendRawPieceFromClean] piece_head='<paper> attrs{value:"A4" }'...
[BaselineBoard] appendRawPiece len=26 head="paper"
[walkSchematicOnce] child tag='lib_symbols' children=2
[handleLibSymbolsCleanNode] called, children=2
[WARNING] Duplicate lib_symbols differs; keeping first.
[walkSchematicOnce] child tag='wire' children=1
[handleWireFromClean] called for tag='wire'
[handleWire] saved 1 wire(s) from clean.pts
[walkSchematicOnce] child tag='wire' children=1
[handleWireFromClean] called for tag='wire'
[handleWire] saved 1 wire(s) from clean.pts
[walkSchematicOnce] child tag='wire' children=1
[handleWireFromClean] called for tag='wire'
[handleWire] saved 1 wire(s) from clean.pts
[walkSchematicOnce] child tag='wire' children=1
[handleWireFromClean] called for tag='wire'
[handleWire] saved 1 wire(s) from clean.pts
[walkSchematicOnce] child tag='text' children=3
[handleTextFromClean] called for tag='text'
[handleText] failed to convert text to shape
[walkSchematicOnce] child tag='label' children=4
[handleTextFromClean] called for tag='label'
[handleText] failed to convert text to shape
[walkSchematicOnce] child tag='symbol' children=18
[handleSymbolFromClean] lib_id='(none)' tag='symbol' children=18
[walkSchematicOnce] child tag='symbol' children=13
[handleSymbolFromClean] lib_id='(none)' tag='symbol' children=13
[walkSchematicOnce] child tag='sheet_instances' children=1
[appendRawPieceFromClean] piece_head='<sheet_instances>
  <path> attrs{page:"1" }'...
[BaselineBoard] appendRawPiece len=43 head="sheet_instances"
[walkSchematicOnce] child tag='symbol_instances' children=2
[appendRawPieceFromClean] piece_head='<symbol_instances>
  <path> attrs{value:"/f7b25816-e4a8-4219-9402-57c23b1eba25" }
  <reference> attrs{value:"R1" }
  <unit> attrs{value:1 }
  <value> attrs{valu'...
[BaselineBoard] appendRawPiece len=352 head="symbol_instances"
=== SUMMARY === junctionShapes=0 wireShapes=8 symbols=2 rawPieces=106
=== DUMP wires: count=8 ===
 wire[0] start=(190.50,111.76) end=(190.50,115.57)
 wire[1] start=(165.10,127.00) end=(190.50,127.00)
 wire[2] start=(165.10,111.76) end=(190.50,111.76)
 wire[3] start=(190.50,127.00) end=(190.50,123.19)
 wire[4] start=(190.50,111.76) end=(190.50,115.57)
 wire[5] start=(165.10,127.00) end=(190.50,127.00)
 wire[6] start=(165.10,111.76) end=(190.50,111.76)
 wire[7] start=(190.50,127.00) end=(190.50,123.19)
[main] writing KiCad S-expr via b->dumpKiCad(std::cout)
[dumpKiCad] dumping board...
[dumpKiCad] done.
[main] writing KiCad S-expr via b->dumpKiCad(std::cout)
[dumpKiCad] dumping board...
[dumpKiCad] done.
[main] writing KiCad S-expr via b->dumpKiCad(std::cout)
[dumpKiCad] dumping board...
[dumpKiCad] done.
[main] writing KiCad S-expr via b->dumpKiCad(std::cout)
[dumpKiCad] dumping board...
[dumpKiCad] done.
[main] writing KiCad S-expr via b->dumpKiCad(std::cout)
[dumpKiCad] dumping board...
[dumpKiCad] done.
[main] writing KiCad S-expr via b->dumpKiCad(std::cout)
[dumpKiCad] dumping board...
[dumpKiCad] done.
