[DEBUG] Root children: 9
  child 0 (non-list or no head)
  child 1 tag="version"
  child 2 tag="generator"
  child 3 tag="uuid"
  child 4 tag="paper"
  child 5 tag="lib_symbols"
  child 6 tag="hierarchical_label"
  child 7 tag="hierarchical_label"
  child 8 tag="symbol"
[BaselineBoard] appendRawPiece len=2986
kicad_sch  (children=9)
[UNHANDLED-PCB] tag="kicad_sch"
[BaselineBoard] appendRawPiece len=18
  version  (children=2)
[BaselineBoard] appendRawPiece len=20
  generator  (children=2)
[BaselineBoard] appendRawPiece len=43
  uuid  (children=2)
[BaselineBoard] appendRawPiece len=12
  paper  (children=2)
[BaselineBoard] appendRawPiece len=901
  lib_symbols  (children=2)
[traverseAst] LIB_SYMBOLS depth=1 raw_len=901
[BaselineBoard] setLibSymbolsRaw len=901
[BaselineBoard] appendRawPiece len=901
AstCleaner: handling lib_symbols at 0x7fffc83d9530
[handleLibSymbolsCleanNode] called, children=1
[WARNING] Duplicate lib_symbols differs; keeping first.
[traverseAst] LIB_SYMBOLS -> handleLibSymbolsCleanNode() called; libSymbolsRaw_len=901
[BaselineBoard] appendRawPiece len=887
    symbol  (children=10)
[BaselineBoard] appendRawPiece len=192
  hierarchical_label  (children=7)
[BaselineBoard] appendRawPiece len=192
  hierarchical_label  (children=7)
[BaselineBoard] appendRawPiece len=1589
  symbol  (children=16)
AstCleaner: handling lib_symbols at 0x57aae955aac0
[UNHANDLED] cleanInner:hierarchical_label addr=0x57aae955ab00 -> (hierarchical_label "OUT_A" (shape) (at) (fields_autoplaced) (effects) (uuid) )
  children details (child_index: addr type extra):
    [0] addr=0x57aae9560e20 atom="hierarchical_label"
    [1] addr=0x57aae9560e60 atom=""OUT_A""
    [2] addr=0x57aae9560ea0 list_size=2 head="shape"
    [3] addr=0x57aae9560ee0 list_size=4 head="at"
    [4] addr=0x57aae9560f20 list_size=1 head="fields_autoplaced"
    [5] addr=0x57aae9560f60 list_size=3 head="effects"
    [6] addr=0x57aae9560fa0 list_size=2 head="uuid"
[UNHANDLED] cleanInner:shape addr=0x57aae9560ea0 -> (shape output )
  children details (child_index: addr type extra):
    [0] addr=0x57aae9560ff0 atom="shape"
    [1] addr=0x57aae9561030 atom="output"
[UNHANDLED] cleanInner:fields_autoplaced addr=0x57aae9560f20 -> (fields_autoplaced )
  children details (child_index: addr type extra):
    [0] addr=0x57aae955e650 atom="fields_autoplaced"
[UNHANDLED] cleanInner:hierarchical_label addr=0x57aae955ab40 -> (hierarchical_label "IN_A" (shape) (at) (fields_autoplaced) (effects) (uuid) )
  children details (child_index: addr type extra):
    [0] addr=0x57aae9567220 atom="hierarchical_label"
    [1] addr=0x57aae9567260 atom=""IN_A""
    [2] addr=0x57aae95672a0 list_size=2 head="shape"
    [3] addr=0x57aae95672e0 list_size=4 head="at"
    [4] addr=0x57aae9567320 list_size=1 head="fields_autoplaced"
    [5] addr=0x57aae9567360 list_size=3 head="effects"
    [6] addr=0x57aae95673a0 list_size=2 head="uuid"
[UNHANDLED] cleanInner:shape addr=0x57aae95672a0 -> (shape input )
  children details (child_index: addr type extra):
    [0] addr=0x57aae95673f0 atom="shape"
    [1] addr=0x57aae9567430 atom="input"
[UNHANDLED] cleanInner:fields_autoplaced addr=0x57aae9567320 -> (fields_autoplaced )
  children details (child_index: addr type extra):
    [0] addr=0x57aae955e600 atom="fields_autoplaced"
[appendRawPieceFromClean] piece_head='<kicad_sch>
  <version> attrs{value:20221206 }
  <generator> attrs{value:eeschema }
  <paper> attrs{value:"A4" }
  <lib_symbols>
  <symbol> property{"Reference"'...
[BaselineBoard] appendRawPiece len=2629 head="kicad_sch"
[walkSchematicOnce] cleanedRoot children=7
[walkSchematicOnce] child tag='version' children=0
[appendRawPieceFromClean] piece_head='<version> attrs{value:20221206 }'...
[BaselineBoard] appendRawPiece len=32 head="version"
[walkSchematicOnce] child tag='generator' children=0
[appendRawPieceFromClean] piece_head='<generator> attrs{value:eeschema }'...
[BaselineBoard] appendRawPiece len=34 head="generator"
[walkSchematicOnce] child tag='paper' children=0
[appendRawPieceFromClean] piece_head='<paper> attrs{value:"A4" }'...
[BaselineBoard] appendRawPiece len=26 head="paper"
[walkSchematicOnce] child tag='lib_symbols' children=1
[handleLibSymbolsCleanNode] called, children=1
[WARNING] Duplicate lib_symbols differs; keeping first.
[walkSchematicOnce] child tag='hierarchical_label' children=3
[handleTextFromClean] called for tag='hierarchical_label'
[handleText] failed to convert text to shape
[walkSchematicOnce] child tag='hierarchical_label' children=3
[handleTextFromClean] called for tag='hierarchical_label'
[handleText] failed to convert text to shape
[walkSchematicOnce] child tag='symbol' children=14
[handleSymbolFromClean] lib_id='(none)' tag='symbol' children=14
=== SUMMARY === junctionShapes=0 wireShapes=0 symbols=1 rawPieces=17
=== DUMP wires: count=0 ===
[main] writing KiCad S-expr via b->dumpKiCad(std::cout)
[dumpKiCad] dumping board...
[dumpKiCad] done.
[main] writing KiCad S-expr via b->dumpKiCad(std::cout)
[dumpKiCad] dumping board...
[dumpKiCad] done.
[main] writing KiCad S-expr via b->dumpKiCad(std::cout)
[dumpKiCad] dumping board...
[dumpKiCad] done.
[main] writing KiCad S-expr via b->dumpKiCad(std::cout)
[dumpKiCad] dumping board...
[dumpKiCad] done.
[main] writing KiCad S-expr via b->dumpKiCad(std::cout)
[dumpKiCad] dumping board...
[dumpKiCad] done.
[main] writing KiCad S-expr via b->dumpKiCad(std::cout)
[dumpKiCad] dumping board...
[dumpKiCad] done.
