[DEBUG] Root children: 11
  child 0 (non-list or no head)
  child 1 tag="version"
  child 2 tag="generator"
  child 3 tag="generator_version"
  child 4 tag="uuid"
  child 5 tag="paper"
  child 6 tag="title_block"
  child 7 tag="lib_symbols"
  child 8 tag="sheet"
  child 9 tag="sheet"
  child 10 tag="sheet_instances"
[BaselineBoard] appendRawPiece len=1304
kicad_sch  (children=11)
[UNHANDLED-PCB] tag="kicad_sch"
[BaselineBoard] appendRawPiece len=18
  version  (children=2)
[BaselineBoard] appendRawPiece len=22
  generator  (children=2)
[BaselineBoard] appendRawPiece len=25
  generator_version  (children=2)
[BaselineBoard] appendRawPiece len=45
  uuid  (children=2)
[BaselineBoard] appendRawPiece len=12
  paper  (children=2)
[BaselineBoard] appendRawPiece len=48
  title_block  (children=3)
[BaselineBoard] appendRawPiece len=13
  lib_symbols  (children=1)
[traverseAst] LIB_SYMBOLS depth=1 raw_len=13
[BaselineBoard] setLibSymbolsRaw len=13
[BaselineBoard] appendRawPiece len=13
AstCleaner: handling lib_symbols at 0x7ffee7728880
[handleLibSymbolsCleanNode] called, children=0
[WARNING] Duplicate lib_symbols differs; keeping first.
[traverseAst] LIB_SYMBOLS -> handleLibSymbolsCleanNode() called; libSymbolsRaw_len=13
[BaselineBoard] appendRawPiece len=534
  sheet  (children=9)
[BaselineBoard] appendRawPiece len=527
  sheet  (children=9)
[BaselineBoard] appendRawPiece len=39
  sheet_instances  (children=2)
  [UNHANDLED-PCB] tag="sheet_instances"
[BaselineBoard] appendRawPiece len=21
    path  (children=3)
    [UNHANDLED-PCB] tag="path"
[BaselineBoard] appendRawPiece len=3
[BaselineBoard] appendRawPiece len=10
      page  (children=2)
[UNHANDLED] cleanInner:generator_version addr=0x630fb3035510 -> (generator_version "8.0" )
  children details (child_index: addr type extra):
    [0] addr=0x630fb3033930 atom="generator_version"
    [1] addr=0x630fb3033970 atom=""8.0""
AstCleaner: handling lib_symbols at 0x630fb3035610
[appendRawPieceFromClean] piece_head='<kicad_sch>
  <version> attrs{value:20231120 }
  <generator> attrs{value:"eeschema" }
  <generator_version> attrs{value:"8.0" }
  <paper> attrs{value:"A4" }
  <'...
[BaselineBoard] appendRawPiece len=1668 head="kicad_sch"
[walkSchematicOnce] cleanedRoot children=9
[walkSchematicOnce] child tag='version' children=0
[appendRawPieceFromClean] piece_head='<version> attrs{value:20231120 }'...
[BaselineBoard] appendRawPiece len=32 head="version"
[walkSchematicOnce] child tag='generator' children=0
[appendRawPieceFromClean] piece_head='<generator> attrs{value:"eeschema" }'...
[BaselineBoard] appendRawPiece len=36 head="generator"
[walkSchematicOnce] child tag='generator_version' children=0
[appendRawPieceFromClean] piece_head='<generator_version> attrs{value:"8.0" }'...
[BaselineBoard] appendRawPiece len=39 head="generator_version"
[walkSchematicOnce] child tag='paper' children=0
[appendRawPieceFromClean] piece_head='<paper> attrs{value:"A4" }'...
[BaselineBoard] appendRawPiece len=26 head="paper"
[walkSchematicOnce] child tag='title_block' children=2
[appendRawPieceFromClean] piece_head='<title_block>
  <date> attrs{value:"Sun 22 Mar 2015" }
  <rev> attrs{value:"1" }'...
[BaselineBoard] appendRawPiece len=80 head="title_block"
[walkSchematicOnce] child tag='lib_symbols' children=0
[handleLibSymbolsCleanNode] called, children=0
[WARNING] Duplicate lib_symbols differs; keeping first.
[walkSchematicOnce] child tag='sheet' children=7
[appendRawPieceFromClean] piece_head='<sheet> attrs{fill_color:0,0,0,0.000000 }
  <at> attrs{name:66.040000 value:81.280000 }
  <size> attrs{name:43.180000 value:41.910000 }
  <stroke>
  <width> att'...
[BaselineBoard] appendRawPiece len=684 head="sheet"
[walkSchematicOnce] child tag='sheet' children=7
[appendRawPieceFromClean] piece_head='<sheet> attrs{fill_color:0,0,0,0.000000 }
  <at> attrs{name:66.040000 value:142.240000 }
  <size> attrs{name:43.180000 value:53.340000 }
  <stroke>
  <width> at'...
[BaselineBoard] appendRawPiece len=677 head="sheet"
[walkSchematicOnce] child tag='sheet_instances' children=1
[appendRawPieceFromClean] piece_head='<sheet_instances>
  <path> attrs{page:"1" }'...
[BaselineBoard] appendRawPiece len=43 head="sheet_instances"
=== SUMMARY === junctionShapes=0 wireShapes=0 symbols=0 rawPieces=24
=== DUMP wires: count=0 ===
[main] writing KiCad S-expr via b->dumpKiCad(std::cout)
[dumpKiCad] dumping board...
[dumpKiCad] done.
[main] writing KiCad S-expr via b->dumpKiCad(std::cout)
[dumpKiCad] dumping board...
[dumpKiCad] done.
[main] writing KiCad S-expr via b->dumpKiCad(std::cout)
[dumpKiCad] dumping board...
[dumpKiCad] done.
[main] writing KiCad S-expr via b->dumpKiCad(std::cout)
[dumpKiCad] dumping board...
[dumpKiCad] done.
[main] writing KiCad S-expr via b->dumpKiCad(std::cout)
[dumpKiCad] dumping board...
[dumpKiCad] done.
[main] writing KiCad S-expr via b->dumpKiCad(std::cout)
[dumpKiCad] dumping board...
[dumpKiCad] done.
