[DEBUG] Root children: 8
  child 0 (non-list or no head)
  child 1 tag="version"
  child 2 tag="generator"
  child 3 tag="generator_version"
  child 4 tag="uuid"
  child 5 tag="paper"
  child 6 tag="lib_symbols"
  child 7 tag="symbol"
[BaselineBoard] appendRawPiece len=2498
kicad_sch  (children=8)
[UNHANDLED-PCB] tag="kicad_sch"
[BaselineBoard] appendRawPiece len=18
  version  (children=2)
[BaselineBoard] appendRawPiece len=22
  generator  (children=2)
[BaselineBoard] appendRawPiece len=25
  generator_version  (children=2)
[BaselineBoard] appendRawPiece len=45
  uuid  (children=2)
[BaselineBoard] appendRawPiece len=12
  paper  (children=2)
[BaselineBoard] appendRawPiece len=1271
  lib_symbols  (children=2)
[traverseAst] LIB_SYMBOLS depth=1 raw_len=1271
[BaselineBoard] setLibSymbolsRaw len=1271
[BaselineBoard] appendRawPiece len=1271
AstCleaner: handling lib_symbols at 0x7ffe3e94ced0
[UNHANDLED] cleanInner:exclude_from_sim addr=0x6184f0c7f610 -> (exclude_from_sim no )
  children details (child_index: addr type extra):
    [0] addr=0x6184f0c82240 atom="exclude_from_sim"
    [1] addr=0x6184f0c82280 atom="no"
[handleLibSymbolsCleanNode] called, children=1
[WARNING] Duplicate lib_symbols differs; keeping first.
[traverseAst] LIB_SYMBOLS -> handleLibSymbolsCleanNode() called; libSymbolsRaw_len=1271
[BaselineBoard] appendRawPiece len=1257
    symbol  (children=16)
[BaselineBoard] appendRawPiece len=1087
  symbol  (children=18)
[UNHANDLED] cleanInner:generator_version addr=0x6184f0c7f0f0 -> (generator_version "8.0" )
  children details (child_index: addr type extra):
    [0] addr=0x6184f0c82240 atom="generator_version"
    [1] addr=0x6184f0c82280 atom=""8.0""
AstCleaner: handling lib_symbols at 0x6184f0c7f1b0
[UNHANDLED] cleanInner:exclude_from_sim addr=0x6184f0c7f610 -> (exclude_from_sim no )
  children details (child_index: addr type extra):
    [0] addr=0x6184f0c83d60 atom="exclude_from_sim"
    [1] addr=0x6184f0c83da0 atom="no"
[appendRawPieceFromClean] piece_head='<kicad_sch>
  <version> attrs{value:20231120 }
  <generator> attrs{value:"eeschema" }
  <generator_version> attrs{value:"8.0" }
  <paper> attrs{value:"A4" }
  <'...
[BaselineBoard] appendRawPiece len=3090 head="kicad_sch"
[walkSchematicOnce] cleanedRoot children=6
[walkSchematicOnce] child tag='version' children=0
[appendRawPieceFromClean] piece_head='<version> attrs{value:20231120 }'...
[BaselineBoard] appendRawPiece len=32 head="version"
[walkSchematicOnce] child tag='generator' children=0
[appendRawPieceFromClean] piece_head='<generator> attrs{value:"eeschema" }'...
[BaselineBoard] appendRawPiece len=36 head="generator"
[walkSchematicOnce] child tag='generator_version' children=0
[appendRawPieceFromClean] piece_head='<generator_version> attrs{value:"8.0" }'...
[BaselineBoard] appendRawPiece len=39 head="generator_version"
[walkSchematicOnce] child tag='paper' children=0
[appendRawPieceFromClean] piece_head='<paper> attrs{value:"A4" }'...
[BaselineBoard] appendRawPiece len=26 head="paper"
[walkSchematicOnce] child tag='lib_symbols' children=1
[handleLibSymbolsCleanNode] called, children=1
[WARNING] Duplicate lib_symbols differs; keeping first.
[walkSchematicOnce] child tag='symbol' children=16
[handleSymbolFromClean] lib_id='(none)' tag='symbol' children=16
=== SUMMARY === junctionShapes=0 wireShapes=0 symbols=1 rawPieces=15
=== DUMP wires: count=0 ===
[main] writing KiCad S-expr via b->dumpKiCad(std::cout)
[dumpKiCad] dumping board...
[dumpKiCad] done.
[main] writing KiCad S-expr via b->dumpKiCad(std::cout)
[dumpKiCad] dumping board...
[dumpKiCad] done.
[main] writing KiCad S-expr via b->dumpKiCad(std::cout)
[dumpKiCad] dumping board...
[dumpKiCad] done.
[main] writing KiCad S-expr via b->dumpKiCad(std::cout)
[dumpKiCad] dumping board...
[dumpKiCad] done.
[main] writing KiCad S-expr via b->dumpKiCad(std::cout)
[dumpKiCad] dumping board...
[dumpKiCad] done.
[main] writing KiCad S-expr via b->dumpKiCad(std::cout)
[dumpKiCad] dumping board...
[dumpKiCad] done.
