[DEBUG] Root children: 22
  child 0 (non-list or no head)
  child 1 tag="version"
  child 2 tag="generator"
  child 3 tag="uuid"
  child 4 tag="paper"
  child 5 tag="lib_symbols"
  child 6 tag="bus_entry"
  child 7 tag="polyline"
  child 8 tag="polyline"
  child 9 tag="wire"
  child 10 tag="polyline"
  child 11 tag="bus"
  child 12 tag="polyline"
  child 13 tag="bus"
  child 14 tag="bus"
  child 15 tag="bus"
  child 16 tag="label"
  child 17 tag="label"
  child 18 tag="label"
  child 19 tag="label"
  child 20 tag="hierarchical_label"
  child 21 tag="sheet"
[BaselineBoard] appendRawPiece len=3361
kicad_sch  (children=22)
[UNHANDLED-PCB] tag="kicad_sch"
[BaselineBoard] appendRawPiece len=18
  version  (children=2)
[BaselineBoard] appendRawPiece len=20
  generator  (children=2)
[BaselineBoard] appendRawPiece len=43
  uuid  (children=2)
[BaselineBoard] appendRawPiece len=12
  paper  (children=2)
[BaselineBoard] appendRawPiece len=13
  lib_symbols  (children=1)
[traverseAst] LIB_SYMBOLS depth=1 raw_len=13
[BaselineBoard] setLibSymbolsRaw len=13
[BaselineBoard] appendRawPiece len=13
AstCleaner: handling lib_symbols at 0x7ffd3097fb10
[handleLibSymbolsCleanNode] called, children=0
[WARNING] Duplicate lib_symbols differs; keeping first.
[traverseAst] LIB_SYMBOLS -> handleLibSymbolsCleanNode() called; libSymbolsRaw_len=13
[BaselineBoard] appendRawPiece len=141
  bus_entry  (children=5)
[BaselineBoard] appendRawPiece len=144
  polyline  (children=4)
[BaselineBoard] appendRawPiece len=145
  polyline  (children=4)
[BaselineBoard] appendRawPiece len=142
  wire  (children=4)
[traverseAst] WIRE depth=1 raw_len=142
[BaselineBoard] appendRawPiece len=142
[handleWireFromClean] called for tag='wire'
[handleWire] PUSH (pts.node.pts) 114.934998,62.865002->122.555000,62.865002 ; added=1
[handleWire] saved 1 wire(s) from pts-children (deduped)
[traverseAst] WIRE -> handleWireFromClean() called; board wireCount=1
[BaselineBoard] appendRawPiece len=57
    pts  (children=3)
[BaselineBoard] appendRawPiece len=25
      xy  (children=3)
[BaselineBoard] appendRawPiece len=10
[BaselineBoard] appendRawPiece len=9
[BaselineBoard] appendRawPiece len=25
      xy  (children=3)
[BaselineBoard] appendRawPiece len=10
[BaselineBoard] appendRawPiece len=9
[BaselineBoard] appendRawPiece len=33
    stroke  (children=3)
    [UNHANDLED-PCB] tag="stroke"
[BaselineBoard] appendRawPiece len=9
      width  (children=2)
      [UNHANDLED-PCB] tag="width"
[BaselineBoard] appendRawPiece len=1
[BaselineBoard] appendRawPiece len=14
      type  (children=2)
      [UNHANDLED-PCB] tag="type"
[BaselineBoard] appendRawPiece len=7
[BaselineBoard] appendRawPiece len=43
    uuid  (children=2)
[BaselineBoard] appendRawPiece len=145
  polyline  (children=4)
[BaselineBoard] appendRawPiece len=141
  bus  (children=4)
[BaselineBoard] appendRawPiece len=144
  polyline  (children=4)
[BaselineBoard] appendRawPiece len=141
  bus  (children=4)
[BaselineBoard] appendRawPiece len=139
  bus  (children=4)
[BaselineBoard] appendRawPiece len=141
  bus  (children=4)
[BaselineBoard] appendRawPiece len=175
  label  (children=6)
[BaselineBoard] appendRawPiece len=172
  label  (children=6)
[BaselineBoard] appendRawPiece len=176
  label  (children=6)
[BaselineBoard] appendRawPiece len=179
  label  (children=6)
[BaselineBoard] appendRawPiece len=207
  hierarchical_label  (children=7)
[BaselineBoard] appendRawPiece len=891
  sheet  (children=12)
[UNHANDLED] cleanInner:generator addr=0x61ee60c6da40 -> (generator eeschema )
  children details (child_index: addr type extra):
    [0] addr=0x61ee60c688a0 atom="generator"
    [1] addr=0x61ee60c688e0 atom="eeschema"
AstCleaner: handling lib_symbols at 0x61ee60c6db00
[UNHANDLED] cleanInner:bus_entry addr=0x61ee60c6db40 -> (bus_entry (at) (size) (stroke) (uuid) )
  children details (child_index: addr type extra):
    [0] addr=0x61ee60c6a0f0 atom="bus_entry"
    [1] addr=0x61ee60c6a130 list_size=3 head="at"
    [2] addr=0x61ee60c6a170 list_size=3 head="size"
    [3] addr=0x61ee60c6a1b0 list_size=3 head="stroke"
    [4] addr=0x61ee60c6a1f0 list_size=2 head="uuid"
[UNHANDLED] cleanInner:bus addr=0x61ee60c6dc80 -> (bus (pts) (stroke) (uuid) )
  children details (child_index: addr type extra):
    [0] addr=0x61ee60c6f580 atom="bus"
    [1] addr=0x61ee60c6f5c0 list_size=3 head="pts"
    [2] addr=0x61ee60c6f600 list_size=3 head="stroke"
    [3] addr=0x61ee60c6f640 list_size=2 head="uuid"
[UNHANDLED] cleanInner:bus addr=0x61ee60c6dd00 -> (bus (pts) (stroke) (uuid) )
  children details (child_index: addr type extra):
    [0] addr=0x61ee60c70180 atom="bus"
    [1] addr=0x61ee60c701c0 list_size=3 head="pts"
    [2] addr=0x61ee60c70200 list_size=3 head="stroke"
    [3] addr=0x61ee60c70240 list_size=2 head="uuid"
[UNHANDLED] cleanInner:bus addr=0x61ee60c6dd40 -> (bus (pts) (stroke) (uuid) )
  children details (child_index: addr type extra):
    [0] addr=0x61ee60c70780 atom="bus"
    [1] addr=0x61ee60c707c0 list_size=3 head="pts"
    [2] addr=0x61ee60c70800 list_size=3 head="stroke"
    [3] addr=0x61ee60c70840 list_size=2 head="uuid"
[UNHANDLED] cleanInner:bus addr=0x61ee60c6dd80 -> (bus (pts) (stroke) (uuid) )
  children details (child_index: addr type extra):
    [0] addr=0x61ee60c70d80 atom="bus"
    [1] addr=0x61ee60c70dc0 list_size=3 head="pts"
    [2] addr=0x61ee60c70e00 list_size=3 head="stroke"
    [3] addr=0x61ee60c70e40 list_size=2 head="uuid"
[UNHANDLED] cleanInner:hierarchical_label addr=0x61ee60c6dec0 -> (hierarchical_label "test{a_xyz}" (shape) (at) (fields_autoplaced) (effects) (uuid) )
  children details (child_index: addr type extra):
    [0] addr=0x61ee60c72c40 atom="hierarchical_label"
    [1] addr=0x61ee60c72c80 atom=""test{a_xyz}""
    [2] addr=0x61ee60c72cc0 list_size=2 head="shape"
    [3] addr=0x61ee60c72d00 list_size=4 head="at"
    [4] addr=0x61ee60c72d40 list_size=1 head="fields_autoplaced"
    [5] addr=0x61ee60c72d80 list_size=3 head="effects"
    [6] addr=0x61ee60c72dc0 list_size=2 head="uuid"
[UNHANDLED] cleanInner:shape addr=0x61ee60c72cc0 -> (shape bidirectional )
  children details (child_index: addr type extra):
    [0] addr=0x61ee60c72e10 atom="shape"
    [1] addr=0x61ee60c72e50 atom="bidirectional"
[UNHANDLED] cleanInner:fields_autoplaced addr=0x61ee60c72d40 -> (fields_autoplaced )
  children details (child_index: addr type extra):
    [0] addr=0x61ee60c6d4d0 atom="fields_autoplaced"
[UNHANDLED] cleanInner:path addr=0x61ee60c75500 -> (path "/3082b26f-b83d-4458-bb0e-9c16987db84d/8e047953-57e8-499d-89c7-aaeb7ad61c51" (page) )
  children details (child_index: addr type extra):
    [0] addr=0x61ee60c75580 atom="path"
    [1] addr=0x61ee60c755c0 atom=""/3082b26f-b83d-4458-bb0e-9c16987db84d/8e047953-57e8-499d-89c7-aaeb7ad61c51""
    [2] addr=0x61ee60c75600 list_size=2 head="page"
[appendRawPieceFromClean] piece_head='<kicad_sch>
  <version> attrs{value:20230221 }
  <generator> attrs{value:eeschema }
  <paper> attrs{value:"A5" }
  <lib_symbols>
  <bus_entry> at=(125.095,60.32'...
[BaselineBoard] appendRawPiece len=3465 head="kicad_sch"
[walkSchematicOnce] cleanedRoot children=20
[walkSchematicOnce] child tag='version' children=0
[appendRawPieceFromClean] piece_head='<version> attrs{value:20230221 }'...
[BaselineBoard] appendRawPiece len=32 head="version"
[walkSchematicOnce] child tag='generator' children=0
[appendRawPieceFromClean] piece_head='<generator> attrs{value:eeschema }'...
[BaselineBoard] appendRawPiece len=34 head="generator"
[walkSchematicOnce] child tag='paper' children=0
[appendRawPieceFromClean] piece_head='<paper> attrs{value:"A5" }'...
[BaselineBoard] appendRawPiece len=26 head="paper"
[walkSchematicOnce] child tag='lib_symbols' children=0
[handleLibSymbolsCleanNode] called, children=0
[WARNING] Duplicate lib_symbols differs; keeping first.
[walkSchematicOnce] child tag='bus_entry' children=2
[appendRawPieceFromClean] piece_head='<bus_entry> at=(125.095,60.325,0.000)
  <size> attrs{token_1:-2.540000 token_2:2.540000 }
  <stroke> attrs{sub_type:default sub_width:0 }'...
[BaselineBoard] appendRawPiece len=137 head="bus_entry"
[walkSchematicOnce] child tag='polyline' children=0
[appendRawPieceFromClean] piece_head='<polyline> attrs{stroke:(stroke <list> <list>) }'...
[BaselineBoard] appendRawPiece len=48 head="polyline"
[walkSchematicOnce] child tag='polyline' children=0
[appendRawPieceFromClean] piece_head='<polyline> attrs{stroke:(stroke <list> <list>) }'...
[BaselineBoard] appendRawPiece len=48 head="polyline"
[walkSchematicOnce] child tag='wire' children=2
[handleWireFromClean] called for tag='wire'
[handleWire] saved 1 wire(s) from clean.pts
[walkSchematicOnce] child tag='polyline' children=0
[appendRawPieceFromClean] piece_head='<polyline> attrs{stroke:(stroke <list> <list>) }'...
[BaselineBoard] appendRawPiece len=48 head="polyline"
[walkSchematicOnce] child tag='bus' children=2
[appendRawPieceFromClean] piece_head='<bus>
  <pts> pts=[(111.125,54.610),(139.700,54.610)]
  <stroke> attrs{sub_type:default sub_width:0 }'...
[BaselineBoard] appendRawPiece len=101 head="bus"
[walkSchematicOnce] child tag='polyline' children=0
[appendRawPieceFromClean] piece_head='<polyline> attrs{stroke:(stroke <list> <list>) }'...
[BaselineBoard] appendRawPiece len=48 head="polyline"
[walkSchematicOnce] child tag='bus' children=2
[appendRawPieceFromClean] piece_head='<bus>
  <pts> pts=[(111.125,60.325),(125.095,60.325)]
  <stroke> attrs{sub_type:default sub_width:0 }'...
[BaselineBoard] appendRawPiece len=101 head="bus"
[walkSchematicOnce] child tag='bus' children=2
[appendRawPieceFromClean] piece_head='<bus>
  <pts> pts=[(58.420,55.880),(85.725,55.880)]
  <stroke> attrs{sub_type:default sub_width:0 }'...
[BaselineBoard] appendRawPiece len=99 head="bus"
[walkSchematicOnce] child tag='bus' children=2
[appendRawPieceFromClean] piece_head='<bus>
  <pts> pts=[(125.095,60.325),(139.700,60.325)]
  <stroke> attrs{sub_type:default sub_width:0 }'...
[BaselineBoard] appendRawPiece len=101 head="bus"
[walkSchematicOnce] child tag='label' children=4
[handleTextFromClean] called for tag='label'
[handleText] failed to convert text to shape
[walkSchematicOnce] child tag='label' children=4
[handleTextFromClean] called for tag='label'
[handleText] failed to convert text to shape
[walkSchematicOnce] child tag='label' children=4
[handleTextFromClean] called for tag='label'
[handleText] failed to convert text to shape
[walkSchematicOnce] child tag='label' children=4
[handleTextFromClean] called for tag='label'
[handleText] failed to convert text to shape
[walkSchematicOnce] child tag='hierarchical_label' children=3
[handleTextFromClean] called for tag='hierarchical_label'
[handleText] failed to convert text to shape
[walkSchematicOnce] child tag='sheet' children=10
[appendRawPieceFromClean] piece_head='<sheet> attrs{fill_color:0,0,0,0.000000 }
  <at> attrs{name:50.165000 value:139.700000 }
  <size> attrs{name:14.605000 value:26.035000 }
  <fields_autoplaced>
 '...
[BaselineBoard] appendRawPiece len=1044 head="sheet"
=== SUMMARY === junctionShapes=0 wireShapes=2 symbols=0 rawPieces=56
=== DUMP wires: count=2 ===
 wire[0] start=(122.56,62.87) end=(114.93,62.87)
 wire[1] start=(122.56,62.87) end=(114.93,62.87)
