[DEBUG] Root children: 20
  child 0 (non-list or no head)
  child 1 tag="version"
  child 2 tag="generator"
  child 3 tag="uuid"
  child 4 tag="paper"
  child 5 tag="lib_symbols"
  child 6 tag="junction"
  child 7 tag="no_connect"
  child 8 tag="no_connect"
  child 9 tag="wire"
  child 10 tag="wire"
  child 11 tag="wire"
  child 12 tag="wire"
  child 13 tag="text"
  child 14 tag="text"
  child 15 tag="hierarchical_label"
  child 16 tag="hierarchical_label"
  child 17 tag="symbol"
  child 18 tag="sheet_instances"
  child 19 tag="symbol_instances"
[BaselineBoard] appendRawPiece len=3683
kicad_sch  (children=20)
[UNHANDLED-PCB] tag="kicad_sch"
[BaselineBoard] appendRawPiece len=18
  version  (children=2)
[BaselineBoard] appendRawPiece len=20
  generator  (children=2)
[BaselineBoard] appendRawPiece len=43
  uuid  (children=2)
[BaselineBoard] appendRawPiece len=12
  paper  (children=2)
[BaselineBoard] appendRawPiece len=1156
  lib_symbols  (children=2)
[traverseAst] LIB_SYMBOLS depth=1 raw_len=1156
[BaselineBoard] setLibSymbolsRaw len=1156
[BaselineBoard] appendRawPiece len=1156
AstCleaner: handling lib_symbols at 0x7ffc0503e760
[handleLibSymbolsCleanNode] called, children=1
[WARNING] Duplicate lib_symbols differs; keeping first.
[traverseAst] LIB_SYMBOLS -> handleLibSymbolsCleanNode() called; libSymbolsRaw_len=1156
[BaselineBoard] appendRawPiece len=1142
    symbol  (children=15)
[BaselineBoard] appendRawPiece len=115
  junction  (children=5)
[traverseAst] JUNCTION depth=1 raw_len=115
[BaselineBoard] appendRawPiece len=115
[UNHANDLED] cleanInner:diameter addr=0x579236a5afb0 -> (diameter 0.914400 )
  children details (child_index: addr type extra):
    [0] addr=0x579236a5dad0 atom="diameter"
    [1] addr=0x579236a5db10 atom="0.914400"
[handleJunctionFromClean] called for tag='junction'
[handleJunction] saved junction shape (x=31.75, y=31.75)
[traverseAst] JUNCTION -> handleJunctionFromClean() called; board junctionCount=1
[BaselineBoard] appendRawPiece len=24
    at  (children=3)
    [UNHANDLED-PCB] tag="at"
[BaselineBoard] appendRawPiece len=9
[BaselineBoard] appendRawPiece len=9
[BaselineBoard] appendRawPiece len=19
    diameter  (children=2)
    [UNHANDLED-PCB] tag="diameter"
[BaselineBoard] appendRawPiece len=8
[BaselineBoard] appendRawPiece len=15
    color  (children=5)
    [UNHANDLED-PCB] tag="color"
[BaselineBoard] appendRawPiece len=1
[BaselineBoard] appendRawPiece len=1
[BaselineBoard] appendRawPiece len=1
[BaselineBoard] appendRawPiece len=1
[BaselineBoard] appendRawPiece len=43
    uuid  (children=2)
[BaselineBoard] appendRawPiece len=81
  no_connect  (children=3)
[BaselineBoard] appendRawPiece len=81
  no_connect  (children=3)
[BaselineBoard] appendRawPiece len=154
  wire  (children=4)
[traverseAst] WIRE depth=1 raw_len=154
[BaselineBoard] appendRawPiece len=154
[handleWireFromClean] called for tag='wire'
[handleWire] PUSH (pts.node.pts) 31.750000,31.750000->34.290001,31.750000 ; added=1
[handleWire] saved 1 wire(s) from pts-children (deduped)
[traverseAst] WIRE -> handleWireFromClean() called; board wireCount=1
[BaselineBoard] appendRawPiece len=55
    pts  (children=3)
[BaselineBoard] appendRawPiece len=24
      xy  (children=3)
[BaselineBoard] appendRawPiece len=9
[BaselineBoard] appendRawPiece len=9
[BaselineBoard] appendRawPiece len=24
      xy  (children=3)
[BaselineBoard] appendRawPiece len=9
[BaselineBoard] appendRawPiece len=9
[BaselineBoard] appendRawPiece len=47
    stroke  (children=4)
    [UNHANDLED-PCB] tag="stroke"
[BaselineBoard] appendRawPiece len=9
      width  (children=2)
      [UNHANDLED-PCB] tag="width"
[BaselineBoard] appendRawPiece len=1
[BaselineBoard] appendRawPiece len=12
      type  (children=2)
      [UNHANDLED-PCB] tag="type"
[BaselineBoard] appendRawPiece len=5
[BaselineBoard] appendRawPiece len=15
      color  (children=5)
      [UNHANDLED-PCB] tag="color"
[BaselineBoard] appendRawPiece len=1
[BaselineBoard] appendRawPiece len=1
[BaselineBoard] appendRawPiece len=1
[BaselineBoard] appendRawPiece len=1
[BaselineBoard] appendRawPiece len=43
    uuid  (children=2)
[BaselineBoard] appendRawPiece len=154
  wire  (children=4)
[traverseAst] WIRE depth=1 raw_len=154
[BaselineBoard] appendRawPiece len=154
[handleWireFromClean] called for tag='wire'
[handleWire] PUSH (pts.node.pts) 31.750000,25.400000->31.750000,31.750000 ; added=1
[handleWire] saved 1 wire(s) from pts-children (deduped)
[traverseAst] WIRE -> handleWireFromClean() called; board wireCount=2
[BaselineBoard] appendRawPiece len=55
    pts  (children=3)
[BaselineBoard] appendRawPiece len=24
      xy  (children=3)
[BaselineBoard] appendRawPiece len=9
[BaselineBoard] appendRawPiece len=9
[BaselineBoard] appendRawPiece len=24
      xy  (children=3)
[BaselineBoard] appendRawPiece len=9
[BaselineBoard] appendRawPiece len=9
[BaselineBoard] appendRawPiece len=47
    stroke  (children=4)
    [UNHANDLED-PCB] tag="stroke"
[BaselineBoard] appendRawPiece len=9
      width  (children=2)
      [UNHANDLED-PCB] tag="width"
[BaselineBoard] appendRawPiece len=1
[BaselineBoard] appendRawPiece len=12
      type  (children=2)
      [UNHANDLED-PCB] tag="type"
[BaselineBoard] appendRawPiece len=5
[BaselineBoard] appendRawPiece len=15
      color  (children=5)
      [UNHANDLED-PCB] tag="color"
[BaselineBoard] appendRawPiece len=1
[BaselineBoard] appendRawPiece len=1
[BaselineBoard] appendRawPiece len=1
[BaselineBoard] appendRawPiece len=1
[BaselineBoard] appendRawPiece len=43
    uuid  (children=2)
[BaselineBoard] appendRawPiece len=154
  wire  (children=4)
[traverseAst] WIRE depth=1 raw_len=154
[BaselineBoard] appendRawPiece len=154
[handleWireFromClean] called for tag='wire'
[handleWire] PUSH (pts.node.pts) 31.750000,31.750000->31.750000,38.099998 ; added=1
[handleWire] saved 1 wire(s) from pts-children (deduped)
[traverseAst] WIRE -> handleWireFromClean() called; board wireCount=3
[BaselineBoard] appendRawPiece len=55
    pts  (children=3)
[BaselineBoard] appendRawPiece len=24
      xy  (children=3)
[BaselineBoard] appendRawPiece len=9
[BaselineBoard] appendRawPiece len=9
[BaselineBoard] appendRawPiece len=24
      xy  (children=3)
[BaselineBoard] appendRawPiece len=9
[BaselineBoard] appendRawPiece len=9
[BaselineBoard] appendRawPiece len=47
    stroke  (children=4)
    [UNHANDLED-PCB] tag="stroke"
[BaselineBoard] appendRawPiece len=9
      width  (children=2)
      [UNHANDLED-PCB] tag="width"
[BaselineBoard] appendRawPiece len=1
[BaselineBoard] appendRawPiece len=12
      type  (children=2)
      [UNHANDLED-PCB] tag="type"
[BaselineBoard] appendRawPiece len=5
[BaselineBoard] appendRawPiece len=15
      color  (children=5)
      [UNHANDLED-PCB] tag="color"
[BaselineBoard] appendRawPiece len=1
[BaselineBoard] appendRawPiece len=1
[BaselineBoard] appendRawPiece len=1
[BaselineBoard] appendRawPiece len=1
[BaselineBoard] appendRawPiece len=43
    uuid  (children=2)
[BaselineBoard] appendRawPiece len=154
  wire  (children=4)
[traverseAst] WIRE depth=1 raw_len=154
[BaselineBoard] appendRawPiece len=154
[handleWireFromClean] called for tag='wire'
[handleWire] PUSH (pts.node.pts) 71.120003,31.750000->73.660004,31.750000 ; added=1
[handleWire] saved 1 wire(s) from pts-children (deduped)
[traverseAst] WIRE -> handleWireFromClean() called; board wireCount=4
[BaselineBoard] appendRawPiece len=55
    pts  (children=3)
[BaselineBoard] appendRawPiece len=24
      xy  (children=3)
[BaselineBoard] appendRawPiece len=9
[BaselineBoard] appendRawPiece len=9
[BaselineBoard] appendRawPiece len=24
      xy  (children=3)
[BaselineBoard] appendRawPiece len=9
[BaselineBoard] appendRawPiece len=9
[BaselineBoard] appendRawPiece len=47
    stroke  (children=4)
    [UNHANDLED-PCB] tag="stroke"
[BaselineBoard] appendRawPiece len=9
      width  (children=2)
      [UNHANDLED-PCB] tag="width"
[BaselineBoard] appendRawPiece len=1
[BaselineBoard] appendRawPiece len=12
      type  (children=2)
      [UNHANDLED-PCB] tag="type"
[BaselineBoard] appendRawPiece len=5
[BaselineBoard] appendRawPiece len=15
      color  (children=5)
      [UNHANDLED-PCB] tag="color"
[BaselineBoard] appendRawPiece len=1
[BaselineBoard] appendRawPiece len=1
[BaselineBoard] appendRawPiece len=1
[BaselineBoard] appendRawPiece len=1
[BaselineBoard] appendRawPiece len=43
    uuid  (children=2)
[BaselineBoard] appendRawPiece len=162
  text  (children=5)
[BaselineBoard] appendRawPiece len=160
  text  (children=5)
[BaselineBoard] appendRawPiece len=172
  hierarchical_label  (children=6)
[BaselineBoard] appendRawPiece len=173
  hierarchical_label  (children=6)
[BaselineBoard] appendRawPiece len=678
  symbol  (children=13)
[BaselineBoard] appendRawPiece len=39
  sheet_instances  (children=2)
  [UNHANDLED-PCB] tag="sheet_instances"
[BaselineBoard] appendRawPiece len=21
    path  (children=3)
    [UNHANDLED-PCB] tag="path"
[BaselineBoard] appendRawPiece len=3
[BaselineBoard] appendRawPiece len=10
      page  (children=2)
[BaselineBoard] appendRawPiece len=127
  symbol_instances  (children=2)
  [UNHANDLED-PCB] tag="symbol_instances"
[BaselineBoard] appendRawPiece len=108
    path  (children=6)
    [UNHANDLED-PCB] tag="path"
[BaselineBoard] appendRawPiece len=39
[BaselineBoard] appendRawPiece len=17
      reference  (children=2)
      [UNHANDLED-PCB] tag="reference"
[BaselineBoard] appendRawPiece len=5
[BaselineBoard] appendRawPiece len=8
      unit  (children=2)
      [UNHANDLED-PCB] tag="unit"
[BaselineBoard] appendRawPiece len=1
[BaselineBoard] appendRawPiece len=19
      value  (children=2)
      [UNHANDLED-PCB] tag="value"
[BaselineBoard] appendRawPiece len=11
[BaselineBoard] appendRawPiece len=14
      footprint  (children=2)
      [UNHANDLED-PCB] tag="footprint"
[BaselineBoard] appendRawPiece len=2
AstCleaner: handling lib_symbols at 0x579236a64340
[UNHANDLED] cleanInner:no_connect addr=0x579236a643c0 -> (no_connect (at) (uuid) )
  children details (child_index: addr type extra):
    [0] addr=0x579236a669f0 atom="no_connect"
    [1] addr=0x579236a66a30 list_size=3 head="at"
    [2] addr=0x579236a66a70 list_size=2 head="uuid"
[UNHANDLED] cleanInner:no_connect addr=0x579236a64400 -> (no_connect (at) (uuid) )
  children details (child_index: addr type extra):
    [0] addr=0x579236a66c20 atom="no_connect"
    [1] addr=0x579236a66c60 list_size=3 head="at"
    [2] addr=0x579236a66ca0 list_size=2 head="uuid"
[UNHANDLED] cleanInner:hierarchical_label addr=0x579236a645c0 -> (hierarchical_label "test_ok" (shape) (at) (effects) (uuid) )
  children details (child_index: addr type extra):
    [0] addr=0x579236a69930 atom="hierarchical_label"
    [1] addr=0x579236a69970 atom=""test_ok""
    [2] addr=0x579236a699b0 list_size=2 head="shape"
    [3] addr=0x579236a699f0 list_size=4 head="at"
    [4] addr=0x579236a69a30 list_size=3 head="effects"
    [5] addr=0x579236a69a70 list_size=2 head="uuid"
[UNHANDLED] cleanInner:shape addr=0x579236a699b0 -> (shape input )
  children details (child_index: addr type extra):
    [0] addr=0x579236a69af0 atom="shape"
    [1] addr=0x579236a69b30 atom="input"
[UNHANDLED] cleanInner:hierarchical_label addr=0x579236a64600 -> (hierarchical_label "test_err" (shape) (at) (effects) (uuid) )
  children details (child_index: addr type extra):
    [0] addr=0x579236a6a010 atom="hierarchical_label"
    [1] addr=0x579236a6a050 atom=""test_err""
    [2] addr=0x579236a6a090 list_size=2 head="shape"
    [3] addr=0x579236a6a0d0 list_size=4 head="at"
    [4] addr=0x579236a6a110 list_size=3 head="effects"
    [5] addr=0x579236a6a150 list_size=2 head="uuid"
[UNHANDLED] cleanInner:shape addr=0x579236a6a090 -> (shape input )
  children details (child_index: addr type extra):
    [0] addr=0x579236a6a1d0 atom="shape"
    [1] addr=0x579236a6a210 atom="input"
[UNHANDLED] cleanInner:value addr=0x579236a6cb00 -> (value "TestPoint" )
  children details (child_index: addr type extra):
    [0] addr=0x579236a6cce0 atom="value"
    [1] addr=0x579236a6cd20 atom=""TestPoint""
[appendRawPieceFromClean] piece_head='<kicad_sch>
  <version> attrs{value:20211123 }
  <generator> attrs{value:eeschema }
  <paper> attrs{value:"A4" }
  <lib_symbols>
  <symbol> property{"Reference"'...
[BaselineBoard] appendRawPiece len=4594 head="kicad_sch"
[walkSchematicOnce] cleanedRoot children=18
[walkSchematicOnce] child tag='version' children=0
[appendRawPieceFromClean] piece_head='<version> attrs{value:20211123 }'...
[BaselineBoard] appendRawPiece len=32 head="version"
[walkSchematicOnce] child tag='generator' children=0
[appendRawPieceFromClean] piece_head='<generator> attrs{value:eeschema }'...
[BaselineBoard] appendRawPiece len=34 head="generator"
[walkSchematicOnce] child tag='paper' children=0
[appendRawPieceFromClean] piece_head='<paper> attrs{value:"A4" }'...
[BaselineBoard] appendRawPiece len=26 head="paper"
[walkSchematicOnce] child tag='lib_symbols' children=1
[handleLibSymbolsCleanNode] called, children=1
[WARNING] Duplicate lib_symbols differs; keeping first.
[walkSchematicOnce] child tag='junction' children=0
[handleJunctionFromClean] called for tag='junction'
[handleJunction] saved junction shape (x=31.75, y=31.75)
[walkSchematicOnce] child tag='no_connect' children=0
[appendRawPieceFromClean] piece_head='<no_connect> at=(31.750,38.100,0.000)'...
[BaselineBoard] appendRawPiece len=37 head="no_connect"
[walkSchematicOnce] child tag='no_connect' children=0
[appendRawPieceFromClean] piece_head='<no_connect> at=(71.120,31.750,0.000)'...
[BaselineBoard] appendRawPiece len=37 head="no_connect"
[walkSchematicOnce] child tag='wire' children=1
[handleWireFromClean] called for tag='wire'
[handleWire] saved 1 wire(s) from clean.pts
[walkSchematicOnce] child tag='wire' children=1
[handleWireFromClean] called for tag='wire'
[handleWire] saved 1 wire(s) from clean.pts
[walkSchematicOnce] child tag='wire' children=1
[handleWireFromClean] called for tag='wire'
[handleWire] saved 1 wire(s) from clean.pts
[walkSchematicOnce] child tag='wire' children=1
[handleWireFromClean] called for tag='wire'
[handleWire] saved 1 wire(s) from clean.pts
[walkSchematicOnce] child tag='text' children=3
[handleTextFromClean] called for tag='text'
[handleText] failed to convert text to shape
[walkSchematicOnce] child tag='text' children=3
[handleTextFromClean] called for tag='text'
[handleText] failed to convert text to shape
[walkSchematicOnce] child tag='hierarchical_label' children=2
[handleTextFromClean] called for tag='hierarchical_label'
[handleText] failed to convert text to shape
[walkSchematicOnce] child tag='hierarchical_label' children=2
[handleTextFromClean] called for tag='hierarchical_label'
[handleText] failed to convert text to shape
[walkSchematicOnce] child tag='symbol' children=11
[handleSymbolFromClean] lib_id='(none)' tag='symbol' children=11
[walkSchematicOnce] child tag='sheet_instances' children=1
[appendRawPieceFromClean] piece_head='<sheet_instances>
  <path> attrs{page:"1" }'...
[BaselineBoard] appendRawPiece len=43 head="sheet_instances"
[walkSchematicOnce] child tag='symbol_instances' children=1
[appendRawPieceFromClean] piece_head='<symbol_instances>
  <path> attrs{value:"/6307406d-c1c0-4900-af1b-9056ce7df57f" }
  <reference> attrs{value:"TP1" }
  <unit> attrs{value:1 }
  <value> attrs{val'...
[BaselineBoard] appendRawPiece len=190 head="symbol_instances"
=== SUMMARY === junctionShapes=2 wireShapes=8 symbols=1 rawPieces=137
=== DUMP wires: count=8 ===
 wire[0] start=(31.75,31.75) end=(34.29,31.75)
 wire[1] start=(31.75,25.40) end=(31.75,31.75)
 wire[2] start=(31.75,31.75) end=(31.75,38.10)
 wire[3] start=(71.12,31.75) end=(73.66,31.75)
 wire[4] start=(31.75,31.75) end=(34.29,31.75)
 wire[5] start=(31.75,25.40) end=(31.75,31.75)
 wire[6] start=(31.75,31.75) end=(31.75,38.10)
 wire[7] start=(71.12,31.75) end=(73.66,31.75)
[main] writing KiCad S-expr via b->dumpKiCad(std::cout)
[dumpKiCad] dumping board...
[dumpKiCad] done.
[main] writing KiCad S-expr via b->dumpKiCad(std::cout)
[dumpKiCad] dumping board...
[dumpKiCad] done.
[main] writing KiCad S-expr via b->dumpKiCad(std::cout)
[dumpKiCad] dumping board...
[dumpKiCad] done.
[main] writing KiCad S-expr via b->dumpKiCad(std::cout)
[dumpKiCad] dumping board...
[dumpKiCad] done.
[main] writing KiCad S-expr via b->dumpKiCad(std::cout)
[dumpKiCad] dumping board...
[dumpKiCad] done.
[main] writing KiCad S-expr via b->dumpKiCad(std::cout)
[dumpKiCad] dumping board...
[dumpKiCad] done.
