[DEBUG] Root children: 32
  child 0 (non-list or no head)
  child 1 tag="version"
  child 2 tag="generator"
  child 3 tag="uuid"
  child 4 tag="paper"
  child 5 tag="lib_symbols"
  child 6 tag="bus_entry"
  child 7 tag="bus_entry"
  child 8 tag="wire"
  child 9 tag="bus"
  child 10 tag="wire"
  child 11 tag="polyline"
  child 12 tag="bus"
  child 13 tag="wire"
  child 14 tag="polyline"
  child 15 tag="bus"
  child 16 tag="wire"
  child 17 tag="wire"
  child 18 tag="wire"
  child 19 tag="wire"
  child 20 tag="text"
  child 21 tag="text"
  child 22 tag="text"
  child 23 tag="label"
  child 24 tag="label"
  child 25 tag="label"
  child 26 tag="symbol"
  child 27 tag="symbol"
  child 28 tag="symbol"
  child 29 tag="symbol"
  child 30 tag="sheet_instances"
  child 31 tag="symbol_instances"
[BaselineBoard] appendRawPiece len=7350
kicad_sch  (children=32)
[UNHANDLED-PCB] tag="kicad_sch"
[BaselineBoard] appendRawPiece len=18
  version  (children=2)
[BaselineBoard] appendRawPiece len=20
  generator  (children=2)
[BaselineBoard] appendRawPiece len=43
  uuid  (children=2)
[BaselineBoard] appendRawPiece len=12
  paper  (children=2)
[BaselineBoard] appendRawPiece len=1287
  lib_symbols  (children=2)
[traverseAst] LIB_SYMBOLS depth=1 raw_len=1287
[BaselineBoard] setLibSymbolsRaw len=1287
[BaselineBoard] appendRawPiece len=1287
AstCleaner: handling lib_symbols at 0x7ffeb51e95d0
[handleLibSymbolsCleanNode] called, children=1
[WARNING] Duplicate lib_symbols differs; keeping first.
[traverseAst] LIB_SYMBOLS -> handleLibSymbolsCleanNode() called; libSymbolsRaw_len=1287
[BaselineBoard] appendRawPiece len=1273
    symbol  (children=15)
[BaselineBoard] appendRawPiece len=154
  bus_entry  (children=5)
[BaselineBoard] appendRawPiece len=155
  bus_entry  (children=5)
[BaselineBoard] appendRawPiece len=140
  wire  (children=4)
[traverseAst] WIRE depth=1 raw_len=140
[BaselineBoard] appendRawPiece len=140
[handleWireFromClean] called for tag='wire'
[handleWire] PUSH (pts.node.pts) 0.000000,10.160000->0.000000,12.700000 ; added=1
[handleWire] saved 1 wire(s) from pts-children (deduped)
[traverseAst] WIRE -> handleWireFromClean() called; board wireCount=1
[BaselineBoard] appendRawPiece len=39
    pts  (children=3)
[BaselineBoard] appendRawPiece len=16
      xy  (children=3)
[BaselineBoard] appendRawPiece len=1
[BaselineBoard] appendRawPiece len=9
[BaselineBoard] appendRawPiece len=16
      xy  (children=3)
[BaselineBoard] appendRawPiece len=1
[BaselineBoard] appendRawPiece len=9
[BaselineBoard] appendRawPiece len=49
    stroke  (children=4)
    [UNHANDLED-PCB] tag="stroke"
[BaselineBoard] appendRawPiece len=9
      width  (children=2)
      [UNHANDLED-PCB] tag="width"
[BaselineBoard] appendRawPiece len=1
[BaselineBoard] appendRawPiece len=14
      type  (children=2)
      [UNHANDLED-PCB] tag="type"
[BaselineBoard] appendRawPiece len=7
[BaselineBoard] appendRawPiece len=15
      color  (children=5)
      [UNHANDLED-PCB] tag="color"
[BaselineBoard] appendRawPiece len=1
[BaselineBoard] appendRawPiece len=1
[BaselineBoard] appendRawPiece len=1
[BaselineBoard] appendRawPiece len=1
[BaselineBoard] appendRawPiece len=43
    uuid  (children=2)
[BaselineBoard] appendRawPiece len=146
  bus  (children=4)
[BaselineBoard] appendRawPiece len=156
  wire  (children=4)
[traverseAst] WIRE depth=1 raw_len=156
[BaselineBoard] appendRawPiece len=156
[handleWireFromClean] called for tag='wire'
[handleWire] PUSH (pts.node.pts) 15.240000,10.160000->17.780001,10.160000 ; added=1
[handleWire] saved 1 wire(s) from pts-children (deduped)
[traverseAst] WIRE -> handleWireFromClean() called; board wireCount=2
[BaselineBoard] appendRawPiece len=55
    pts  (children=3)
[BaselineBoard] appendRawPiece len=24
      xy  (children=3)
[BaselineBoard] appendRawPiece len=9
[BaselineBoard] appendRawPiece len=9
[BaselineBoard] appendRawPiece len=24
      xy  (children=3)
[BaselineBoard] appendRawPiece len=9
[BaselineBoard] appendRawPiece len=9
[BaselineBoard] appendRawPiece len=49
    stroke  (children=4)
    [UNHANDLED-PCB] tag="stroke"
[BaselineBoard] appendRawPiece len=9
      width  (children=2)
      [UNHANDLED-PCB] tag="width"
[BaselineBoard] appendRawPiece len=1
[BaselineBoard] appendRawPiece len=14
      type  (children=2)
      [UNHANDLED-PCB] tag="type"
[BaselineBoard] appendRawPiece len=7
[BaselineBoard] appendRawPiece len=15
      color  (children=5)
      [UNHANDLED-PCB] tag="color"
[BaselineBoard] appendRawPiece len=1
[BaselineBoard] appendRawPiece len=1
[BaselineBoard] appendRawPiece len=1
[BaselineBoard] appendRawPiece len=1
[BaselineBoard] appendRawPiece len=43
    uuid  (children=2)
[BaselineBoard] appendRawPiece len=158
  polyline  (children=4)
[BaselineBoard] appendRawPiece len=155
  bus  (children=4)
[BaselineBoard] appendRawPiece len=155
  wire  (children=4)
[traverseAst] WIRE depth=1 raw_len=155
[BaselineBoard] appendRawPiece len=155
[handleWireFromClean] called for tag='wire'
[handleWire] PUSH (pts.node.pts) 17.780001,12.700000->7.620000,12.700000 ; added=1
[handleWire] saved 1 wire(s) from pts-children (deduped)
[traverseAst] WIRE -> handleWireFromClean() called; board wireCount=3
[BaselineBoard] appendRawPiece len=54
    pts  (children=3)
[BaselineBoard] appendRawPiece len=23
      xy  (children=3)
[BaselineBoard] appendRawPiece len=8
[BaselineBoard] appendRawPiece len=9
[BaselineBoard] appendRawPiece len=24
      xy  (children=3)
[BaselineBoard] appendRawPiece len=9
[BaselineBoard] appendRawPiece len=9
[BaselineBoard] appendRawPiece len=49
    stroke  (children=4)
    [UNHANDLED-PCB] tag="stroke"
[BaselineBoard] appendRawPiece len=9
      width  (children=2)
      [UNHANDLED-PCB] tag="width"
[BaselineBoard] appendRawPiece len=1
[BaselineBoard] appendRawPiece len=14
      type  (children=2)
      [UNHANDLED-PCB] tag="type"
[BaselineBoard] appendRawPiece len=7
[BaselineBoard] appendRawPiece len=15
      color  (children=5)
      [UNHANDLED-PCB] tag="color"
[BaselineBoard] appendRawPiece len=1
[BaselineBoard] appendRawPiece len=1
[BaselineBoard] appendRawPiece len=1
[BaselineBoard] appendRawPiece len=1
[BaselineBoard] appendRawPiece len=43
    uuid  (children=2)
[BaselineBoard] appendRawPiece len=156
  polyline  (children=4)
[BaselineBoard] appendRawPiece len=154
  bus  (children=4)
[BaselineBoard] appendRawPiece len=156
  wire  (children=4)
[traverseAst] WIRE depth=1 raw_len=156
[BaselineBoard] appendRawPiece len=156
[handleWireFromClean] called for tag='wire'
[handleWire] PUSH (pts.node.pts) 30.480000,10.160000->30.480000,12.700000 ; added=1
[handleWire] saved 1 wire(s) from pts-children (deduped)
[traverseAst] WIRE -> handleWireFromClean() called; board wireCount=4
[BaselineBoard] appendRawPiece len=55
    pts  (children=3)
[BaselineBoard] appendRawPiece len=24
      xy  (children=3)
[BaselineBoard] appendRawPiece len=9
[BaselineBoard] appendRawPiece len=9
[BaselineBoard] appendRawPiece len=24
      xy  (children=3)
[BaselineBoard] appendRawPiece len=9
[BaselineBoard] appendRawPiece len=9
[BaselineBoard] appendRawPiece len=49
    stroke  (children=4)
    [UNHANDLED-PCB] tag="stroke"
[BaselineBoard] appendRawPiece len=9
      width  (children=2)
      [UNHANDLED-PCB] tag="width"
[BaselineBoard] appendRawPiece len=1
[BaselineBoard] appendRawPiece len=14
      type  (children=2)
      [UNHANDLED-PCB] tag="type"
[BaselineBoard] appendRawPiece len=7
[BaselineBoard] appendRawPiece len=15
      color  (children=5)
      [UNHANDLED-PCB] tag="color"
[BaselineBoard] appendRawPiece len=1
[BaselineBoard] appendRawPiece len=1
[BaselineBoard] appendRawPiece len=1
[BaselineBoard] appendRawPiece len=1
[BaselineBoard] appendRawPiece len=43
    uuid  (children=2)
[BaselineBoard] appendRawPiece len=156
  wire  (children=4)
[traverseAst] WIRE depth=1 raw_len=156
[BaselineBoard] appendRawPiece len=156
[handleWireFromClean] called for tag='wire'
[handleWire] PUSH (pts.node.pts) 17.780001,10.160000->22.860001,10.160000 ; added=1
[handleWire] saved 1 wire(s) from pts-children (deduped)
[traverseAst] WIRE -> handleWireFromClean() called; board wireCount=5
[BaselineBoard] appendRawPiece len=55
    pts  (children=3)
[BaselineBoard] appendRawPiece len=24
      xy  (children=3)
[BaselineBoard] appendRawPiece len=9
[BaselineBoard] appendRawPiece len=9
[BaselineBoard] appendRawPiece len=24
      xy  (children=3)
[BaselineBoard] appendRawPiece len=9
[BaselineBoard] appendRawPiece len=9
[BaselineBoard] appendRawPiece len=49
    stroke  (children=4)
    [UNHANDLED-PCB] tag="stroke"
[BaselineBoard] appendRawPiece len=9
      width  (children=2)
      [UNHANDLED-PCB] tag="width"
[BaselineBoard] appendRawPiece len=1
[BaselineBoard] appendRawPiece len=14
      type  (children=2)
      [UNHANDLED-PCB] tag="type"
[BaselineBoard] appendRawPiece len=7
[BaselineBoard] appendRawPiece len=15
      color  (children=5)
      [UNHANDLED-PCB] tag="color"
[BaselineBoard] appendRawPiece len=1
[BaselineBoard] appendRawPiece len=1
[BaselineBoard] appendRawPiece len=1
[BaselineBoard] appendRawPiece len=1
[BaselineBoard] appendRawPiece len=43
    uuid  (children=2)
[BaselineBoard] appendRawPiece len=156
  wire  (children=4)
[traverseAst] WIRE depth=1 raw_len=156
[BaselineBoard] appendRawPiece len=156
[handleWireFromClean] called for tag='wire'
[handleWire] PUSH (pts.node.pts) 17.780001,12.700000->22.860001,12.700000 ; added=1
[handleWire] saved 1 wire(s) from pts-children (deduped)
[traverseAst] WIRE -> handleWireFromClean() called; board wireCount=6
[BaselineBoard] appendRawPiece len=55
    pts  (children=3)
[BaselineBoard] appendRawPiece len=24
      xy  (children=3)
[BaselineBoard] appendRawPiece len=9
[BaselineBoard] appendRawPiece len=9
[BaselineBoard] appendRawPiece len=24
      xy  (children=3)
[BaselineBoard] appendRawPiece len=9
[BaselineBoard] appendRawPiece len=9
[BaselineBoard] appendRawPiece len=49
    stroke  (children=4)
    [UNHANDLED-PCB] tag="stroke"
[BaselineBoard] appendRawPiece len=9
      width  (children=2)
      [UNHANDLED-PCB] tag="width"
[BaselineBoard] appendRawPiece len=1
[BaselineBoard] appendRawPiece len=14
      type  (children=2)
      [UNHANDLED-PCB] tag="type"
[BaselineBoard] appendRawPiece len=7
[BaselineBoard] appendRawPiece len=15
      color  (children=5)
      [UNHANDLED-PCB] tag="color"
[BaselineBoard] appendRawPiece len=1
[BaselineBoard] appendRawPiece len=1
[BaselineBoard] appendRawPiece len=1
[BaselineBoard] appendRawPiece len=1
[BaselineBoard] appendRawPiece len=43
    uuid  (children=2)
[BaselineBoard] appendRawPiece len=155
  wire  (children=4)
[traverseAst] WIRE depth=1 raw_len=155
[BaselineBoard] appendRawPiece len=155
[handleWireFromClean] called for tag='wire'
[handleWire] PUSH (pts.node.pts) 15.240000,10.160000->7.620000,10.160000 ; added=1
[handleWire] saved 1 wire(s) from pts-children (deduped)
[traverseAst] WIRE -> handleWireFromClean() called; board wireCount=7
[BaselineBoard] appendRawPiece len=54
    pts  (children=3)
[BaselineBoard] appendRawPiece len=23
      xy  (children=3)
[BaselineBoard] appendRawPiece len=8
[BaselineBoard] appendRawPiece len=9
[BaselineBoard] appendRawPiece len=24
      xy  (children=3)
[BaselineBoard] appendRawPiece len=9
[BaselineBoard] appendRawPiece len=9
[BaselineBoard] appendRawPiece len=49
    stroke  (children=4)
    [UNHANDLED-PCB] tag="stroke"
[BaselineBoard] appendRawPiece len=9
      width  (children=2)
      [UNHANDLED-PCB] tag="width"
[BaselineBoard] appendRawPiece len=1
[BaselineBoard] appendRawPiece len=14
      type  (children=2)
      [UNHANDLED-PCB] tag="type"
[BaselineBoard] appendRawPiece len=7
[BaselineBoard] appendRawPiece len=15
      color  (children=5)
      [UNHANDLED-PCB] tag="color"
[BaselineBoard] appendRawPiece len=1
[BaselineBoard] appendRawPiece len=1
[BaselineBoard] appendRawPiece len=1
[BaselineBoard] appendRawPiece len=1
[BaselineBoard] appendRawPiece len=43
    uuid  (children=2)
[BaselineBoard] appendRawPiece len=155
  text  (children=5)
[BaselineBoard] appendRawPiece len=154
  text  (children=5)
[BaselineBoard] appendRawPiece len=154
  text  (children=5)
[BaselineBoard] appendRawPiece len=144
  label  (children=5)
[BaselineBoard] appendRawPiece len=147
  label  (children=5)
[BaselineBoard] appendRawPiece len=147
  label  (children=5)
[BaselineBoard] appendRawPiece len=602
  symbol  (children=14)
[BaselineBoard] appendRawPiece len=609
  symbol  (children=15)
[BaselineBoard] appendRawPiece len=607
  symbol  (children=15)
[BaselineBoard] appendRawPiece len=600
  symbol  (children=14)
[BaselineBoard] appendRawPiece len=39
  sheet_instances  (children=2)
  [UNHANDLED-PCB] tag="sheet_instances"
[BaselineBoard] appendRawPiece len=21
    path  (children=3)
    [UNHANDLED-PCB] tag="path"
[BaselineBoard] appendRawPiece len=3
[BaselineBoard] appendRawPiece len=10
      page  (children=2)
[BaselineBoard] appendRawPiece len=418
  symbol_instances  (children=5)
  [UNHANDLED-PCB] tag="symbol_instances"
[BaselineBoard] appendRawPiece len=99
    path  (children=6)
    [UNHANDLED-PCB] tag="path"
[BaselineBoard] appendRawPiece len=39
[BaselineBoard] appendRawPiece len=16
      reference  (children=2)
      [UNHANDLED-PCB] tag="reference"
[BaselineBoard] appendRawPiece len=4
[BaselineBoard] appendRawPiece len=8
      unit  (children=2)
      [UNHANDLED-PCB] tag="unit"
[BaselineBoard] appendRawPiece len=1
[BaselineBoard] appendRawPiece len=11
      value  (children=2)
      [UNHANDLED-PCB] tag="value"
[BaselineBoard] appendRawPiece len=3
[BaselineBoard] appendRawPiece len=14
      footprint  (children=2)
      [UNHANDLED-PCB] tag="footprint"
[BaselineBoard] appendRawPiece len=2
[BaselineBoard] appendRawPiece len=99
    path  (children=6)
    [UNHANDLED-PCB] tag="path"
[BaselineBoard] appendRawPiece len=39
[BaselineBoard] appendRawPiece len=16
      reference  (children=2)
      [UNHANDLED-PCB] tag="reference"
[BaselineBoard] appendRawPiece len=4
[BaselineBoard] appendRawPiece len=8
      unit  (children=2)
      [UNHANDLED-PCB] tag="unit"
[BaselineBoard] appendRawPiece len=1
[BaselineBoard] appendRawPiece len=11
      value  (children=2)
      [UNHANDLED-PCB] tag="value"
[BaselineBoard] appendRawPiece len=3
[BaselineBoard] appendRawPiece len=14
      footprint  (children=2)
      [UNHANDLED-PCB] tag="footprint"
[BaselineBoard] appendRawPiece len=2
[BaselineBoard] appendRawPiece len=99
    path  (children=6)
    [UNHANDLED-PCB] tag="path"
[BaselineBoard] appendRawPiece len=39
[BaselineBoard] appendRawPiece len=16
      reference  (children=2)
      [UNHANDLED-PCB] tag="reference"
[BaselineBoard] appendRawPiece len=4
[BaselineBoard] appendRawPiece len=8
      unit  (children=2)
      [UNHANDLED-PCB] tag="unit"
[BaselineBoard] appendRawPiece len=1
[BaselineBoard] appendRawPiece len=11
      value  (children=2)
      [UNHANDLED-PCB] tag="value"
[BaselineBoard] appendRawPiece len=3
[BaselineBoard] appendRawPiece len=14
      footprint  (children=2)
      [UNHANDLED-PCB] tag="footprint"
[BaselineBoard] appendRawPiece len=2
[BaselineBoard] appendRawPiece len=99
    path  (children=6)
    [UNHANDLED-PCB] tag="path"
[BaselineBoard] appendRawPiece len=39
[BaselineBoard] appendRawPiece len=16
      reference  (children=2)
      [UNHANDLED-PCB] tag="reference"
[BaselineBoard] appendRawPiece len=4
[BaselineBoard] appendRawPiece len=8
      unit  (children=2)
      [UNHANDLED-PCB] tag="unit"
[BaselineBoard] appendRawPiece len=1
[BaselineBoard] appendRawPiece len=11
      value  (children=2)
      [UNHANDLED-PCB] tag="value"
[BaselineBoard] appendRawPiece len=3
[BaselineBoard] appendRawPiece len=14
      footprint  (children=2)
      [UNHANDLED-PCB] tag="footprint"
[BaselineBoard] appendRawPiece len=2
AstCleaner: handling lib_symbols at 0x61a9543a3a90
[UNHANDLED] cleanInner:bus_entry addr=0x61a9543a3ad0 -> (bus_entry (at) (size) (stroke) (uuid) )
  children details (child_index: addr type extra):
    [0] addr=0x61a9543a0130 atom="bus_entry"
    [1] addr=0x61a9543a0170 list_size=3 head="at"
    [2] addr=0x61a9543a01b0 list_size=3 head="size"
    [3] addr=0x61a9543a01f0 list_size=4 head="stroke"
    [4] addr=0x61a9543a0230 list_size=2 head="uuid"
[UNHANDLED] cleanInner:bus_entry addr=0x61a9543a3b10 -> (bus_entry (at) (size) (stroke) (uuid) )
  children details (child_index: addr type extra):
    [0] addr=0x61a9543a9e50 atom="bus_entry"
    [1] addr=0x61a9543a9e90 list_size=3 head="at"
    [2] addr=0x61a9543a9ed0 list_size=3 head="size"
    [3] addr=0x61a9543a9f10 list_size=4 head="stroke"
    [4] addr=0x61a9543a9f50 list_size=2 head="uuid"
[UNHANDLED] cleanInner:bus addr=0x61a9543a3b90 -> (bus (pts) (stroke) (uuid) )
  children details (child_index: addr type extra):
    [0] addr=0x61a9543aace0 atom="bus"
    [1] addr=0x61a9543aad20 list_size=3 head="pts"
    [2] addr=0x61a9543aad60 list_size=4 head="stroke"
    [3] addr=0x61a9543aada0 list_size=2 head="uuid"
[UNHANDLED] cleanInner:bus addr=0x61a9543a3c50 -> (bus (pts) (stroke) (uuid) )
  children details (child_index: addr type extra):
    [0] addr=0x61a9543ac390 atom="bus"
    [1] addr=0x61a9543ac3d0 list_size=3 head="pts"
    [2] addr=0x61a9543ac410 list_size=4 head="stroke"
    [3] addr=0x61a9543ac450 list_size=2 head="uuid"
[UNHANDLED] cleanInner:bus addr=0x61a9543a3d10 -> (bus (pts) (stroke) (uuid) )
  children details (child_index: addr type extra):
    [0] addr=0x61a9543ada40 atom="bus"
    [1] addr=0x61a9543ada80 list_size=3 head="pts"
    [2] addr=0x61a9543adac0 list_size=4 head="stroke"
    [3] addr=0x61a9543adb00 list_size=2 head="uuid"
[UNHANDLED] cleanInner:value addr=0x61a9543b9af0 -> (value "R" )
  children details (child_index: addr type extra):
    [0] addr=0x61a9543b9cd0 atom="value"
    [1] addr=0x61a9543b9d10 atom=""R""
[UNHANDLED] cleanInner:value addr=0x61a9543b9ef0 -> (value "R" )
  children details (child_index: addr type extra):
    [0] addr=0x61a9543ba0d0 atom="value"
    [1] addr=0x61a9543ba110 atom=""R""
[UNHANDLED] cleanInner:value addr=0x61a9543ba2f0 -> (value "R" )
  children details (child_index: addr type extra):
    [0] addr=0x61a9543ba4d0 atom="value"
    [1] addr=0x61a9543ba510 atom=""R""
[UNHANDLED] cleanInner:value addr=0x61a9543ba6f0 -> (value "R" )
  children details (child_index: addr type extra):
    [0] addr=0x61a9543ba8d0 atom="value"
    [1] addr=0x61a9543ba910 atom=""R""
[appendRawPieceFromClean] piece_head='<kicad_sch>
  <version> attrs{value:20211123 }
  <generator> attrs{value:eeschema }
  <paper> attrs{value:"A4" }
  <lib_symbols>
  <symbol> property{"Reference"'...
[BaselineBoard] appendRawPiece len=8925 head="kicad_sch"
[walkSchematicOnce] cleanedRoot children=30
[walkSchematicOnce] child tag='version' children=0
[appendRawPieceFromClean] piece_head='<version> attrs{value:20211123 }'...
[BaselineBoard] appendRawPiece len=32 head="version"
[walkSchematicOnce] child tag='generator' children=0
[appendRawPieceFromClean] piece_head='<generator> attrs{value:eeschema }'...
[BaselineBoard] appendRawPiece len=34 head="generator"
[walkSchematicOnce] child tag='paper' children=0
[appendRawPieceFromClean] piece_head='<paper> attrs{value:"A4" }'...
[BaselineBoard] appendRawPiece len=26 head="paper"
[walkSchematicOnce] child tag='lib_symbols' children=1
[handleLibSymbolsCleanNode] called, children=1
[WARNING] Duplicate lib_symbols differs; keeping first.
[walkSchematicOnce] child tag='bus_entry' children=2
[appendRawPieceFromClean] piece_head='<bus_entry> at=(15.240,7.620,0.000)
  <size> attrs{token_1:2.540000 token_2:2.540000 }
  <stroke> attrs{sub_color:0 sub_type:default sub_width:0 }'...
[BaselineBoard] appendRawPiece len=146 head="bus_entry"
[walkSchematicOnce] child tag='bus_entry' children=2
[appendRawPieceFromClean] piece_head='<bus_entry> at=(15.240,10.160,0.000)
  <size> attrs{token_1:2.540000 token_2:2.540000 }
  <stroke> attrs{sub_color:0 sub_type:default sub_width:0 }'...
[BaselineBoard] appendRawPiece len=147 head="bus_entry"
[walkSchematicOnce] child tag='wire' children=1
[handleWireFromClean] called for tag='wire'
[handleWire] saved 1 wire(s) from clean.pts
[walkSchematicOnce] child tag='bus' children=2
[appendRawPieceFromClean] piece_head='<bus>
  <pts> pts=[(15.240,0.000),(15.240,7.620)]
  <stroke> attrs{sub_color:0 sub_type:default sub_width:0 }'...
[BaselineBoard] appendRawPiece len=109 head="bus"
[walkSchematicOnce] child tag='wire' children=1
[handleWireFromClean] called for tag='wire'
[handleWire] saved 1 wire(s) from clean.pts
[walkSchematicOnce] child tag='polyline' children=0
[appendRawPieceFromClean] piece_head='<polyline> attrs{stroke:(stroke <list> <list> <list>) }'...
[BaselineBoard] appendRawPiece len=55 head="polyline"
[walkSchematicOnce] child tag='bus' children=2
[appendRawPieceFromClean] piece_head='<bus>
  <pts> pts=[(15.240,10.160),(15.240,12.700)]
  <stroke> attrs{sub_color:0 sub_type:default sub_width:0 }'...
[BaselineBoard] appendRawPiece len=111 head="bus"
[walkSchematicOnce] child tag='wire' children=1
[handleWireFromClean] called for tag='wire'
[handleWire] saved 1 wire(s) from clean.pts
[walkSchematicOnce] child tag='polyline' children=0
[appendRawPieceFromClean] piece_head='<polyline> attrs{stroke:(stroke <list> <list> <list>) }'...
[BaselineBoard] appendRawPiece len=55 head="polyline"
[walkSchematicOnce] child tag='bus' children=2
[appendRawPieceFromClean] piece_head='<bus>
  <pts> pts=[(15.240,7.620),(15.240,10.160)]
  <stroke> attrs{sub_color:0 sub_type:default sub_width:0 }'...
[BaselineBoard] appendRawPiece len=110 head="bus"
[walkSchematicOnce] child tag='wire' children=1
[handleWireFromClean] called for tag='wire'
[handleWire] saved 1 wire(s) from clean.pts
[walkSchematicOnce] child tag='wire' children=1
[handleWireFromClean] called for tag='wire'
[handleWire] saved 1 wire(s) from clean.pts
[walkSchematicOnce] child tag='wire' children=1
[handleWireFromClean] called for tag='wire'
[handleWire] saved 1 wire(s) from clean.pts
[walkSchematicOnce] child tag='wire' children=1
[handleWireFromClean] called for tag='wire'
[handleWire] saved 1 wire(s) from clean.pts
[walkSchematicOnce] child tag='text' children=3
[handleTextFromClean] called for tag='text'
[handleText] failed to convert text to shape
[walkSchematicOnce] child tag='text' children=3
[handleTextFromClean] called for tag='text'
[handleText] failed to convert text to shape
[walkSchematicOnce] child tag='text' children=3
[handleTextFromClean] called for tag='text'
[handleText] failed to convert text to shape
[walkSchematicOnce] child tag='label' children=3
[handleTextFromClean] called for tag='label'
[handleText] failed to convert text to shape
[walkSchematicOnce] child tag='label' children=3
[handleTextFromClean] called for tag='label'
[handleText] failed to convert text to shape
[walkSchematicOnce] child tag='label' children=3
[handleTextFromClean] called for tag='label'
[handleText] failed to convert text to shape
[walkSchematicOnce] child tag='symbol' children=12
[handleSymbolFromClean] lib_id='(none)' tag='symbol' children=12
[walkSchematicOnce] child tag='symbol' children=13
[handleSymbolFromClean] lib_id='(none)' tag='symbol' children=13
[walkSchematicOnce] child tag='symbol' children=13
[handleSymbolFromClean] lib_id='(none)' tag='symbol' children=13
[walkSchematicOnce] child tag='symbol' children=12
[handleSymbolFromClean] lib_id='(none)' tag='symbol' children=12
[walkSchematicOnce] child tag='sheet_instances' children=1
[appendRawPieceFromClean] piece_head='<sheet_instances>
  <path> attrs{page:"1" }'...
[BaselineBoard] appendRawPiece len=43 head="sheet_instances"
[walkSchematicOnce] child tag='symbol_instances' children=4
[appendRawPieceFromClean] piece_head='<symbol_instances>
  <path> attrs{value:"/13cc3ed0-5d6e-432e-a920-2485183a707f" }
  <reference> attrs{value:"R1" }
  <unit> attrs{value:1 }
  <value> attrs{valu'...
[BaselineBoard] appendRawPiece len=670 head="symbol_instances"
=== SUMMARY === junctionShapes=0 wireShapes=14 symbols=4 rawPieces=229
=== DUMP wires: count=14 ===
 wire[0] start=(0.00,10.16) end=(0.00,12.70)
 wire[1] start=(15.24,10.16) end=(17.78,10.16)
 wire[2] start=(7.62,12.70) end=(17.78,12.70)
 wire[3] start=(30.48,10.16) end=(30.48,12.70)
 wire[4] start=(17.78,10.16) end=(22.86,10.16)
 wire[5] start=(17.78,12.70) end=(22.86,12.70)
 wire[6] start=(7.62,10.16) end=(15.24,10.16)
 wire[7] start=(0.00,10.16) end=(0.00,12.70)
 wire[8] start=(15.24,10.16) end=(17.78,10.16)
 wire[9] start=(7.62,12.70) end=(17.78,12.70)
 wire[10] start=(30.48,10.16) end=(30.48,12.70)
 wire[11] start=(17.78,10.16) end=(22.86,10.16)
 wire[12] start=(17.78,12.70) end=(22.86,12.70)
 wire[13] start=(7.62,10.16) end=(15.24,10.16)
[main] writing KiCad S-expr via b->dumpKiCad(std::cout)
[dumpKiCad] dumping board...
[dumpKiCad] done.
[main] writing KiCad S-expr via b->dumpKiCad(std::cout)
[dumpKiCad] dumping board...
[dumpKiCad] done.
[main] writing KiCad S-expr via b->dumpKiCad(std::cout)
[dumpKiCad] dumping board...
[dumpKiCad] done.
[main] writing KiCad S-expr via b->dumpKiCad(std::cout)
[dumpKiCad] dumping board...
[dumpKiCad] done.
[main] writing KiCad S-expr via b->dumpKiCad(std::cout)
[dumpKiCad] dumping board...
[dumpKiCad] done.
[main] writing KiCad S-expr via b->dumpKiCad(std::cout)
[dumpKiCad] dumping board...
[dumpKiCad] done.
