[DEBUG] Root children: 15
  child 0 (non-list or no head)
  child 1 tag="version"
  child 2 tag="generator"
  child 3 tag="generator_version"
  child 4 tag="uuid"
  child 5 tag="paper"
  child 6 tag="lib_symbols"
  child 7 tag="no_connect"
  child 8 tag="no_connect"
  child 9 tag="wire"
  child 10 tag="wire"
  child 11 tag="global_label"
  child 12 tag="global_label"
  child 13 tag="symbol"
  child 14 tag="symbol"
[BaselineBoard] appendRawPiece len=4493
kicad_sch  (children=15)
[UNHANDLED-PCB] tag="kicad_sch"
[BaselineBoard] appendRawPiece len=18
  version  (children=2)
[BaselineBoard] appendRawPiece len=22
  generator  (children=2)
[BaselineBoard] appendRawPiece len=26
  generator_version  (children=2)
[BaselineBoard] appendRawPiece len=45
  uuid  (children=2)
[BaselineBoard] appendRawPiece len=12
  paper  (children=2)
[BaselineBoard] appendRawPiece len=1271
  lib_symbols  (children=2)
[traverseAst] LIB_SYMBOLS depth=1 raw_len=1271
[BaselineBoard] setLibSymbolsRaw len=1271
[BaselineBoard] appendRawPiece len=1271
AstCleaner: handling lib_symbols at 0x7fff8dfea8f0
[UNHANDLED] cleanInner:exclude_from_sim addr=0x62651178d9a0 -> (exclude_from_sim no )
  children details (child_index: addr type extra):
    [0] addr=0x62651178f360 atom="exclude_from_sim"
    [1] addr=0x62651178f3a0 atom="no"
[handleLibSymbolsCleanNode] called, children=1
[WARNING] Duplicate lib_symbols differs; keeping first.
[traverseAst] LIB_SYMBOLS -> handleLibSymbolsCleanNode() called; libSymbolsRaw_len=1271
[BaselineBoard] appendRawPiece len=1257
    symbol  (children=16)
[BaselineBoard] appendRawPiece len=83
  no_connect  (children=3)
[BaselineBoard] appendRawPiece len=83
  no_connect  (children=3)
[BaselineBoard] appendRawPiece len=142
  wire  (children=4)
[traverseAst] WIRE depth=1 raw_len=142
[BaselineBoard] appendRawPiece len=142
[handleWireFromClean] called for tag='wire'
[handleWire] PUSH (pts.node.pts) 69.849998,45.720001->73.660004,45.720001 ; added=1
[handleWire] saved 1 wire(s) from pts-children (deduped)
[traverseAst] WIRE -> handleWireFromClean() called; board wireCount=1
[BaselineBoard] appendRawPiece len=55
    pts  (children=3)
[BaselineBoard] appendRawPiece len=24
      xy  (children=3)
[BaselineBoard] appendRawPiece len=9
[BaselineBoard] appendRawPiece len=9
[BaselineBoard] appendRawPiece len=24
      xy  (children=3)
[BaselineBoard] appendRawPiece len=9
[BaselineBoard] appendRawPiece len=9
[BaselineBoard] appendRawPiece len=33
    stroke  (children=3)
    [UNHANDLED-PCB] tag="stroke"
[BaselineBoard] appendRawPiece len=9
      width  (children=2)
      [UNHANDLED-PCB] tag="width"
[BaselineBoard] appendRawPiece len=1
[BaselineBoard] appendRawPiece len=14
      type  (children=2)
      [UNHANDLED-PCB] tag="type"
[BaselineBoard] appendRawPiece len=7
[BaselineBoard] appendRawPiece len=45
    uuid  (children=2)
[BaselineBoard] appendRawPiece len=142
  wire  (children=4)
[traverseAst] WIRE depth=1 raw_len=142
[BaselineBoard] appendRawPiece len=142
[handleWireFromClean] called for tag='wire'
[handleWire] PUSH (pts.node.pts) 69.849998,59.689999->73.660004,59.689999 ; added=1
[handleWire] saved 1 wire(s) from pts-children (deduped)
[traverseAst] WIRE -> handleWireFromClean() called; board wireCount=2
[BaselineBoard] appendRawPiece len=55
    pts  (children=3)
[BaselineBoard] appendRawPiece len=24
      xy  (children=3)
[BaselineBoard] appendRawPiece len=9
[BaselineBoard] appendRawPiece len=9
[BaselineBoard] appendRawPiece len=24
      xy  (children=3)
[BaselineBoard] appendRawPiece len=9
[BaselineBoard] appendRawPiece len=9
[BaselineBoard] appendRawPiece len=33
    stroke  (children=3)
    [UNHANDLED-PCB] tag="stroke"
[BaselineBoard] appendRawPiece len=9
      width  (children=2)
      [UNHANDLED-PCB] tag="width"
[BaselineBoard] appendRawPiece len=1
[BaselineBoard] appendRawPiece len=14
      type  (children=2)
      [UNHANDLED-PCB] tag="type"
[BaselineBoard] appendRawPiece len=7
[BaselineBoard] appendRawPiece len=45
    uuid  (children=2)
[BaselineBoard] appendRawPiece len=340
  global_label  (children=8)
[BaselineBoard] appendRawPiece len=340
  global_label  (children=8)
[BaselineBoard] appendRawPiece len=972
  symbol  (children=18)
[BaselineBoard] appendRawPiece len=972
  symbol  (children=18)
[UNHANDLED] cleanInner:generator_version addr=0x62651178b870 -> (generator_version "8.99" )
  children details (child_index: addr type extra):
    [0] addr=0x62651178f360 atom="generator_version"
    [1] addr=0x62651178f3a0 atom=""8.99""
AstCleaner: handling lib_symbols at 0x62651178b930
[UNHANDLED] cleanInner:exclude_from_sim addr=0x62651178d9a0 -> (exclude_from_sim no )
  children details (child_index: addr type extra):
    [0] addr=0x626511793ed0 atom="exclude_from_sim"
    [1] addr=0x626511793f10 atom="no"
[UNHANDLED] cleanInner:no_connect addr=0x62651178b970 -> (no_connect (at) (uuid) )
  children details (child_index: addr type extra):
    [0] addr=0x62651179f8c0 atom="no_connect"
    [1] addr=0x62651179f900 list_size=3 head="at"
    [2] addr=0x62651179f940 list_size=2 head="uuid"
[UNHANDLED] cleanInner:no_connect addr=0x62651178b9b0 -> (no_connect (at) (uuid) )
  children details (child_index: addr type extra):
    [0] addr=0x62651179faf0 atom="no_connect"
    [1] addr=0x62651179fb30 list_size=3 head="at"
    [2] addr=0x62651179fb70 list_size=2 head="uuid"
[UNHANDLED] cleanInner:global_label addr=0x62651178ba70 -> (global_label "LABEL_2" (shape) (at) (fields_autoplaced) (effects) (uuid) (property) )
  children details (child_index: addr type extra):
    [0] addr=0x62651178d3c0 atom="global_label"
    [1] addr=0x62651178d400 atom=""LABEL_2""
    [2] addr=0x62651178d440 list_size=2 head="shape"
    [3] addr=0x62651178d480 list_size=4 head="at"
    [4] addr=0x62651178d4c0 list_size=2 head="fields_autoplaced"
    [5] addr=0x62651178d500 list_size=3 head="effects"
    [6] addr=0x62651178d540 list_size=2 head="uuid"
    [7] addr=0x62651178d580 list_size=5 head="property"
[UNHANDLED] cleanInner:shape addr=0x62651178d440 -> (shape input )
  children details (child_index: addr type extra):
    [0] addr=0x626511796fa0 atom="shape"
    [1] addr=0x626511796fe0 atom="input"
[UNHANDLED] cleanInner:fields_autoplaced addr=0x62651178d4c0 -> (fields_autoplaced yes )
  children details (child_index: addr type extra):
    [0] addr=0x626511797140 atom="fields_autoplaced"
    [1] addr=0x626511797180 atom="yes"
[UNHANDLED] cleanInner:global_label addr=0x62651178bab0 -> (global_label "LABEL_3" (shape) (at) (fields_autoplaced) (effects) (uuid) (property) )
  children details (child_index: addr type extra):
    [0] addr=0x62651178d5d0 atom="global_label"
    [1] addr=0x62651178d610 atom=""LABEL_3""
    [2] addr=0x62651178d650 list_size=2 head="shape"
    [3] addr=0x62651178d690 list_size=4 head="at"
    [4] addr=0x62651178d6d0 list_size=2 head="fields_autoplaced"
    [5] addr=0x62651178d710 list_size=3 head="effects"
    [6] addr=0x62651178d750 list_size=2 head="uuid"
    [7] addr=0x62651178d790 list_size=5 head="property"
[UNHANDLED] cleanInner:shape addr=0x62651178d650 -> (shape input )
  children details (child_index: addr type extra):
    [0] addr=0x62651179a4d0 atom="shape"
    [1] addr=0x62651179a510 atom="input"
[UNHANDLED] cleanInner:fields_autoplaced addr=0x62651178d6d0 -> (fields_autoplaced yes )
  children details (child_index: addr type extra):
    [0] addr=0x62651179a670 atom="fields_autoplaced"
    [1] addr=0x62651179a6b0 atom="yes"
[appendRawPieceFromClean] piece_head='<kicad_sch>
  <version> attrs{value:20240101 }
  <generator> attrs{value:"eeschema" }
  <generator_version> attrs{value:"8.99" }
  <paper> attrs{value:"A4" }
  '...
[BaselineBoard] appendRawPiece len=5362 head="kicad_sch"
[walkSchematicOnce] cleanedRoot children=13
[walkSchematicOnce] child tag='version' children=0
[appendRawPieceFromClean] piece_head='<version> attrs{value:20240101 }'...
[BaselineBoard] appendRawPiece len=32 head="version"
[walkSchematicOnce] child tag='generator' children=0
[appendRawPieceFromClean] piece_head='<generator> attrs{value:"eeschema" }'...
[BaselineBoard] appendRawPiece len=36 head="generator"
[walkSchematicOnce] child tag='generator_version' children=0
[appendRawPieceFromClean] piece_head='<generator_version> attrs{value:"8.99" }'...
[BaselineBoard] appendRawPiece len=40 head="generator_version"
[walkSchematicOnce] child tag='paper' children=0
[appendRawPieceFromClean] piece_head='<paper> attrs{value:"A4" }'...
[BaselineBoard] appendRawPiece len=26 head="paper"
[walkSchematicOnce] child tag='lib_symbols' children=1
[handleLibSymbolsCleanNode] called, children=1
[WARNING] Duplicate lib_symbols differs; keeping first.
[walkSchematicOnce] child tag='no_connect' children=0
[appendRawPieceFromClean] piece_head='<no_connect> at=(81.280,59.690,0.000)'...
[BaselineBoard] appendRawPiece len=37 head="no_connect"
[walkSchematicOnce] child tag='no_connect' children=0
[appendRawPieceFromClean] piece_head='<no_connect> at=(81.280,45.720,0.000)'...
[BaselineBoard] appendRawPiece len=37 head="no_connect"
[walkSchematicOnce] child tag='wire' children=1
[handleWireFromClean] called for tag='wire'
[handleWire] saved 1 wire(s) from clean.pts
[walkSchematicOnce] child tag='wire' children=1
[handleWireFromClean] called for tag='wire'
[handleWire] saved 1 wire(s) from clean.pts
[walkSchematicOnce] child tag='global_label' children=4
[appendRawPieceFromClean] piece_head='<global_label> at=(69.850,45.720,180.000) property{"Intersheetrefs"="${INTERSHEET_REFS}"} attrs{value:"LABEL_2" }
  <shape> attrs{value:input }
  <fields_autopl'...
[BaselineBoard] appendRawPiece len=408 head="global_label"
[walkSchematicOnce] child tag='global_label' children=4
[appendRawPieceFromClean] piece_head='<global_label> at=(69.850,59.690,180.000) property{"Intersheetrefs"="${INTERSHEET_REFS}"} attrs{value:"LABEL_3" }
  <shape> attrs{value:input }
  <fields_autopl'...
[BaselineBoard] appendRawPiece len=408 head="global_label"
[walkSchematicOnce] child tag='symbol' children=16
[handleSymbolFromClean] lib_id='(none)' tag='symbol' children=16
[walkSchematicOnce] child tag='symbol' children=16
[handleSymbolFromClean] lib_id='(none)' tag='symbol' children=16
=== SUMMARY === junctionShapes=0 wireShapes=4 symbols=2 rawPieces=54
=== DUMP wires: count=4 ===
 wire[0] start=(69.85,45.72) end=(73.66,45.72)
 wire[1] start=(69.85,59.69) end=(73.66,59.69)
 wire[2] start=(69.85,45.72) end=(73.66,45.72)
 wire[3] start=(69.85,59.69) end=(73.66,59.69)
[main] writing KiCad S-expr via b->dumpKiCad(std::cout)
[dumpKiCad] dumping board...
[dumpKiCad] done.
[main] writing KiCad S-expr via b->dumpKiCad(std::cout)
[dumpKiCad] dumping board...
[dumpKiCad] done.
[main] writing KiCad S-expr via b->dumpKiCad(std::cout)
[dumpKiCad] dumping board...
[dumpKiCad] done.
[main] writing KiCad S-expr via b->dumpKiCad(std::cout)
[dumpKiCad] dumping board...
[dumpKiCad] done.
[main] writing KiCad S-expr via b->dumpKiCad(std::cout)
[dumpKiCad] dumping board...
[dumpKiCad] done.
[main] writing KiCad S-expr via b->dumpKiCad(std::cout)
[dumpKiCad] dumping board...
[dumpKiCad] done.
