[DEBUG] Root children: 20
  child 0 (non-list or no head)
  child 1 tag="version"
  child 2 tag="generator"
  child 3 tag="uuid"
  child 4 tag="paper"
  child 5 tag="lib_symbols"
  child 6 tag="junction"
  child 7 tag="wire"
  child 8 tag="wire"
  child 9 tag="wire"
  child 10 tag="wire"
  child 11 tag="wire"
  child 12 tag="wire"
  child 13 tag="wire"
  child 14 tag="text"
  child 15 tag="text"
  child 16 tag="symbol"
  child 17 tag="symbol"
  child 18 tag="symbol"
  child 19 tag="sheet_instances"
[BaselineBoard] appendRawPiece len=8599
kicad_sch  (children=20)
[UNHANDLED-PCB] tag="kicad_sch"
[BaselineBoard] appendRawPiece len=18
  version  (children=2)
[BaselineBoard] appendRawPiece len=20
  generator  (children=2)
[BaselineBoard] appendRawPiece len=43
  uuid  (children=2)
[BaselineBoard] appendRawPiece len=12
  paper  (children=2)
[BaselineBoard] appendRawPiece len=4117
  lib_symbols  (children=4)
[traverseAst] LIB_SYMBOLS depth=1 raw_len=4117
[BaselineBoard] setLibSymbolsRaw len=4117
[BaselineBoard] appendRawPiece len=4117
AstCleaner: handling lib_symbols at 0x7ffec302de30
[UNHANDLED] cleanInner:mid addr=0x567a2c77a160 -> (mid -0.635000 0.632300 )
  children details (child_index: addr type extra):
    [0] addr=0x567a2c77a340 atom="mid"
    [1] addr=0x567a2c77a380 atom="-0.635000"
    [2] addr=0x567a2c77a3c0 atom="0.632300"
[UNHANDLED] cleanInner:mid addr=0x567a2c77a870 -> (mid 0.635000 -0.632300 )
  children details (child_index: addr type extra):
    [0] addr=0x567a2c77aa50 atom="mid"
    [1] addr=0x567a2c77aa90 atom="0.635000"
    [2] addr=0x567a2c77aad0 atom="-0.632300"
[handleLibSymbolsCleanNode] called, children=3
[WARNING] Duplicate lib_symbols differs; keeping first.
[traverseAst] LIB_SYMBOLS -> handleLibSymbolsCleanNode() called; libSymbolsRaw_len=4117
[BaselineBoard] appendRawPiece len=1208
    symbol  (children=15)
[BaselineBoard] appendRawPiece len=985
    symbol  (children=14)
[BaselineBoard] appendRawPiece len=1908
    symbol  (children=19)
[BaselineBoard] appendRawPiece len=108
  junction  (children=5)
[traverseAst] JUNCTION depth=1 raw_len=108
[BaselineBoard] appendRawPiece len=108
[UNHANDLED] cleanInner:diameter addr=0x567a2c771a10 -> (diameter 0 )
  children details (child_index: addr type extra):
    [0] addr=0x567a2c76db80 atom="diameter"
    [1] addr=0x567a2c76dbc0 atom="0"
[handleJunctionFromClean] called for tag='junction'
[handleJunction] saved junction shape (x=88.90, y=88.90)
[traverseAst] JUNCTION -> handleJunctionFromClean() called; board junctionCount=1
[BaselineBoard] appendRawPiece len=24
    at  (children=3)
    [UNHANDLED-PCB] tag="at"
[BaselineBoard] appendRawPiece len=9
[BaselineBoard] appendRawPiece len=9
[BaselineBoard] appendRawPiece len=12
    diameter  (children=2)
    [UNHANDLED-PCB] tag="diameter"
[BaselineBoard] appendRawPiece len=1
[BaselineBoard] appendRawPiece len=15
    color  (children=5)
    [UNHANDLED-PCB] tag="color"
[BaselineBoard] appendRawPiece len=1
[BaselineBoard] appendRawPiece len=1
[BaselineBoard] appendRawPiece len=1
[BaselineBoard] appendRawPiece len=1
[BaselineBoard] appendRawPiece len=43
    uuid  (children=2)
[BaselineBoard] appendRawPiece len=140
  wire  (children=4)
[traverseAst] WIRE depth=1 raw_len=140
[BaselineBoard] appendRawPiece len=140
[handleWireFromClean] called for tag='wire'
[handleWire] PUSH (pts.node.pts) 73.660004,88.900002->88.900002,88.900002 ; added=1
[handleWire] saved 1 wire(s) from pts-children (deduped)
[traverseAst] WIRE -> handleWireFromClean() called; board wireCount=1
[BaselineBoard] appendRawPiece len=55
    pts  (children=3)
[BaselineBoard] appendRawPiece len=24
      xy  (children=3)
[BaselineBoard] appendRawPiece len=9
[BaselineBoard] appendRawPiece len=9
[BaselineBoard] appendRawPiece len=24
      xy  (children=3)
[BaselineBoard] appendRawPiece len=9
[BaselineBoard] appendRawPiece len=9
[BaselineBoard] appendRawPiece len=33
    stroke  (children=3)
    [UNHANDLED-PCB] tag="stroke"
[BaselineBoard] appendRawPiece len=9
      width  (children=2)
      [UNHANDLED-PCB] tag="width"
[BaselineBoard] appendRawPiece len=1
[BaselineBoard] appendRawPiece len=14
      type  (children=2)
      [UNHANDLED-PCB] tag="type"
[BaselineBoard] appendRawPiece len=7
[BaselineBoard] appendRawPiece len=43
    uuid  (children=2)
[BaselineBoard] appendRawPiece len=140
  wire  (children=4)
[traverseAst] WIRE depth=1 raw_len=140
[BaselineBoard] appendRawPiece len=140
[handleWireFromClean] called for tag='wire'
[handleWire] PUSH (pts.node.pts) 73.660004,85.089996->73.660004,88.900002 ; added=1
[handleWire] saved 1 wire(s) from pts-children (deduped)
[traverseAst] WIRE -> handleWireFromClean() called; board wireCount=2
[BaselineBoard] appendRawPiece len=55
    pts  (children=3)
[BaselineBoard] appendRawPiece len=24
      xy  (children=3)
[BaselineBoard] appendRawPiece len=9
[BaselineBoard] appendRawPiece len=9
[BaselineBoard] appendRawPiece len=24
      xy  (children=3)
[BaselineBoard] appendRawPiece len=9
[BaselineBoard] appendRawPiece len=9
[BaselineBoard] appendRawPiece len=33
    stroke  (children=3)
    [UNHANDLED-PCB] tag="stroke"
[BaselineBoard] appendRawPiece len=9
      width  (children=2)
      [UNHANDLED-PCB] tag="width"
[BaselineBoard] appendRawPiece len=1
[BaselineBoard] appendRawPiece len=14
      type  (children=2)
      [UNHANDLED-PCB] tag="type"
[BaselineBoard] appendRawPiece len=7
[BaselineBoard] appendRawPiece len=43
    uuid  (children=2)
[BaselineBoard] appendRawPiece len=140
  wire  (children=4)
[traverseAst] WIRE depth=1 raw_len=140
[BaselineBoard] appendRawPiece len=140
[handleWireFromClean] called for tag='wire'
[handleWire] PUSH (pts.node.pts) 73.660004,74.930000->73.660004,77.470001 ; added=1
[handleWire] saved 1 wire(s) from pts-children (deduped)
[traverseAst] WIRE -> handleWireFromClean() called; board wireCount=3
[BaselineBoard] appendRawPiece len=55
    pts  (children=3)
[BaselineBoard] appendRawPiece len=24
      xy  (children=3)
[BaselineBoard] appendRawPiece len=9
[BaselineBoard] appendRawPiece len=9
[BaselineBoard] appendRawPiece len=24
      xy  (children=3)
[BaselineBoard] appendRawPiece len=9
[BaselineBoard] appendRawPiece len=9
[BaselineBoard] appendRawPiece len=33
    stroke  (children=3)
    [UNHANDLED-PCB] tag="stroke"
[BaselineBoard] appendRawPiece len=9
      width  (children=2)
      [UNHANDLED-PCB] tag="width"
[BaselineBoard] appendRawPiece len=1
[BaselineBoard] appendRawPiece len=14
      type  (children=2)
      [UNHANDLED-PCB] tag="type"
[BaselineBoard] appendRawPiece len=7
[BaselineBoard] appendRawPiece len=43
    uuid  (children=2)
[BaselineBoard] appendRawPiece len=140
  wire  (children=4)
[traverseAst] WIRE depth=1 raw_len=140
[BaselineBoard] appendRawPiece len=140
[handleWireFromClean] called for tag='wire'
[handleWire] PUSH (pts.node.pts) 73.660004,74.930000->88.900002,74.930000 ; added=1
[handleWire] saved 1 wire(s) from pts-children (deduped)
[traverseAst] WIRE -> handleWireFromClean() called; board wireCount=4
[BaselineBoard] appendRawPiece len=55
    pts  (children=3)
[BaselineBoard] appendRawPiece len=24
      xy  (children=3)
[BaselineBoard] appendRawPiece len=9
[BaselineBoard] appendRawPiece len=9
[BaselineBoard] appendRawPiece len=24
      xy  (children=3)
[BaselineBoard] appendRawPiece len=9
[BaselineBoard] appendRawPiece len=9
[BaselineBoard] appendRawPiece len=33
    stroke  (children=3)
    [UNHANDLED-PCB] tag="stroke"
[BaselineBoard] appendRawPiece len=9
      width  (children=2)
      [UNHANDLED-PCB] tag="width"
[BaselineBoard] appendRawPiece len=1
[BaselineBoard] appendRawPiece len=14
      type  (children=2)
      [UNHANDLED-PCB] tag="type"
[BaselineBoard] appendRawPiece len=7
[BaselineBoard] appendRawPiece len=43
    uuid  (children=2)
[BaselineBoard] appendRawPiece len=140
  wire  (children=4)
[traverseAst] WIRE depth=1 raw_len=140
[BaselineBoard] appendRawPiece len=140
[handleWireFromClean] called for tag='wire'
[handleWire] PUSH (pts.node.pts) 88.900002,86.360001->88.900002,88.900002 ; added=1
[handleWire] saved 1 wire(s) from pts-children (deduped)
[traverseAst] WIRE -> handleWireFromClean() called; board wireCount=5
[BaselineBoard] appendRawPiece len=55
    pts  (children=3)
[BaselineBoard] appendRawPiece len=24
      xy  (children=3)
[BaselineBoard] appendRawPiece len=9
[BaselineBoard] appendRawPiece len=9
[BaselineBoard] appendRawPiece len=24
      xy  (children=3)
[BaselineBoard] appendRawPiece len=9
[BaselineBoard] appendRawPiece len=9
[BaselineBoard] appendRawPiece len=33
    stroke  (children=3)
    [UNHANDLED-PCB] tag="stroke"
[BaselineBoard] appendRawPiece len=9
      width  (children=2)
      [UNHANDLED-PCB] tag="width"
[BaselineBoard] appendRawPiece len=1
[BaselineBoard] appendRawPiece len=14
      type  (children=2)
      [UNHANDLED-PCB] tag="type"
[BaselineBoard] appendRawPiece len=7
[BaselineBoard] appendRawPiece len=43
    uuid  (children=2)
[BaselineBoard] appendRawPiece len=140
  wire  (children=4)
[traverseAst] WIRE depth=1 raw_len=140
[BaselineBoard] appendRawPiece len=140
[handleWireFromClean] called for tag='wire'
[handleWire] PUSH (pts.node.pts) 88.900002,74.930000->88.900002,76.199997 ; added=1
[handleWire] saved 1 wire(s) from pts-children (deduped)
[traverseAst] WIRE -> handleWireFromClean() called; board wireCount=6
[BaselineBoard] appendRawPiece len=55
    pts  (children=3)
[BaselineBoard] appendRawPiece len=24
      xy  (children=3)
[BaselineBoard] appendRawPiece len=9
[BaselineBoard] appendRawPiece len=9
[BaselineBoard] appendRawPiece len=24
      xy  (children=3)
[BaselineBoard] appendRawPiece len=9
[BaselineBoard] appendRawPiece len=9
[BaselineBoard] appendRawPiece len=33
    stroke  (children=3)
    [UNHANDLED-PCB] tag="stroke"
[BaselineBoard] appendRawPiece len=9
      width  (children=2)
      [UNHANDLED-PCB] tag="width"
[BaselineBoard] appendRawPiece len=1
[BaselineBoard] appendRawPiece len=14
      type  (children=2)
      [UNHANDLED-PCB] tag="type"
[BaselineBoard] appendRawPiece len=7
[BaselineBoard] appendRawPiece len=43
    uuid  (children=2)
[BaselineBoard] appendRawPiece len=140
  wire  (children=4)
[traverseAst] WIRE depth=1 raw_len=140
[BaselineBoard] appendRawPiece len=140
[handleWireFromClean] called for tag='wire'
[handleWire] PUSH (pts.node.pts) 88.900002,88.900002->88.900002,91.440002 ; added=1
[handleWire] saved 1 wire(s) from pts-children (deduped)
[traverseAst] WIRE -> handleWireFromClean() called; board wireCount=7
[BaselineBoard] appendRawPiece len=55
    pts  (children=3)
[BaselineBoard] appendRawPiece len=24
      xy  (children=3)
[BaselineBoard] appendRawPiece len=9
[BaselineBoard] appendRawPiece len=9
[BaselineBoard] appendRawPiece len=24
      xy  (children=3)
[BaselineBoard] appendRawPiece len=9
[BaselineBoard] appendRawPiece len=9
[BaselineBoard] appendRawPiece len=33
    stroke  (children=3)
    [UNHANDLED-PCB] tag="stroke"
[BaselineBoard] appendRawPiece len=9
      width  (children=2)
      [UNHANDLED-PCB] tag="width"
[BaselineBoard] appendRawPiece len=1
[BaselineBoard] appendRawPiece len=14
      type  (children=2)
      [UNHANDLED-PCB] tag="type"
[BaselineBoard] appendRawPiece len=7
[BaselineBoard] appendRawPiece len=43
    uuid  (children=2)
[BaselineBoard] appendRawPiece len=167
  text  (children=5)
[BaselineBoard] appendRawPiece len=158
  text  (children=5)
[BaselineBoard] appendRawPiece len=1322
  symbol  (children=20)
[BaselineBoard] appendRawPiece len=840
  symbol  (children=17)
[BaselineBoard] appendRawPiece len=745
  symbol  (children=14)
[BaselineBoard] appendRawPiece len=39
  sheet_instances  (children=2)
  [UNHANDLED-PCB] tag="sheet_instances"
[BaselineBoard] appendRawPiece len=21
    path  (children=3)
    [UNHANDLED-PCB] tag="path"
[BaselineBoard] appendRawPiece len=3
[BaselineBoard] appendRawPiece len=10
      page  (children=2)
AstCleaner: handling lib_symbols at 0x567a2c780490
[UNHANDLED] cleanInner:mid addr=0x567a2c77a870 -> (mid -0.635000 0.632300 )
  children details (child_index: addr type extra):
    [0] addr=0x567a2c76e2c0 atom="mid"
    [1] addr=0x567a2c76e300 atom="-0.635000"
    [2] addr=0x567a2c76e340 atom="0.632300"
[UNHANDLED] cleanInner:mid addr=0x567a2c77a160 -> (mid 0.635000 -0.632300 )
  children details (child_index: addr type extra):
    [0] addr=0x567a2c76e840 atom="mid"
    [1] addr=0x567a2c76e880 atom="0.635000"
    [2] addr=0x567a2c76e8c0 atom="-0.632300"
[appendRawPieceFromClean] piece_head='<kicad_sch>
  <version> attrs{value:20230121 }
  <generator> attrs{value:eeschema }
  <paper> attrs{value:"A4" }
  <lib_symbols>
  <symbol> property{"Reference"'...
[BaselineBoard] appendRawPiece len=10840 head="kicad_sch"
[walkSchematicOnce] cleanedRoot children=18
[walkSchematicOnce] child tag='version' children=0
[appendRawPieceFromClean] piece_head='<version> attrs{value:20230121 }'...
[BaselineBoard] appendRawPiece len=32 head="version"
[walkSchematicOnce] child tag='generator' children=0
[appendRawPieceFromClean] piece_head='<generator> attrs{value:eeschema }'...
[BaselineBoard] appendRawPiece len=34 head="generator"
[walkSchematicOnce] child tag='paper' children=0
[appendRawPieceFromClean] piece_head='<paper> attrs{value:"A4" }'...
[BaselineBoard] appendRawPiece len=26 head="paper"
[walkSchematicOnce] child tag='lib_symbols' children=3
[handleLibSymbolsCleanNode] called, children=3
[WARNING] Duplicate lib_symbols differs; keeping first.
[walkSchematicOnce] child tag='junction' children=0
[handleJunctionFromClean] called for tag='junction'
[handleJunction] saved junction shape (x=88.90, y=88.90)
[walkSchematicOnce] child tag='wire' children=1
[handleWireFromClean] called for tag='wire'
[handleWire] saved 1 wire(s) from clean.pts
[walkSchematicOnce] child tag='wire' children=1
[handleWireFromClean] called for tag='wire'
[handleWire] saved 1 wire(s) from clean.pts
[walkSchematicOnce] child tag='wire' children=1
[handleWireFromClean] called for tag='wire'
[handleWire] saved 1 wire(s) from clean.pts
[walkSchematicOnce] child tag='wire' children=1
[handleWireFromClean] called for tag='wire'
[handleWire] saved 1 wire(s) from clean.pts
[walkSchematicOnce] child tag='wire' children=1
[handleWireFromClean] called for tag='wire'
[handleWire] saved 1 wire(s) from clean.pts
[walkSchematicOnce] child tag='wire' children=1
[handleWireFromClean] called for tag='wire'
[handleWire] saved 1 wire(s) from clean.pts
[walkSchematicOnce] child tag='wire' children=1
[handleWireFromClean] called for tag='wire'
[handleWire] saved 1 wire(s) from clean.pts
[walkSchematicOnce] child tag='text' children=3
[handleTextFromClean] called for tag='text'
[handleText] failed to convert text to shape
[walkSchematicOnce] child tag='text' children=3
[handleTextFromClean] called for tag='text'
[handleText] failed to convert text to shape
[walkSchematicOnce] child tag='symbol' children=18
[handleSymbolFromClean] lib_id='(none)' tag='symbol' children=18
[walkSchematicOnce] child tag='symbol' children=15
[handleSymbolFromClean] lib_id='(none)' tag='symbol' children=15
[walkSchematicOnce] child tag='symbol' children=12
[handleSymbolFromClean] lib_id='(none)' tag='symbol' children=12
[walkSchematicOnce] child tag='sheet_instances' children=1
[appendRawPieceFromClean] piece_head='<sheet_instances>
  <path> attrs{page:"1" }'...
[BaselineBoard] appendRawPiece len=43 head="sheet_instances"
=== SUMMARY === junctionShapes=2 wireShapes=14 symbols=3 rawPieces=146
=== DUMP wires: count=14 ===
 wire[0] start=(73.66,88.90) end=(88.90,88.90)
 wire[1] start=(73.66,85.09) end=(73.66,88.90)
 wire[2] start=(73.66,74.93) end=(73.66,77.47)
 wire[3] start=(73.66,74.93) end=(88.90,74.93)
 wire[4] start=(88.90,86.36) end=(88.90,88.90)
 wire[5] start=(88.90,74.93) end=(88.90,76.20)
 wire[6] start=(88.90,88.90) end=(88.90,91.44)
 wire[7] start=(73.66,88.90) end=(88.90,88.90)
 wire[8] start=(73.66,85.09) end=(73.66,88.90)
 wire[9] start=(73.66,74.93) end=(73.66,77.47)
 wire[10] start=(73.66,74.93) end=(88.90,74.93)
 wire[11] start=(88.90,86.36) end=(88.90,88.90)
 wire[12] start=(88.90,74.93) end=(88.90,76.20)
 wire[13] start=(88.90,88.90) end=(88.90,91.44)
[main] writing KiCad S-expr via b->dumpKiCad(std::cout)
[dumpKiCad] dumping board...
[dumpKiCad] done.
[main] writing KiCad S-expr via b->dumpKiCad(std::cout)
[dumpKiCad] dumping board...
[dumpKiCad] done.
[main] writing KiCad S-expr via b->dumpKiCad(std::cout)
[dumpKiCad] dumping board...
[dumpKiCad] done.
[main] writing KiCad S-expr via b->dumpKiCad(std::cout)
[dumpKiCad] dumping board...
[dumpKiCad] done.
[main] writing KiCad S-expr via b->dumpKiCad(std::cout)
[dumpKiCad] dumping board...
[dumpKiCad] done.
[main] writing KiCad S-expr via b->dumpKiCad(std::cout)
[dumpKiCad] dumping board...
[dumpKiCad] done.
