[DEBUG] Root children: 58
  child 0 (non-list or no head)
  child 1 tag="version"
  child 2 tag="generator"
  child 3 tag="generator_version"
  child 4 tag="uuid"
  child 5 tag="paper"
  child 6 tag="lib_symbols"
  child 7 tag="bus_alias"
  child 8 tag="junction"
  child 9 tag="bus_entry"
  child 10 tag="bus_entry"
  child 11 tag="bus_entry"
  child 12 tag="bus_entry"
  child 13 tag="bus_entry"
  child 14 tag="bus_entry"
  child 15 tag="bus_entry"
  child 16 tag="bus_entry"
  child 17 tag="bus_entry"
  child 18 tag="bus_entry"
  child 19 tag="bus_entry"
  child 20 tag="bus_entry"
  child 21 tag="bus"
  child 22 tag="wire"
  child 23 tag="wire"
  child 24 tag="bus"
  child 25 tag="wire"
  child 26 tag="wire"
  child 27 tag="bus"
  child 28 tag="wire"
  child 29 tag="bus"
  child 30 tag="wire"
  child 31 tag="wire"
  child 32 tag="wire"
  child 33 tag="bus"
  child 34 tag="bus"
  child 35 tag="bus"
  child 36 tag="bus"
  child 37 tag="bus"
  child 38 tag="label"
  child 39 tag="label"
  child 40 tag="label"
  child 41 tag="label"
  child 42 tag="label"
  child 43 tag="label"
  child 44 tag="label"
  child 45 tag="label"
  child 46 tag="label"
  child 47 tag="label"
  child 48 tag="hierarchical_label"
  child 49 tag="symbol"
  child 50 tag="symbol"
  child 51 tag="symbol"
  child 52 tag="symbol"
  child 53 tag="symbol"
  child 54 tag="symbol"
  child 55 tag="symbol"
  child 56 tag="symbol"
  child 57 tag="sheet_instances"
[BaselineBoard] appendRawPiece len=15202
kicad_sch  (children=58)
[UNHANDLED-PCB] tag="kicad_sch"
[BaselineBoard] appendRawPiece len=18
  version  (children=2)
[BaselineBoard] appendRawPiece len=22
  generator  (children=2)
[BaselineBoard] appendRawPiece len=26
  generator_version  (children=2)
[BaselineBoard] appendRawPiece len=45
  uuid  (children=2)
[BaselineBoard] appendRawPiece len=12
  paper  (children=2)
[BaselineBoard] appendRawPiece len=1140
  lib_symbols  (children=2)
[traverseAst] LIB_SYMBOLS depth=1 raw_len=1140
[BaselineBoard] setLibSymbolsRaw len=1140
[BaselineBoard] appendRawPiece len=1140
AstCleaner: handling lib_symbols at 0x7fff2380a7a0
[UNHANDLED] cleanInner:exclude_from_sim addr=0x5b1b8758be50 -> (exclude_from_sim no )
  children details (child_index: addr type extra):
    [0] addr=0x5b1b8758a900 atom="exclude_from_sim"
    [1] addr=0x5b1b8758a940 atom="no"
[handleLibSymbolsCleanNode] called, children=1
[WARNING] Duplicate lib_symbols differs; keeping first.
[traverseAst] LIB_SYMBOLS -> handleLibSymbolsCleanNode() called; libSymbolsRaw_len=1140
[BaselineBoard] appendRawPiece len=1126
    symbol  (children=16)
[BaselineBoard] appendRawPiece len=54
  bus_alias  (children=3)
[BaselineBoard] appendRawPiece len=111
  junction  (children=5)
[traverseAst] JUNCTION depth=1 raw_len=111
[BaselineBoard] appendRawPiece len=111
[UNHANDLED] cleanInner:diameter addr=0x5b1b87590fd0 -> (diameter 0 )
  children details (child_index: addr type extra):
    [0] addr=0x5b1b8758aa20 atom="diameter"
    [1] addr=0x5b1b8758aa60 atom="0"
[handleJunctionFromClean] called for tag='junction'
[handleJunction] saved junction shape (x=133.35, y=87.63)
[traverseAst] JUNCTION -> handleJunctionFromClean() called; board junctionCount=1
[BaselineBoard] appendRawPiece len=25
    at  (children=3)
    [UNHANDLED-PCB] tag="at"
[BaselineBoard] appendRawPiece len=10
[BaselineBoard] appendRawPiece len=9
[BaselineBoard] appendRawPiece len=12
    diameter  (children=2)
    [UNHANDLED-PCB] tag="diameter"
[BaselineBoard] appendRawPiece len=1
[BaselineBoard] appendRawPiece len=15
    color  (children=5)
    [UNHANDLED-PCB] tag="color"
[BaselineBoard] appendRawPiece len=1
[BaselineBoard] appendRawPiece len=1
[BaselineBoard] appendRawPiece len=1
[BaselineBoard] appendRawPiece len=1
[BaselineBoard] appendRawPiece len=45
    uuid  (children=2)
[BaselineBoard] appendRawPiece len=144
  bus_entry  (children=5)
[BaselineBoard] appendRawPiece len=143
  bus_entry  (children=5)
[BaselineBoard] appendRawPiece len=142
  bus_entry  (children=5)
[BaselineBoard] appendRawPiece len=144
  bus_entry  (children=5)
[BaselineBoard] appendRawPiece len=144
  bus_entry  (children=5)
[BaselineBoard] appendRawPiece len=144
  bus_entry  (children=5)
[BaselineBoard] appendRawPiece len=142
  bus_entry  (children=5)
[BaselineBoard] appendRawPiece len=143
  bus_entry  (children=5)
[BaselineBoard] appendRawPiece len=143
  bus_entry  (children=5)
[BaselineBoard] appendRawPiece len=142
  bus_entry  (children=5)
[BaselineBoard] appendRawPiece len=142
  bus_entry  (children=5)
[BaselineBoard] appendRawPiece len=143
  bus_entry  (children=5)
[BaselineBoard] appendRawPiece len=143
  bus  (children=4)
[BaselineBoard] appendRawPiece len=146
  wire  (children=4)
[traverseAst] WIRE depth=1 raw_len=146
[BaselineBoard] appendRawPiece len=146
[handleWireFromClean] called for tag='wire'
[handleWire] PUSH (pts.node.pts) 135.889999,105.410004->149.860001,105.410004 ; added=1
[handleWire] saved 1 wire(s) from pts-children (deduped)
[traverseAst] WIRE -> handleWireFromClean() called; board wireCount=1
[BaselineBoard] appendRawPiece len=59
    pts  (children=3)
[BaselineBoard] appendRawPiece len=26
      xy  (children=3)
[BaselineBoard] appendRawPiece len=10
[BaselineBoard] appendRawPiece len=10
[BaselineBoard] appendRawPiece len=26
      xy  (children=3)
[BaselineBoard] appendRawPiece len=10
[BaselineBoard] appendRawPiece len=10
[BaselineBoard] appendRawPiece len=33
    stroke  (children=3)
    [UNHANDLED-PCB] tag="stroke"
[BaselineBoard] appendRawPiece len=9
      width  (children=2)
      [UNHANDLED-PCB] tag="width"
[BaselineBoard] appendRawPiece len=1
[BaselineBoard] appendRawPiece len=14
      type  (children=2)
      [UNHANDLED-PCB] tag="type"
[BaselineBoard] appendRawPiece len=7
[BaselineBoard] appendRawPiece len=45
    uuid  (children=2)
[BaselineBoard] appendRawPiece len=144
  wire  (children=4)
[traverseAst] WIRE depth=1 raw_len=144
[BaselineBoard] appendRawPiece len=144
[handleWireFromClean] called for tag='wire'
[handleWire] PUSH (pts.node.pts) 135.889999,95.250000->149.860001,95.250000 ; added=1
[handleWire] saved 1 wire(s) from pts-children (deduped)
[traverseAst] WIRE -> handleWireFromClean() called; board wireCount=2
[BaselineBoard] appendRawPiece len=57
    pts  (children=3)
[BaselineBoard] appendRawPiece len=25
      xy  (children=3)
[BaselineBoard] appendRawPiece len=10
[BaselineBoard] appendRawPiece len=9
[BaselineBoard] appendRawPiece len=25
      xy  (children=3)
[BaselineBoard] appendRawPiece len=10
[BaselineBoard] appendRawPiece len=9
[BaselineBoard] appendRawPiece len=33
    stroke  (children=3)
    [UNHANDLED-PCB] tag="stroke"
[BaselineBoard] appendRawPiece len=9
      width  (children=2)
      [UNHANDLED-PCB] tag="width"
[BaselineBoard] appendRawPiece len=1
[BaselineBoard] appendRawPiece len=14
      type  (children=2)
      [UNHANDLED-PCB] tag="type"
[BaselineBoard] appendRawPiece len=7
[BaselineBoard] appendRawPiece len=45
    uuid  (children=2)
[BaselineBoard] appendRawPiece len=143
  bus  (children=4)
[BaselineBoard] appendRawPiece len=144
  wire  (children=4)
[traverseAst] WIRE depth=1 raw_len=144
[BaselineBoard] appendRawPiece len=144
[handleWireFromClean] called for tag='wire'
[handleWire] PUSH (pts.node.pts) 135.889999,92.709999->149.860001,92.709999 ; added=1
[handleWire] saved 1 wire(s) from pts-children (deduped)
[traverseAst] WIRE -> handleWireFromClean() called; board wireCount=3
[BaselineBoard] appendRawPiece len=57
    pts  (children=3)
[BaselineBoard] appendRawPiece len=25
      xy  (children=3)
[BaselineBoard] appendRawPiece len=10
[BaselineBoard] appendRawPiece len=9
[BaselineBoard] appendRawPiece len=25
      xy  (children=3)
[BaselineBoard] appendRawPiece len=10
[BaselineBoard] appendRawPiece len=9
[BaselineBoard] appendRawPiece len=33
    stroke  (children=3)
    [UNHANDLED-PCB] tag="stroke"
[BaselineBoard] appendRawPiece len=9
      width  (children=2)
      [UNHANDLED-PCB] tag="width"
[BaselineBoard] appendRawPiece len=1
[BaselineBoard] appendRawPiece len=14
      type  (children=2)
      [UNHANDLED-PCB] tag="type"
[BaselineBoard] appendRawPiece len=7
[BaselineBoard] appendRawPiece len=45
    uuid  (children=2)
[BaselineBoard] appendRawPiece len=144
  wire  (children=4)
[traverseAst] WIRE depth=1 raw_len=144
[BaselineBoard] appendRawPiece len=144
[handleWireFromClean] called for tag='wire'
[handleWire] PUSH (pts.node.pts) 135.889999,82.550003->149.860001,82.550003 ; added=1
[handleWire] saved 1 wire(s) from pts-children (deduped)
[traverseAst] WIRE -> handleWireFromClean() called; board wireCount=4
[BaselineBoard] appendRawPiece len=57
    pts  (children=3)
[BaselineBoard] appendRawPiece len=25
      xy  (children=3)
[BaselineBoard] appendRawPiece len=10
[BaselineBoard] appendRawPiece len=9
[BaselineBoard] appendRawPiece len=25
      xy  (children=3)
[BaselineBoard] appendRawPiece len=10
[BaselineBoard] appendRawPiece len=9
[BaselineBoard] appendRawPiece len=33
    stroke  (children=3)
    [UNHANDLED-PCB] tag="stroke"
[BaselineBoard] appendRawPiece len=9
      width  (children=2)
      [UNHANDLED-PCB] tag="width"
[BaselineBoard] appendRawPiece len=1
[BaselineBoard] appendRawPiece len=14
      type  (children=2)
      [UNHANDLED-PCB] tag="type"
[BaselineBoard] appendRawPiece len=7
[BaselineBoard] appendRawPiece len=45
    uuid  (children=2)
[BaselineBoard] appendRawPiece len=145
  bus  (children=4)
[BaselineBoard] appendRawPiece len=144
  wire  (children=4)
[traverseAst] WIRE depth=1 raw_len=144
[BaselineBoard] appendRawPiece len=144
[handleWireFromClean] called for tag='wire'
[handleWire] PUSH (pts.node.pts) 135.889999,80.010002->149.860001,80.010002 ; added=1
[handleWire] saved 1 wire(s) from pts-children (deduped)
[traverseAst] WIRE -> handleWireFromClean() called; board wireCount=5
[BaselineBoard] appendRawPiece len=57
    pts  (children=3)
[BaselineBoard] appendRawPiece len=25
      xy  (children=3)
[BaselineBoard] appendRawPiece len=10
[BaselineBoard] appendRawPiece len=9
[BaselineBoard] appendRawPiece len=25
      xy  (children=3)
[BaselineBoard] appendRawPiece len=10
[BaselineBoard] appendRawPiece len=9
[BaselineBoard] appendRawPiece len=33
    stroke  (children=3)
    [UNHANDLED-PCB] tag="stroke"
[BaselineBoard] appendRawPiece len=9
      width  (children=2)
      [UNHANDLED-PCB] tag="width"
[BaselineBoard] appendRawPiece len=1
[BaselineBoard] appendRawPiece len=14
      type  (children=2)
      [UNHANDLED-PCB] tag="type"
[BaselineBoard] appendRawPiece len=7
[BaselineBoard] appendRawPiece len=45
    uuid  (children=2)
[BaselineBoard] appendRawPiece len=143
  bus  (children=4)
[BaselineBoard] appendRawPiece len=146
  wire  (children=4)
[traverseAst] WIRE depth=1 raw_len=146
[BaselineBoard] appendRawPiece len=146
[handleWireFromClean] called for tag='wire'
[handleWire] PUSH (pts.node.pts) 135.889999,120.650002->149.860001,120.650002 ; added=1
[handleWire] saved 1 wire(s) from pts-children (deduped)
[traverseAst] WIRE -> handleWireFromClean() called; board wireCount=6
[BaselineBoard] appendRawPiece len=59
    pts  (children=3)
[BaselineBoard] appendRawPiece len=26
      xy  (children=3)
[BaselineBoard] appendRawPiece len=10
[BaselineBoard] appendRawPiece len=10
[BaselineBoard] appendRawPiece len=26
      xy  (children=3)
[BaselineBoard] appendRawPiece len=10
[BaselineBoard] appendRawPiece len=10
[BaselineBoard] appendRawPiece len=33
    stroke  (children=3)
    [UNHANDLED-PCB] tag="stroke"
[BaselineBoard] appendRawPiece len=9
      width  (children=2)
      [UNHANDLED-PCB] tag="width"
[BaselineBoard] appendRawPiece len=1
[BaselineBoard] appendRawPiece len=14
      type  (children=2)
      [UNHANDLED-PCB] tag="type"
[BaselineBoard] appendRawPiece len=7
[BaselineBoard] appendRawPiece len=45
    uuid  (children=2)
[BaselineBoard] appendRawPiece len=146
  wire  (children=4)
[traverseAst] WIRE depth=1 raw_len=146
[BaselineBoard] appendRawPiece len=146
[handleWireFromClean] called for tag='wire'
[handleWire] PUSH (pts.node.pts) 135.889999,118.110001->149.860001,118.110001 ; added=1
[handleWire] saved 1 wire(s) from pts-children (deduped)
[traverseAst] WIRE -> handleWireFromClean() called; board wireCount=7
[BaselineBoard] appendRawPiece len=59
    pts  (children=3)
[BaselineBoard] appendRawPiece len=26
      xy  (children=3)
[BaselineBoard] appendRawPiece len=10
[BaselineBoard] appendRawPiece len=10
[BaselineBoard] appendRawPiece len=26
      xy  (children=3)
[BaselineBoard] appendRawPiece len=10
[BaselineBoard] appendRawPiece len=10
[BaselineBoard] appendRawPiece len=33
    stroke  (children=3)
    [UNHANDLED-PCB] tag="stroke"
[BaselineBoard] appendRawPiece len=9
      width  (children=2)
      [UNHANDLED-PCB] tag="width"
[BaselineBoard] appendRawPiece len=1
[BaselineBoard] appendRawPiece len=14
      type  (children=2)
      [UNHANDLED-PCB] tag="type"
[BaselineBoard] appendRawPiece len=7
[BaselineBoard] appendRawPiece len=45
    uuid  (children=2)
[BaselineBoard] appendRawPiece len=146
  wire  (children=4)
[traverseAst] WIRE depth=1 raw_len=146
[BaselineBoard] appendRawPiece len=146
[handleWireFromClean] called for tag='wire'
[handleWire] PUSH (pts.node.pts) 135.889999,107.949997->149.860001,107.949997 ; added=1
[handleWire] saved 1 wire(s) from pts-children (deduped)
[traverseAst] WIRE -> handleWireFromClean() called; board wireCount=8
[BaselineBoard] appendRawPiece len=59
    pts  (children=3)
[BaselineBoard] appendRawPiece len=26
      xy  (children=3)
[BaselineBoard] appendRawPiece len=10
[BaselineBoard] appendRawPiece len=10
[BaselineBoard] appendRawPiece len=26
      xy  (children=3)
[BaselineBoard] appendRawPiece len=10
[BaselineBoard] appendRawPiece len=10
[BaselineBoard] appendRawPiece len=33
    stroke  (children=3)
    [UNHANDLED-PCB] tag="stroke"
[BaselineBoard] appendRawPiece len=9
      width  (children=2)
      [UNHANDLED-PCB] tag="width"
[BaselineBoard] appendRawPiece len=1
[BaselineBoard] appendRawPiece len=14
      type  (children=2)
      [UNHANDLED-PCB] tag="type"
[BaselineBoard] appendRawPiece len=7
[BaselineBoard] appendRawPiece len=45
    uuid  (children=2)
[BaselineBoard] appendRawPiece len=145
  bus  (children=4)
[BaselineBoard] appendRawPiece len=145
  bus  (children=4)
[BaselineBoard] appendRawPiece len=145
  bus  (children=4)
[BaselineBoard] appendRawPiece len=143
  bus  (children=4)
[BaselineBoard] appendRawPiece len=143
  bus  (children=4)
[BaselineBoard] appendRawPiece len=186
  label  (children=6)
[BaselineBoard] appendRawPiece len=186
  label  (children=6)
[BaselineBoard] appendRawPiece len=187
  label  (children=6)
[BaselineBoard] appendRawPiece len=189
  label  (children=6)
[BaselineBoard] appendRawPiece len=186
  label  (children=6)
[BaselineBoard] appendRawPiece len=187
  label  (children=6)
[BaselineBoard] appendRawPiece len=186
  label  (children=6)
[BaselineBoard] appendRawPiece len=189
  label  (children=6)
[BaselineBoard] appendRawPiece len=187
  label  (children=6)
[BaselineBoard] appendRawPiece len=187
  label  (children=6)
[BaselineBoard] appendRawPiece len=215
  hierarchical_label  (children=7)
[BaselineBoard] appendRawPiece len=944
  symbol  (children=17)
[BaselineBoard] appendRawPiece len=914
  symbol  (children=17)
[BaselineBoard] appendRawPiece len=908
  symbol  (children=17)
[BaselineBoard] appendRawPiece len=938
  symbol  (children=17)
[BaselineBoard] appendRawPiece len=914
  symbol  (children=17)
[BaselineBoard] appendRawPiece len=911
  symbol  (children=17)
[BaselineBoard] appendRawPiece len=938
  symbol  (children=17)
[BaselineBoard] appendRawPiece len=944
  symbol  (children=17)
[BaselineBoard] appendRawPiece len=39
  sheet_instances  (children=2)
  [UNHANDLED-PCB] tag="sheet_instances"
[BaselineBoard] appendRawPiece len=21
    path  (children=3)
    [UNHANDLED-PCB] tag="path"
[BaselineBoard] appendRawPiece len=3
[BaselineBoard] appendRawPiece len=10
      page  (children=2)
[UNHANDLED] cleanInner:generator_version addr=0x5b1b875a0e10 -> (generator_version "7.99" )
  children details (child_index: addr type extra):
    [0] addr=0x5b1b8758a990 atom="generator_version"
    [1] addr=0x5b1b8758a9d0 atom=""7.99""
AstCleaner: handling lib_symbols at 0x5b1b875a0ed0
[UNHANDLED] cleanInner:exclude_from_sim addr=0x5b1b8758be50 -> (exclude_from_sim no )
  children details (child_index: addr type extra):
    [0] addr=0x5b1b8758fab0 atom="exclude_from_sim"
    [1] addr=0x5b1b8758faf0 atom="no"
[UNHANDLED] cleanInner:bus_alias addr=0x5b1b875a0f10 -> (bus_alias "demo_alias" (members) )
  children details (child_index: addr type extra):
    [0] addr=0x5b1b875a23d0 atom="bus_alias"
    [1] addr=0x5b1b875a2410 atom=""demo_alias""
    [2] addr=0x5b1b875a2450 list_size=3 head="members"
[UNHANDLED] cleanInner:members addr=0x5b1b875a2450 -> (members "A[0..1]" "B[0..1]" )
  children details (child_index: addr type extra):
    [0] addr=0x5b1b875a24a0 atom="members"
    [1] addr=0x5b1b875a24e0 atom=""A[0..1]""
    [2] addr=0x5b1b875a2520 atom=""B[0..1]""
[UNHANDLED] cleanInner:bus_entry addr=0x5b1b875a0f90 -> (bus_entry (at) (size) (stroke) (uuid) )
  children details (child_index: addr type extra):
    [0] addr=0x5b1b875a2a00 atom="bus_entry"
    [1] addr=0x5b1b875a2a40 list_size=3 head="at"
    [2] addr=0x5b1b875a2a80 list_size=3 head="size"
    [3] addr=0x5b1b875a2ac0 list_size=3 head="stroke"
    [4] addr=0x5b1b875a2b00 list_size=2 head="uuid"
[UNHANDLED] cleanInner:bus_entry addr=0x5b1b875a0fd0 -> (bus_entry (at) (size) (stroke) (uuid) )
  children details (child_index: addr type extra):
    [0] addr=0x5b1b875a2f70 atom="bus_entry"
    [1] addr=0x5b1b875a2fb0 list_size=3 head="at"
    [2] addr=0x5b1b875a2ff0 list_size=3 head="size"
    [3] addr=0x5b1b875a3030 list_size=3 head="stroke"
    [4] addr=0x5b1b875a3070 list_size=2 head="uuid"
[UNHANDLED] cleanInner:bus_entry addr=0x5b1b875a1010 -> (bus_entry (at) (size) (stroke) (uuid) )
  children details (child_index: addr type extra):
    [0] addr=0x5b1b875a34e0 atom="bus_entry"
    [1] addr=0x5b1b875a3520 list_size=3 head="at"
    [2] addr=0x5b1b875a3560 list_size=3 head="size"
    [3] addr=0x5b1b875a35a0 list_size=3 head="stroke"
    [4] addr=0x5b1b875a35e0 list_size=2 head="uuid"
[UNHANDLED] cleanInner:bus_entry addr=0x5b1b875a1050 -> (bus_entry (at) (size) (stroke) (uuid) )
  children details (child_index: addr type extra):
    [0] addr=0x5b1b875a3a50 atom="bus_entry"
    [1] addr=0x5b1b875a3a90 list_size=3 head="at"
    [2] addr=0x5b1b875a3ad0 list_size=3 head="size"
    [3] addr=0x5b1b875a3b10 list_size=3 head="stroke"
    [4] addr=0x5b1b875a3b50 list_size=2 head="uuid"
[UNHANDLED] cleanInner:bus_entry addr=0x5b1b875a1090 -> (bus_entry (at) (size) (stroke) (uuid) )
  children details (child_index: addr type extra):
    [0] addr=0x5b1b875a3fc0 atom="bus_entry"
    [1] addr=0x5b1b875a4000 list_size=3 head="at"
    [2] addr=0x5b1b875a4040 list_size=3 head="size"
    [3] addr=0x5b1b875a4080 list_size=3 head="stroke"
    [4] addr=0x5b1b875a40c0 list_size=2 head="uuid"
[UNHANDLED] cleanInner:bus_entry addr=0x5b1b875a10d0 -> (bus_entry (at) (size) (stroke) (uuid) )
  children details (child_index: addr type extra):
    [0] addr=0x5b1b875a4530 atom="bus_entry"
    [1] addr=0x5b1b875a4570 list_size=3 head="at"
    [2] addr=0x5b1b875a45b0 list_size=3 head="size"
    [3] addr=0x5b1b875a45f0 list_size=3 head="stroke"
    [4] addr=0x5b1b875a4630 list_size=2 head="uuid"
[UNHANDLED] cleanInner:bus_entry addr=0x5b1b875a1110 -> (bus_entry (at) (size) (stroke) (uuid) )
  children details (child_index: addr type extra):
    [0] addr=0x5b1b875a4aa0 atom="bus_entry"
    [1] addr=0x5b1b875a4ae0 list_size=3 head="at"
    [2] addr=0x5b1b875a4b20 list_size=3 head="size"
    [3] addr=0x5b1b875a4b60 list_size=3 head="stroke"
    [4] addr=0x5b1b875a4ba0 list_size=2 head="uuid"
[UNHANDLED] cleanInner:bus_entry addr=0x5b1b875a1150 -> (bus_entry (at) (size) (stroke) (uuid) )
  children details (child_index: addr type extra):
    [0] addr=0x5b1b875a5010 atom="bus_entry"
    [1] addr=0x5b1b875a5050 list_size=3 head="at"
    [2] addr=0x5b1b875a5090 list_size=3 head="size"
    [3] addr=0x5b1b875a50d0 list_size=3 head="stroke"
    [4] addr=0x5b1b875a5110 list_size=2 head="uuid"
[UNHANDLED] cleanInner:bus_entry addr=0x5b1b875a1190 -> (bus_entry (at) (size) (stroke) (uuid) )
  children details (child_index: addr type extra):
    [0] addr=0x5b1b875a5580 atom="bus_entry"
    [1] addr=0x5b1b875a55c0 list_size=3 head="at"
    [2] addr=0x5b1b875a5600 list_size=3 head="size"
    [3] addr=0x5b1b875a5640 list_size=3 head="stroke"
    [4] addr=0x5b1b875a5680 list_size=2 head="uuid"
[UNHANDLED] cleanInner:bus_entry addr=0x5b1b875a11d0 -> (bus_entry (at) (size) (stroke) (uuid) )
  children details (child_index: addr type extra):
    [0] addr=0x5b1b875a5af0 atom="bus_entry"
    [1] addr=0x5b1b875a5b30 list_size=3 head="at"
    [2] addr=0x5b1b875a5b70 list_size=3 head="size"
    [3] addr=0x5b1b875a5bb0 list_size=3 head="stroke"
    [4] addr=0x5b1b875a5bf0 list_size=2 head="uuid"
[UNHANDLED] cleanInner:bus_entry addr=0x5b1b875a1210 -> (bus_entry (at) (size) (stroke) (uuid) )
  children details (child_index: addr type extra):
    [0] addr=0x5b1b875a6060 atom="bus_entry"
    [1] addr=0x5b1b875a60a0 list_size=3 head="at"
    [2] addr=0x5b1b875a60e0 list_size=3 head="size"
    [3] addr=0x5b1b875a6120 list_size=3 head="stroke"
    [4] addr=0x5b1b875a6160 list_size=2 head="uuid"
[UNHANDLED] cleanInner:bus_entry addr=0x5b1b875a1250 -> (bus_entry (at) (size) (stroke) (uuid) )
  children details (child_index: addr type extra):
    [0] addr=0x5b1b875a65d0 atom="bus_entry"
    [1] addr=0x5b1b875a6610 list_size=3 head="at"
    [2] addr=0x5b1b875a6650 list_size=3 head="size"
    [3] addr=0x5b1b875a6690 list_size=3 head="stroke"
    [4] addr=0x5b1b875a66d0 list_size=2 head="uuid"
[UNHANDLED] cleanInner:bus addr=0x5b1b875a1290 -> (bus (pts) (stroke) (uuid) )
  children details (child_index: addr type extra):
    [0] addr=0x5b1b875a6b40 atom="bus"
    [1] addr=0x5b1b875a6b80 list_size=3 head="pts"
    [2] addr=0x5b1b875a6bc0 list_size=3 head="stroke"
    [3] addr=0x5b1b875a6c00 list_size=2 head="uuid"
[UNHANDLED] cleanInner:bus addr=0x5b1b875a1350 -> (bus (pts) (stroke) (uuid) )
  children details (child_index: addr type extra):
    [0] addr=0x5b1b875a7d40 atom="bus"
    [1] addr=0x5b1b875a7d80 list_size=3 head="pts"
    [2] addr=0x5b1b875a7dc0 list_size=3 head="stroke"
    [3] addr=0x5b1b875a7e00 list_size=2 head="uuid"
[UNHANDLED] cleanInner:bus addr=0x5b1b875a1410 -> (bus (pts) (stroke) (uuid) )
  children details (child_index: addr type extra):
    [0] addr=0x5b1b875a8f40 atom="bus"
    [1] addr=0x5b1b875a8f80 list_size=3 head="pts"
    [2] addr=0x5b1b875a8fc0 list_size=3 head="stroke"
    [3] addr=0x5b1b875a9000 list_size=2 head="uuid"
[UNHANDLED] cleanInner:bus addr=0x5b1b875a1490 -> (bus (pts) (stroke) (uuid) )
  children details (child_index: addr type extra):
    [0] addr=0x5b1b875a9b40 atom="bus"
    [1] addr=0x5b1b875a9b80 list_size=3 head="pts"
    [2] addr=0x5b1b875a9bc0 list_size=3 head="stroke"
    [3] addr=0x5b1b875a9c00 list_size=2 head="uuid"
[UNHANDLED] cleanInner:bus addr=0x5b1b875a1590 -> (bus (pts) (stroke) (uuid) )
  children details (child_index: addr type extra):
    [0] addr=0x5b1b875ab340 atom="bus"
    [1] addr=0x5b1b875ab380 list_size=3 head="pts"
    [2] addr=0x5b1b875ab3c0 list_size=3 head="stroke"
    [3] addr=0x5b1b875ab400 list_size=2 head="uuid"
[UNHANDLED] cleanInner:bus addr=0x5b1b875a15d0 -> (bus (pts) (stroke) (uuid) )
  children details (child_index: addr type extra):
    [0] addr=0x5b1b875ab940 atom="bus"
    [1] addr=0x5b1b875ab980 list_size=3 head="pts"
    [2] addr=0x5b1b875ab9c0 list_size=3 head="stroke"
    [3] addr=0x5b1b875aba00 list_size=2 head="uuid"
[UNHANDLED] cleanInner:bus addr=0x5b1b875a1610 -> (bus (pts) (stroke) (uuid) )
  children details (child_index: addr type extra):
    [0] addr=0x5b1b875abf40 atom="bus"
    [1] addr=0x5b1b875abf80 list_size=3 head="pts"
    [2] addr=0x5b1b875abfc0 list_size=3 head="stroke"
    [3] addr=0x5b1b875ac000 list_size=2 head="uuid"
[UNHANDLED] cleanInner:bus addr=0x5b1b875a1650 -> (bus (pts) (stroke) (uuid) )
  children details (child_index: addr type extra):
    [0] addr=0x5b1b875ac540 atom="bus"
    [1] addr=0x5b1b875ac580 list_size=3 head="pts"
    [2] addr=0x5b1b875ac5c0 list_size=3 head="stroke"
    [3] addr=0x5b1b875ac600 list_size=2 head="uuid"
[UNHANDLED] cleanInner:bus addr=0x5b1b875a1690 -> (bus (pts) (stroke) (uuid) )
  children details (child_index: addr type extra):
    [0] addr=0x5b1b875acb40 atom="bus"
    [1] addr=0x5b1b875acb80 list_size=3 head="pts"
    [2] addr=0x5b1b875acbc0 list_size=3 head="stroke"
    [3] addr=0x5b1b875acc00 list_size=2 head="uuid"
[UNHANDLED] cleanInner:hierarchical_label addr=0x5b1b875a1950 -> (hierarchical_label "demo_bus{demo_alias}" (shape) (at) (fields_autoplaced) (effects) (uuid) )
  children details (child_index: addr type extra):
    [0] addr=0x5b1b875b1520 atom="hierarchical_label"
    [1] addr=0x5b1b875b1560 atom=""demo_bus{demo_alias}""
    [2] addr=0x5b1b875b15a0 list_size=2 head="shape"
    [3] addr=0x5b1b875b15e0 list_size=4 head="at"
    [4] addr=0x5b1b875b1620 list_size=2 head="fields_autoplaced"
    [5] addr=0x5b1b875b1660 list_size=3 head="effects"
    [6] addr=0x5b1b875b16a0 list_size=2 head="uuid"
[UNHANDLED] cleanInner:shape addr=0x5b1b875b15a0 -> (shape input )
  children details (child_index: addr type extra):
    [0] addr=0x5b1b875b1750 atom="shape"
    [1] addr=0x5b1b875b1790 atom="input"
[UNHANDLED] cleanInner:fields_autoplaced addr=0x5b1b875b1620 -> (fields_autoplaced yes )
  children details (child_index: addr type extra):
    [0] addr=0x5b1b875b18f0 atom="fields_autoplaced"
    [1] addr=0x5b1b875b1930 atom="yes"
[appendRawPieceFromClean] piece_head='<kicad_sch>
  <version> attrs{value:20231120 }
  <generator> attrs{value:"eeschema" }
  <generator_version> attrs{value:"7.99" }
  <paper> attrs{value:"A4" }
  '...
[BaselineBoard] appendRawPiece len=18721 head="kicad_sch"
[walkSchematicOnce] cleanedRoot children=56
[walkSchematicOnce] child tag='version' children=0
[appendRawPieceFromClean] piece_head='<version> attrs{value:20231120 }'...
[BaselineBoard] appendRawPiece len=32 head="version"
[walkSchematicOnce] child tag='generator' children=0
[appendRawPieceFromClean] piece_head='<generator> attrs{value:"eeschema" }'...
[BaselineBoard] appendRawPiece len=36 head="generator"
[walkSchematicOnce] child tag='generator_version' children=0
[appendRawPieceFromClean] piece_head='<generator_version> attrs{value:"7.99" }'...
[BaselineBoard] appendRawPiece len=40 head="generator_version"
[walkSchematicOnce] child tag='paper' children=0
[appendRawPieceFromClean] piece_head='<paper> attrs{value:"A4" }'...
[BaselineBoard] appendRawPiece len=26 head="paper"
[walkSchematicOnce] child tag='lib_symbols' children=1
[handleLibSymbolsCleanNode] called, children=1
[WARNING] Duplicate lib_symbols differs; keeping first.
[walkSchematicOnce] child tag='bus_alias' children=1
[appendRawPieceFromClean] piece_head='<bus_alias> attrs{value:"demo_alias" }
  <members> attrs{name:"B[0..1]" value:"A[0..1]" }'...
[BaselineBoard] appendRawPiece len=89 head="bus_alias"
[walkSchematicOnce] child tag='junction' children=0
[handleJunctionFromClean] called for tag='junction'
[handleJunction] saved junction shape (x=133.35, y=87.63)
[walkSchematicOnce] child tag='bus_entry' children=2
[appendRawPieceFromClean] piece_head='<bus_entry> at=(133.350,123.190,0.000)
  <size> attrs{token_1:2.540000 token_2:-2.540000 }
  <stroke> attrs{sub_type:default sub_width:0 }'...
[BaselineBoard] appendRawPiece len=138 head="bus_entry"
[walkSchematicOnce] child tag='bus_entry' children=2
[appendRawPieceFromClean] piece_head='<bus_entry> at=(133.350,82.550,0.000)
  <size> attrs{token_1:2.540000 token_2:-2.540000 }
  <stroke> attrs{sub_type:default sub_width:0 }'...
[BaselineBoard] appendRawPiece len=137 head="bus_entry"
[walkSchematicOnce] child tag='bus_entry' children=2
[appendRawPieceFromClean] piece_head='<bus_entry> at=(133.350,92.710,0.000)
  <size> attrs{token_1:2.540000 token_2:2.540000 }
  <stroke> attrs{sub_type:default sub_width:0 }'...
[BaselineBoard] appendRawPiece len=136 head="bus_entry"
[walkSchematicOnce] child tag='bus_entry' children=2
[appendRawPieceFromClean] piece_head='<bus_entry> at=(133.350,110.490,0.000)
  <size> attrs{token_1:2.540000 token_2:-2.540000 }
  <stroke> attrs{sub_type:default sub_width:0 }'...
[BaselineBoard] appendRawPiece len=138 head="bus_entry"
[walkSchematicOnce] child tag='bus_entry' children=2
[appendRawPieceFromClean] piece_head='<bus_entry> at=(133.350,120.650,0.000)
  <size> attrs{token_1:2.540000 token_2:-2.540000 }
  <stroke> attrs{sub_type:default sub_width:0 }'...
[BaselineBoard] appendRawPiece len=138 head="bus_entry"
[walkSchematicOnce] child tag='bus_entry' children=2
[appendRawPieceFromClean] piece_head='<bus_entry> at=(133.350,107.950,0.000)
  <size> attrs{token_1:2.540000 token_2:-2.540000 }
  <stroke> attrs{sub_type:default sub_width:0 }'...
[BaselineBoard] appendRawPiece len=138 head="bus_entry"
[walkSchematicOnce] child tag='bus_entry' children=2
[appendRawPieceFromClean] piece_head='<bus_entry> at=(133.350,90.170,0.000)
  <size> attrs{token_1:2.540000 token_2:2.540000 }
  <stroke> attrs{sub_type:default sub_width:0 }'...
[BaselineBoard] appendRawPiece len=136 head="bus_entry"
[walkSchematicOnce] child tag='bus_entry' children=2
[appendRawPieceFromClean] piece_head='<bus_entry> at=(133.350,85.090,0.000)
  <size> attrs{token_1:2.540000 token_2:-2.540000 }
  <stroke> attrs{sub_type:default sub_width:0 }'...
[BaselineBoard] appendRawPiece len=137 head="bus_entry"
[walkSchematicOnce] child tag='bus_entry' children=2
[appendRawPieceFromClean] piece_head='<bus_entry> at=(133.350,85.090,0.000)
  <size> attrs{token_1:2.540000 token_2:-2.540000 }
  <stroke> attrs{sub_type:default sub_width:0 }'...
[BaselineBoard] appendRawPiece len=137 head="bus_entry"
[walkSchematicOnce] child tag='bus_entry' children=2
[appendRawPieceFromClean] piece_head='<bus_entry> at=(133.350,92.710,0.000)
  <size> attrs{token_1:2.540000 token_2:2.540000 }
  <stroke> attrs{sub_type:default sub_width:0 }'...
[BaselineBoard] appendRawPiece len=136 head="bus_entry"
[walkSchematicOnce] child tag='bus_entry' children=2
[appendRawPieceFromClean] piece_head='<bus_entry> at=(133.350,90.170,0.000)
  <size> attrs{token_1:2.540000 token_2:2.540000 }
  <stroke> attrs{sub_type:default sub_width:0 }'...
[BaselineBoard] appendRawPiece len=136 head="bus_entry"
[walkSchematicOnce] child tag='bus_entry' children=2
[appendRawPieceFromClean] piece_head='<bus_entry> at=(133.350,82.550,0.000)
  <size> attrs{token_1:2.540000 token_2:-2.540000 }
  <stroke> attrs{sub_type:default sub_width:0 }'...
[BaselineBoard] appendRawPiece len=137 head="bus_entry"
[walkSchematicOnce] child tag='bus' children=2
[appendRawPieceFromClean] piece_head='<bus>
  <pts> pts=[(129.540,87.630),(133.350,87.630)]
  <stroke> attrs{sub_type:default sub_width:0 }'...
[BaselineBoard] appendRawPiece len=101 head="bus"
[walkSchematicOnce] child tag='wire' children=1
[handleWireFromClean] called for tag='wire'
[handleWire] saved 1 wire(s) from clean.pts
[walkSchematicOnce] child tag='wire' children=1
[handleWireFromClean] called for tag='wire'
[handleWire] saved 1 wire(s) from clean.pts
[walkSchematicOnce] child tag='bus' children=2
[appendRawPieceFromClean] piece_head='<bus>
  <pts> pts=[(133.350,90.170),(133.350,92.710)]
  <stroke> attrs{sub_type:default sub_width:0 }'...
[BaselineBoard] appendRawPiece len=101 head="bus"
[walkSchematicOnce] child tag='wire' children=1
[handleWireFromClean] called for tag='wire'
[handleWire] saved 1 wire(s) from clean.pts
[walkSchematicOnce] child tag='wire' children=1
[handleWireFromClean] called for tag='wire'
[handleWire] saved 1 wire(s) from clean.pts
[walkSchematicOnce] child tag='bus' children=2
[appendRawPieceFromClean] piece_head='<bus>
  <pts> pts=[(133.350,107.950),(133.350,110.490)]
  <stroke> attrs{sub_type:default sub_width:0 }'...
[BaselineBoard] appendRawPiece len=103 head="bus"
[walkSchematicOnce] child tag='wire' children=1
[handleWireFromClean] called for tag='wire'
[handleWire] saved 1 wire(s) from clean.pts
[walkSchematicOnce] child tag='bus' children=2
[appendRawPieceFromClean] piece_head='<bus>
  <pts> pts=[(133.350,90.170),(133.350,87.630)]
  <stroke> attrs{sub_type:default sub_width:0 }'...
[BaselineBoard] appendRawPiece len=101 head="bus"
[walkSchematicOnce] child tag='wire' children=1
[handleWireFromClean] called for tag='wire'
[handleWire] saved 1 wire(s) from clean.pts
[walkSchematicOnce] child tag='wire' children=1
[handleWireFromClean] called for tag='wire'
[handleWire] saved 1 wire(s) from clean.pts
[walkSchematicOnce] child tag='wire' children=1
[handleWireFromClean] called for tag='wire'
[handleWire] saved 1 wire(s) from clean.pts
[walkSchematicOnce] child tag='bus' children=2
[appendRawPieceFromClean] piece_head='<bus>
  <pts> pts=[(109.220,110.490),(133.350,110.490)]
  <stroke> attrs{sub_type:default sub_width:0 }'...
[BaselineBoard] appendRawPiece len=103 head="bus"
[walkSchematicOnce] child tag='bus' children=2
[appendRawPieceFromClean] piece_head='<bus>
  <pts> pts=[(133.350,120.650),(133.350,123.190)]
  <stroke> attrs{sub_type:default sub_width:0 }'...
[BaselineBoard] appendRawPiece len=103 head="bus"
[walkSchematicOnce] child tag='bus' children=2
[appendRawPieceFromClean] piece_head='<bus>
  <pts> pts=[(109.220,123.190),(133.350,123.190)]
  <stroke> attrs{sub_type:default sub_width:0 }'...
[BaselineBoard] appendRawPiece len=103 head="bus"
[walkSchematicOnce] child tag='bus' children=2
[appendRawPieceFromClean] piece_head='<bus>
  <pts> pts=[(133.350,82.550),(133.350,85.090)]
  <stroke> attrs{sub_type:default sub_width:0 }'...
[BaselineBoard] appendRawPiece len=101 head="bus"
[walkSchematicOnce] child tag='bus' children=2
[appendRawPieceFromClean] piece_head='<bus>
  <pts> pts=[(133.350,85.090),(133.350,87.630)]
  <stroke> attrs{sub_type:default sub_width:0 }'...
[BaselineBoard] appendRawPiece len=101 head="bus"
[walkSchematicOnce] child tag='label' children=4
[handleTextFromClean] called for tag='label'
[handleText] failed to convert text to shape
[walkSchematicOnce] child tag='label' children=4
[handleTextFromClean] called for tag='label'
[handleText] failed to convert text to shape
[walkSchematicOnce] child tag='label' children=4
[handleTextFromClean] called for tag='label'
[handleText] failed to convert text to shape
[walkSchematicOnce] child tag='label' children=4
[handleTextFromClean] called for tag='label'
[handleText] failed to convert text to shape
[walkSchematicOnce] child tag='label' children=4
[handleTextFromClean] called for tag='label'
[handleText] failed to convert text to shape
[walkSchematicOnce] child tag='label' children=4
[handleTextFromClean] called for tag='label'
[handleText] failed to convert text to shape
[walkSchematicOnce] child tag='label' children=4
[handleTextFromClean] called for tag='label'
[handleText] failed to convert text to shape
[walkSchematicOnce] child tag='label' children=4
[handleTextFromClean] called for tag='label'
[handleText] failed to convert text to shape
[walkSchematicOnce] child tag='label' children=4
[handleTextFromClean] called for tag='label'
[handleText] failed to convert text to shape
[walkSchematicOnce] child tag='label' children=4
[handleTextFromClean] called for tag='label'
[handleText] failed to convert text to shape
[walkSchematicOnce] child tag='hierarchical_label' children=3
[handleTextFromClean] called for tag='hierarchical_label'
[handleText] failed to convert text to shape
[walkSchematicOnce] child tag='symbol' children=15
[handleSymbolFromClean] lib_id='(none)' tag='symbol' children=15
[walkSchematicOnce] child tag='symbol' children=15
[handleSymbolFromClean] lib_id='(none)' tag='symbol' children=15
[walkSchematicOnce] child tag='symbol' children=15
[handleSymbolFromClean] lib_id='(none)' tag='symbol' children=15
[walkSchematicOnce] child tag='symbol' children=15
[handleSymbolFromClean] lib_id='(none)' tag='symbol' children=15
[walkSchematicOnce] child tag='symbol' children=15
[handleSymbolFromClean] lib_id='(none)' tag='symbol' children=15
[walkSchematicOnce] child tag='symbol' children=15
[handleSymbolFromClean] lib_id='(none)' tag='symbol' children=15
[walkSchematicOnce] child tag='symbol' children=15
[handleSymbolFromClean] lib_id='(none)' tag='symbol' children=15
[walkSchematicOnce] child tag='symbol' children=15
[handleSymbolFromClean] lib_id='(none)' tag='symbol' children=15
[walkSchematicOnce] child tag='sheet_instances' children=1
[appendRawPieceFromClean] piece_head='<sheet_instances>
  <path> attrs{page:"1" }'...
[BaselineBoard] appendRawPiece len=43 head="sheet_instances"
=== SUMMARY === junctionShapes=2 wireShapes=16 symbols=8 rawPieces=228
=== DUMP wires: count=16 ===
 wire[0] start=(135.89,105.41) end=(149.86,105.41)
 wire[1] start=(135.89,95.25) end=(149.86,95.25)
 wire[2] start=(135.89,92.71) end=(149.86,92.71)
 wire[3] start=(135.89,82.55) end=(149.86,82.55)
 wire[4] start=(135.89,80.01) end=(149.86,80.01)
 wire[5] start=(135.89,120.65) end=(149.86,120.65)
 wire[6] start=(135.89,118.11) end=(149.86,118.11)
 wire[7] start=(135.89,107.95) end=(149.86,107.95)
 wire[8] start=(135.89,105.41) end=(149.86,105.41)
 wire[9] start=(135.89,95.25) end=(149.86,95.25)
 wire[10] start=(135.89,92.71) end=(149.86,92.71)
 wire[11] start=(135.89,82.55) end=(149.86,82.55)
 wire[12] start=(135.89,80.01) end=(149.86,80.01)
 wire[13] start=(135.89,120.65) end=(149.86,120.65)
 wire[14] start=(135.89,118.11) end=(149.86,118.11)
 wire[15] start=(135.89,107.95) end=(149.86,107.95)
[main] writing KiCad S-expr via b->dumpKiCad(std::cout)
[dumpKiCad] dumping board...
[dumpKiCad] done.
[main] writing KiCad S-expr via b->dumpKiCad(std::cout)
[dumpKiCad] dumping board...
[dumpKiCad] done.
[main] writing KiCad S-expr via b->dumpKiCad(std::cout)
[dumpKiCad] dumping board...
[dumpKiCad] done.
[main] writing KiCad S-expr via b->dumpKiCad(std::cout)
[dumpKiCad] dumping board...
[dumpKiCad] done.
[main] writing KiCad S-expr via b->dumpKiCad(std::cout)
[dumpKiCad] dumping board...
[dumpKiCad] done.
[main] writing KiCad S-expr via b->dumpKiCad(std::cout)
[dumpKiCad] dumping board...
[dumpKiCad] done.
