[DEBUG] Root children: 11
  child 0 (non-list or no head)
  child 1 tag="version"
  child 2 tag="generator"
  child 3 tag="generator_version"
  child 4 tag="uuid"
  child 5 tag="paper"
  child 6 tag="lib_symbols"
  child 7 tag="global_label"
  child 8 tag="symbol"
  child 9 tag="sheet"
  child 10 tag="sheet_instances"
[BaselineBoard] appendRawPiece len=3306
kicad_sch  (children=11)
[UNHANDLED-PCB] tag="kicad_sch"
[BaselineBoard] appendRawPiece len=18
  version  (children=2)
[BaselineBoard] appendRawPiece len=22
  generator  (children=2)
[BaselineBoard] appendRawPiece len=25
  generator_version  (children=2)
[BaselineBoard] appendRawPiece len=45
  uuid  (children=2)
[BaselineBoard] appendRawPiece len=12
  paper  (children=2)
[BaselineBoard] appendRawPiece len=1155
  lib_symbols  (children=2)
[traverseAst] LIB_SYMBOLS depth=1 raw_len=1155
[BaselineBoard] setLibSymbolsRaw len=1155
[BaselineBoard] appendRawPiece len=1155
AstCleaner: handling lib_symbols at 0x7ffd94b00bf0
[UNHANDLED] cleanInner:exclude_from_sim addr=0x59790a55ab00 -> (exclude_from_sim no )
  children details (child_index: addr type extra):
    [0] addr=0x59790a5605d0 atom="exclude_from_sim"
    [1] addr=0x59790a560610 atom="no"
[handleLibSymbolsCleanNode] called, children=1
[WARNING] Duplicate lib_symbols differs; keeping first.
[traverseAst] LIB_SYMBOLS -> handleLibSymbolsCleanNode() called; libSymbolsRaw_len=1155
[BaselineBoard] appendRawPiece len=1141
    symbol  (children=15)
[BaselineBoard] appendRawPiece len=497
  global_label  (children=9)
[BaselineBoard] appendRawPiece len=918
  symbol  (children=17)
[BaselineBoard] appendRawPiece len=554
  sheet  (children=10)
[BaselineBoard] appendRawPiece len=39
  sheet_instances  (children=2)
  [UNHANDLED-PCB] tag="sheet_instances"
[BaselineBoard] appendRawPiece len=21
    path  (children=3)
    [UNHANDLED-PCB] tag="path"
[BaselineBoard] appendRawPiece len=3
[BaselineBoard] appendRawPiece len=10
      page  (children=2)
[UNHANDLED] cleanInner:generator_version addr=0x59790a568b60 -> (generator_version "8.0" )
  children details (child_index: addr type extra):
    [0] addr=0x59790a560660 atom="generator_version"
    [1] addr=0x59790a5606a0 atom=""8.0""
AstCleaner: handling lib_symbols at 0x59790a568c20
[UNHANDLED] cleanInner:exclude_from_sim addr=0x59790a55ab00 -> (exclude_from_sim no )
  children details (child_index: addr type extra):
    [0] addr=0x59790a562200 atom="exclude_from_sim"
    [1] addr=0x59790a562240 atom="no"
[UNHANDLED] cleanInner:global_label addr=0x59790a568c60 -> (global_label "AOP_VCC" (shape) (at) (fields_autoplaced) (effects) (uuid) (property) (property) )
  children details (child_index: addr type extra):
    [0] addr=0x59790a5642b0 atom="global_label"
    [1] addr=0x59790a5642f0 atom=""AOP_VCC""
    [2] addr=0x59790a564330 list_size=2 head="shape"
    [3] addr=0x59790a564370 list_size=4 head="at"
    [4] addr=0x59790a5643b0 list_size=2 head="fields_autoplaced"
    [5] addr=0x59790a5643f0 list_size=3 head="effects"
    [6] addr=0x59790a564430 list_size=2 head="uuid"
    [7] addr=0x59790a564470 list_size=5 head="property"
    [8] addr=0x59790a5644b0 list_size=5 head="property"
[UNHANDLED] cleanInner:shape addr=0x59790a564330 -> (shape tri_state )
  children details (child_index: addr type extra):
    [0] addr=0x59790a565b90 atom="shape"
    [1] addr=0x59790a565bd0 atom="tri_state"
[UNHANDLED] cleanInner:fields_autoplaced addr=0x59790a5643b0 -> (fields_autoplaced yes )
  children details (child_index: addr type extra):
    [0] addr=0x59790a565d30 atom="fields_autoplaced"
    [1] addr=0x59790a565d70 atom="yes"
[appendRawPieceFromClean] piece_head='<kicad_sch>
  <version> attrs{value:20231120 }
  <generator> attrs{value:"eeschema" }
  <generator_version> attrs{value:"8.0" }
  <paper> attrs{value:"A4" }
  <'...
[BaselineBoard] appendRawPiece len=4136 head="kicad_sch"
[walkSchematicOnce] cleanedRoot children=9
[walkSchematicOnce] child tag='version' children=0
[appendRawPieceFromClean] piece_head='<version> attrs{value:20231120 }'...
[BaselineBoard] appendRawPiece len=32 head="version"
[walkSchematicOnce] child tag='generator' children=0
[appendRawPieceFromClean] piece_head='<generator> attrs{value:"eeschema" }'...
[BaselineBoard] appendRawPiece len=36 head="generator"
[walkSchematicOnce] child tag='generator_version' children=0
[appendRawPieceFromClean] piece_head='<generator_version> attrs{value:"8.0" }'...
[BaselineBoard] appendRawPiece len=39 head="generator_version"
[walkSchematicOnce] child tag='paper' children=0
[appendRawPieceFromClean] piece_head='<paper> attrs{value:"A4" }'...
[BaselineBoard] appendRawPiece len=26 head="paper"
[walkSchematicOnce] child tag='lib_symbols' children=1
[handleLibSymbolsCleanNode] called, children=1
[WARNING] Duplicate lib_symbols differs; keeping first.
[walkSchematicOnce] child tag='global_label' children=5
[appendRawPieceFromClean] piece_head='<global_label> at=(73.660,13.970,0.000) property{"Intersheetrefs"="${INTERSHEET_REFS}"} attrs{value:"AOP_VCC" }
  <shape> attrs{value:tri_state }
  <fields_auto'...
[BaselineBoard] appendRawPiece len=572 head="global_label"
[walkSchematicOnce] child tag='symbol' children=15
[handleSymbolFromClean] lib_id='(none)' tag='symbol' children=15
[walkSchematicOnce] child tag='sheet' children=8
[appendRawPieceFromClean] piece_head='<sheet> attrs{fill_color:0,0,0,0.000000 }
  <at> attrs{name:27.940000 value:64.770000 }
  <size> attrs{name:10.160000 value:12.700000 }
  <fields_autoplaced> at'...
[BaselineBoard] appendRawPiece len=720 head="sheet"
[walkSchematicOnce] child tag='sheet_instances' children=1
[appendRawPieceFromClean] piece_head='<sheet_instances>
  <path> attrs{page:"1" }'...
[BaselineBoard] appendRawPiece len=43 head="sheet_instances"
=== SUMMARY === junctionShapes=0 wireShapes=0 symbols=1 rawPieces=24
=== DUMP wires: count=0 ===
[main] writing KiCad S-expr via b->dumpKiCad(std::cout)
[dumpKiCad] dumping board...
[dumpKiCad] done.
[main] writing KiCad S-expr via b->dumpKiCad(std::cout)
[dumpKiCad] dumping board...
[dumpKiCad] done.
[main] writing KiCad S-expr via b->dumpKiCad(std::cout)
[dumpKiCad] dumping board...
[dumpKiCad] done.
[main] writing KiCad S-expr via b->dumpKiCad(std::cout)
[dumpKiCad] dumping board...
[dumpKiCad] done.
[main] writing KiCad S-expr via b->dumpKiCad(std::cout)
[dumpKiCad] dumping board...
[dumpKiCad] done.
[main] writing KiCad S-expr via b->dumpKiCad(std::cout)
[dumpKiCad] dumping board...
[dumpKiCad] done.
