[DEBUG] Root children: 20
  child 0 (non-list or no head)
  child 1 tag="version"
  child 2 tag="generator"
  child 3 tag="uuid"
  child 4 tag="paper"
  child 5 tag="lib_symbols"
  child 6 tag="bus_alias"
  child 7 tag="bus_entry"
  child 8 tag="bus_entry"
  child 9 tag="wire"
  child 10 tag="bus"
  child 11 tag="bus"
  child 12 tag="wire"
  child 13 tag="label"
  child 14 tag="label"
  child 15 tag="label"
  child 16 tag="label"
  child 17 tag="sheet"
  child 18 tag="sheet"
  child 19 tag="sheet_instances"
[BaselineBoard] appendRawPiece len=3189
kicad_sch  (children=20)
[UNHANDLED-PCB] tag="kicad_sch"
[BaselineBoard] appendRawPiece len=18
  version  (children=2)
[BaselineBoard] appendRawPiece len=20
  generator  (children=2)
[BaselineBoard] appendRawPiece len=43
  uuid  (children=2)
[BaselineBoard] appendRawPiece len=12
  paper  (children=2)
[BaselineBoard] appendRawPiece len=13
  lib_symbols  (children=1)
[traverseAst] LIB_SYMBOLS depth=1 raw_len=13
[BaselineBoard] setLibSymbolsRaw len=13
[BaselineBoard] appendRawPiece len=13
AstCleaner: handling lib_symbols at 0x7ffc506fb290
[handleLibSymbolsCleanNode] called, children=0
[WARNING] Duplicate lib_symbols differs; keeping first.
[traverseAst] LIB_SYMBOLS -> handleLibSymbolsCleanNode() called; libSymbolsRaw_len=13
[BaselineBoard] appendRawPiece len=52
  bus_alias  (children=3)
[BaselineBoard] appendRawPiece len=141
  bus_entry  (children=5)
[BaselineBoard] appendRawPiece len=140
  bus_entry  (children=5)
[BaselineBoard] appendRawPiece len=142
  wire  (children=4)
[traverseAst] WIRE depth=1 raw_len=142
[BaselineBoard] appendRawPiece len=142
[handleWireFromClean] called for tag='wire'
[handleWire] PUSH (pts.node.pts) 130.809998,38.099998->146.050003,38.099998 ; added=1
[handleWire] saved 1 wire(s) from pts-children (deduped)
[traverseAst] WIRE -> handleWireFromClean() called; board wireCount=1
[BaselineBoard] appendRawPiece len=57
    pts  (children=3)
[BaselineBoard] appendRawPiece len=25
      xy  (children=3)
[BaselineBoard] appendRawPiece len=10
[BaselineBoard] appendRawPiece len=9
[BaselineBoard] appendRawPiece len=25
      xy  (children=3)
[BaselineBoard] appendRawPiece len=10
[BaselineBoard] appendRawPiece len=9
[BaselineBoard] appendRawPiece len=33
    stroke  (children=3)
    [UNHANDLED-PCB] tag="stroke"
[BaselineBoard] appendRawPiece len=9
      width  (children=2)
      [UNHANDLED-PCB] tag="width"
[BaselineBoard] appendRawPiece len=1
[BaselineBoard] appendRawPiece len=14
      type  (children=2)
      [UNHANDLED-PCB] tag="type"
[BaselineBoard] appendRawPiece len=7
[BaselineBoard] appendRawPiece len=43
    uuid  (children=2)
[BaselineBoard] appendRawPiece len=141
  bus  (children=4)
[BaselineBoard] appendRawPiece len=141
  bus  (children=4)
[BaselineBoard] appendRawPiece len=142
  wire  (children=4)
[traverseAst] WIRE depth=1 raw_len=142
[BaselineBoard] appendRawPiece len=142
[handleWireFromClean] called for tag='wire'
[handleWire] PUSH (pts.node.pts) 132.080002,82.550003->146.050003,82.550003 ; added=1
[handleWire] saved 1 wire(s) from pts-children (deduped)
[traverseAst] WIRE -> handleWireFromClean() called; board wireCount=2
[BaselineBoard] appendRawPiece len=57
    pts  (children=3)
[BaselineBoard] appendRawPiece len=25
      xy  (children=3)
[BaselineBoard] appendRawPiece len=10
[BaselineBoard] appendRawPiece len=9
[BaselineBoard] appendRawPiece len=25
      xy  (children=3)
[BaselineBoard] appendRawPiece len=10
[BaselineBoard] appendRawPiece len=9
[BaselineBoard] appendRawPiece len=33
    stroke  (children=3)
    [UNHANDLED-PCB] tag="stroke"
[BaselineBoard] appendRawPiece len=9
      width  (children=2)
      [UNHANDLED-PCB] tag="width"
[BaselineBoard] appendRawPiece len=1
[BaselineBoard] appendRawPiece len=14
      type  (children=2)
      [UNHANDLED-PCB] tag="type"
[BaselineBoard] appendRawPiece len=7
[BaselineBoard] appendRawPiece len=43
    uuid  (children=2)
[BaselineBoard] appendRawPiece len=176
  label  (children=6)
[BaselineBoard] appendRawPiece len=177
  label  (children=6)
[BaselineBoard] appendRawPiece len=177
  label  (children=6)
[BaselineBoard] appendRawPiece len=176
  label  (children=6)
[BaselineBoard] appendRawPiece len=704
  sheet  (children=11)
[BaselineBoard] appendRawPiece len=705
  sheet  (children=11)
[BaselineBoard] appendRawPiece len=39
  sheet_instances  (children=2)
  [UNHANDLED-PCB] tag="sheet_instances"
[BaselineBoard] appendRawPiece len=21
    path  (children=3)
    [UNHANDLED-PCB] tag="path"
[BaselineBoard] appendRawPiece len=3
[BaselineBoard] appendRawPiece len=10
      page  (children=2)
AstCleaner: handling lib_symbols at 0x620078d43460
[UNHANDLED] cleanInner:bus_alias addr=0x620078d434a0 -> (bus_alias "ALIAS1" (members) )
  children details (child_index: addr type extra):
    [0] addr=0x620078d40620 atom="bus_alias"
    [1] addr=0x620078d40660 atom=""ALIAS1""
    [2] addr=0x620078d406a0 list_size=3 head="members"
[UNHANDLED] cleanInner:members addr=0x620078d406a0 -> (members "BOOT.SDA" "BOOT.SCL" )
  children details (child_index: addr type extra):
    [0] addr=0x620078d407c0 atom="members"
    [1] addr=0x620078d40800 atom=""BOOT.SDA""
    [2] addr=0x620078d40840 atom=""BOOT.SCL""
[UNHANDLED] cleanInner:bus_entry addr=0x620078d434e0 -> (bus_entry (at) (size) (stroke) (uuid) )
  children details (child_index: addr type extra):
    [0] addr=0x620078d3fe60 atom="bus_entry"
    [1] addr=0x620078d3fea0 list_size=3 head="at"
    [2] addr=0x620078d3fee0 list_size=3 head="size"
    [3] addr=0x620078d3ff20 list_size=3 head="stroke"
    [4] addr=0x620078d3ff60 list_size=2 head="uuid"
[UNHANDLED] cleanInner:bus_entry addr=0x620078d43520 -> (bus_entry (at) (size) (stroke) (uuid) )
  children details (child_index: addr type extra):
    [0] addr=0x620078d43950 atom="bus_entry"
    [1] addr=0x620078d43990 list_size=3 head="at"
    [2] addr=0x620078d439d0 list_size=3 head="size"
    [3] addr=0x620078d43a10 list_size=3 head="stroke"
    [4] addr=0x620078d43a50 list_size=2 head="uuid"
[UNHANDLED] cleanInner:bus addr=0x620078d435a0 -> (bus (pts) (stroke) (uuid) )
  children details (child_index: addr type extra):
    [0] addr=0x620078d40510 atom="bus"
    [1] addr=0x620078d40550 list_size=3 head="pts"
    [2] addr=0x620078d40590 list_size=3 head="stroke"
    [3] addr=0x620078d405d0 list_size=2 head="uuid"
[UNHANDLED] cleanInner:bus addr=0x620078d435e0 -> (bus (pts) (stroke) (uuid) )
  children details (child_index: addr type extra):
    [0] addr=0x620078d448a0 atom="bus"
    [1] addr=0x620078d448e0 list_size=3 head="pts"
    [2] addr=0x620078d44920 list_size=3 head="stroke"
    [3] addr=0x620078d44960 list_size=2 head="uuid"
[appendRawPieceFromClean] piece_head='<kicad_sch>
  <version> attrs{value:20230121 }
  <generator> attrs{value:eeschema }
  <paper> attrs{value:"A4" }
  <lib_symbols>
  <bus_alias> attrs{value:"ALIA'...
[BaselineBoard] appendRawPiece len=3960 head="kicad_sch"
[walkSchematicOnce] cleanedRoot children=18
[walkSchematicOnce] child tag='version' children=0
[appendRawPieceFromClean] piece_head='<version> attrs{value:20230121 }'...
[BaselineBoard] appendRawPiece len=32 head="version"
[walkSchematicOnce] child tag='generator' children=0
[appendRawPieceFromClean] piece_head='<generator> attrs{value:eeschema }'...
[BaselineBoard] appendRawPiece len=34 head="generator"
[walkSchematicOnce] child tag='paper' children=0
[appendRawPieceFromClean] piece_head='<paper> attrs{value:"A4" }'...
[BaselineBoard] appendRawPiece len=26 head="paper"
[walkSchematicOnce] child tag='lib_symbols' children=0
[handleLibSymbolsCleanNode] called, children=0
[WARNING] Duplicate lib_symbols differs; keeping first.
[walkSchematicOnce] child tag='bus_alias' children=1
[appendRawPieceFromClean] piece_head='<bus_alias> attrs{value:"ALIAS1" }
  <members> attrs{name:"BOOT.SCL" value:"BOOT.SDA" }'...
[BaselineBoard] appendRawPiece len=87 head="bus_alias"
[walkSchematicOnce] child tag='bus_entry' children=2
[appendRawPieceFromClean] piece_head='<bus_entry> at=(128.270,40.640,0.000)
  <size> attrs{token_1:2.540000 token_2:-2.540000 }
  <stroke> attrs{sub_type:default sub_width:0 }'...
[BaselineBoard] appendRawPiece len=137 head="bus_entry"
[walkSchematicOnce] child tag='bus_entry' children=2
[appendRawPieceFromClean] piece_head='<bus_entry> at=(129.540,80.010,0.000)
  <size> attrs{token_1:2.540000 token_2:2.540000 }
  <stroke> attrs{sub_type:default sub_width:0 }'...
[BaselineBoard] appendRawPiece len=136 head="bus_entry"
[walkSchematicOnce] child tag='wire' children=1
[handleWireFromClean] called for tag='wire'
[handleWire] saved 1 wire(s) from clean.pts
[walkSchematicOnce] child tag='bus' children=2
[appendRawPieceFromClean] piece_head='<bus>
  <pts> pts=[(107.950,40.640),(128.270,40.640)]
  <stroke> attrs{sub_type:default sub_width:0 }'...
[BaselineBoard] appendRawPiece len=101 head="bus"
[walkSchematicOnce] child tag='bus' children=2
[appendRawPieceFromClean] piece_head='<bus>
  <pts> pts=[(107.950,80.010),(129.540,80.010)]
  <stroke> attrs{sub_type:default sub_width:0 }'...
[BaselineBoard] appendRawPiece len=101 head="bus"
[walkSchematicOnce] child tag='wire' children=1
[handleWireFromClean] called for tag='wire'
[handleWire] saved 1 wire(s) from clean.pts
[walkSchematicOnce] child tag='label' children=4
[handleTextFromClean] called for tag='label'
[handleText] failed to convert text to shape
[walkSchematicOnce] child tag='label' children=4
[handleTextFromClean] called for tag='label'
[handleText] failed to convert text to shape
[walkSchematicOnce] child tag='label' children=4
[handleTextFromClean] called for tag='label'
[handleText] failed to convert text to shape
[walkSchematicOnce] child tag='label' children=4
[handleTextFromClean] called for tag='label'
[handleText] failed to convert text to shape
[walkSchematicOnce] child tag='sheet' children=9
[appendRawPieceFromClean] piece_head='<sheet> attrs{fill_color:0,0,0,0.000000 }
  <at> attrs{name:36.830000 value:83.820000 }
  <size> attrs{name:17.780000 value:24.130000 }
  <fields_autoplaced>
  '...
[BaselineBoard] appendRawPiece len=861 head="sheet"
[walkSchematicOnce] child tag='sheet' children=9
[appendRawPieceFromClean] piece_head='<sheet> attrs{fill_color:0,0,0,0.000000 }
  <at> attrs{name:66.040000 value:83.820000 }
  <size> attrs{name:17.780000 value:24.130000 }
  <fields_autoplaced>
  '...
[BaselineBoard] appendRawPiece len=862 head="sheet"
[walkSchematicOnce] child tag='sheet_instances' children=1
[appendRawPieceFromClean] piece_head='<sheet_instances>
  <path> attrs{page:"1" }'...
[BaselineBoard] appendRawPiece len=43 head="sheet_instances"
=== SUMMARY === junctionShapes=0 wireShapes=4 symbols=0 rawPieces=68
=== DUMP wires: count=4 ===
 wire[0] start=(130.81,38.10) end=(146.05,38.10)
 wire[1] start=(132.08,82.55) end=(146.05,82.55)
 wire[2] start=(130.81,38.10) end=(146.05,38.10)
 wire[3] start=(132.08,82.55) end=(146.05,82.55)
[main] writing KiCad S-expr via b->dumpKiCad(std::cout)
[dumpKiCad] dumping board...
[dumpKiCad] done.
[main] writing KiCad S-expr via b->dumpKiCad(std::cout)
[dumpKiCad] dumping board...
[dumpKiCad] done.
[main] writing KiCad S-expr via b->dumpKiCad(std::cout)
[dumpKiCad] dumping board...
[dumpKiCad] done.
[main] writing KiCad S-expr via b->dumpKiCad(std::cout)
[dumpKiCad] dumping board...
[dumpKiCad] done.
[main] writing KiCad S-expr via b->dumpKiCad(std::cout)
[dumpKiCad] dumping board...
[dumpKiCad] done.
[main] writing KiCad S-expr via b->dumpKiCad(std::cout)
[dumpKiCad] dumping board...
[dumpKiCad] done.
